
build/release/user/cat.elf:     file format elf32-littleriscv
build/release/user/cat.elf
architecture: riscv:rv32, flags 0x00000112:
EXEC_P, HAS_SYMS, D_PAGED
start address 0x80200000

Program Header:
0x70000003 off    0x00003288 vaddr 0x00000000 paddr 0x00000000 align 2**0
         filesz 0x0000004b memsz 0x00000000 flags r--
    LOAD off    0x00001000 vaddr 0x80200000 paddr 0x80200000 align 2**12
         filesz 0x000010d4 memsz 0x000010d4 flags r-x
    LOAD off    0x00003000 vaddr 0x80208000 paddr 0x80208000 align 2**12
         filesz 0x00000288 memsz 0x000007c4 flags rw-

Sections:
Idx Name              Size      VMA       LMA       File off  Algn  Flags
  0 .text             000010d4  80200000  80200000  00001000  2**3  CONTENTS, ALLOC, LOAD, READONLY, CODE
  1 .rodata           00000160  80208000  80208000  00003000  2**3  CONTENTS, ALLOC, LOAD, READONLY, DATA
  2 .data             00000128  80208160  80208160  00003160  2**3  CONTENTS, ALLOC, LOAD, DATA
  3 .bss              0000053c  80208288  80208288  00003288  2**3  ALLOC
  4 .riscv.attributes 0000004b  00000000  00000000  00003288  2**0  CONTENTS, READONLY
  5 .comment          00000032  00000000  00000000  000032d3  2**0  CONTENTS, READONLY
SYMBOL TABLE:
80200000 l    d  .text	00000000 .text
80208000 l    d  .rodata	00000000 .rodata
80208160 l    d  .data	00000000 .data
80208288 l    d  .bss	00000000 .bss
00000000 l    d  .riscv.attributes	00000000 .riscv.attributes
00000000 l    d  .comment	00000000 .comment
00000000 l    df *ABS*	00000000 cc6LdCPQ.o
00000000 l    df *ABS*	00000000 cat.c
00000000 l    df *ABS*	00000000 print.c
00000000 l    df *ABS*	00000000 servers.c
80208288 l     O .bss	00000004 sender
8020828c l     O .bss	00000400 buf
00000000 l    df *ABS*	00000000 syscall.c
80208280 l     O .data	00000004 sc
00000000 l    df *ABS*	00000000 libc_a-atoi.o
00000000 l    df *ABS*	00000000 libc_a-itoa.o
00000000 l    df *ABS*	00000000 libc_a-strtol.o
802007b0 l     F .text	00000284 _strtol_l.isra.0
00000000 l    df *ABS*	00000000 libc_a-utoa.o
00000000 l    df *ABS*	00000000 libc_a-strcat.o
00000000 l    df *ABS*	00000000 libc_a-strncat.o
00000000 l    df *ABS*	00000000 libc_a-strncmp.o
00000000 l    df *ABS*	00000000 libc_a-errno.o
00000000 l    df *ABS*	00000000 libc_a-memcpy.o
00000000 l    df *ABS*	00000000 libc_a-strlen.o
00000000 l    df *ABS*	00000000 libc_a-strcpy.o
00000000 l    df *ABS*	00000000 muldi3.o
00000000 l    df *ABS*	00000000 div.o
802006a4 g     F .text	00000090 sys_recv
80200f58 g     F .text	000000a4 strcpy
80200258 g     F .text	00000098 my_printf
80200d98 g     F .text	0000000c __errno
80200000 g       .text	00000000 app_entry
80200da4 g     F .text	00000128 memcpy
80201028 g     F .text	00000048 .hidden __hidden___udivsi3
80201028 g     F .text	00000048 .hidden __udivsi3
80200740 g     F .text	00000070 itoa
80200a34 g     F .text	00000020 strtol
8020868c g     O .bss	00000138 __sf
80200634 g     F .text	00000070 sys_send
80200ba8 g     F .text	000000a0 strcat
80201070 g     F .text	00000010 .hidden __umodsi3
80200518 g     F .text	000000b4 file_read
8020010c g     F .text	0000014c format_to_str
80200cf4 g     F .text	000000a4 strncmp
80200ffc g     F .text	00000024 .hidden __mulsi3
80200c48 g     F .text	000000ac strncat
80200a54 g     F .text	00000154 __utoa
80200010 g     F .text	000000fc main
80201020 g     F .text	00000084 .hidden __divsi3
80300000 g       *ABS*	00000000 __heap_end
80208284 g     O .data	00000004 _impure_ptr
802087c8 g       .riscv.attributes	00000000 __heap_start
802005cc g     F .text	00000068 term_write
802003d4 g     F .text	00000034 exit
802010a4 g     F .text	00000030 .hidden __modsi3
80208160 g     O .data	00000120 _impure_data
80200734 g     F .text	0000000c atoi
8020805c g     O .rodata	00000101 _ctype_
80200408 g     F .text	00000110 dir_lookup
80200ecc g     F .text	0000008c strlen
802002f0 g     F .text	000000e4 INFO



Disassembly of section .text:

80200000 <app_entry>:
app_entry():
80200000:	00052503          	lw	a0,0(a0)
80200004:	80400137          	lui	sp,0x80400
80200008:	008000ef          	jal	80200010 <main>
8020000c:	3c8000ef          	jal	802003d4 <exit>

80200010 <main>:
main():
80200010:	dd010113          	addi	sp,sp,-560 # 803ffdd0 <__heap_end+0xffdd0>
80200014:	22112623          	sw	ra,556(sp)
80200018:	22812423          	sw	s0,552(sp)
8020001c:	23010413          	addi	s0,sp,560
80200020:	dca42e23          	sw	a0,-548(s0)
80200024:	dcb42c23          	sw	a1,-552(s0)
80200028:	ddc42703          	lw	a4,-548(s0)
8020002c:	00200793          	li	a5,2
80200030:	00f70c63          	beq	a4,a5,80200048 <main+0x38>
80200034:	802087b7          	lui	a5,0x80208
80200038:	00078513          	mv	a0,a5
8020003c:	2b4000ef          	jal	802002f0 <INFO>
80200040:	fff00793          	li	a5,-1
80200044:	0b40006f          	j	802000f8 <main+0xe8>
80200048:	803027b7          	lui	a5,0x80302
8020004c:	0007a703          	lw	a4,0(a5) # 80302000 <__heap_end+0x2000>
80200050:	dd842783          	lw	a5,-552(s0)
80200054:	00478793          	addi	a5,a5,4
80200058:	0007a783          	lw	a5,0(a5)
8020005c:	00078593          	mv	a1,a5
80200060:	00070513          	mv	a0,a4
80200064:	3a4000ef          	jal	80200408 <dir_lookup>
80200068:	fea42623          	sw	a0,-20(s0)
8020006c:	fec42783          	lw	a5,-20(s0)
80200070:	0207d463          	bgez	a5,80200098 <main+0x88>
80200074:	dd842783          	lw	a5,-552(s0)
80200078:	00478793          	addi	a5,a5,4
8020007c:	0007a783          	lw	a5,0(a5)
80200080:	00078593          	mv	a1,a5
80200084:	802087b7          	lui	a5,0x80208
80200088:	01478513          	addi	a0,a5,20 # 80208014 <__modsi3+0x6f70>
8020008c:	264000ef          	jal	802002f0 <INFO>
80200090:	fff00793          	li	a5,-1
80200094:	0640006f          	j	802000f8 <main+0xe8>
80200098:	dec40793          	addi	a5,s0,-532
8020009c:	00078613          	mv	a2,a5
802000a0:	00000593          	li	a1,0
802000a4:	fec42503          	lw	a0,-20(s0)
802000a8:	470000ef          	jal	80200518 <file_read>
802000ac:	dec40793          	addi	a5,s0,-532
802000b0:	00078593          	mv	a1,a5
802000b4:	802087b7          	lui	a5,0x80208
802000b8:	02c78513          	addi	a0,a5,44 # 8020802c <__modsi3+0x6f88>
802000bc:	19c000ef          	jal	80200258 <my_printf>
802000c0:	dec40793          	addi	a5,s0,-532
802000c4:	00078513          	mv	a0,a5
802000c8:	605000ef          	jal	80200ecc <strlen>
802000cc:	00050793          	mv	a5,a0
802000d0:	fff78793          	addi	a5,a5,-1
802000d4:	ff078793          	addi	a5,a5,-16
802000d8:	008787b3          	add	a5,a5,s0
802000dc:	dfc7c703          	lbu	a4,-516(a5)
802000e0:	00a00793          	li	a5,10
802000e4:	00f70863          	beq	a4,a5,802000f4 <main+0xe4>
802000e8:	802087b7          	lui	a5,0x80208
802000ec:	03078513          	addi	a0,a5,48 # 80208030 <__modsi3+0x6f8c>
802000f0:	168000ef          	jal	80200258 <my_printf>
802000f4:	00000793          	li	a5,0
802000f8:	00078513          	mv	a0,a5
802000fc:	22c12083          	lw	ra,556(sp)
80200100:	22812403          	lw	s0,552(sp)
80200104:	23010113          	addi	sp,sp,560
80200108:	00008067          	ret

8020010c <format_to_str>:
format_to_str():
8020010c:	fe010113          	addi	sp,sp,-32
80200110:	00112e23          	sw	ra,28(sp)
80200114:	00812c23          	sw	s0,24(sp)
80200118:	00912a23          	sw	s1,20(sp)
8020011c:	02010413          	addi	s0,sp,32
80200120:	fea42623          	sw	a0,-20(s0)
80200124:	feb42423          	sw	a1,-24(s0)
80200128:	fec42223          	sw	a2,-28(s0)
8020012c:	fec42783          	lw	a5,-20(s0)
80200130:	00078023          	sb	zero,0(a5)
80200134:	0fc0006f          	j	80200230 <format_to_str+0x124>
80200138:	fe842783          	lw	a5,-24(s0)
8020013c:	0007c703          	lbu	a4,0(a5)
80200140:	02500793          	li	a5,37
80200144:	00f70c63          	beq	a4,a5,8020015c <format_to_str+0x50>
80200148:	00100613          	li	a2,1
8020014c:	fe842583          	lw	a1,-24(s0)
80200150:	fec42503          	lw	a0,-20(s0)
80200154:	2f5000ef          	jal	80200c48 <strncat>
80200158:	0cc0006f          	j	80200224 <format_to_str+0x118>
8020015c:	fe842783          	lw	a5,-24(s0)
80200160:	00178793          	addi	a5,a5,1
80200164:	fef42423          	sw	a5,-24(s0)
80200168:	fe842783          	lw	a5,-24(s0)
8020016c:	0007c703          	lbu	a4,0(a5)
80200170:	07300793          	li	a5,115
80200174:	02f71263          	bne	a4,a5,80200198 <format_to_str+0x8c>
80200178:	fe442783          	lw	a5,-28(s0)
8020017c:	00478713          	addi	a4,a5,4
80200180:	fee42223          	sw	a4,-28(s0)
80200184:	0007a783          	lw	a5,0(a5)
80200188:	00078593          	mv	a1,a5
8020018c:	fec42503          	lw	a0,-20(s0)
80200190:	219000ef          	jal	80200ba8 <strcat>
80200194:	0900006f          	j	80200224 <format_to_str+0x118>
80200198:	fe842783          	lw	a5,-24(s0)
8020019c:	0007c703          	lbu	a4,0(a5)
802001a0:	06400793          	li	a5,100
802001a4:	02f71e63          	bne	a4,a5,802001e0 <format_to_str+0xd4>
802001a8:	fe442783          	lw	a5,-28(s0)
802001ac:	00478713          	addi	a4,a5,4
802001b0:	fee42223          	sw	a4,-28(s0)
802001b4:	0007a483          	lw	s1,0(a5)
802001b8:	fec42503          	lw	a0,-20(s0)
802001bc:	511000ef          	jal	80200ecc <strlen>
802001c0:	00050713          	mv	a4,a0
802001c4:	fec42783          	lw	a5,-20(s0)
802001c8:	00e787b3          	add	a5,a5,a4
802001cc:	00a00613          	li	a2,10
802001d0:	00078593          	mv	a1,a5
802001d4:	00048513          	mv	a0,s1
802001d8:	568000ef          	jal	80200740 <itoa>
802001dc:	0480006f          	j	80200224 <format_to_str+0x118>
802001e0:	fe842783          	lw	a5,-24(s0)
802001e4:	0007c703          	lbu	a4,0(a5)
802001e8:	07800793          	li	a5,120
802001ec:	02f71c63          	bne	a4,a5,80200224 <format_to_str+0x118>
802001f0:	fe442783          	lw	a5,-28(s0)
802001f4:	00478713          	addi	a4,a5,4
802001f8:	fee42223          	sw	a4,-28(s0)
802001fc:	0007a483          	lw	s1,0(a5)
80200200:	fec42503          	lw	a0,-20(s0)
80200204:	4c9000ef          	jal	80200ecc <strlen>
80200208:	00050713          	mv	a4,a0
8020020c:	fec42783          	lw	a5,-20(s0)
80200210:	00e787b3          	add	a5,a5,a4
80200214:	01000613          	li	a2,16
80200218:	00078593          	mv	a1,a5
8020021c:	00048513          	mv	a0,s1
80200220:	520000ef          	jal	80200740 <itoa>
80200224:	fe842783          	lw	a5,-24(s0)
80200228:	00178793          	addi	a5,a5,1
8020022c:	fef42423          	sw	a5,-24(s0)
80200230:	fe842783          	lw	a5,-24(s0)
80200234:	0007c783          	lbu	a5,0(a5)
80200238:	f00790e3          	bnez	a5,80200138 <format_to_str+0x2c>
8020023c:	00000013          	nop
80200240:	00000013          	nop
80200244:	01c12083          	lw	ra,28(sp)
80200248:	01812403          	lw	s0,24(sp)
8020024c:	01412483          	lw	s1,20(sp)
80200250:	02010113          	addi	sp,sp,32
80200254:	00008067          	ret

80200258 <my_printf>:
my_printf():
80200258:	db010113          	addi	sp,sp,-592
8020025c:	22112623          	sw	ra,556(sp)
80200260:	22812423          	sw	s0,552(sp)
80200264:	23010413          	addi	s0,sp,560
80200268:	dca42e23          	sw	a0,-548(s0)
8020026c:	00b42223          	sw	a1,4(s0)
80200270:	00c42423          	sw	a2,8(s0)
80200274:	00d42623          	sw	a3,12(s0)
80200278:	00e42823          	sw	a4,16(s0)
8020027c:	00f42a23          	sw	a5,20(s0)
80200280:	01042c23          	sw	a6,24(s0)
80200284:	01142e23          	sw	a7,28(s0)
80200288:	de040823          	sb	zero,-528(s0)
8020028c:	02040793          	addi	a5,s0,32
80200290:	dcf42c23          	sw	a5,-552(s0)
80200294:	dd842783          	lw	a5,-552(s0)
80200298:	fe478793          	addi	a5,a5,-28
8020029c:	def42623          	sw	a5,-532(s0)
802002a0:	dec42703          	lw	a4,-532(s0)
802002a4:	df040793          	addi	a5,s0,-528
802002a8:	00070613          	mv	a2,a4
802002ac:	ddc42583          	lw	a1,-548(s0)
802002b0:	00078513          	mv	a0,a5
802002b4:	e59ff0ef          	jal	8020010c <format_to_str>
802002b8:	df040793          	addi	a5,s0,-528
802002bc:	00078513          	mv	a0,a5
802002c0:	40d000ef          	jal	80200ecc <strlen>
802002c4:	00050713          	mv	a4,a0
802002c8:	df040793          	addi	a5,s0,-528
802002cc:	00070593          	mv	a1,a4
802002d0:	00078513          	mv	a0,a5
802002d4:	2f8000ef          	jal	802005cc <term_write>
802002d8:	00000013          	nop
802002dc:	00078513          	mv	a0,a5
802002e0:	22c12083          	lw	ra,556(sp)
802002e4:	22812403          	lw	s0,552(sp)
802002e8:	25010113          	addi	sp,sp,592
802002ec:	00008067          	ret

802002f0 <INFO>:
INFO():
802002f0:	db010113          	addi	sp,sp,-592
802002f4:	22112623          	sw	ra,556(sp)
802002f8:	22812423          	sw	s0,552(sp)
802002fc:	23010413          	addi	s0,sp,560
80200300:	dca42e23          	sw	a0,-548(s0)
80200304:	00b42223          	sw	a1,4(s0)
80200308:	00c42423          	sw	a2,8(s0)
8020030c:	00d42623          	sw	a3,12(s0)
80200310:	00e42823          	sw	a4,16(s0)
80200314:	00f42a23          	sw	a5,20(s0)
80200318:	01042c23          	sw	a6,24(s0)
8020031c:	01142e23          	sw	a7,28(s0)
80200320:	df040793          	addi	a5,s0,-528
80200324:	464e5737          	lui	a4,0x464e5
80200328:	95b70713          	addi	a4,a4,-1701 # 464e495b <app_entry-0x39d1b6a5>
8020032c:	00e7a023          	sw	a4,0(a5)
80200330:	00206737          	lui	a4,0x206
80200334:	d4f70713          	addi	a4,a4,-689 # 205d4f <app_entry-0x7fffa2b1>
80200338:	00e7a223          	sw	a4,4(a5)
8020033c:	02040793          	addi	a5,s0,32
80200340:	dcf42c23          	sw	a5,-552(s0)
80200344:	dd842783          	lw	a5,-552(s0)
80200348:	fe478793          	addi	a5,a5,-28
8020034c:	def42623          	sw	a5,-532(s0)
80200350:	df040793          	addi	a5,s0,-528
80200354:	00778793          	addi	a5,a5,7
80200358:	dec42703          	lw	a4,-532(s0)
8020035c:	00070613          	mv	a2,a4
80200360:	ddc42583          	lw	a1,-548(s0)
80200364:	00078513          	mv	a0,a5
80200368:	da5ff0ef          	jal	8020010c <format_to_str>
8020036c:	df040793          	addi	a5,s0,-528
80200370:	00078513          	mv	a0,a5
80200374:	359000ef          	jal	80200ecc <strlen>
80200378:	00050793          	mv	a5,a0
8020037c:	00078713          	mv	a4,a5
80200380:	df040793          	addi	a5,s0,-528
80200384:	00e787b3          	add	a5,a5,a4
80200388:	00a00713          	li	a4,10
8020038c:	00e78023          	sb	a4,0(a5)
80200390:	00d00713          	li	a4,13
80200394:	00e780a3          	sb	a4,1(a5)
80200398:	00078123          	sb	zero,2(a5)
8020039c:	df040793          	addi	a5,s0,-528
802003a0:	00078513          	mv	a0,a5
802003a4:	329000ef          	jal	80200ecc <strlen>
802003a8:	00050713          	mv	a4,a0
802003ac:	df040793          	addi	a5,s0,-528
802003b0:	00070593          	mv	a1,a4
802003b4:	00078513          	mv	a0,a5
802003b8:	214000ef          	jal	802005cc <term_write>
802003bc:	00000013          	nop
802003c0:	00078513          	mv	a0,a5
802003c4:	22c12083          	lw	ra,556(sp)
802003c8:	22812403          	lw	s0,552(sp)
802003cc:	25010113          	addi	sp,sp,592
802003d0:	00008067          	ret

802003d4 <exit>:
exit():
802003d4:	dd010113          	addi	sp,sp,-560
802003d8:	22112623          	sw	ra,556(sp)
802003dc:	22812423          	sw	s0,552(sp)
802003e0:	23010413          	addi	s0,sp,560
802003e4:	dca42e23          	sw	a0,-548(s0)
802003e8:	00100793          	li	a5,1
802003ec:	def42423          	sw	a5,-536(s0)
802003f0:	de840793          	addi	a5,s0,-536
802003f4:	20800613          	li	a2,520
802003f8:	00078593          	mv	a1,a5
802003fc:	00100513          	li	a0,1
80200400:	234000ef          	jal	80200634 <sys_send>
80200404:	0000006f          	j	80200404 <exit+0x30>

80200408 <dir_lookup>:
dir_lookup():
80200408:	dd010113          	addi	sp,sp,-560
8020040c:	22112623          	sw	ra,556(sp)
80200410:	22812423          	sw	s0,552(sp)
80200414:	23010413          	addi	s0,sp,560
80200418:	dca42e23          	sw	a0,-548(s0)
8020041c:	dcb42c23          	sw	a1,-552(s0)
80200420:	de840793          	addi	a5,s0,-536
80200424:	00078613          	mv	a2,a5
80200428:	00000593          	li	a1,0
8020042c:	ddc42503          	lw	a0,-548(s0)
80200430:	0e8000ef          	jal	80200518 <file_read>
80200434:	fe042623          	sw	zero,-20(s0)
80200438:	dd842503          	lw	a0,-552(s0)
8020043c:	291000ef          	jal	80200ecc <strlen>
80200440:	fea42423          	sw	a0,-24(s0)
80200444:	09c0006f          	j	802004e0 <dir_lookup+0xd8>
80200448:	de840713          	addi	a4,s0,-536
8020044c:	fec42783          	lw	a5,-20(s0)
80200450:	00f707b3          	add	a5,a4,a5
80200454:	fe842603          	lw	a2,-24(s0)
80200458:	00078593          	mv	a1,a5
8020045c:	dd842503          	lw	a0,-552(s0)
80200460:	095000ef          	jal	80200cf4 <strncmp>
80200464:	00050793          	mv	a5,a0
80200468:	06079663          	bnez	a5,802004d4 <dir_lookup+0xcc>
8020046c:	fec42703          	lw	a4,-20(s0)
80200470:	fe842783          	lw	a5,-24(s0)
80200474:	00f707b3          	add	a5,a4,a5
80200478:	ff078793          	addi	a5,a5,-16
8020047c:	008787b3          	add	a5,a5,s0
80200480:	df87c703          	lbu	a4,-520(a5)
80200484:	02000793          	li	a5,32
80200488:	04f71663          	bne	a4,a5,802004d4 <dir_lookup+0xcc>
8020048c:	fec42783          	lw	a5,-20(s0)
80200490:	02078063          	beqz	a5,802004b0 <dir_lookup+0xa8>
80200494:	fec42783          	lw	a5,-20(s0)
80200498:	fff78793          	addi	a5,a5,-1
8020049c:	ff078793          	addi	a5,a5,-16
802004a0:	008787b3          	add	a5,a5,s0
802004a4:	df87c703          	lbu	a4,-520(a5)
802004a8:	02000793          	li	a5,32
802004ac:	02f71463          	bne	a4,a5,802004d4 <dir_lookup+0xcc>
802004b0:	fec42703          	lw	a4,-20(s0)
802004b4:	fe842783          	lw	a5,-24(s0)
802004b8:	00f707b3          	add	a5,a4,a5
802004bc:	de840713          	addi	a4,s0,-536
802004c0:	00f707b3          	add	a5,a4,a5
802004c4:	00078513          	mv	a0,a5
802004c8:	26c000ef          	jal	80200734 <atoi>
802004cc:	00050793          	mv	a5,a0
802004d0:	0340006f          	j	80200504 <dir_lookup+0xfc>
802004d4:	fec42783          	lw	a5,-20(s0)
802004d8:	00178793          	addi	a5,a5,1
802004dc:	fef42623          	sw	a5,-20(s0)
802004e0:	de840793          	addi	a5,s0,-536
802004e4:	00078513          	mv	a0,a5
802004e8:	1e5000ef          	jal	80200ecc <strlen>
802004ec:	00050713          	mv	a4,a0
802004f0:	fe842783          	lw	a5,-24(s0)
802004f4:	40f707b3          	sub	a5,a4,a5
802004f8:	fec42703          	lw	a4,-20(s0)
802004fc:	f4f766e3          	bltu	a4,a5,80200448 <dir_lookup+0x40>
80200500:	fff00793          	li	a5,-1
80200504:	00078513          	mv	a0,a5
80200508:	22c12083          	lw	ra,556(sp)
8020050c:	22812403          	lw	s0,552(sp)
80200510:	23010113          	addi	sp,sp,560
80200514:	00008067          	ret

80200518 <file_read>:
file_read():
80200518:	dd010113          	addi	sp,sp,-560
8020051c:	22112623          	sw	ra,556(sp)
80200520:	22812423          	sw	s0,552(sp)
80200524:	23010413          	addi	s0,sp,560
80200528:	dca42e23          	sw	a0,-548(s0)
8020052c:	dcb42c23          	sw	a1,-552(s0)
80200530:	dcc42a23          	sw	a2,-556(s0)
80200534:	00100793          	li	a5,1
80200538:	def42023          	sw	a5,-544(s0)
8020053c:	ddc42783          	lw	a5,-548(s0)
80200540:	def42223          	sw	a5,-540(s0)
80200544:	dd842783          	lw	a5,-552(s0)
80200548:	def42423          	sw	a5,-536(s0)
8020054c:	de040793          	addi	a5,s0,-544
80200550:	20c00613          	li	a2,524
80200554:	00078593          	mv	a1,a5
80200558:	00300513          	li	a0,3
8020055c:	0d8000ef          	jal	80200634 <sys_send>
80200560:	40000693          	li	a3,1024
80200564:	802087b7          	lui	a5,0x80208
80200568:	28c78613          	addi	a2,a5,652 # 8020828c <buf>
8020056c:	802087b7          	lui	a5,0x80208
80200570:	28878593          	addi	a1,a5,648 # 80208288 <sender>
80200574:	00300513          	li	a0,3
80200578:	12c000ef          	jal	802006a4 <sys_recv>
8020057c:	802087b7          	lui	a5,0x80208
80200580:	28c78793          	addi	a5,a5,652 # 8020828c <buf>
80200584:	fef42623          	sw	a5,-20(s0)
80200588:	fec42783          	lw	a5,-20(s0)
8020058c:	00478793          	addi	a5,a5,4
80200590:	20000613          	li	a2,512
80200594:	00078593          	mv	a1,a5
80200598:	dd442503          	lw	a0,-556(s0)
8020059c:	009000ef          	jal	80200da4 <memcpy>
802005a0:	fec42783          	lw	a5,-20(s0)
802005a4:	0007a783          	lw	a5,0(a5)
802005a8:	00079663          	bnez	a5,802005b4 <file_read+0x9c>
802005ac:	00000793          	li	a5,0
802005b0:	0080006f          	j	802005b8 <file_read+0xa0>
802005b4:	fff00793          	li	a5,-1
802005b8:	00078513          	mv	a0,a5
802005bc:	22c12083          	lw	ra,556(sp)
802005c0:	22812403          	lw	s0,552(sp)
802005c4:	23010113          	addi	sp,sp,560
802005c8:	00008067          	ret

802005cc <term_write>:
term_write():
802005cc:	dd010113          	addi	sp,sp,-560
802005d0:	22112623          	sw	ra,556(sp)
802005d4:	22812423          	sw	s0,552(sp)
802005d8:	23010413          	addi	s0,sp,560
802005dc:	dca42e23          	sw	a0,-548(s0)
802005e0:	dcb42c23          	sw	a1,-552(s0)
802005e4:	00100793          	li	a5,1
802005e8:	def42423          	sw	a5,-536(s0)
802005ec:	dd842783          	lw	a5,-552(s0)
802005f0:	def42623          	sw	a5,-532(s0)
802005f4:	de840793          	addi	a5,s0,-536
802005f8:	00878793          	addi	a5,a5,8
802005fc:	dd842603          	lw	a2,-552(s0)
80200600:	ddc42583          	lw	a1,-548(s0)
80200604:	00078513          	mv	a0,a5
80200608:	79c000ef          	jal	80200da4 <memcpy>
8020060c:	de840793          	addi	a5,s0,-536
80200610:	20800613          	li	a2,520
80200614:	00078593          	mv	a1,a5
80200618:	00200513          	li	a0,2
8020061c:	018000ef          	jal	80200634 <sys_send>
80200620:	00000013          	nop
80200624:	22c12083          	lw	ra,556(sp)
80200628:	22812403          	lw	s0,552(sp)
8020062c:	23010113          	addi	sp,sp,560
80200630:	00008067          	ret

80200634 <sys_send>:
sys_send():
80200634:	fe010113          	addi	sp,sp,-32
80200638:	00112e23          	sw	ra,28(sp)
8020063c:	00812c23          	sw	s0,24(sp)
80200640:	02010413          	addi	s0,sp,32
80200644:	fea42623          	sw	a0,-20(s0)
80200648:	feb42423          	sw	a1,-24(s0)
8020064c:	fec42223          	sw	a2,-28(s0)
80200650:	802087b7          	lui	a5,0x80208
80200654:	2807a783          	lw	a5,640(a5) # 80208280 <sc>
80200658:	00200713          	li	a4,2
8020065c:	00e7a023          	sw	a4,0(a5)
80200660:	802087b7          	lui	a5,0x80208
80200664:	2807a783          	lw	a5,640(a5) # 80208280 <sc>
80200668:	fec42703          	lw	a4,-20(s0)
8020066c:	00e7a423          	sw	a4,8(a5)
80200670:	802087b7          	lui	a5,0x80208
80200674:	2807a783          	lw	a5,640(a5) # 80208280 <sc>
80200678:	00c78793          	addi	a5,a5,12
8020067c:	fe442603          	lw	a2,-28(s0)
80200680:	fe842583          	lw	a1,-24(s0)
80200684:	00078513          	mv	a0,a5
80200688:	71c000ef          	jal	80200da4 <memcpy>
8020068c:	00000073          	ecall
80200690:	00000013          	nop
80200694:	01c12083          	lw	ra,28(sp)
80200698:	01812403          	lw	s0,24(sp)
8020069c:	02010113          	addi	sp,sp,32
802006a0:	00008067          	ret

802006a4 <sys_recv>:
sys_recv():
802006a4:	fe010113          	addi	sp,sp,-32
802006a8:	00112e23          	sw	ra,28(sp)
802006ac:	00812c23          	sw	s0,24(sp)
802006b0:	02010413          	addi	s0,sp,32
802006b4:	fea42623          	sw	a0,-20(s0)
802006b8:	feb42423          	sw	a1,-24(s0)
802006bc:	fec42223          	sw	a2,-28(s0)
802006c0:	fed42023          	sw	a3,-32(s0)
802006c4:	802087b7          	lui	a5,0x80208
802006c8:	2807a783          	lw	a5,640(a5) # 80208280 <sc>
802006cc:	00100713          	li	a4,1
802006d0:	00e7a023          	sw	a4,0(a5)
802006d4:	802087b7          	lui	a5,0x80208
802006d8:	2807a783          	lw	a5,640(a5) # 80208280 <sc>
802006dc:	fec42703          	lw	a4,-20(s0)
802006e0:	00e7a223          	sw	a4,4(a5)
802006e4:	00000073          	ecall
802006e8:	802087b7          	lui	a5,0x80208
802006ec:	2807a783          	lw	a5,640(a5) # 80208280 <sc>
802006f0:	00c78793          	addi	a5,a5,12
802006f4:	fe042603          	lw	a2,-32(s0)
802006f8:	00078593          	mv	a1,a5
802006fc:	fe442503          	lw	a0,-28(s0)
80200700:	6a4000ef          	jal	80200da4 <memcpy>
80200704:	fe842783          	lw	a5,-24(s0)
80200708:	00078c63          	beqz	a5,80200720 <sys_recv+0x7c>
8020070c:	802087b7          	lui	a5,0x80208
80200710:	2807a783          	lw	a5,640(a5) # 80208280 <sc>
80200714:	0047a703          	lw	a4,4(a5)
80200718:	fe842783          	lw	a5,-24(s0)
8020071c:	00e7a023          	sw	a4,0(a5)
80200720:	00000013          	nop
80200724:	01c12083          	lw	ra,28(sp)
80200728:	01812403          	lw	s0,24(sp)
8020072c:	02010113          	addi	sp,sp,32
80200730:	00008067          	ret

80200734 <atoi>:
atoi():
80200734:	00a00613          	li	a2,10
80200738:	00000593          	li	a1,0
8020073c:	2f80006f          	j	80200a34 <strtol>

80200740 <itoa>:
itoa():
80200740:	ff010113          	addi	sp,sp,-16
80200744:	00812423          	sw	s0,8(sp)
80200748:	00112623          	sw	ra,12(sp)
8020074c:	ffe60713          	addi	a4,a2,-2
80200750:	02200793          	li	a5,34
80200754:	00058413          	mv	s0,a1
80200758:	04e7e063          	bltu	a5,a4,80200798 <itoa+0x58>
8020075c:	00a00793          	li	a5,10
80200760:	02f60063          	beq	a2,a5,80200780 <itoa+0x40>
80200764:	00040593          	mv	a1,s0
80200768:	2ec000ef          	jal	80200a54 <__utoa>
8020076c:	00c12083          	lw	ra,12(sp)
80200770:	00040513          	mv	a0,s0
80200774:	00812403          	lw	s0,8(sp)
80200778:	01010113          	addi	sp,sp,16
8020077c:	00008067          	ret
80200780:	fe0552e3          	bgez	a0,80200764 <itoa+0x24>
80200784:	02d00793          	li	a5,45
80200788:	00f58023          	sb	a5,0(a1)
8020078c:	40a00533          	neg	a0,a0
80200790:	00158593          	addi	a1,a1,1
80200794:	fd5ff06f          	j	80200768 <itoa+0x28>
80200798:	00058023          	sb	zero,0(a1)
8020079c:	00c12083          	lw	ra,12(sp)
802007a0:	00812403          	lw	s0,8(sp)
802007a4:	00000513          	li	a0,0
802007a8:	01010113          	addi	sp,sp,16
802007ac:	00008067          	ret

802007b0 <_strtol_l.isra.0>:
_strtol_l.isra.0():
802007b0:	fb010113          	addi	sp,sp,-80
802007b4:	04112623          	sw	ra,76(sp)
802007b8:	02400793          	li	a5,36
802007bc:	00a12423          	sw	a0,8(sp)
802007c0:	18d7ec63          	bltu	a5,a3,80200958 <_strtol_l.isra.0+0x1a8>
802007c4:	04812423          	sw	s0,72(sp)
802007c8:	05212023          	sw	s2,64(sp)
802007cc:	03312e23          	sw	s3,60(sp)
802007d0:	03412c23          	sw	s4,56(sp)
802007d4:	03912223          	sw	s9,36(sp)
802007d8:	00100793          	li	a5,1
802007dc:	00068c93          	mv	s9,a3
802007e0:	00058913          	mv	s2,a1
802007e4:	00060a13          	mv	s4,a2
802007e8:	00068993          	mv	s3,a3
802007ec:	00058413          	mv	s0,a1
802007f0:	00008717          	auipc	a4,0x8
802007f4:	86d70713          	addi	a4,a4,-1939 # 8020805d <_ctype_+0x1>
802007f8:	14f68663          	beq	a3,a5,80200944 <_strtol_l.isra.0+0x194>
802007fc:	04912223          	sw	s1,68(sp)
80200800:	03512a23          	sw	s5,52(sp)
80200804:	03612823          	sw	s6,48(sp)
80200808:	03712623          	sw	s7,44(sp)
8020080c:	03812423          	sw	s8,40(sp)
80200810:	03a12023          	sw	s10,32(sp)
80200814:	01b12e23          	sw	s11,28(sp)
80200818:	00040693          	mv	a3,s0
8020081c:	00044483          	lbu	s1,0(s0)
80200820:	00140413          	addi	s0,s0,1
80200824:	009707b3          	add	a5,a4,s1
80200828:	0007c783          	lbu	a5,0(a5)
8020082c:	0087f793          	andi	a5,a5,8
80200830:	fe0794e3          	bnez	a5,80200818 <_strtol_l.isra.0+0x68>
80200834:	02d00793          	li	a5,45
80200838:	1af48063          	beq	s1,a5,802009d8 <_strtol_l.isra.0+0x228>
8020083c:	02b00793          	li	a5,43
80200840:	80000b37          	lui	s6,0x80000
80200844:	12f48863          	beq	s1,a5,80200974 <_strtol_l.isra.0+0x1c4>
80200848:	fffb0b13          	addi	s6,s6,-1 # 7fffffff <app_entry-0x200001>
8020084c:	00012623          	sw	zero,12(sp)
80200850:	120c9c63          	bnez	s9,80200988 <_strtol_l.isra.0+0x1d8>
80200854:	00a00993          	li	s3,10
80200858:	03000793          	li	a5,48
8020085c:	00098c93          	mv	s9,s3
80200860:	1af48863          	beq	s1,a5,80200a10 <_strtol_l.isra.0+0x260>
80200864:	00098593          	mv	a1,s3
80200868:	000b0513          	mv	a0,s6
8020086c:	005000ef          	jal	80201070 <__umodsi3>
80200870:	00050b93          	mv	s7,a0
80200874:	00098593          	mv	a1,s3
80200878:	000b0513          	mv	a0,s6
8020087c:	7ac000ef          	jal	80201028 <__hidden___udivsi3>
80200880:	00900d93          	li	s11,9
80200884:	fd048793          	addi	a5,s1,-48
80200888:	00050d13          	mv	s10,a0
8020088c:	00000713          	li	a4,0
80200890:	00000513          	li	a0,0
80200894:	01900a93          	li	s5,25
80200898:	fff00c13          	li	s8,-1
8020089c:	02fdee63          	bltu	s11,a5,802008d8 <_strtol_l.isra.0+0x128>
802008a0:	00078493          	mv	s1,a5
802008a4:	0594d263          	bge	s1,s9,802008e8 <_strtol_l.isra.0+0x138>
802008a8:	03870063          	beq	a4,s8,802008c8 <_strtol_l.isra.0+0x118>
802008ac:	fff00713          	li	a4,-1
802008b0:	00ad6c63          	bltu	s10,a0,802008c8 <_strtol_l.isra.0+0x118>
802008b4:	10ad0e63          	beq	s10,a0,802009d0 <_strtol_l.isra.0+0x220>
802008b8:	00098593          	mv	a1,s3
802008bc:	740000ef          	jal	80200ffc <__mulsi3>
802008c0:	00a48533          	add	a0,s1,a0
802008c4:	00100713          	li	a4,1
802008c8:	00044483          	lbu	s1,0(s0)
802008cc:	00140413          	addi	s0,s0,1
802008d0:	fd048793          	addi	a5,s1,-48
802008d4:	fcfdf6e3          	bgeu	s11,a5,802008a0 <_strtol_l.isra.0+0xf0>
802008d8:	fbf48793          	addi	a5,s1,-65
802008dc:	0efae263          	bltu	s5,a5,802009c0 <_strtol_l.isra.0+0x210>
802008e0:	fc948493          	addi	s1,s1,-55
802008e4:	fd94c2e3          	blt	s1,s9,802008a8 <_strtol_l.isra.0+0xf8>
802008e8:	fff00793          	li	a5,-1
802008ec:	10f70263          	beq	a4,a5,802009f0 <_strtol_l.isra.0+0x240>
802008f0:	00c12783          	lw	a5,12(sp)
802008f4:	00078463          	beqz	a5,802008fc <_strtol_l.isra.0+0x14c>
802008f8:	40a00533          	neg	a0,a0
802008fc:	000a0663          	beqz	s4,80200908 <_strtol_l.isra.0+0x158>
80200900:	12071663          	bnez	a4,80200a2c <_strtol_l.isra.0+0x27c>
80200904:	012a2023          	sw	s2,0(s4)
80200908:	04812403          	lw	s0,72(sp)
8020090c:	04c12083          	lw	ra,76(sp)
80200910:	04412483          	lw	s1,68(sp)
80200914:	04012903          	lw	s2,64(sp)
80200918:	03c12983          	lw	s3,60(sp)
8020091c:	03812a03          	lw	s4,56(sp)
80200920:	03412a83          	lw	s5,52(sp)
80200924:	03012b03          	lw	s6,48(sp)
80200928:	02c12b83          	lw	s7,44(sp)
8020092c:	02812c03          	lw	s8,40(sp)
80200930:	02412c83          	lw	s9,36(sp)
80200934:	02012d03          	lw	s10,32(sp)
80200938:	01c12d83          	lw	s11,28(sp)
8020093c:	05010113          	addi	sp,sp,80
80200940:	00008067          	ret
80200944:	04812403          	lw	s0,72(sp)
80200948:	04012903          	lw	s2,64(sp)
8020094c:	03c12983          	lw	s3,60(sp)
80200950:	03812a03          	lw	s4,56(sp)
80200954:	02412c83          	lw	s9,36(sp)
80200958:	440000ef          	jal	80200d98 <__errno>
8020095c:	04c12083          	lw	ra,76(sp)
80200960:	01600793          	li	a5,22
80200964:	00f52023          	sw	a5,0(a0)
80200968:	00000513          	li	a0,0
8020096c:	05010113          	addi	sp,sp,80
80200970:	00008067          	ret
80200974:	00012623          	sw	zero,12(sp)
80200978:	00044483          	lbu	s1,0(s0)
8020097c:	fffb0b13          	addi	s6,s6,-1
80200980:	00268413          	addi	s0,a3,2
80200984:	ec0c88e3          	beqz	s9,80200854 <_strtol_l.isra.0+0xa4>
80200988:	01000793          	li	a5,16
8020098c:	ecfc9ce3          	bne	s9,a5,80200864 <_strtol_l.isra.0+0xb4>
80200990:	03000793          	li	a5,48
80200994:	000c8993          	mv	s3,s9
80200998:	ecf496e3          	bne	s1,a5,80200864 <_strtol_l.isra.0+0xb4>
8020099c:	00044783          	lbu	a5,0(s0)
802009a0:	05800713          	li	a4,88
802009a4:	0df7f793          	andi	a5,a5,223
802009a8:	eae79ee3          	bne	a5,a4,80200864 <_strtol_l.isra.0+0xb4>
802009ac:	01000993          	li	s3,16
802009b0:	00144483          	lbu	s1,1(s0)
802009b4:	00098c93          	mv	s9,s3
802009b8:	00240413          	addi	s0,s0,2
802009bc:	ea9ff06f          	j	80200864 <_strtol_l.isra.0+0xb4>
802009c0:	f9f48793          	addi	a5,s1,-97
802009c4:	f2fae2e3          	bltu	s5,a5,802008e8 <_strtol_l.isra.0+0x138>
802009c8:	fa948493          	addi	s1,s1,-87
802009cc:	ed9ff06f          	j	802008a4 <_strtol_l.isra.0+0xf4>
802009d0:	ee9bcce3          	blt	s7,s1,802008c8 <_strtol_l.isra.0+0x118>
802009d4:	ee5ff06f          	j	802008b8 <_strtol_l.isra.0+0x108>
802009d8:	00100793          	li	a5,1
802009dc:	00044483          	lbu	s1,0(s0)
802009e0:	80000b37          	lui	s6,0x80000
802009e4:	00268413          	addi	s0,a3,2
802009e8:	00f12623          	sw	a5,12(sp)
802009ec:	e65ff06f          	j	80200850 <_strtol_l.isra.0+0xa0>
802009f0:	00812703          	lw	a4,8(sp)
802009f4:	02200793          	li	a5,34
802009f8:	000b0513          	mv	a0,s6
802009fc:	00f72023          	sw	a5,0(a4)
80200a00:	f00a04e3          	beqz	s4,80200908 <_strtol_l.isra.0+0x158>
80200a04:	fff40913          	addi	s2,s0,-1
80200a08:	000b0513          	mv	a0,s6
80200a0c:	ef9ff06f          	j	80200904 <_strtol_l.isra.0+0x154>
80200a10:	00044783          	lbu	a5,0(s0)
80200a14:	05800713          	li	a4,88
80200a18:	0df7f793          	andi	a5,a5,223
80200a1c:	f8e788e3          	beq	a5,a4,802009ac <_strtol_l.isra.0+0x1fc>
80200a20:	00800993          	li	s3,8
80200a24:	00098c93          	mv	s9,s3
80200a28:	e3dff06f          	j	80200864 <_strtol_l.isra.0+0xb4>
80200a2c:	00050b13          	mv	s6,a0
80200a30:	fd5ff06f          	j	80200a04 <_strtol_l.isra.0+0x254>

80200a34 <strtol>:
strtol():
80200a34:	00050713          	mv	a4,a0
80200a38:	00008517          	auipc	a0,0x8
80200a3c:	84c52503          	lw	a0,-1972(a0) # 80208284 <_impure_ptr>
80200a40:	00058793          	mv	a5,a1
80200a44:	00060693          	mv	a3,a2
80200a48:	00070593          	mv	a1,a4
80200a4c:	00078613          	mv	a2,a5
80200a50:	d61ff06f          	j	802007b0 <_strtol_l.isra.0>

80200a54 <__utoa>:
__utoa():
80200a54:	00007797          	auipc	a5,0x7
80200a58:	5e078793          	addi	a5,a5,1504 # 80208034 <__modsi3+0x6f90>
80200a5c:	0007a283          	lw	t0,0(a5)
80200a60:	0047af83          	lw	t6,4(a5)
80200a64:	0087af03          	lw	t5,8(a5)
80200a68:	00c7ae83          	lw	t4,12(a5)
80200a6c:	0107ae03          	lw	t3,16(a5)
80200a70:	0147a303          	lw	t1,20(a5)
80200a74:	0187a883          	lw	a7,24(a5)
80200a78:	01c7a803          	lw	a6,28(a5)
80200a7c:	0207a683          	lw	a3,32(a5)
80200a80:	00007797          	auipc	a5,0x7
80200a84:	5d87c783          	lbu	a5,1496(a5) # 80208058 <__modsi3+0x6fb4>
80200a88:	fb010113          	addi	sp,sp,-80
80200a8c:	03512a23          	sw	s5,52(sp)
80200a90:	02f10623          	sb	a5,44(sp)
80200a94:	04112623          	sw	ra,76(sp)
80200a98:	ffe60713          	addi	a4,a2,-2
80200a9c:	00512423          	sw	t0,8(sp)
80200aa0:	01f12623          	sw	t6,12(sp)
80200aa4:	01e12823          	sw	t5,16(sp)
80200aa8:	01d12a23          	sw	t4,20(sp)
80200aac:	01c12c23          	sw	t3,24(sp)
80200ab0:	00612e23          	sw	t1,28(sp)
80200ab4:	03112023          	sw	a7,32(sp)
80200ab8:	03012223          	sw	a6,36(sp)
80200abc:	02d12423          	sw	a3,40(sp)
80200ac0:	02200793          	li	a5,34
80200ac4:	00058a93          	mv	s5,a1
80200ac8:	0ce7e463          	bltu	a5,a4,80200b90 <__utoa+0x13c>
80200acc:	04812423          	sw	s0,72(sp)
80200ad0:	04912223          	sw	s1,68(sp)
80200ad4:	05212023          	sw	s2,64(sp)
80200ad8:	03312e23          	sw	s3,60(sp)
80200adc:	03412c23          	sw	s4,56(sp)
80200ae0:	03612823          	sw	s6,48(sp)
80200ae4:	00060493          	mv	s1,a2
80200ae8:	00050413          	mv	s0,a0
80200aec:	00000913          	li	s2,0
80200af0:	00048593          	mv	a1,s1
80200af4:	00040513          	mv	a0,s0
80200af8:	578000ef          	jal	80201070 <__umodsi3>
80200afc:	00250533          	add	a0,a0,sp
80200b00:	00854783          	lbu	a5,8(a0)
80200b04:	00090993          	mv	s3,s2
80200b08:	00190913          	addi	s2,s2,1
80200b0c:	012a8a33          	add	s4,s5,s2
80200b10:	00040513          	mv	a0,s0
80200b14:	00048593          	mv	a1,s1
80200b18:	fefa0fa3          	sb	a5,-1(s4)
80200b1c:	00040b13          	mv	s6,s0
80200b20:	508000ef          	jal	80201028 <__hidden___udivsi3>
80200b24:	00050413          	mv	s0,a0
80200b28:	fc9b74e3          	bgeu	s6,s1,80200af0 <__utoa+0x9c>
80200b2c:	000a0023          	sb	zero,0(s4)
80200b30:	02098a63          	beqz	s3,80200b64 <__utoa+0x110>
80200b34:	000a8693          	mv	a3,s5
80200b38:	013a8733          	add	a4,s5,s3
80200b3c:	00000793          	li	a5,0
80200b40:	00074583          	lbu	a1,0(a4)
80200b44:	0006c603          	lbu	a2,0(a3)
80200b48:	00178793          	addi	a5,a5,1
80200b4c:	00b68023          	sb	a1,0(a3)
80200b50:	00c70023          	sb	a2,0(a4)
80200b54:	40f98633          	sub	a2,s3,a5
80200b58:	00168693          	addi	a3,a3,1
80200b5c:	fff70713          	addi	a4,a4,-1
80200b60:	fec7c0e3          	blt	a5,a2,80200b40 <__utoa+0xec>
80200b64:	04812403          	lw	s0,72(sp)
80200b68:	04c12083          	lw	ra,76(sp)
80200b6c:	04412483          	lw	s1,68(sp)
80200b70:	04012903          	lw	s2,64(sp)
80200b74:	03c12983          	lw	s3,60(sp)
80200b78:	03812a03          	lw	s4,56(sp)
80200b7c:	03012b03          	lw	s6,48(sp)
80200b80:	000a8513          	mv	a0,s5
80200b84:	03412a83          	lw	s5,52(sp)
80200b88:	05010113          	addi	sp,sp,80
80200b8c:	00008067          	ret
80200b90:	00058023          	sb	zero,0(a1)
80200b94:	04c12083          	lw	ra,76(sp)
80200b98:	03412a83          	lw	s5,52(sp)
80200b9c:	00000513          	li	a0,0
80200ba0:	05010113          	addi	sp,sp,80
80200ba4:	00008067          	ret

80200ba8 <strcat>:
strcat():
80200ba8:	ff010113          	addi	sp,sp,-16
80200bac:	00812423          	sw	s0,8(sp)
80200bb0:	00112623          	sw	ra,12(sp)
80200bb4:	00357793          	andi	a5,a0,3
80200bb8:	00050413          	mv	s0,a0
80200bbc:	06079663          	bnez	a5,80200c28 <strcat+0x80>
80200bc0:	00052703          	lw	a4,0(a0)
80200bc4:	feff0637          	lui	a2,0xfeff0
80200bc8:	eff60613          	addi	a2,a2,-257 # fefefeff <__heap_end+0x7ecefeff>
80200bcc:	00c707b3          	add	a5,a4,a2
80200bd0:	808086b7          	lui	a3,0x80808
80200bd4:	fff74713          	not	a4,a4
80200bd8:	00e7f7b3          	and	a5,a5,a4
80200bdc:	08068693          	addi	a3,a3,128 # 80808080 <__heap_end+0x508080>
80200be0:	00d7f7b3          	and	a5,a5,a3
80200be4:	04079263          	bnez	a5,80200c28 <strcat+0x80>
80200be8:	00452703          	lw	a4,4(a0)
80200bec:	00450513          	addi	a0,a0,4
80200bf0:	00c707b3          	add	a5,a4,a2
80200bf4:	fff74713          	not	a4,a4
80200bf8:	00e7f7b3          	and	a5,a5,a4
80200bfc:	00d7f7b3          	and	a5,a5,a3
80200c00:	02079463          	bnez	a5,80200c28 <strcat+0x80>
80200c04:	00452703          	lw	a4,4(a0)
80200c08:	00450513          	addi	a0,a0,4
80200c0c:	00c707b3          	add	a5,a4,a2
80200c10:	fff74713          	not	a4,a4
80200c14:	00e7f7b3          	and	a5,a5,a4
80200c18:	00d7f7b3          	and	a5,a5,a3
80200c1c:	fc0786e3          	beqz	a5,80200be8 <strcat+0x40>
80200c20:	0080006f          	j	80200c28 <strcat+0x80>
80200c24:	00150513          	addi	a0,a0,1
80200c28:	00054783          	lbu	a5,0(a0)
80200c2c:	fe079ce3          	bnez	a5,80200c24 <strcat+0x7c>
80200c30:	328000ef          	jal	80200f58 <strcpy>
80200c34:	00c12083          	lw	ra,12(sp)
80200c38:	00040513          	mv	a0,s0
80200c3c:	00812403          	lw	s0,8(sp)
80200c40:	01010113          	addi	sp,sp,16
80200c44:	00008067          	ret

80200c48 <strncat>:
strncat():
80200c48:	00357713          	andi	a4,a0,3
80200c4c:	00050793          	mv	a5,a0
80200c50:	06071663          	bnez	a4,80200cbc <strncat+0x74>
80200c54:	00052683          	lw	a3,0(a0)
80200c58:	feff08b7          	lui	a7,0xfeff0
80200c5c:	eff88893          	addi	a7,a7,-257 # fefefeff <__heap_end+0x7ecefeff>
80200c60:	01168733          	add	a4,a3,a7
80200c64:	80808837          	lui	a6,0x80808
80200c68:	fff6c693          	not	a3,a3
80200c6c:	00d77733          	and	a4,a4,a3
80200c70:	08080813          	addi	a6,a6,128 # 80808080 <__heap_end+0x508080>
80200c74:	01077733          	and	a4,a4,a6
80200c78:	04071263          	bnez	a4,80200cbc <strncat+0x74>
80200c7c:	0047a683          	lw	a3,4(a5)
80200c80:	00478793          	addi	a5,a5,4
80200c84:	01168733          	add	a4,a3,a7
80200c88:	fff6c693          	not	a3,a3
80200c8c:	00d77733          	and	a4,a4,a3
80200c90:	01077733          	and	a4,a4,a6
80200c94:	02071463          	bnez	a4,80200cbc <strncat+0x74>
80200c98:	0047a683          	lw	a3,4(a5)
80200c9c:	00478793          	addi	a5,a5,4
80200ca0:	01168733          	add	a4,a3,a7
80200ca4:	fff6c693          	not	a3,a3
80200ca8:	00d77733          	and	a4,a4,a3
80200cac:	01077733          	and	a4,a4,a6
80200cb0:	fc0706e3          	beqz	a4,80200c7c <strncat+0x34>
80200cb4:	0080006f          	j	80200cbc <strncat+0x74>
80200cb8:	00178793          	addi	a5,a5,1
80200cbc:	0007c703          	lbu	a4,0(a5)
80200cc0:	fe071ce3          	bnez	a4,80200cb8 <strncat+0x70>
80200cc4:	00c786b3          	add	a3,a5,a2
80200cc8:	02060463          	beqz	a2,80200cf0 <strncat+0xa8>
80200ccc:	0005c703          	lbu	a4,0(a1)
80200cd0:	00178793          	addi	a5,a5,1
80200cd4:	00158593          	addi	a1,a1,1
80200cd8:	fee78fa3          	sb	a4,-1(a5)
80200cdc:	00070863          	beqz	a4,80200cec <strncat+0xa4>
80200ce0:	fef696e3          	bne	a3,a5,80200ccc <strncat+0x84>
80200ce4:	00068023          	sb	zero,0(a3)
80200ce8:	00008067          	ret
80200cec:	00008067          	ret
80200cf0:	00008067          	ret

80200cf4 <strncmp>:
strncmp():
80200cf4:	08060a63          	beqz	a2,80200d88 <strncmp+0x94>
80200cf8:	00b567b3          	or	a5,a0,a1
80200cfc:	0037f793          	andi	a5,a5,3
80200d00:	04079a63          	bnez	a5,80200d54 <strncmp+0x60>
80200d04:	feff0e37          	lui	t3,0xfeff0
80200d08:	80808337          	lui	t1,0x80808
80200d0c:	00300893          	li	a7,3
80200d10:	effe0e13          	addi	t3,t3,-257 # fefefeff <__heap_end+0x7ecefeff>
80200d14:	08030313          	addi	t1,t1,128 # 80808080 <__heap_end+0x508080>
80200d18:	02c8e063          	bltu	a7,a2,80200d38 <strncmp+0x44>
80200d1c:	0380006f          	j	80200d54 <strncmp+0x60>
80200d20:	ffc60613          	addi	a2,a2,-4
80200d24:	06060263          	beqz	a2,80200d88 <strncmp+0x94>
80200d28:	06079063          	bnez	a5,80200d88 <strncmp+0x94>
80200d2c:	00450513          	addi	a0,a0,4
80200d30:	00458593          	addi	a1,a1,4
80200d34:	02c8f063          	bgeu	a7,a2,80200d54 <strncmp+0x60>
80200d38:	00052703          	lw	a4,0(a0)
80200d3c:	0005a683          	lw	a3,0(a1)
80200d40:	01c707b3          	add	a5,a4,t3
80200d44:	fff74813          	not	a6,a4
80200d48:	0107f7b3          	and	a5,a5,a6
80200d4c:	0067f7b3          	and	a5,a5,t1
80200d50:	fcd708e3          	beq	a4,a3,80200d20 <strncmp+0x2c>
80200d54:	00054783          	lbu	a5,0(a0)
80200d58:	0005c703          	lbu	a4,0(a1)
80200d5c:	fff60613          	addi	a2,a2,-1
80200d60:	00c50633          	add	a2,a0,a2
80200d64:	00e78e63          	beq	a5,a4,80200d80 <strncmp+0x8c>
80200d68:	0280006f          	j	80200d90 <strncmp+0x9c>
80200d6c:	00150513          	addi	a0,a0,1
80200d70:	00078c63          	beqz	a5,80200d88 <strncmp+0x94>
80200d74:	00054783          	lbu	a5,0(a0)
80200d78:	0005c703          	lbu	a4,0(a1)
80200d7c:	00e79a63          	bne	a5,a4,80200d90 <strncmp+0x9c>
80200d80:	00158593          	addi	a1,a1,1
80200d84:	fea614e3          	bne	a2,a0,80200d6c <strncmp+0x78>
80200d88:	00000513          	li	a0,0
80200d8c:	00008067          	ret
80200d90:	40e78533          	sub	a0,a5,a4
80200d94:	00008067          	ret

80200d98 <__errno>:
__errno():
80200d98:	00007517          	auipc	a0,0x7
80200d9c:	4ec52503          	lw	a0,1260(a0) # 80208284 <_impure_ptr>
80200da0:	00008067          	ret

80200da4 <memcpy>:
memcpy():
80200da4:	00a5c7b3          	xor	a5,a1,a0
80200da8:	0037f793          	andi	a5,a5,3
80200dac:	00c508b3          	add	a7,a0,a2
80200db0:	06079663          	bnez	a5,80200e1c <memcpy+0x78>
80200db4:	00300793          	li	a5,3
80200db8:	06c7f263          	bgeu	a5,a2,80200e1c <memcpy+0x78>
80200dbc:	00357793          	andi	a5,a0,3
80200dc0:	00050713          	mv	a4,a0
80200dc4:	0c079a63          	bnez	a5,80200e98 <memcpy+0xf4>
80200dc8:	ffc8f613          	andi	a2,a7,-4
80200dcc:	40e606b3          	sub	a3,a2,a4
80200dd0:	02000793          	li	a5,32
80200dd4:	06d7c463          	blt	a5,a3,80200e3c <memcpy+0x98>
80200dd8:	00058693          	mv	a3,a1
80200ddc:	00070793          	mv	a5,a4
80200de0:	02c77a63          	bgeu	a4,a2,80200e14 <memcpy+0x70>
80200de4:	0006a803          	lw	a6,0(a3)
80200de8:	00478793          	addi	a5,a5,4
80200dec:	00468693          	addi	a3,a3,4
80200df0:	ff07ae23          	sw	a6,-4(a5)
80200df4:	fec7e8e3          	bltu	a5,a2,80200de4 <memcpy+0x40>
80200df8:	fff60613          	addi	a2,a2,-1
80200dfc:	40e60633          	sub	a2,a2,a4
80200e00:	ffc67613          	andi	a2,a2,-4
80200e04:	00458593          	addi	a1,a1,4
80200e08:	00470713          	addi	a4,a4,4
80200e0c:	00c585b3          	add	a1,a1,a2
80200e10:	00c70733          	add	a4,a4,a2
80200e14:	01176863          	bltu	a4,a7,80200e24 <memcpy+0x80>
80200e18:	00008067          	ret
80200e1c:	00050713          	mv	a4,a0
80200e20:	ff157ce3          	bgeu	a0,a7,80200e18 <memcpy+0x74>
80200e24:	0005c783          	lbu	a5,0(a1)
80200e28:	00170713          	addi	a4,a4,1
80200e2c:	00158593          	addi	a1,a1,1
80200e30:	fef70fa3          	sb	a5,-1(a4)
80200e34:	fee898e3          	bne	a7,a4,80200e24 <memcpy+0x80>
80200e38:	00008067          	ret
80200e3c:	0205a683          	lw	a3,32(a1)
80200e40:	0005a383          	lw	t2,0(a1)
80200e44:	0045a283          	lw	t0,4(a1)
80200e48:	0085af83          	lw	t6,8(a1)
80200e4c:	00c5af03          	lw	t5,12(a1)
80200e50:	0105ae83          	lw	t4,16(a1)
80200e54:	0145ae03          	lw	t3,20(a1)
80200e58:	0185a303          	lw	t1,24(a1)
80200e5c:	01c5a803          	lw	a6,28(a1)
80200e60:	02470713          	addi	a4,a4,36
80200e64:	fed72e23          	sw	a3,-4(a4)
80200e68:	fc772e23          	sw	t2,-36(a4)
80200e6c:	40e606b3          	sub	a3,a2,a4
80200e70:	fe572023          	sw	t0,-32(a4)
80200e74:	fff72223          	sw	t6,-28(a4)
80200e78:	ffe72423          	sw	t5,-24(a4)
80200e7c:	ffd72623          	sw	t4,-20(a4)
80200e80:	ffc72823          	sw	t3,-16(a4)
80200e84:	fe672a23          	sw	t1,-12(a4)
80200e88:	ff072c23          	sw	a6,-8(a4)
80200e8c:	02458593          	addi	a1,a1,36
80200e90:	fad7c6e3          	blt	a5,a3,80200e3c <memcpy+0x98>
80200e94:	f45ff06f          	j	80200dd8 <memcpy+0x34>
80200e98:	0005c683          	lbu	a3,0(a1)
80200e9c:	00170713          	addi	a4,a4,1
80200ea0:	00377793          	andi	a5,a4,3
80200ea4:	fed70fa3          	sb	a3,-1(a4)
80200ea8:	00158593          	addi	a1,a1,1
80200eac:	f0078ee3          	beqz	a5,80200dc8 <memcpy+0x24>
80200eb0:	0005c683          	lbu	a3,0(a1)
80200eb4:	00170713          	addi	a4,a4,1
80200eb8:	00377793          	andi	a5,a4,3
80200ebc:	fed70fa3          	sb	a3,-1(a4)
80200ec0:	00158593          	addi	a1,a1,1
80200ec4:	fc079ae3          	bnez	a5,80200e98 <memcpy+0xf4>
80200ec8:	f01ff06f          	j	80200dc8 <memcpy+0x24>

80200ecc <strlen>:
strlen():
80200ecc:	00357793          	andi	a5,a0,3
80200ed0:	00050713          	mv	a4,a0
80200ed4:	04079c63          	bnez	a5,80200f2c <strlen+0x60>
80200ed8:	7f7f86b7          	lui	a3,0x7f7f8
80200edc:	f7f68693          	addi	a3,a3,-129 # 7f7f7f7f <app_entry-0xa08081>
80200ee0:	fff00593          	li	a1,-1
80200ee4:	00072603          	lw	a2,0(a4)
80200ee8:	00470713          	addi	a4,a4,4
80200eec:	00d677b3          	and	a5,a2,a3
80200ef0:	00d787b3          	add	a5,a5,a3
80200ef4:	00c7e7b3          	or	a5,a5,a2
80200ef8:	00d7e7b3          	or	a5,a5,a3
80200efc:	feb784e3          	beq	a5,a1,80200ee4 <strlen+0x18>
80200f00:	ffc74683          	lbu	a3,-4(a4)
80200f04:	40a707b3          	sub	a5,a4,a0
80200f08:	04068463          	beqz	a3,80200f50 <strlen+0x84>
80200f0c:	ffd74683          	lbu	a3,-3(a4)
80200f10:	02068c63          	beqz	a3,80200f48 <strlen+0x7c>
80200f14:	ffe74503          	lbu	a0,-2(a4)
80200f18:	00a03533          	snez	a0,a0
80200f1c:	00f50533          	add	a0,a0,a5
80200f20:	ffe50513          	addi	a0,a0,-2
80200f24:	00008067          	ret
80200f28:	fa0688e3          	beqz	a3,80200ed8 <strlen+0xc>
80200f2c:	00074783          	lbu	a5,0(a4)
80200f30:	00170713          	addi	a4,a4,1
80200f34:	00377693          	andi	a3,a4,3
80200f38:	fe0798e3          	bnez	a5,80200f28 <strlen+0x5c>
80200f3c:	40a70733          	sub	a4,a4,a0
80200f40:	fff70513          	addi	a0,a4,-1
80200f44:	00008067          	ret
80200f48:	ffd78513          	addi	a0,a5,-3
80200f4c:	00008067          	ret
80200f50:	ffc78513          	addi	a0,a5,-4
80200f54:	00008067          	ret

80200f58 <strcpy>:
strcpy():
80200f58:	00b567b3          	or	a5,a0,a1
80200f5c:	0037f793          	andi	a5,a5,3
80200f60:	08079063          	bnez	a5,80200fe0 <strcpy+0x88>
80200f64:	0005a703          	lw	a4,0(a1)
80200f68:	7f7f86b7          	lui	a3,0x7f7f8
80200f6c:	f7f68693          	addi	a3,a3,-129 # 7f7f7f7f <app_entry-0xa08081>
80200f70:	00d77833          	and	a6,a4,a3
80200f74:	00d80833          	add	a6,a6,a3
80200f78:	00e86833          	or	a6,a6,a4
80200f7c:	00d86833          	or	a6,a6,a3
80200f80:	fff00793          	li	a5,-1
80200f84:	00050613          	mv	a2,a0
80200f88:	02f81463          	bne	a6,a5,80200fb0 <strcpy+0x58>
80200f8c:	00458593          	addi	a1,a1,4
80200f90:	00e62023          	sw	a4,0(a2)
80200f94:	0005a703          	lw	a4,0(a1)
80200f98:	00460613          	addi	a2,a2,4
80200f9c:	00d777b3          	and	a5,a4,a3
80200fa0:	00d787b3          	add	a5,a5,a3
80200fa4:	00e7e7b3          	or	a5,a5,a4
80200fa8:	00d7e7b3          	or	a5,a5,a3
80200fac:	ff0780e3          	beq	a5,a6,80200f8c <strcpy+0x34>
80200fb0:	0005c783          	lbu	a5,0(a1)
80200fb4:	0015c703          	lbu	a4,1(a1)
80200fb8:	0025c683          	lbu	a3,2(a1)
80200fbc:	00f60023          	sb	a5,0(a2)
80200fc0:	00078a63          	beqz	a5,80200fd4 <strcpy+0x7c>
80200fc4:	00e600a3          	sb	a4,1(a2)
80200fc8:	00070663          	beqz	a4,80200fd4 <strcpy+0x7c>
80200fcc:	00d60123          	sb	a3,2(a2)
80200fd0:	00069463          	bnez	a3,80200fd8 <strcpy+0x80>
80200fd4:	00008067          	ret
80200fd8:	000601a3          	sb	zero,3(a2)
80200fdc:	00008067          	ret
80200fe0:	00050793          	mv	a5,a0
80200fe4:	0005c703          	lbu	a4,0(a1)
80200fe8:	00178793          	addi	a5,a5,1
80200fec:	00158593          	addi	a1,a1,1
80200ff0:	fee78fa3          	sb	a4,-1(a5)
80200ff4:	fe0718e3          	bnez	a4,80200fe4 <strcpy+0x8c>
80200ff8:	00008067          	ret

80200ffc <__mulsi3>:
__mulsi3():
80200ffc:	00050613          	mv	a2,a0
80201000:	00000513          	li	a0,0
80201004:	0015f693          	andi	a3,a1,1
80201008:	00068463          	beqz	a3,80201010 <__mulsi3+0x14>
8020100c:	00c50533          	add	a0,a0,a2
80201010:	0015d593          	srli	a1,a1,0x1
80201014:	00161613          	slli	a2,a2,0x1
80201018:	fe0596e3          	bnez	a1,80201004 <__mulsi3+0x8>
8020101c:	00008067          	ret

80201020 <__divsi3>:
__divsi3():
80201020:	06054063          	bltz	a0,80201080 <__umodsi3+0x10>
80201024:	0605c663          	bltz	a1,80201090 <__umodsi3+0x20>

80201028 <__hidden___udivsi3>:
80201028:	00058613          	mv	a2,a1
8020102c:	00050593          	mv	a1,a0
80201030:	fff00513          	li	a0,-1
80201034:	02060c63          	beqz	a2,8020106c <__hidden___udivsi3+0x44>
80201038:	00100693          	li	a3,1
8020103c:	00b67a63          	bgeu	a2,a1,80201050 <__hidden___udivsi3+0x28>
80201040:	00c05863          	blez	a2,80201050 <__hidden___udivsi3+0x28>
80201044:	00161613          	slli	a2,a2,0x1
80201048:	00169693          	slli	a3,a3,0x1
8020104c:	feb66ae3          	bltu	a2,a1,80201040 <__hidden___udivsi3+0x18>
80201050:	00000513          	li	a0,0
80201054:	00c5e663          	bltu	a1,a2,80201060 <__hidden___udivsi3+0x38>
80201058:	40c585b3          	sub	a1,a1,a2
8020105c:	00d56533          	or	a0,a0,a3
80201060:	0016d693          	srli	a3,a3,0x1
80201064:	00165613          	srli	a2,a2,0x1
80201068:	fe0696e3          	bnez	a3,80201054 <__hidden___udivsi3+0x2c>
8020106c:	00008067          	ret

80201070 <__umodsi3>:
80201070:	00008293          	mv	t0,ra
80201074:	fb5ff0ef          	jal	80201028 <__hidden___udivsi3>
80201078:	00058513          	mv	a0,a1
8020107c:	00028067          	jr	t0
80201080:	40a00533          	neg	a0,a0
80201084:	00b04863          	bgtz	a1,80201094 <__umodsi3+0x24>
80201088:	40b005b3          	neg	a1,a1
8020108c:	f9dff06f          	j	80201028 <__hidden___udivsi3>
80201090:	40b005b3          	neg	a1,a1
80201094:	00008293          	mv	t0,ra
80201098:	f91ff0ef          	jal	80201028 <__hidden___udivsi3>
8020109c:	40a00533          	neg	a0,a0
802010a0:	00028067          	jr	t0

802010a4 <__modsi3>:
__modsi3():
802010a4:	00008293          	mv	t0,ra
802010a8:	0005ca63          	bltz	a1,802010bc <__modsi3+0x18>
802010ac:	00054c63          	bltz	a0,802010c4 <__modsi3+0x20>
802010b0:	f79ff0ef          	jal	80201028 <__hidden___udivsi3>
802010b4:	00058513          	mv	a0,a1
802010b8:	00028067          	jr	t0
802010bc:	40b005b3          	neg	a1,a1
802010c0:	fe0558e3          	bgez	a0,802010b0 <__modsi3+0xc>
802010c4:	40a00533          	neg	a0,a0
802010c8:	f61ff0ef          	jal	80201028 <__hidden___udivsi3>
802010cc:	40b00533          	neg	a0,a1
802010d0:	00028067          	jr	t0
