
build/release/user/cd.elf:     file format elf32-littleriscv
build/release/user/cd.elf
architecture: riscv:rv32, flags 0x00000112:
EXEC_P, HAS_SYMS, D_PAGED
start address 0x80200000

Program Header:
0x70000003 off    0x00003298 vaddr 0x00000000 paddr 0x00000000 align 2**0
         filesz 0x0000004b memsz 0x00000000 flags r--
    LOAD off    0x00001000 vaddr 0x80200000 paddr 0x80200000 align 2**12
         filesz 0x00001358 memsz 0x00001358 flags r-x
    LOAD off    0x00003000 vaddr 0x80208000 paddr 0x80208000 align 2**12
         filesz 0x00000298 memsz 0x000007d4 flags rw-

Sections:
Idx Name              Size      VMA       LMA       File off  Algn  Flags
  0 .text             00001358  80200000  80200000  00001000  2**3  CONTENTS, ALLOC, LOAD, READONLY, CODE
  1 .rodata           00000170  80208000  80208000  00003000  2**3  CONTENTS, ALLOC, LOAD, READONLY, DATA
  2 .data             00000128  80208170  80208170  00003170  2**3  CONTENTS, ALLOC, LOAD, DATA
  3 .bss              0000053c  80208298  80208298  00003298  2**3  ALLOC
  4 .riscv.attributes 0000004b  00000000  00000000  00003298  2**0  CONTENTS, READONLY
  5 .comment          00000032  00000000  00000000  000032e3  2**0  CONTENTS, READONLY
SYMBOL TABLE:
80200000 l    d  .text	00000000 .text
80208000 l    d  .rodata	00000000 .rodata
80208170 l    d  .data	00000000 .data
80208298 l    d  .bss	00000000 .bss
00000000 l    d  .riscv.attributes	00000000 .riscv.attributes
00000000 l    d  .comment	00000000 .comment
00000000 l    df *ABS*	00000000 ccbcYpGv.o
00000000 l    df *ABS*	00000000 cd.c
00000000 l    df *ABS*	00000000 print.c
00000000 l    df *ABS*	00000000 servers.c
80208298 l     O .bss	00000004 sender
8020829c l     O .bss	00000400 buf
00000000 l    df *ABS*	00000000 syscall.c
80208290 l     O .data	00000004 sc
00000000 l    df *ABS*	00000000 libc_a-atoi.o
00000000 l    df *ABS*	00000000 libc_a-itoa.o
00000000 l    df *ABS*	00000000 libc_a-strtol.o
802008b8 l     F .text	00000284 _strtol_l.isra.0
00000000 l    df *ABS*	00000000 libc_a-utoa.o
00000000 l    df *ABS*	00000000 libc_a-strcat.o
00000000 l    df *ABS*	00000000 libc_a-strncat.o
00000000 l    df *ABS*	00000000 libc_a-strncmp.o
00000000 l    df *ABS*	00000000 libc_a-errno.o
00000000 l    df *ABS*	00000000 libc_a-memcpy.o
00000000 l    df *ABS*	00000000 libc_a-strlen.o
00000000 l    df *ABS*	00000000 libc_a-strcpy.o
00000000 l    df *ABS*	00000000 libc_a-strcmp.o
00000000 l    df *ABS*	00000000 muldi3.o
00000000 l    df *ABS*	00000000 div.o
802007ac g     F .text	00000090 sys_recv
80201060 g     F .text	000000a4 strcpy
80200ea0 g     F .text	0000000c __errno
80200000 g       .text	00000000 app_entry
80200eac g     F .text	00000128 memcpy
802012ac g     F .text	00000048 .hidden __hidden___udivsi3
802012ac g     F .text	00000048 .hidden __udivsi3
80200848 g     F .text	00000070 itoa
80200b3c g     F .text	00000020 strtol
8020869c g     O .bss	00000138 __sf
8020073c g     F .text	00000070 sys_send
80200cb0 g     F .text	000000a0 strcat
802012f4 g     F .text	00000010 .hidden __umodsi3
80200620 g     F .text	000000b4 file_read
802002ac g     F .text	0000014c format_to_str
80200dfc g     F .text	000000a4 strncmp
80201280 g     F .text	00000024 .hidden __mulsi3
80200d50 g     F .text	000000ac strncat
80200b5c g     F .text	00000154 __utoa
80200010 g     F .text	0000029c main
802012a4 g     F .text	00000084 .hidden __divsi3
80201104 g     F .text	0000017c strcmp
80300000 g       *ABS*	00000000 __heap_end
80208294 g     O .data	00000004 _impure_ptr
802087d8 g       .riscv.attributes	00000000 __heap_start
802006d4 g     F .text	00000068 term_write
802004dc g     F .text	00000034 exit
80201328 g     F .text	00000030 .hidden __modsi3
80208170 g     O .data	00000120 _impure_data
8020083c g     F .text	0000000c atoi
8020806c g     O .rodata	00000101 _ctype_
80200510 g     F .text	00000110 dir_lookup
80200fd4 g     F .text	0000008c strlen
802003f8 g     F .text	000000e4 INFO



Disassembly of section .text:

80200000 <app_entry>:
app_entry():
80200000:	00052503          	lw	a0,0(a0)
80200004:	80400137          	lui	sp,0x80400
80200008:	008000ef          	jal	80200010 <main>
8020000c:	4d0000ef          	jal	802004dc <exit>

80200010 <main>:
main():
80200010:	fd010113          	addi	sp,sp,-48 # 803fffd0 <__heap_end+0xfffd0>
80200014:	02112623          	sw	ra,44(sp)
80200018:	02812423          	sw	s0,40(sp)
8020001c:	02912223          	sw	s1,36(sp)
80200020:	03010413          	addi	s0,sp,48
80200024:	fca42e23          	sw	a0,-36(s0)
80200028:	fcb42c23          	sw	a1,-40(s0)
8020002c:	fdc42703          	lw	a4,-36(s0)
80200030:	00100793          	li	a5,1
80200034:	06f71663          	bne	a4,a5,802000a0 <main+0x90>
80200038:	802087b7          	lui	a5,0x80208
8020003c:	00078593          	mv	a1,a5
80200040:	00000513          	li	a0,0
80200044:	4cc000ef          	jal	80200510 <dir_lookup>
80200048:	fea42223          	sw	a0,-28(s0)
8020004c:	803024b7          	lui	s1,0x80302
80200050:	802087b7          	lui	a5,0x80208
80200054:	00878593          	addi	a1,a5,8 # 80208008 <__modsi3+0x6ce0>
80200058:	fe442503          	lw	a0,-28(s0)
8020005c:	4b4000ef          	jal	80200510 <dir_lookup>
80200060:	00050793          	mv	a5,a0
80200064:	00f4a023          	sw	a5,0(s1) # 80302000 <__heap_end+0x2000>
80200068:	803027b7          	lui	a5,0x80302
8020006c:	00478793          	addi	a5,a5,4 # 80302004 <__heap_end+0x2004>
80200070:	80208737          	lui	a4,0x80208
80200074:	01070713          	addi	a4,a4,16 # 80208010 <__modsi3+0x6ce8>
80200078:	00072583          	lw	a1,0(a4)
8020007c:	00472603          	lw	a2,4(a4)
80200080:	00872683          	lw	a3,8(a4)
80200084:	00b7a023          	sw	a1,0(a5)
80200088:	00c7a223          	sw	a2,4(a5)
8020008c:	00d7a423          	sw	a3,8(a5)
80200090:	00c74703          	lbu	a4,12(a4)
80200094:	00e78623          	sb	a4,12(a5)
80200098:	00000793          	li	a5,0
8020009c:	1f80006f          	j	80200294 <main+0x284>
802000a0:	fd842783          	lw	a5,-40(s0)
802000a4:	00478793          	addi	a5,a5,4
802000a8:	0007a483          	lw	s1,0(a5)
802000ac:	fd842783          	lw	a5,-40(s0)
802000b0:	00478793          	addi	a5,a5,4
802000b4:	0007a783          	lw	a5,0(a5)
802000b8:	00078513          	mv	a0,a5
802000bc:	719000ef          	jal	80200fd4 <strlen>
802000c0:	00050793          	mv	a5,a0
802000c4:	fff78793          	addi	a5,a5,-1
802000c8:	00f487b3          	add	a5,s1,a5
802000cc:	0007c703          	lbu	a4,0(a5)
802000d0:	02f00793          	li	a5,47
802000d4:	02f70663          	beq	a4,a5,80200100 <main+0xf0>
802000d8:	fd842783          	lw	a5,-40(s0)
802000dc:	00478793          	addi	a5,a5,4
802000e0:	0007a483          	lw	s1,0(a5)
802000e4:	00048513          	mv	a0,s1
802000e8:	6ed000ef          	jal	80200fd4 <strlen>
802000ec:	00050793          	mv	a5,a0
802000f0:	00f487b3          	add	a5,s1,a5
802000f4:	02f00713          	li	a4,47
802000f8:	00e78023          	sb	a4,0(a5)
802000fc:	000780a3          	sb	zero,1(a5)
80200100:	803027b7          	lui	a5,0x80302
80200104:	0007a703          	lw	a4,0(a5) # 80302000 <__heap_end+0x2000>
80200108:	fd842783          	lw	a5,-40(s0)
8020010c:	00478793          	addi	a5,a5,4
80200110:	0007a783          	lw	a5,0(a5)
80200114:	00078593          	mv	a1,a5
80200118:	00070513          	mv	a0,a4
8020011c:	3f4000ef          	jal	80200510 <dir_lookup>
80200120:	fea42423          	sw	a0,-24(s0)
80200124:	fe842703          	lw	a4,-24(s0)
80200128:	fff00793          	li	a5,-1
8020012c:	02f71463          	bne	a4,a5,80200154 <main+0x144>
80200130:	fd842783          	lw	a5,-40(s0)
80200134:	00478793          	addi	a5,a5,4
80200138:	0007a783          	lw	a5,0(a5)
8020013c:	00078593          	mv	a1,a5
80200140:	802087b7          	lui	a5,0x80208
80200144:	02078513          	addi	a0,a5,32 # 80208020 <__modsi3+0x6cf8>
80200148:	2b0000ef          	jal	802003f8 <INFO>
8020014c:	fff00793          	li	a5,-1
80200150:	1440006f          	j	80200294 <main+0x284>
80200154:	803027b7          	lui	a5,0x80302
80200158:	fe842703          	lw	a4,-24(s0)
8020015c:	00e7a023          	sw	a4,0(a5) # 80302000 <__heap_end+0x2000>
80200160:	fd842783          	lw	a5,-40(s0)
80200164:	00478793          	addi	a5,a5,4
80200168:	0007a783          	lw	a5,0(a5)
8020016c:	00078593          	mv	a1,a5
80200170:	802087b7          	lui	a5,0x80208
80200174:	03c78513          	addi	a0,a5,60 # 8020803c <__modsi3+0x6d14>
80200178:	78d000ef          	jal	80201104 <strcmp>
8020017c:	00050793          	mv	a5,a0
80200180:	00079663          	bnez	a5,8020018c <main+0x17c>
80200184:	00000793          	li	a5,0
80200188:	10c0006f          	j	80200294 <main+0x284>
8020018c:	803027b7          	lui	a5,0x80302
80200190:	00478513          	addi	a0,a5,4 # 80302004 <__heap_end+0x2004>
80200194:	641000ef          	jal	80200fd4 <strlen>
80200198:	fea42623          	sw	a0,-20(s0)
8020019c:	fd842783          	lw	a5,-40(s0)
802001a0:	00478793          	addi	a5,a5,4
802001a4:	0007a783          	lw	a5,0(a5)
802001a8:	00078593          	mv	a1,a5
802001ac:	802087b7          	lui	a5,0x80208
802001b0:	04078513          	addi	a0,a5,64 # 80208040 <__modsi3+0x6d18>
802001b4:	751000ef          	jal	80201104 <strcmp>
802001b8:	00050793          	mv	a5,a0
802001bc:	06079063          	bnez	a5,8020021c <main+0x20c>
802001c0:	0200006f          	j	802001e0 <main+0x1d0>
802001c4:	fec42783          	lw	a5,-20(s0)
802001c8:	fff78713          	addi	a4,a5,-1
802001cc:	fee42623          	sw	a4,-20(s0)
802001d0:	80302737          	lui	a4,0x80302
802001d4:	00470713          	addi	a4,a4,4 # 80302004 <__heap_end+0x2004>
802001d8:	00e787b3          	add	a5,a5,a4
802001dc:	00078023          	sb	zero,0(a5)
802001e0:	fec42703          	lw	a4,-20(s0)
802001e4:	803027b7          	lui	a5,0x80302
802001e8:	00478793          	addi	a5,a5,4 # 80302004 <__heap_end+0x2004>
802001ec:	00f707b3          	add	a5,a4,a5
802001f0:	0007c703          	lbu	a4,0(a5)
802001f4:	02f00793          	li	a5,47
802001f8:	fcf716e3          	bne	a4,a5,802001c4 <main+0x1b4>
802001fc:	fec42783          	lw	a5,-20(s0)
80200200:	08078863          	beqz	a5,80200290 <main+0x280>
80200204:	fec42703          	lw	a4,-20(s0)
80200208:	803027b7          	lui	a5,0x80302
8020020c:	00478793          	addi	a5,a5,4 # 80302004 <__heap_end+0x2004>
80200210:	00f707b3          	add	a5,a4,a5
80200214:	00078023          	sb	zero,0(a5)
80200218:	0780006f          	j	80200290 <main+0x280>
8020021c:	fec42703          	lw	a4,-20(s0)
80200220:	00100793          	li	a5,1
80200224:	02e7f863          	bgeu	a5,a4,80200254 <main+0x244>
80200228:	803027b7          	lui	a5,0x80302
8020022c:	00478513          	addi	a0,a5,4 # 80302004 <__heap_end+0x2004>
80200230:	5a5000ef          	jal	80200fd4 <strlen>
80200234:	00050793          	mv	a5,a0
80200238:	00078713          	mv	a4,a5
8020023c:	803027b7          	lui	a5,0x80302
80200240:	00478793          	addi	a5,a5,4 # 80302004 <__heap_end+0x2004>
80200244:	00f707b3          	add	a5,a4,a5
80200248:	02f00713          	li	a4,47
8020024c:	00e78023          	sb	a4,0(a5)
80200250:	000780a3          	sb	zero,1(a5)
80200254:	fd842783          	lw	a5,-40(s0)
80200258:	00478793          	addi	a5,a5,4
8020025c:	0007a483          	lw	s1,0(a5)
80200260:	fd842783          	lw	a5,-40(s0)
80200264:	00478793          	addi	a5,a5,4
80200268:	0007a783          	lw	a5,0(a5)
8020026c:	00078513          	mv	a0,a5
80200270:	565000ef          	jal	80200fd4 <strlen>
80200274:	00050793          	mv	a5,a0
80200278:	fff78793          	addi	a5,a5,-1
8020027c:	00078613          	mv	a2,a5
80200280:	00048593          	mv	a1,s1
80200284:	803027b7          	lui	a5,0x80302
80200288:	00478513          	addi	a0,a5,4 # 80302004 <__heap_end+0x2004>
8020028c:	2c5000ef          	jal	80200d50 <strncat>
80200290:	00000793          	li	a5,0
80200294:	00078513          	mv	a0,a5
80200298:	02c12083          	lw	ra,44(sp)
8020029c:	02812403          	lw	s0,40(sp)
802002a0:	02412483          	lw	s1,36(sp)
802002a4:	03010113          	addi	sp,sp,48
802002a8:	00008067          	ret

802002ac <format_to_str>:
format_to_str():
802002ac:	fe010113          	addi	sp,sp,-32
802002b0:	00112e23          	sw	ra,28(sp)
802002b4:	00812c23          	sw	s0,24(sp)
802002b8:	00912a23          	sw	s1,20(sp)
802002bc:	02010413          	addi	s0,sp,32
802002c0:	fea42623          	sw	a0,-20(s0)
802002c4:	feb42423          	sw	a1,-24(s0)
802002c8:	fec42223          	sw	a2,-28(s0)
802002cc:	fec42783          	lw	a5,-20(s0)
802002d0:	00078023          	sb	zero,0(a5)
802002d4:	0fc0006f          	j	802003d0 <format_to_str+0x124>
802002d8:	fe842783          	lw	a5,-24(s0)
802002dc:	0007c703          	lbu	a4,0(a5)
802002e0:	02500793          	li	a5,37
802002e4:	00f70c63          	beq	a4,a5,802002fc <format_to_str+0x50>
802002e8:	00100613          	li	a2,1
802002ec:	fe842583          	lw	a1,-24(s0)
802002f0:	fec42503          	lw	a0,-20(s0)
802002f4:	25d000ef          	jal	80200d50 <strncat>
802002f8:	0cc0006f          	j	802003c4 <format_to_str+0x118>
802002fc:	fe842783          	lw	a5,-24(s0)
80200300:	00178793          	addi	a5,a5,1
80200304:	fef42423          	sw	a5,-24(s0)
80200308:	fe842783          	lw	a5,-24(s0)
8020030c:	0007c703          	lbu	a4,0(a5)
80200310:	07300793          	li	a5,115
80200314:	02f71263          	bne	a4,a5,80200338 <format_to_str+0x8c>
80200318:	fe442783          	lw	a5,-28(s0)
8020031c:	00478713          	addi	a4,a5,4
80200320:	fee42223          	sw	a4,-28(s0)
80200324:	0007a783          	lw	a5,0(a5)
80200328:	00078593          	mv	a1,a5
8020032c:	fec42503          	lw	a0,-20(s0)
80200330:	181000ef          	jal	80200cb0 <strcat>
80200334:	0900006f          	j	802003c4 <format_to_str+0x118>
80200338:	fe842783          	lw	a5,-24(s0)
8020033c:	0007c703          	lbu	a4,0(a5)
80200340:	06400793          	li	a5,100
80200344:	02f71e63          	bne	a4,a5,80200380 <format_to_str+0xd4>
80200348:	fe442783          	lw	a5,-28(s0)
8020034c:	00478713          	addi	a4,a5,4
80200350:	fee42223          	sw	a4,-28(s0)
80200354:	0007a483          	lw	s1,0(a5)
80200358:	fec42503          	lw	a0,-20(s0)
8020035c:	479000ef          	jal	80200fd4 <strlen>
80200360:	00050713          	mv	a4,a0
80200364:	fec42783          	lw	a5,-20(s0)
80200368:	00e787b3          	add	a5,a5,a4
8020036c:	00a00613          	li	a2,10
80200370:	00078593          	mv	a1,a5
80200374:	00048513          	mv	a0,s1
80200378:	4d0000ef          	jal	80200848 <itoa>
8020037c:	0480006f          	j	802003c4 <format_to_str+0x118>
80200380:	fe842783          	lw	a5,-24(s0)
80200384:	0007c703          	lbu	a4,0(a5)
80200388:	07800793          	li	a5,120
8020038c:	02f71c63          	bne	a4,a5,802003c4 <format_to_str+0x118>
80200390:	fe442783          	lw	a5,-28(s0)
80200394:	00478713          	addi	a4,a5,4
80200398:	fee42223          	sw	a4,-28(s0)
8020039c:	0007a483          	lw	s1,0(a5)
802003a0:	fec42503          	lw	a0,-20(s0)
802003a4:	431000ef          	jal	80200fd4 <strlen>
802003a8:	00050713          	mv	a4,a0
802003ac:	fec42783          	lw	a5,-20(s0)
802003b0:	00e787b3          	add	a5,a5,a4
802003b4:	01000613          	li	a2,16
802003b8:	00078593          	mv	a1,a5
802003bc:	00048513          	mv	a0,s1
802003c0:	488000ef          	jal	80200848 <itoa>
802003c4:	fe842783          	lw	a5,-24(s0)
802003c8:	00178793          	addi	a5,a5,1
802003cc:	fef42423          	sw	a5,-24(s0)
802003d0:	fe842783          	lw	a5,-24(s0)
802003d4:	0007c783          	lbu	a5,0(a5)
802003d8:	f00790e3          	bnez	a5,802002d8 <format_to_str+0x2c>
802003dc:	00000013          	nop
802003e0:	00000013          	nop
802003e4:	01c12083          	lw	ra,28(sp)
802003e8:	01812403          	lw	s0,24(sp)
802003ec:	01412483          	lw	s1,20(sp)
802003f0:	02010113          	addi	sp,sp,32
802003f4:	00008067          	ret

802003f8 <INFO>:
INFO():
802003f8:	db010113          	addi	sp,sp,-592
802003fc:	22112623          	sw	ra,556(sp)
80200400:	22812423          	sw	s0,552(sp)
80200404:	23010413          	addi	s0,sp,560
80200408:	dca42e23          	sw	a0,-548(s0)
8020040c:	00b42223          	sw	a1,4(s0)
80200410:	00c42423          	sw	a2,8(s0)
80200414:	00d42623          	sw	a3,12(s0)
80200418:	00e42823          	sw	a4,16(s0)
8020041c:	00f42a23          	sw	a5,20(s0)
80200420:	01042c23          	sw	a6,24(s0)
80200424:	01142e23          	sw	a7,28(s0)
80200428:	df040793          	addi	a5,s0,-528
8020042c:	464e5737          	lui	a4,0x464e5
80200430:	95b70713          	addi	a4,a4,-1701 # 464e495b <app_entry-0x39d1b6a5>
80200434:	00e7a023          	sw	a4,0(a5)
80200438:	00206737          	lui	a4,0x206
8020043c:	d4f70713          	addi	a4,a4,-689 # 205d4f <app_entry-0x7fffa2b1>
80200440:	00e7a223          	sw	a4,4(a5)
80200444:	02040793          	addi	a5,s0,32
80200448:	dcf42c23          	sw	a5,-552(s0)
8020044c:	dd842783          	lw	a5,-552(s0)
80200450:	fe478793          	addi	a5,a5,-28
80200454:	def42623          	sw	a5,-532(s0)
80200458:	df040793          	addi	a5,s0,-528
8020045c:	00778793          	addi	a5,a5,7
80200460:	dec42703          	lw	a4,-532(s0)
80200464:	00070613          	mv	a2,a4
80200468:	ddc42583          	lw	a1,-548(s0)
8020046c:	00078513          	mv	a0,a5
80200470:	e3dff0ef          	jal	802002ac <format_to_str>
80200474:	df040793          	addi	a5,s0,-528
80200478:	00078513          	mv	a0,a5
8020047c:	359000ef          	jal	80200fd4 <strlen>
80200480:	00050793          	mv	a5,a0
80200484:	00078713          	mv	a4,a5
80200488:	df040793          	addi	a5,s0,-528
8020048c:	00e787b3          	add	a5,a5,a4
80200490:	00a00713          	li	a4,10
80200494:	00e78023          	sb	a4,0(a5)
80200498:	00d00713          	li	a4,13
8020049c:	00e780a3          	sb	a4,1(a5)
802004a0:	00078123          	sb	zero,2(a5)
802004a4:	df040793          	addi	a5,s0,-528
802004a8:	00078513          	mv	a0,a5
802004ac:	329000ef          	jal	80200fd4 <strlen>
802004b0:	00050713          	mv	a4,a0
802004b4:	df040793          	addi	a5,s0,-528
802004b8:	00070593          	mv	a1,a4
802004bc:	00078513          	mv	a0,a5
802004c0:	214000ef          	jal	802006d4 <term_write>
802004c4:	00000013          	nop
802004c8:	00078513          	mv	a0,a5
802004cc:	22c12083          	lw	ra,556(sp)
802004d0:	22812403          	lw	s0,552(sp)
802004d4:	25010113          	addi	sp,sp,592
802004d8:	00008067          	ret

802004dc <exit>:
exit():
802004dc:	dd010113          	addi	sp,sp,-560
802004e0:	22112623          	sw	ra,556(sp)
802004e4:	22812423          	sw	s0,552(sp)
802004e8:	23010413          	addi	s0,sp,560
802004ec:	dca42e23          	sw	a0,-548(s0)
802004f0:	00100793          	li	a5,1
802004f4:	def42423          	sw	a5,-536(s0)
802004f8:	de840793          	addi	a5,s0,-536
802004fc:	20800613          	li	a2,520
80200500:	00078593          	mv	a1,a5
80200504:	00100513          	li	a0,1
80200508:	234000ef          	jal	8020073c <sys_send>
8020050c:	0000006f          	j	8020050c <exit+0x30>

80200510 <dir_lookup>:
dir_lookup():
80200510:	dd010113          	addi	sp,sp,-560
80200514:	22112623          	sw	ra,556(sp)
80200518:	22812423          	sw	s0,552(sp)
8020051c:	23010413          	addi	s0,sp,560
80200520:	dca42e23          	sw	a0,-548(s0)
80200524:	dcb42c23          	sw	a1,-552(s0)
80200528:	de840793          	addi	a5,s0,-536
8020052c:	00078613          	mv	a2,a5
80200530:	00000593          	li	a1,0
80200534:	ddc42503          	lw	a0,-548(s0)
80200538:	0e8000ef          	jal	80200620 <file_read>
8020053c:	fe042623          	sw	zero,-20(s0)
80200540:	dd842503          	lw	a0,-552(s0)
80200544:	291000ef          	jal	80200fd4 <strlen>
80200548:	fea42423          	sw	a0,-24(s0)
8020054c:	09c0006f          	j	802005e8 <dir_lookup+0xd8>
80200550:	de840713          	addi	a4,s0,-536
80200554:	fec42783          	lw	a5,-20(s0)
80200558:	00f707b3          	add	a5,a4,a5
8020055c:	fe842603          	lw	a2,-24(s0)
80200560:	00078593          	mv	a1,a5
80200564:	dd842503          	lw	a0,-552(s0)
80200568:	095000ef          	jal	80200dfc <strncmp>
8020056c:	00050793          	mv	a5,a0
80200570:	06079663          	bnez	a5,802005dc <dir_lookup+0xcc>
80200574:	fec42703          	lw	a4,-20(s0)
80200578:	fe842783          	lw	a5,-24(s0)
8020057c:	00f707b3          	add	a5,a4,a5
80200580:	ff078793          	addi	a5,a5,-16
80200584:	008787b3          	add	a5,a5,s0
80200588:	df87c703          	lbu	a4,-520(a5)
8020058c:	02000793          	li	a5,32
80200590:	04f71663          	bne	a4,a5,802005dc <dir_lookup+0xcc>
80200594:	fec42783          	lw	a5,-20(s0)
80200598:	02078063          	beqz	a5,802005b8 <dir_lookup+0xa8>
8020059c:	fec42783          	lw	a5,-20(s0)
802005a0:	fff78793          	addi	a5,a5,-1
802005a4:	ff078793          	addi	a5,a5,-16
802005a8:	008787b3          	add	a5,a5,s0
802005ac:	df87c703          	lbu	a4,-520(a5)
802005b0:	02000793          	li	a5,32
802005b4:	02f71463          	bne	a4,a5,802005dc <dir_lookup+0xcc>
802005b8:	fec42703          	lw	a4,-20(s0)
802005bc:	fe842783          	lw	a5,-24(s0)
802005c0:	00f707b3          	add	a5,a4,a5
802005c4:	de840713          	addi	a4,s0,-536
802005c8:	00f707b3          	add	a5,a4,a5
802005cc:	00078513          	mv	a0,a5
802005d0:	26c000ef          	jal	8020083c <atoi>
802005d4:	00050793          	mv	a5,a0
802005d8:	0340006f          	j	8020060c <dir_lookup+0xfc>
802005dc:	fec42783          	lw	a5,-20(s0)
802005e0:	00178793          	addi	a5,a5,1
802005e4:	fef42623          	sw	a5,-20(s0)
802005e8:	de840793          	addi	a5,s0,-536
802005ec:	00078513          	mv	a0,a5
802005f0:	1e5000ef          	jal	80200fd4 <strlen>
802005f4:	00050713          	mv	a4,a0
802005f8:	fe842783          	lw	a5,-24(s0)
802005fc:	40f707b3          	sub	a5,a4,a5
80200600:	fec42703          	lw	a4,-20(s0)
80200604:	f4f766e3          	bltu	a4,a5,80200550 <dir_lookup+0x40>
80200608:	fff00793          	li	a5,-1
8020060c:	00078513          	mv	a0,a5
80200610:	22c12083          	lw	ra,556(sp)
80200614:	22812403          	lw	s0,552(sp)
80200618:	23010113          	addi	sp,sp,560
8020061c:	00008067          	ret

80200620 <file_read>:
file_read():
80200620:	dd010113          	addi	sp,sp,-560
80200624:	22112623          	sw	ra,556(sp)
80200628:	22812423          	sw	s0,552(sp)
8020062c:	23010413          	addi	s0,sp,560
80200630:	dca42e23          	sw	a0,-548(s0)
80200634:	dcb42c23          	sw	a1,-552(s0)
80200638:	dcc42a23          	sw	a2,-556(s0)
8020063c:	00100793          	li	a5,1
80200640:	def42023          	sw	a5,-544(s0)
80200644:	ddc42783          	lw	a5,-548(s0)
80200648:	def42223          	sw	a5,-540(s0)
8020064c:	dd842783          	lw	a5,-552(s0)
80200650:	def42423          	sw	a5,-536(s0)
80200654:	de040793          	addi	a5,s0,-544
80200658:	20c00613          	li	a2,524
8020065c:	00078593          	mv	a1,a5
80200660:	00300513          	li	a0,3
80200664:	0d8000ef          	jal	8020073c <sys_send>
80200668:	40000693          	li	a3,1024
8020066c:	802087b7          	lui	a5,0x80208
80200670:	29c78613          	addi	a2,a5,668 # 8020829c <buf>
80200674:	802087b7          	lui	a5,0x80208
80200678:	29878593          	addi	a1,a5,664 # 80208298 <sender>
8020067c:	00300513          	li	a0,3
80200680:	12c000ef          	jal	802007ac <sys_recv>
80200684:	802087b7          	lui	a5,0x80208
80200688:	29c78793          	addi	a5,a5,668 # 8020829c <buf>
8020068c:	fef42623          	sw	a5,-20(s0)
80200690:	fec42783          	lw	a5,-20(s0)
80200694:	00478793          	addi	a5,a5,4
80200698:	20000613          	li	a2,512
8020069c:	00078593          	mv	a1,a5
802006a0:	dd442503          	lw	a0,-556(s0)
802006a4:	009000ef          	jal	80200eac <memcpy>
802006a8:	fec42783          	lw	a5,-20(s0)
802006ac:	0007a783          	lw	a5,0(a5)
802006b0:	00079663          	bnez	a5,802006bc <file_read+0x9c>
802006b4:	00000793          	li	a5,0
802006b8:	0080006f          	j	802006c0 <file_read+0xa0>
802006bc:	fff00793          	li	a5,-1
802006c0:	00078513          	mv	a0,a5
802006c4:	22c12083          	lw	ra,556(sp)
802006c8:	22812403          	lw	s0,552(sp)
802006cc:	23010113          	addi	sp,sp,560
802006d0:	00008067          	ret

802006d4 <term_write>:
term_write():
802006d4:	dd010113          	addi	sp,sp,-560
802006d8:	22112623          	sw	ra,556(sp)
802006dc:	22812423          	sw	s0,552(sp)
802006e0:	23010413          	addi	s0,sp,560
802006e4:	dca42e23          	sw	a0,-548(s0)
802006e8:	dcb42c23          	sw	a1,-552(s0)
802006ec:	00100793          	li	a5,1
802006f0:	def42423          	sw	a5,-536(s0)
802006f4:	dd842783          	lw	a5,-552(s0)
802006f8:	def42623          	sw	a5,-532(s0)
802006fc:	de840793          	addi	a5,s0,-536
80200700:	00878793          	addi	a5,a5,8
80200704:	dd842603          	lw	a2,-552(s0)
80200708:	ddc42583          	lw	a1,-548(s0)
8020070c:	00078513          	mv	a0,a5
80200710:	79c000ef          	jal	80200eac <memcpy>
80200714:	de840793          	addi	a5,s0,-536
80200718:	20800613          	li	a2,520
8020071c:	00078593          	mv	a1,a5
80200720:	00200513          	li	a0,2
80200724:	018000ef          	jal	8020073c <sys_send>
80200728:	00000013          	nop
8020072c:	22c12083          	lw	ra,556(sp)
80200730:	22812403          	lw	s0,552(sp)
80200734:	23010113          	addi	sp,sp,560
80200738:	00008067          	ret

8020073c <sys_send>:
sys_send():
8020073c:	fe010113          	addi	sp,sp,-32
80200740:	00112e23          	sw	ra,28(sp)
80200744:	00812c23          	sw	s0,24(sp)
80200748:	02010413          	addi	s0,sp,32
8020074c:	fea42623          	sw	a0,-20(s0)
80200750:	feb42423          	sw	a1,-24(s0)
80200754:	fec42223          	sw	a2,-28(s0)
80200758:	802087b7          	lui	a5,0x80208
8020075c:	2907a783          	lw	a5,656(a5) # 80208290 <sc>
80200760:	00200713          	li	a4,2
80200764:	00e7a023          	sw	a4,0(a5)
80200768:	802087b7          	lui	a5,0x80208
8020076c:	2907a783          	lw	a5,656(a5) # 80208290 <sc>
80200770:	fec42703          	lw	a4,-20(s0)
80200774:	00e7a423          	sw	a4,8(a5)
80200778:	802087b7          	lui	a5,0x80208
8020077c:	2907a783          	lw	a5,656(a5) # 80208290 <sc>
80200780:	00c78793          	addi	a5,a5,12
80200784:	fe442603          	lw	a2,-28(s0)
80200788:	fe842583          	lw	a1,-24(s0)
8020078c:	00078513          	mv	a0,a5
80200790:	71c000ef          	jal	80200eac <memcpy>
80200794:	00000073          	ecall
80200798:	00000013          	nop
8020079c:	01c12083          	lw	ra,28(sp)
802007a0:	01812403          	lw	s0,24(sp)
802007a4:	02010113          	addi	sp,sp,32
802007a8:	00008067          	ret

802007ac <sys_recv>:
sys_recv():
802007ac:	fe010113          	addi	sp,sp,-32
802007b0:	00112e23          	sw	ra,28(sp)
802007b4:	00812c23          	sw	s0,24(sp)
802007b8:	02010413          	addi	s0,sp,32
802007bc:	fea42623          	sw	a0,-20(s0)
802007c0:	feb42423          	sw	a1,-24(s0)
802007c4:	fec42223          	sw	a2,-28(s0)
802007c8:	fed42023          	sw	a3,-32(s0)
802007cc:	802087b7          	lui	a5,0x80208
802007d0:	2907a783          	lw	a5,656(a5) # 80208290 <sc>
802007d4:	00100713          	li	a4,1
802007d8:	00e7a023          	sw	a4,0(a5)
802007dc:	802087b7          	lui	a5,0x80208
802007e0:	2907a783          	lw	a5,656(a5) # 80208290 <sc>
802007e4:	fec42703          	lw	a4,-20(s0)
802007e8:	00e7a223          	sw	a4,4(a5)
802007ec:	00000073          	ecall
802007f0:	802087b7          	lui	a5,0x80208
802007f4:	2907a783          	lw	a5,656(a5) # 80208290 <sc>
802007f8:	00c78793          	addi	a5,a5,12
802007fc:	fe042603          	lw	a2,-32(s0)
80200800:	00078593          	mv	a1,a5
80200804:	fe442503          	lw	a0,-28(s0)
80200808:	6a4000ef          	jal	80200eac <memcpy>
8020080c:	fe842783          	lw	a5,-24(s0)
80200810:	00078c63          	beqz	a5,80200828 <sys_recv+0x7c>
80200814:	802087b7          	lui	a5,0x80208
80200818:	2907a783          	lw	a5,656(a5) # 80208290 <sc>
8020081c:	0047a703          	lw	a4,4(a5)
80200820:	fe842783          	lw	a5,-24(s0)
80200824:	00e7a023          	sw	a4,0(a5)
80200828:	00000013          	nop
8020082c:	01c12083          	lw	ra,28(sp)
80200830:	01812403          	lw	s0,24(sp)
80200834:	02010113          	addi	sp,sp,32
80200838:	00008067          	ret

8020083c <atoi>:
atoi():
8020083c:	00a00613          	li	a2,10
80200840:	00000593          	li	a1,0
80200844:	2f80006f          	j	80200b3c <strtol>

80200848 <itoa>:
itoa():
80200848:	ff010113          	addi	sp,sp,-16
8020084c:	00812423          	sw	s0,8(sp)
80200850:	00112623          	sw	ra,12(sp)
80200854:	ffe60713          	addi	a4,a2,-2
80200858:	02200793          	li	a5,34
8020085c:	00058413          	mv	s0,a1
80200860:	04e7e063          	bltu	a5,a4,802008a0 <itoa+0x58>
80200864:	00a00793          	li	a5,10
80200868:	02f60063          	beq	a2,a5,80200888 <itoa+0x40>
8020086c:	00040593          	mv	a1,s0
80200870:	2ec000ef          	jal	80200b5c <__utoa>
80200874:	00c12083          	lw	ra,12(sp)
80200878:	00040513          	mv	a0,s0
8020087c:	00812403          	lw	s0,8(sp)
80200880:	01010113          	addi	sp,sp,16
80200884:	00008067          	ret
80200888:	fe0552e3          	bgez	a0,8020086c <itoa+0x24>
8020088c:	02d00793          	li	a5,45
80200890:	00f58023          	sb	a5,0(a1)
80200894:	40a00533          	neg	a0,a0
80200898:	00158593          	addi	a1,a1,1
8020089c:	fd5ff06f          	j	80200870 <itoa+0x28>
802008a0:	00058023          	sb	zero,0(a1)
802008a4:	00c12083          	lw	ra,12(sp)
802008a8:	00812403          	lw	s0,8(sp)
802008ac:	00000513          	li	a0,0
802008b0:	01010113          	addi	sp,sp,16
802008b4:	00008067          	ret

802008b8 <_strtol_l.isra.0>:
_strtol_l.isra.0():
802008b8:	fb010113          	addi	sp,sp,-80
802008bc:	04112623          	sw	ra,76(sp)
802008c0:	02400793          	li	a5,36
802008c4:	00a12423          	sw	a0,8(sp)
802008c8:	18d7ec63          	bltu	a5,a3,80200a60 <_strtol_l.isra.0+0x1a8>
802008cc:	04812423          	sw	s0,72(sp)
802008d0:	05212023          	sw	s2,64(sp)
802008d4:	03312e23          	sw	s3,60(sp)
802008d8:	03412c23          	sw	s4,56(sp)
802008dc:	03912223          	sw	s9,36(sp)
802008e0:	00100793          	li	a5,1
802008e4:	00068c93          	mv	s9,a3
802008e8:	00058913          	mv	s2,a1
802008ec:	00060a13          	mv	s4,a2
802008f0:	00068993          	mv	s3,a3
802008f4:	00058413          	mv	s0,a1
802008f8:	00007717          	auipc	a4,0x7
802008fc:	77570713          	addi	a4,a4,1909 # 8020806d <_ctype_+0x1>
80200900:	14f68663          	beq	a3,a5,80200a4c <_strtol_l.isra.0+0x194>
80200904:	04912223          	sw	s1,68(sp)
80200908:	03512a23          	sw	s5,52(sp)
8020090c:	03612823          	sw	s6,48(sp)
80200910:	03712623          	sw	s7,44(sp)
80200914:	03812423          	sw	s8,40(sp)
80200918:	03a12023          	sw	s10,32(sp)
8020091c:	01b12e23          	sw	s11,28(sp)
80200920:	00040693          	mv	a3,s0
80200924:	00044483          	lbu	s1,0(s0)
80200928:	00140413          	addi	s0,s0,1
8020092c:	009707b3          	add	a5,a4,s1
80200930:	0007c783          	lbu	a5,0(a5)
80200934:	0087f793          	andi	a5,a5,8
80200938:	fe0794e3          	bnez	a5,80200920 <_strtol_l.isra.0+0x68>
8020093c:	02d00793          	li	a5,45
80200940:	1af48063          	beq	s1,a5,80200ae0 <_strtol_l.isra.0+0x228>
80200944:	02b00793          	li	a5,43
80200948:	80000b37          	lui	s6,0x80000
8020094c:	12f48863          	beq	s1,a5,80200a7c <_strtol_l.isra.0+0x1c4>
80200950:	fffb0b13          	addi	s6,s6,-1 # 7fffffff <app_entry-0x200001>
80200954:	00012623          	sw	zero,12(sp)
80200958:	120c9c63          	bnez	s9,80200a90 <_strtol_l.isra.0+0x1d8>
8020095c:	00a00993          	li	s3,10
80200960:	03000793          	li	a5,48
80200964:	00098c93          	mv	s9,s3
80200968:	1af48863          	beq	s1,a5,80200b18 <_strtol_l.isra.0+0x260>
8020096c:	00098593          	mv	a1,s3
80200970:	000b0513          	mv	a0,s6
80200974:	181000ef          	jal	802012f4 <__umodsi3>
80200978:	00050b93          	mv	s7,a0
8020097c:	00098593          	mv	a1,s3
80200980:	000b0513          	mv	a0,s6
80200984:	129000ef          	jal	802012ac <__hidden___udivsi3>
80200988:	00900d93          	li	s11,9
8020098c:	fd048793          	addi	a5,s1,-48
80200990:	00050d13          	mv	s10,a0
80200994:	00000713          	li	a4,0
80200998:	00000513          	li	a0,0
8020099c:	01900a93          	li	s5,25
802009a0:	fff00c13          	li	s8,-1
802009a4:	02fdee63          	bltu	s11,a5,802009e0 <_strtol_l.isra.0+0x128>
802009a8:	00078493          	mv	s1,a5
802009ac:	0594d263          	bge	s1,s9,802009f0 <_strtol_l.isra.0+0x138>
802009b0:	03870063          	beq	a4,s8,802009d0 <_strtol_l.isra.0+0x118>
802009b4:	fff00713          	li	a4,-1
802009b8:	00ad6c63          	bltu	s10,a0,802009d0 <_strtol_l.isra.0+0x118>
802009bc:	10ad0e63          	beq	s10,a0,80200ad8 <_strtol_l.isra.0+0x220>
802009c0:	00098593          	mv	a1,s3
802009c4:	0bd000ef          	jal	80201280 <__mulsi3>
802009c8:	00a48533          	add	a0,s1,a0
802009cc:	00100713          	li	a4,1
802009d0:	00044483          	lbu	s1,0(s0)
802009d4:	00140413          	addi	s0,s0,1
802009d8:	fd048793          	addi	a5,s1,-48
802009dc:	fcfdf6e3          	bgeu	s11,a5,802009a8 <_strtol_l.isra.0+0xf0>
802009e0:	fbf48793          	addi	a5,s1,-65
802009e4:	0efae263          	bltu	s5,a5,80200ac8 <_strtol_l.isra.0+0x210>
802009e8:	fc948493          	addi	s1,s1,-55
802009ec:	fd94c2e3          	blt	s1,s9,802009b0 <_strtol_l.isra.0+0xf8>
802009f0:	fff00793          	li	a5,-1
802009f4:	10f70263          	beq	a4,a5,80200af8 <_strtol_l.isra.0+0x240>
802009f8:	00c12783          	lw	a5,12(sp)
802009fc:	00078463          	beqz	a5,80200a04 <_strtol_l.isra.0+0x14c>
80200a00:	40a00533          	neg	a0,a0
80200a04:	000a0663          	beqz	s4,80200a10 <_strtol_l.isra.0+0x158>
80200a08:	12071663          	bnez	a4,80200b34 <_strtol_l.isra.0+0x27c>
80200a0c:	012a2023          	sw	s2,0(s4)
80200a10:	04812403          	lw	s0,72(sp)
80200a14:	04c12083          	lw	ra,76(sp)
80200a18:	04412483          	lw	s1,68(sp)
80200a1c:	04012903          	lw	s2,64(sp)
80200a20:	03c12983          	lw	s3,60(sp)
80200a24:	03812a03          	lw	s4,56(sp)
80200a28:	03412a83          	lw	s5,52(sp)
80200a2c:	03012b03          	lw	s6,48(sp)
80200a30:	02c12b83          	lw	s7,44(sp)
80200a34:	02812c03          	lw	s8,40(sp)
80200a38:	02412c83          	lw	s9,36(sp)
80200a3c:	02012d03          	lw	s10,32(sp)
80200a40:	01c12d83          	lw	s11,28(sp)
80200a44:	05010113          	addi	sp,sp,80
80200a48:	00008067          	ret
80200a4c:	04812403          	lw	s0,72(sp)
80200a50:	04012903          	lw	s2,64(sp)
80200a54:	03c12983          	lw	s3,60(sp)
80200a58:	03812a03          	lw	s4,56(sp)
80200a5c:	02412c83          	lw	s9,36(sp)
80200a60:	440000ef          	jal	80200ea0 <__errno>
80200a64:	04c12083          	lw	ra,76(sp)
80200a68:	01600793          	li	a5,22
80200a6c:	00f52023          	sw	a5,0(a0)
80200a70:	00000513          	li	a0,0
80200a74:	05010113          	addi	sp,sp,80
80200a78:	00008067          	ret
80200a7c:	00012623          	sw	zero,12(sp)
80200a80:	00044483          	lbu	s1,0(s0)
80200a84:	fffb0b13          	addi	s6,s6,-1
80200a88:	00268413          	addi	s0,a3,2
80200a8c:	ec0c88e3          	beqz	s9,8020095c <_strtol_l.isra.0+0xa4>
80200a90:	01000793          	li	a5,16
80200a94:	ecfc9ce3          	bne	s9,a5,8020096c <_strtol_l.isra.0+0xb4>
80200a98:	03000793          	li	a5,48
80200a9c:	000c8993          	mv	s3,s9
80200aa0:	ecf496e3          	bne	s1,a5,8020096c <_strtol_l.isra.0+0xb4>
80200aa4:	00044783          	lbu	a5,0(s0)
80200aa8:	05800713          	li	a4,88
80200aac:	0df7f793          	andi	a5,a5,223
80200ab0:	eae79ee3          	bne	a5,a4,8020096c <_strtol_l.isra.0+0xb4>
80200ab4:	01000993          	li	s3,16
80200ab8:	00144483          	lbu	s1,1(s0)
80200abc:	00098c93          	mv	s9,s3
80200ac0:	00240413          	addi	s0,s0,2
80200ac4:	ea9ff06f          	j	8020096c <_strtol_l.isra.0+0xb4>
80200ac8:	f9f48793          	addi	a5,s1,-97
80200acc:	f2fae2e3          	bltu	s5,a5,802009f0 <_strtol_l.isra.0+0x138>
80200ad0:	fa948493          	addi	s1,s1,-87
80200ad4:	ed9ff06f          	j	802009ac <_strtol_l.isra.0+0xf4>
80200ad8:	ee9bcce3          	blt	s7,s1,802009d0 <_strtol_l.isra.0+0x118>
80200adc:	ee5ff06f          	j	802009c0 <_strtol_l.isra.0+0x108>
80200ae0:	00100793          	li	a5,1
80200ae4:	00044483          	lbu	s1,0(s0)
80200ae8:	80000b37          	lui	s6,0x80000
80200aec:	00268413          	addi	s0,a3,2
80200af0:	00f12623          	sw	a5,12(sp)
80200af4:	e65ff06f          	j	80200958 <_strtol_l.isra.0+0xa0>
80200af8:	00812703          	lw	a4,8(sp)
80200afc:	02200793          	li	a5,34
80200b00:	000b0513          	mv	a0,s6
80200b04:	00f72023          	sw	a5,0(a4)
80200b08:	f00a04e3          	beqz	s4,80200a10 <_strtol_l.isra.0+0x158>
80200b0c:	fff40913          	addi	s2,s0,-1
80200b10:	000b0513          	mv	a0,s6
80200b14:	ef9ff06f          	j	80200a0c <_strtol_l.isra.0+0x154>
80200b18:	00044783          	lbu	a5,0(s0)
80200b1c:	05800713          	li	a4,88
80200b20:	0df7f793          	andi	a5,a5,223
80200b24:	f8e788e3          	beq	a5,a4,80200ab4 <_strtol_l.isra.0+0x1fc>
80200b28:	00800993          	li	s3,8
80200b2c:	00098c93          	mv	s9,s3
80200b30:	e3dff06f          	j	8020096c <_strtol_l.isra.0+0xb4>
80200b34:	00050b13          	mv	s6,a0
80200b38:	fd5ff06f          	j	80200b0c <_strtol_l.isra.0+0x254>

80200b3c <strtol>:
strtol():
80200b3c:	00050713          	mv	a4,a0
80200b40:	00007517          	auipc	a0,0x7
80200b44:	75452503          	lw	a0,1876(a0) # 80208294 <_impure_ptr>
80200b48:	00058793          	mv	a5,a1
80200b4c:	00060693          	mv	a3,a2
80200b50:	00070593          	mv	a1,a4
80200b54:	00078613          	mv	a2,a5
80200b58:	d61ff06f          	j	802008b8 <_strtol_l.isra.0>

80200b5c <__utoa>:
__utoa():
80200b5c:	00007797          	auipc	a5,0x7
80200b60:	4e878793          	addi	a5,a5,1256 # 80208044 <__modsi3+0x6d1c>
80200b64:	0007a283          	lw	t0,0(a5)
80200b68:	0047af83          	lw	t6,4(a5)
80200b6c:	0087af03          	lw	t5,8(a5)
80200b70:	00c7ae83          	lw	t4,12(a5)
80200b74:	0107ae03          	lw	t3,16(a5)
80200b78:	0147a303          	lw	t1,20(a5)
80200b7c:	0187a883          	lw	a7,24(a5)
80200b80:	01c7a803          	lw	a6,28(a5)
80200b84:	0207a683          	lw	a3,32(a5)
80200b88:	00007797          	auipc	a5,0x7
80200b8c:	4e07c783          	lbu	a5,1248(a5) # 80208068 <__modsi3+0x6d40>
80200b90:	fb010113          	addi	sp,sp,-80
80200b94:	03512a23          	sw	s5,52(sp)
80200b98:	02f10623          	sb	a5,44(sp)
80200b9c:	04112623          	sw	ra,76(sp)
80200ba0:	ffe60713          	addi	a4,a2,-2
80200ba4:	00512423          	sw	t0,8(sp)
80200ba8:	01f12623          	sw	t6,12(sp)
80200bac:	01e12823          	sw	t5,16(sp)
80200bb0:	01d12a23          	sw	t4,20(sp)
80200bb4:	01c12c23          	sw	t3,24(sp)
80200bb8:	00612e23          	sw	t1,28(sp)
80200bbc:	03112023          	sw	a7,32(sp)
80200bc0:	03012223          	sw	a6,36(sp)
80200bc4:	02d12423          	sw	a3,40(sp)
80200bc8:	02200793          	li	a5,34
80200bcc:	00058a93          	mv	s5,a1
80200bd0:	0ce7e463          	bltu	a5,a4,80200c98 <__utoa+0x13c>
80200bd4:	04812423          	sw	s0,72(sp)
80200bd8:	04912223          	sw	s1,68(sp)
80200bdc:	05212023          	sw	s2,64(sp)
80200be0:	03312e23          	sw	s3,60(sp)
80200be4:	03412c23          	sw	s4,56(sp)
80200be8:	03612823          	sw	s6,48(sp)
80200bec:	00060493          	mv	s1,a2
80200bf0:	00050413          	mv	s0,a0
80200bf4:	00000913          	li	s2,0
80200bf8:	00048593          	mv	a1,s1
80200bfc:	00040513          	mv	a0,s0
80200c00:	6f4000ef          	jal	802012f4 <__umodsi3>
80200c04:	00250533          	add	a0,a0,sp
80200c08:	00854783          	lbu	a5,8(a0)
80200c0c:	00090993          	mv	s3,s2
80200c10:	00190913          	addi	s2,s2,1
80200c14:	012a8a33          	add	s4,s5,s2
80200c18:	00040513          	mv	a0,s0
80200c1c:	00048593          	mv	a1,s1
80200c20:	fefa0fa3          	sb	a5,-1(s4)
80200c24:	00040b13          	mv	s6,s0
80200c28:	684000ef          	jal	802012ac <__hidden___udivsi3>
80200c2c:	00050413          	mv	s0,a0
80200c30:	fc9b74e3          	bgeu	s6,s1,80200bf8 <__utoa+0x9c>
80200c34:	000a0023          	sb	zero,0(s4)
80200c38:	02098a63          	beqz	s3,80200c6c <__utoa+0x110>
80200c3c:	000a8693          	mv	a3,s5
80200c40:	013a8733          	add	a4,s5,s3
80200c44:	00000793          	li	a5,0
80200c48:	00074583          	lbu	a1,0(a4)
80200c4c:	0006c603          	lbu	a2,0(a3)
80200c50:	00178793          	addi	a5,a5,1
80200c54:	00b68023          	sb	a1,0(a3)
80200c58:	00c70023          	sb	a2,0(a4)
80200c5c:	40f98633          	sub	a2,s3,a5
80200c60:	00168693          	addi	a3,a3,1
80200c64:	fff70713          	addi	a4,a4,-1
80200c68:	fec7c0e3          	blt	a5,a2,80200c48 <__utoa+0xec>
80200c6c:	04812403          	lw	s0,72(sp)
80200c70:	04c12083          	lw	ra,76(sp)
80200c74:	04412483          	lw	s1,68(sp)
80200c78:	04012903          	lw	s2,64(sp)
80200c7c:	03c12983          	lw	s3,60(sp)
80200c80:	03812a03          	lw	s4,56(sp)
80200c84:	03012b03          	lw	s6,48(sp)
80200c88:	000a8513          	mv	a0,s5
80200c8c:	03412a83          	lw	s5,52(sp)
80200c90:	05010113          	addi	sp,sp,80
80200c94:	00008067          	ret
80200c98:	00058023          	sb	zero,0(a1)
80200c9c:	04c12083          	lw	ra,76(sp)
80200ca0:	03412a83          	lw	s5,52(sp)
80200ca4:	00000513          	li	a0,0
80200ca8:	05010113          	addi	sp,sp,80
80200cac:	00008067          	ret

80200cb0 <strcat>:
strcat():
80200cb0:	ff010113          	addi	sp,sp,-16
80200cb4:	00812423          	sw	s0,8(sp)
80200cb8:	00112623          	sw	ra,12(sp)
80200cbc:	00357793          	andi	a5,a0,3
80200cc0:	00050413          	mv	s0,a0
80200cc4:	06079663          	bnez	a5,80200d30 <strcat+0x80>
80200cc8:	00052703          	lw	a4,0(a0)
80200ccc:	feff0637          	lui	a2,0xfeff0
80200cd0:	eff60613          	addi	a2,a2,-257 # fefefeff <__heap_end+0x7ecefeff>
80200cd4:	00c707b3          	add	a5,a4,a2
80200cd8:	808086b7          	lui	a3,0x80808
80200cdc:	fff74713          	not	a4,a4
80200ce0:	00e7f7b3          	and	a5,a5,a4
80200ce4:	08068693          	addi	a3,a3,128 # 80808080 <__heap_end+0x508080>
80200ce8:	00d7f7b3          	and	a5,a5,a3
80200cec:	04079263          	bnez	a5,80200d30 <strcat+0x80>
80200cf0:	00452703          	lw	a4,4(a0)
80200cf4:	00450513          	addi	a0,a0,4
80200cf8:	00c707b3          	add	a5,a4,a2
80200cfc:	fff74713          	not	a4,a4
80200d00:	00e7f7b3          	and	a5,a5,a4
80200d04:	00d7f7b3          	and	a5,a5,a3
80200d08:	02079463          	bnez	a5,80200d30 <strcat+0x80>
80200d0c:	00452703          	lw	a4,4(a0)
80200d10:	00450513          	addi	a0,a0,4
80200d14:	00c707b3          	add	a5,a4,a2
80200d18:	fff74713          	not	a4,a4
80200d1c:	00e7f7b3          	and	a5,a5,a4
80200d20:	00d7f7b3          	and	a5,a5,a3
80200d24:	fc0786e3          	beqz	a5,80200cf0 <strcat+0x40>
80200d28:	0080006f          	j	80200d30 <strcat+0x80>
80200d2c:	00150513          	addi	a0,a0,1
80200d30:	00054783          	lbu	a5,0(a0)
80200d34:	fe079ce3          	bnez	a5,80200d2c <strcat+0x7c>
80200d38:	328000ef          	jal	80201060 <strcpy>
80200d3c:	00c12083          	lw	ra,12(sp)
80200d40:	00040513          	mv	a0,s0
80200d44:	00812403          	lw	s0,8(sp)
80200d48:	01010113          	addi	sp,sp,16
80200d4c:	00008067          	ret

80200d50 <strncat>:
strncat():
80200d50:	00357713          	andi	a4,a0,3
80200d54:	00050793          	mv	a5,a0
80200d58:	06071663          	bnez	a4,80200dc4 <strncat+0x74>
80200d5c:	00052683          	lw	a3,0(a0)
80200d60:	feff08b7          	lui	a7,0xfeff0
80200d64:	eff88893          	addi	a7,a7,-257 # fefefeff <__heap_end+0x7ecefeff>
80200d68:	01168733          	add	a4,a3,a7
80200d6c:	80808837          	lui	a6,0x80808
80200d70:	fff6c693          	not	a3,a3
80200d74:	00d77733          	and	a4,a4,a3
80200d78:	08080813          	addi	a6,a6,128 # 80808080 <__heap_end+0x508080>
80200d7c:	01077733          	and	a4,a4,a6
80200d80:	04071263          	bnez	a4,80200dc4 <strncat+0x74>
80200d84:	0047a683          	lw	a3,4(a5)
80200d88:	00478793          	addi	a5,a5,4
80200d8c:	01168733          	add	a4,a3,a7
80200d90:	fff6c693          	not	a3,a3
80200d94:	00d77733          	and	a4,a4,a3
80200d98:	01077733          	and	a4,a4,a6
80200d9c:	02071463          	bnez	a4,80200dc4 <strncat+0x74>
80200da0:	0047a683          	lw	a3,4(a5)
80200da4:	00478793          	addi	a5,a5,4
80200da8:	01168733          	add	a4,a3,a7
80200dac:	fff6c693          	not	a3,a3
80200db0:	00d77733          	and	a4,a4,a3
80200db4:	01077733          	and	a4,a4,a6
80200db8:	fc0706e3          	beqz	a4,80200d84 <strncat+0x34>
80200dbc:	0080006f          	j	80200dc4 <strncat+0x74>
80200dc0:	00178793          	addi	a5,a5,1
80200dc4:	0007c703          	lbu	a4,0(a5)
80200dc8:	fe071ce3          	bnez	a4,80200dc0 <strncat+0x70>
80200dcc:	00c786b3          	add	a3,a5,a2
80200dd0:	02060463          	beqz	a2,80200df8 <strncat+0xa8>
80200dd4:	0005c703          	lbu	a4,0(a1)
80200dd8:	00178793          	addi	a5,a5,1
80200ddc:	00158593          	addi	a1,a1,1
80200de0:	fee78fa3          	sb	a4,-1(a5)
80200de4:	00070863          	beqz	a4,80200df4 <strncat+0xa4>
80200de8:	fef696e3          	bne	a3,a5,80200dd4 <strncat+0x84>
80200dec:	00068023          	sb	zero,0(a3)
80200df0:	00008067          	ret
80200df4:	00008067          	ret
80200df8:	00008067          	ret

80200dfc <strncmp>:
strncmp():
80200dfc:	08060a63          	beqz	a2,80200e90 <strncmp+0x94>
80200e00:	00b567b3          	or	a5,a0,a1
80200e04:	0037f793          	andi	a5,a5,3
80200e08:	04079a63          	bnez	a5,80200e5c <strncmp+0x60>
80200e0c:	feff0e37          	lui	t3,0xfeff0
80200e10:	80808337          	lui	t1,0x80808
80200e14:	00300893          	li	a7,3
80200e18:	effe0e13          	addi	t3,t3,-257 # fefefeff <__heap_end+0x7ecefeff>
80200e1c:	08030313          	addi	t1,t1,128 # 80808080 <__heap_end+0x508080>
80200e20:	02c8e063          	bltu	a7,a2,80200e40 <strncmp+0x44>
80200e24:	0380006f          	j	80200e5c <strncmp+0x60>
80200e28:	ffc60613          	addi	a2,a2,-4
80200e2c:	06060263          	beqz	a2,80200e90 <strncmp+0x94>
80200e30:	06079063          	bnez	a5,80200e90 <strncmp+0x94>
80200e34:	00450513          	addi	a0,a0,4
80200e38:	00458593          	addi	a1,a1,4
80200e3c:	02c8f063          	bgeu	a7,a2,80200e5c <strncmp+0x60>
80200e40:	00052703          	lw	a4,0(a0)
80200e44:	0005a683          	lw	a3,0(a1)
80200e48:	01c707b3          	add	a5,a4,t3
80200e4c:	fff74813          	not	a6,a4
80200e50:	0107f7b3          	and	a5,a5,a6
80200e54:	0067f7b3          	and	a5,a5,t1
80200e58:	fcd708e3          	beq	a4,a3,80200e28 <strncmp+0x2c>
80200e5c:	00054783          	lbu	a5,0(a0)
80200e60:	0005c703          	lbu	a4,0(a1)
80200e64:	fff60613          	addi	a2,a2,-1
80200e68:	00c50633          	add	a2,a0,a2
80200e6c:	00e78e63          	beq	a5,a4,80200e88 <strncmp+0x8c>
80200e70:	0280006f          	j	80200e98 <strncmp+0x9c>
80200e74:	00150513          	addi	a0,a0,1
80200e78:	00078c63          	beqz	a5,80200e90 <strncmp+0x94>
80200e7c:	00054783          	lbu	a5,0(a0)
80200e80:	0005c703          	lbu	a4,0(a1)
80200e84:	00e79a63          	bne	a5,a4,80200e98 <strncmp+0x9c>
80200e88:	00158593          	addi	a1,a1,1
80200e8c:	fea614e3          	bne	a2,a0,80200e74 <strncmp+0x78>
80200e90:	00000513          	li	a0,0
80200e94:	00008067          	ret
80200e98:	40e78533          	sub	a0,a5,a4
80200e9c:	00008067          	ret

80200ea0 <__errno>:
__errno():
80200ea0:	00007517          	auipc	a0,0x7
80200ea4:	3f452503          	lw	a0,1012(a0) # 80208294 <_impure_ptr>
80200ea8:	00008067          	ret

80200eac <memcpy>:
memcpy():
80200eac:	00a5c7b3          	xor	a5,a1,a0
80200eb0:	0037f793          	andi	a5,a5,3
80200eb4:	00c508b3          	add	a7,a0,a2
80200eb8:	06079663          	bnez	a5,80200f24 <memcpy+0x78>
80200ebc:	00300793          	li	a5,3
80200ec0:	06c7f263          	bgeu	a5,a2,80200f24 <memcpy+0x78>
80200ec4:	00357793          	andi	a5,a0,3
80200ec8:	00050713          	mv	a4,a0
80200ecc:	0c079a63          	bnez	a5,80200fa0 <memcpy+0xf4>
80200ed0:	ffc8f613          	andi	a2,a7,-4
80200ed4:	40e606b3          	sub	a3,a2,a4
80200ed8:	02000793          	li	a5,32
80200edc:	06d7c463          	blt	a5,a3,80200f44 <memcpy+0x98>
80200ee0:	00058693          	mv	a3,a1
80200ee4:	00070793          	mv	a5,a4
80200ee8:	02c77a63          	bgeu	a4,a2,80200f1c <memcpy+0x70>
80200eec:	0006a803          	lw	a6,0(a3)
80200ef0:	00478793          	addi	a5,a5,4
80200ef4:	00468693          	addi	a3,a3,4
80200ef8:	ff07ae23          	sw	a6,-4(a5)
80200efc:	fec7e8e3          	bltu	a5,a2,80200eec <memcpy+0x40>
80200f00:	fff60613          	addi	a2,a2,-1
80200f04:	40e60633          	sub	a2,a2,a4
80200f08:	ffc67613          	andi	a2,a2,-4
80200f0c:	00458593          	addi	a1,a1,4
80200f10:	00470713          	addi	a4,a4,4
80200f14:	00c585b3          	add	a1,a1,a2
80200f18:	00c70733          	add	a4,a4,a2
80200f1c:	01176863          	bltu	a4,a7,80200f2c <memcpy+0x80>
80200f20:	00008067          	ret
80200f24:	00050713          	mv	a4,a0
80200f28:	ff157ce3          	bgeu	a0,a7,80200f20 <memcpy+0x74>
80200f2c:	0005c783          	lbu	a5,0(a1)
80200f30:	00170713          	addi	a4,a4,1
80200f34:	00158593          	addi	a1,a1,1
80200f38:	fef70fa3          	sb	a5,-1(a4)
80200f3c:	fee898e3          	bne	a7,a4,80200f2c <memcpy+0x80>
80200f40:	00008067          	ret
80200f44:	0205a683          	lw	a3,32(a1)
80200f48:	0005a383          	lw	t2,0(a1)
80200f4c:	0045a283          	lw	t0,4(a1)
80200f50:	0085af83          	lw	t6,8(a1)
80200f54:	00c5af03          	lw	t5,12(a1)
80200f58:	0105ae83          	lw	t4,16(a1)
80200f5c:	0145ae03          	lw	t3,20(a1)
80200f60:	0185a303          	lw	t1,24(a1)
80200f64:	01c5a803          	lw	a6,28(a1)
80200f68:	02470713          	addi	a4,a4,36
80200f6c:	fed72e23          	sw	a3,-4(a4)
80200f70:	fc772e23          	sw	t2,-36(a4)
80200f74:	40e606b3          	sub	a3,a2,a4
80200f78:	fe572023          	sw	t0,-32(a4)
80200f7c:	fff72223          	sw	t6,-28(a4)
80200f80:	ffe72423          	sw	t5,-24(a4)
80200f84:	ffd72623          	sw	t4,-20(a4)
80200f88:	ffc72823          	sw	t3,-16(a4)
80200f8c:	fe672a23          	sw	t1,-12(a4)
80200f90:	ff072c23          	sw	a6,-8(a4)
80200f94:	02458593          	addi	a1,a1,36
80200f98:	fad7c6e3          	blt	a5,a3,80200f44 <memcpy+0x98>
80200f9c:	f45ff06f          	j	80200ee0 <memcpy+0x34>
80200fa0:	0005c683          	lbu	a3,0(a1)
80200fa4:	00170713          	addi	a4,a4,1
80200fa8:	00377793          	andi	a5,a4,3
80200fac:	fed70fa3          	sb	a3,-1(a4)
80200fb0:	00158593          	addi	a1,a1,1
80200fb4:	f0078ee3          	beqz	a5,80200ed0 <memcpy+0x24>
80200fb8:	0005c683          	lbu	a3,0(a1)
80200fbc:	00170713          	addi	a4,a4,1
80200fc0:	00377793          	andi	a5,a4,3
80200fc4:	fed70fa3          	sb	a3,-1(a4)
80200fc8:	00158593          	addi	a1,a1,1
80200fcc:	fc079ae3          	bnez	a5,80200fa0 <memcpy+0xf4>
80200fd0:	f01ff06f          	j	80200ed0 <memcpy+0x24>

80200fd4 <strlen>:
strlen():
80200fd4:	00357793          	andi	a5,a0,3
80200fd8:	00050713          	mv	a4,a0
80200fdc:	04079c63          	bnez	a5,80201034 <strlen+0x60>
80200fe0:	7f7f86b7          	lui	a3,0x7f7f8
80200fe4:	f7f68693          	addi	a3,a3,-129 # 7f7f7f7f <app_entry-0xa08081>
80200fe8:	fff00593          	li	a1,-1
80200fec:	00072603          	lw	a2,0(a4)
80200ff0:	00470713          	addi	a4,a4,4
80200ff4:	00d677b3          	and	a5,a2,a3
80200ff8:	00d787b3          	add	a5,a5,a3
80200ffc:	00c7e7b3          	or	a5,a5,a2
80201000:	00d7e7b3          	or	a5,a5,a3
80201004:	feb784e3          	beq	a5,a1,80200fec <strlen+0x18>
80201008:	ffc74683          	lbu	a3,-4(a4)
8020100c:	40a707b3          	sub	a5,a4,a0
80201010:	04068463          	beqz	a3,80201058 <strlen+0x84>
80201014:	ffd74683          	lbu	a3,-3(a4)
80201018:	02068c63          	beqz	a3,80201050 <strlen+0x7c>
8020101c:	ffe74503          	lbu	a0,-2(a4)
80201020:	00a03533          	snez	a0,a0
80201024:	00f50533          	add	a0,a0,a5
80201028:	ffe50513          	addi	a0,a0,-2
8020102c:	00008067          	ret
80201030:	fa0688e3          	beqz	a3,80200fe0 <strlen+0xc>
80201034:	00074783          	lbu	a5,0(a4)
80201038:	00170713          	addi	a4,a4,1
8020103c:	00377693          	andi	a3,a4,3
80201040:	fe0798e3          	bnez	a5,80201030 <strlen+0x5c>
80201044:	40a70733          	sub	a4,a4,a0
80201048:	fff70513          	addi	a0,a4,-1
8020104c:	00008067          	ret
80201050:	ffd78513          	addi	a0,a5,-3
80201054:	00008067          	ret
80201058:	ffc78513          	addi	a0,a5,-4
8020105c:	00008067          	ret

80201060 <strcpy>:
strcpy():
80201060:	00b567b3          	or	a5,a0,a1
80201064:	0037f793          	andi	a5,a5,3
80201068:	08079063          	bnez	a5,802010e8 <strcpy+0x88>
8020106c:	0005a703          	lw	a4,0(a1)
80201070:	7f7f86b7          	lui	a3,0x7f7f8
80201074:	f7f68693          	addi	a3,a3,-129 # 7f7f7f7f <app_entry-0xa08081>
80201078:	00d77833          	and	a6,a4,a3
8020107c:	00d80833          	add	a6,a6,a3
80201080:	00e86833          	or	a6,a6,a4
80201084:	00d86833          	or	a6,a6,a3
80201088:	fff00793          	li	a5,-1
8020108c:	00050613          	mv	a2,a0
80201090:	02f81463          	bne	a6,a5,802010b8 <strcpy+0x58>
80201094:	00458593          	addi	a1,a1,4
80201098:	00e62023          	sw	a4,0(a2)
8020109c:	0005a703          	lw	a4,0(a1)
802010a0:	00460613          	addi	a2,a2,4
802010a4:	00d777b3          	and	a5,a4,a3
802010a8:	00d787b3          	add	a5,a5,a3
802010ac:	00e7e7b3          	or	a5,a5,a4
802010b0:	00d7e7b3          	or	a5,a5,a3
802010b4:	ff0780e3          	beq	a5,a6,80201094 <strcpy+0x34>
802010b8:	0005c783          	lbu	a5,0(a1)
802010bc:	0015c703          	lbu	a4,1(a1)
802010c0:	0025c683          	lbu	a3,2(a1)
802010c4:	00f60023          	sb	a5,0(a2)
802010c8:	00078a63          	beqz	a5,802010dc <strcpy+0x7c>
802010cc:	00e600a3          	sb	a4,1(a2)
802010d0:	00070663          	beqz	a4,802010dc <strcpy+0x7c>
802010d4:	00d60123          	sb	a3,2(a2)
802010d8:	00069463          	bnez	a3,802010e0 <strcpy+0x80>
802010dc:	00008067          	ret
802010e0:	000601a3          	sb	zero,3(a2)
802010e4:	00008067          	ret
802010e8:	00050793          	mv	a5,a0
802010ec:	0005c703          	lbu	a4,0(a1)
802010f0:	00178793          	addi	a5,a5,1
802010f4:	00158593          	addi	a1,a1,1
802010f8:	fee78fa3          	sb	a4,-1(a5)
802010fc:	fe0718e3          	bnez	a4,802010ec <strcpy+0x8c>
80201100:	00008067          	ret

80201104 <strcmp>:
strcmp():
80201104:	00b56733          	or	a4,a0,a1
80201108:	fff00393          	li	t2,-1
8020110c:	00377713          	andi	a4,a4,3
80201110:	10071063          	bnez	a4,80201210 <strcmp+0x10c>
80201114:	7f7f87b7          	lui	a5,0x7f7f8
80201118:	f7f78793          	addi	a5,a5,-129 # 7f7f7f7f <app_entry-0xa08081>
8020111c:	00052603          	lw	a2,0(a0)
80201120:	0005a683          	lw	a3,0(a1)
80201124:	00f672b3          	and	t0,a2,a5
80201128:	00f66333          	or	t1,a2,a5
8020112c:	00f282b3          	add	t0,t0,a5
80201130:	0062e2b3          	or	t0,t0,t1
80201134:	10729263          	bne	t0,t2,80201238 <strcmp+0x134>
80201138:	08d61663          	bne	a2,a3,802011c4 <strcmp+0xc0>
8020113c:	00452603          	lw	a2,4(a0)
80201140:	0045a683          	lw	a3,4(a1)
80201144:	00f672b3          	and	t0,a2,a5
80201148:	00f66333          	or	t1,a2,a5
8020114c:	00f282b3          	add	t0,t0,a5
80201150:	0062e2b3          	or	t0,t0,t1
80201154:	0c729e63          	bne	t0,t2,80201230 <strcmp+0x12c>
80201158:	06d61663          	bne	a2,a3,802011c4 <strcmp+0xc0>
8020115c:	00852603          	lw	a2,8(a0)
80201160:	0085a683          	lw	a3,8(a1)
80201164:	00f672b3          	and	t0,a2,a5
80201168:	00f66333          	or	t1,a2,a5
8020116c:	00f282b3          	add	t0,t0,a5
80201170:	0062e2b3          	or	t0,t0,t1
80201174:	0c729863          	bne	t0,t2,80201244 <strcmp+0x140>
80201178:	04d61663          	bne	a2,a3,802011c4 <strcmp+0xc0>
8020117c:	00c52603          	lw	a2,12(a0)
80201180:	00c5a683          	lw	a3,12(a1)
80201184:	00f672b3          	and	t0,a2,a5
80201188:	00f66333          	or	t1,a2,a5
8020118c:	00f282b3          	add	t0,t0,a5
80201190:	0062e2b3          	or	t0,t0,t1
80201194:	0c729263          	bne	t0,t2,80201258 <strcmp+0x154>
80201198:	02d61663          	bne	a2,a3,802011c4 <strcmp+0xc0>
8020119c:	01052603          	lw	a2,16(a0)
802011a0:	0105a683          	lw	a3,16(a1)
802011a4:	00f672b3          	and	t0,a2,a5
802011a8:	00f66333          	or	t1,a2,a5
802011ac:	00f282b3          	add	t0,t0,a5
802011b0:	0062e2b3          	or	t0,t0,t1
802011b4:	0a729c63          	bne	t0,t2,8020126c <strcmp+0x168>
802011b8:	01450513          	addi	a0,a0,20
802011bc:	01458593          	addi	a1,a1,20
802011c0:	f4d60ee3          	beq	a2,a3,8020111c <strcmp+0x18>
802011c4:	01061713          	slli	a4,a2,0x10
802011c8:	01069793          	slli	a5,a3,0x10
802011cc:	00f71e63          	bne	a4,a5,802011e8 <strcmp+0xe4>
802011d0:	01065713          	srli	a4,a2,0x10
802011d4:	0106d793          	srli	a5,a3,0x10
802011d8:	40f70533          	sub	a0,a4,a5
802011dc:	0ff57593          	zext.b	a1,a0
802011e0:	02059063          	bnez	a1,80201200 <strcmp+0xfc>
802011e4:	00008067          	ret
802011e8:	01075713          	srli	a4,a4,0x10
802011ec:	0107d793          	srli	a5,a5,0x10
802011f0:	40f70533          	sub	a0,a4,a5
802011f4:	0ff57593          	zext.b	a1,a0
802011f8:	00059463          	bnez	a1,80201200 <strcmp+0xfc>
802011fc:	00008067          	ret
80201200:	0ff77713          	zext.b	a4,a4
80201204:	0ff7f793          	zext.b	a5,a5
80201208:	40f70533          	sub	a0,a4,a5
8020120c:	00008067          	ret
80201210:	00054603          	lbu	a2,0(a0)
80201214:	0005c683          	lbu	a3,0(a1)
80201218:	00150513          	addi	a0,a0,1
8020121c:	00158593          	addi	a1,a1,1
80201220:	00d61463          	bne	a2,a3,80201228 <strcmp+0x124>
80201224:	fe0616e3          	bnez	a2,80201210 <strcmp+0x10c>
80201228:	40d60533          	sub	a0,a2,a3
8020122c:	00008067          	ret
80201230:	00450513          	addi	a0,a0,4
80201234:	00458593          	addi	a1,a1,4
80201238:	fcd61ce3          	bne	a2,a3,80201210 <strcmp+0x10c>
8020123c:	00000513          	li	a0,0
80201240:	00008067          	ret
80201244:	00850513          	addi	a0,a0,8
80201248:	00858593          	addi	a1,a1,8
8020124c:	fcd612e3          	bne	a2,a3,80201210 <strcmp+0x10c>
80201250:	00000513          	li	a0,0
80201254:	00008067          	ret
80201258:	00c50513          	addi	a0,a0,12
8020125c:	00c58593          	addi	a1,a1,12
80201260:	fad618e3          	bne	a2,a3,80201210 <strcmp+0x10c>
80201264:	00000513          	li	a0,0
80201268:	00008067          	ret
8020126c:	01050513          	addi	a0,a0,16
80201270:	01058593          	addi	a1,a1,16
80201274:	f8d61ee3          	bne	a2,a3,80201210 <strcmp+0x10c>
80201278:	00000513          	li	a0,0
8020127c:	00008067          	ret

80201280 <__mulsi3>:
__mulsi3():
80201280:	00050613          	mv	a2,a0
80201284:	00000513          	li	a0,0
80201288:	0015f693          	andi	a3,a1,1
8020128c:	00068463          	beqz	a3,80201294 <__mulsi3+0x14>
80201290:	00c50533          	add	a0,a0,a2
80201294:	0015d593          	srli	a1,a1,0x1
80201298:	00161613          	slli	a2,a2,0x1
8020129c:	fe0596e3          	bnez	a1,80201288 <__mulsi3+0x8>
802012a0:	00008067          	ret

802012a4 <__divsi3>:
__divsi3():
802012a4:	06054063          	bltz	a0,80201304 <__umodsi3+0x10>
802012a8:	0605c663          	bltz	a1,80201314 <__umodsi3+0x20>

802012ac <__hidden___udivsi3>:
802012ac:	00058613          	mv	a2,a1
802012b0:	00050593          	mv	a1,a0
802012b4:	fff00513          	li	a0,-1
802012b8:	02060c63          	beqz	a2,802012f0 <__hidden___udivsi3+0x44>
802012bc:	00100693          	li	a3,1
802012c0:	00b67a63          	bgeu	a2,a1,802012d4 <__hidden___udivsi3+0x28>
802012c4:	00c05863          	blez	a2,802012d4 <__hidden___udivsi3+0x28>
802012c8:	00161613          	slli	a2,a2,0x1
802012cc:	00169693          	slli	a3,a3,0x1
802012d0:	feb66ae3          	bltu	a2,a1,802012c4 <__hidden___udivsi3+0x18>
802012d4:	00000513          	li	a0,0
802012d8:	00c5e663          	bltu	a1,a2,802012e4 <__hidden___udivsi3+0x38>
802012dc:	40c585b3          	sub	a1,a1,a2
802012e0:	00d56533          	or	a0,a0,a3
802012e4:	0016d693          	srli	a3,a3,0x1
802012e8:	00165613          	srli	a2,a2,0x1
802012ec:	fe0696e3          	bnez	a3,802012d8 <__hidden___udivsi3+0x2c>
802012f0:	00008067          	ret

802012f4 <__umodsi3>:
802012f4:	00008293          	mv	t0,ra
802012f8:	fb5ff0ef          	jal	802012ac <__hidden___udivsi3>
802012fc:	00058513          	mv	a0,a1
80201300:	00028067          	jr	t0
80201304:	40a00533          	neg	a0,a0
80201308:	00b04863          	bgtz	a1,80201318 <__umodsi3+0x24>
8020130c:	40b005b3          	neg	a1,a1
80201310:	f9dff06f          	j	802012ac <__hidden___udivsi3>
80201314:	40b005b3          	neg	a1,a1
80201318:	00008293          	mv	t0,ra
8020131c:	f91ff0ef          	jal	802012ac <__hidden___udivsi3>
80201320:	40a00533          	neg	a0,a0
80201324:	00028067          	jr	t0

80201328 <__modsi3>:
__modsi3():
80201328:	00008293          	mv	t0,ra
8020132c:	0005ca63          	bltz	a1,80201340 <__modsi3+0x18>
80201330:	00054c63          	bltz	a0,80201348 <__modsi3+0x20>
80201334:	f79ff0ef          	jal	802012ac <__hidden___udivsi3>
80201338:	00058513          	mv	a0,a1
8020133c:	00028067          	jr	t0
80201340:	40b005b3          	neg	a1,a1
80201344:	fe0558e3          	bgez	a0,80201334 <__modsi3+0xc>
80201348:	40a00533          	neg	a0,a0
8020134c:	f61ff0ef          	jal	802012ac <__hidden___udivsi3>
80201350:	40b00533          	neg	a0,a1
80201354:	00028067          	jr	t0
