
build/release/user/crash1.elf:     file format elf32-littleriscv
build/release/user/crash1.elf
architecture: riscv:rv32, flags 0x00000112:
EXEC_P, HAS_SYMS, D_PAGED
start address 0x80200000

Program Header:
0x70000003 off    0x00003584 vaddr 0x00000000 paddr 0x00000000 align 2**0
         filesz 0x0000004b memsz 0x00000000 flags r--
    LOAD off    0x00001000 vaddr 0x80200000 paddr 0x80200000 align 2**12
         filesz 0x000016e8 memsz 0x000016e8 flags r-x
    LOAD off    0x00003000 vaddr 0x80208000 paddr 0x80208000 align 2**12
         filesz 0x00000584 memsz 0x000006fc flags rw-

Sections:
Idx Name              Size      VMA       LMA       File off  Algn  Flags
  0 .text             000016e8  80200000  80200000  00001000  2**3  CONTENTS, ALLOC, LOAD, READONLY, CODE
  1 .rodata           00000048  80208000  80208000  00003000  2**3  CONTENTS, ALLOC, LOAD, READONLY, DATA
  2 .data             0000053c  80208048  80208048  00003048  2**3  CONTENTS, ALLOC, LOAD, DATA
  3 .bss              00000174  80208588  80208588  00003584  2**3  ALLOC
  4 .riscv.attributes 0000004b  00000000  00000000  00003584  2**0  CONTENTS, READONLY
  5 .comment          00000032  00000000  00000000  000035cf  2**0  CONTENTS, READONLY
SYMBOL TABLE:
80200000 l    d  .text	00000000 .text
80208000 l    d  .rodata	00000000 .rodata
80208048 l    d  .data	00000000 .data
80208588 l    d  .bss	00000000 .bss
00000000 l    d  .riscv.attributes	00000000 .riscv.attributes
00000000 l    d  .comment	00000000 .comment
00000000 l    df *ABS*	00000000 cc6mdGcE.o
00000000 l    df *ABS*	00000000 crash1.c
00000000 l    df *ABS*	00000000 malloc.c
80208570 l     O .data	00000004 brk
00000000 l    df *ABS*	00000000 print.c
00000000 l    df *ABS*	00000000 servers.c
00000000 l    df *ABS*	00000000 syscall.c
80208574 l     O .data	00000004 sc
00000000 l    df *ABS*	00000000 libc_a-itoa.o
00000000 l    df *ABS*	00000000 libc_a-malloc.o
00000000 l    df *ABS*	00000000 libc_a-mallocr.o
00000000 l    df *ABS*	00000000 libc_a-mlock.o
00000000 l    df *ABS*	00000000 libc_a-utoa.o
00000000 l    df *ABS*	00000000 libc_a-strcat.o
00000000 l    df *ABS*	00000000 libc_a-strncat.o
00000000 l    df *ABS*	00000000 libc_a-sbrkr.o
00000000 l    df *ABS*	00000000 libc_a-memcpy.o
00000000 l    df *ABS*	00000000 libc_a-strlen.o
00000000 l    df *ABS*	00000000 libc_a-strcpy.o
00000000 l    df *ABS*	00000000 libc_a-lock.o
00000000 l    df *ABS*	00000000 libc_a-freer.o
00000000 l    df *ABS*	00000000 div.o
8020114c g     F .text	000000a4 strcpy
80200218 g     F .text	00000098 my_printf
80200c74 g     F .text	0000000c __malloc_unlock
80208598 g     O .bss	00000004 errno
80200000 g       .text	00000000 app_entry
80200f98 g     F .text	00000128 memcpy
8020163c g     F .text	00000048 .hidden __hidden___udivsi3
8020042c g     F .text	00000010 malloc
8020163c g     F .text	00000048 .hidden __udivsi3
80208590 g     O .bss	00000004 __malloc_top_pad
802003bc g     F .text	00000070 itoa
80200f20 g     F .text	00000078 _sbrk_r
8020858c g     O .bss	00000004 __malloc_max_sbrked_mem
80200048 g     F .text	00000084 _sbrk
80208594 g     O .bss	00000001 __lock___malloc_recursive_mutex
802085c4 g     O .bss	00000138 __sf
8020034c g     F .text	00000070 sys_send
80200dd4 g     F .text	000000a0 strcat
80201684 g     F .text	00000010 .hidden __umodsi3
802011f4 g     F .text	00000004 __retarget_lock_release_recursive
8020133c g     F .text	000002f8 _free_r
802000cc g     F .text	0000014c format_to_str
80208578 g     O .data	00000004 __malloc_sbrk_base
8020859c g     O .bss	00000028 __malloc_current_mallinfo
80200e74 g     F .text	000000ac strncat
80208048 g     O .data	00000408 __malloc_av_
80200c68 g     F .text	0000000c __malloc_lock
80200c80 g     F .text	00000154 __utoa
802011f0 g     F .text	00000004 __retarget_lock_acquire_recursive
80200010 g     F .text	00000038 main
80208588 g     O .bss	00000004 __malloc_max_total_mem
8020043c g     F .text	0000082c _malloc_r
80201634 g     F .text	00000084 .hidden __divsi3
802011f8 g     F .text	00000144 _malloc_trim_r
80300000 g       *ABS*	00000000 __heap_end
80208580 g     O .data	00000004 _impure_ptr
80208700 g       .riscv.attributes	00000000 __heap_start
802002e4 g     F .text	00000068 term_write
8020857c g     O .data	00000004 __malloc_trim_threshold
802002b0 g     F .text	00000034 exit
802016b8 g     F .text	00000030 .hidden __modsi3
80208450 g     O .data	00000120 _impure_data
802010c0 g     F .text	0000008c strlen



Disassembly of section .text:

80200000 <app_entry>:
app_entry():
80200000:	00052503          	lw	a0,0(a0)
80200004:	80400137          	lui	sp,0x80400
80200008:	008000ef          	jal	80200010 <main>
8020000c:	2a4000ef          	jal	802002b0 <exit>

80200010 <main>:
main():
80200010:	fe010113          	addi	sp,sp,-32 # 803fffe0 <__heap_end+0xfffe0>
80200014:	00112e23          	sw	ra,28(sp)
80200018:	00812c23          	sw	s0,24(sp)
8020001c:	02010413          	addi	s0,sp,32
80200020:	02000537          	lui	a0,0x2000
80200024:	408000ef          	jal	8020042c <malloc>
80200028:	00050793          	mv	a5,a0
8020002c:	fef42623          	sw	a5,-20(s0)
80200030:	00000793          	li	a5,0
80200034:	00078513          	mv	a0,a5
80200038:	01c12083          	lw	ra,28(sp)
8020003c:	01812403          	lw	s0,24(sp)
80200040:	02010113          	addi	sp,sp,32
80200044:	00008067          	ret

80200048 <_sbrk>:
_sbrk():
80200048:	fd010113          	addi	sp,sp,-48
8020004c:	02112623          	sw	ra,44(sp)
80200050:	02812423          	sw	s0,40(sp)
80200054:	03010413          	addi	s0,sp,48
80200058:	fca42e23          	sw	a0,-36(s0)
8020005c:	802087b7          	lui	a5,0x80208
80200060:	5707a703          	lw	a4,1392(a5) # 80208570 <brk>
80200064:	fdc42783          	lw	a5,-36(s0)
80200068:	00f70733          	add	a4,a4,a5
8020006c:	803007b7          	lui	a5,0x80300
80200070:	00078793          	mv	a5,a5
80200074:	00e7fe63          	bgeu	a5,a4,80200090 <_sbrk+0x48>
80200078:	802087b7          	lui	a5,0x80208
8020007c:	00078513          	mv	a0,a5
80200080:	198000ef          	jal	80200218 <my_printf>
80200084:	00000713          	li	a4,0
80200088:	00100793          	li	a5,1
8020008c:	00f72023          	sw	a5,0(a4)
80200090:	802087b7          	lui	a5,0x80208
80200094:	5707a783          	lw	a5,1392(a5) # 80208570 <brk>
80200098:	fef42623          	sw	a5,-20(s0)
8020009c:	802087b7          	lui	a5,0x80208
802000a0:	5707a703          	lw	a4,1392(a5) # 80208570 <brk>
802000a4:	fdc42783          	lw	a5,-36(s0)
802000a8:	00f70733          	add	a4,a4,a5
802000ac:	802087b7          	lui	a5,0x80208
802000b0:	56e7a823          	sw	a4,1392(a5) # 80208570 <brk>
802000b4:	fec42783          	lw	a5,-20(s0)
802000b8:	00078513          	mv	a0,a5
802000bc:	02c12083          	lw	ra,44(sp)
802000c0:	02812403          	lw	s0,40(sp)
802000c4:	03010113          	addi	sp,sp,48
802000c8:	00008067          	ret

802000cc <format_to_str>:
format_to_str():
802000cc:	fe010113          	addi	sp,sp,-32
802000d0:	00112e23          	sw	ra,28(sp)
802000d4:	00812c23          	sw	s0,24(sp)
802000d8:	00912a23          	sw	s1,20(sp)
802000dc:	02010413          	addi	s0,sp,32
802000e0:	fea42623          	sw	a0,-20(s0)
802000e4:	feb42423          	sw	a1,-24(s0)
802000e8:	fec42223          	sw	a2,-28(s0)
802000ec:	fec42783          	lw	a5,-20(s0)
802000f0:	00078023          	sb	zero,0(a5)
802000f4:	0fc0006f          	j	802001f0 <format_to_str+0x124>
802000f8:	fe842783          	lw	a5,-24(s0)
802000fc:	0007c703          	lbu	a4,0(a5)
80200100:	02500793          	li	a5,37
80200104:	00f70c63          	beq	a4,a5,8020011c <format_to_str+0x50>
80200108:	00100613          	li	a2,1
8020010c:	fe842583          	lw	a1,-24(s0)
80200110:	fec42503          	lw	a0,-20(s0)
80200114:	561000ef          	jal	80200e74 <strncat>
80200118:	0cc0006f          	j	802001e4 <format_to_str+0x118>
8020011c:	fe842783          	lw	a5,-24(s0)
80200120:	00178793          	addi	a5,a5,1
80200124:	fef42423          	sw	a5,-24(s0)
80200128:	fe842783          	lw	a5,-24(s0)
8020012c:	0007c703          	lbu	a4,0(a5)
80200130:	07300793          	li	a5,115
80200134:	02f71263          	bne	a4,a5,80200158 <format_to_str+0x8c>
80200138:	fe442783          	lw	a5,-28(s0)
8020013c:	00478713          	addi	a4,a5,4
80200140:	fee42223          	sw	a4,-28(s0)
80200144:	0007a783          	lw	a5,0(a5)
80200148:	00078593          	mv	a1,a5
8020014c:	fec42503          	lw	a0,-20(s0)
80200150:	485000ef          	jal	80200dd4 <strcat>
80200154:	0900006f          	j	802001e4 <format_to_str+0x118>
80200158:	fe842783          	lw	a5,-24(s0)
8020015c:	0007c703          	lbu	a4,0(a5)
80200160:	06400793          	li	a5,100
80200164:	02f71e63          	bne	a4,a5,802001a0 <format_to_str+0xd4>
80200168:	fe442783          	lw	a5,-28(s0)
8020016c:	00478713          	addi	a4,a5,4
80200170:	fee42223          	sw	a4,-28(s0)
80200174:	0007a483          	lw	s1,0(a5)
80200178:	fec42503          	lw	a0,-20(s0)
8020017c:	745000ef          	jal	802010c0 <strlen>
80200180:	00050713          	mv	a4,a0
80200184:	fec42783          	lw	a5,-20(s0)
80200188:	00e787b3          	add	a5,a5,a4
8020018c:	00a00613          	li	a2,10
80200190:	00078593          	mv	a1,a5
80200194:	00048513          	mv	a0,s1
80200198:	224000ef          	jal	802003bc <itoa>
8020019c:	0480006f          	j	802001e4 <format_to_str+0x118>
802001a0:	fe842783          	lw	a5,-24(s0)
802001a4:	0007c703          	lbu	a4,0(a5)
802001a8:	07800793          	li	a5,120
802001ac:	02f71c63          	bne	a4,a5,802001e4 <format_to_str+0x118>
802001b0:	fe442783          	lw	a5,-28(s0)
802001b4:	00478713          	addi	a4,a5,4
802001b8:	fee42223          	sw	a4,-28(s0)
802001bc:	0007a483          	lw	s1,0(a5)
802001c0:	fec42503          	lw	a0,-20(s0)
802001c4:	6fd000ef          	jal	802010c0 <strlen>
802001c8:	00050713          	mv	a4,a0
802001cc:	fec42783          	lw	a5,-20(s0)
802001d0:	00e787b3          	add	a5,a5,a4
802001d4:	01000613          	li	a2,16
802001d8:	00078593          	mv	a1,a5
802001dc:	00048513          	mv	a0,s1
802001e0:	1dc000ef          	jal	802003bc <itoa>
802001e4:	fe842783          	lw	a5,-24(s0)
802001e8:	00178793          	addi	a5,a5,1
802001ec:	fef42423          	sw	a5,-24(s0)
802001f0:	fe842783          	lw	a5,-24(s0)
802001f4:	0007c783          	lbu	a5,0(a5)
802001f8:	f00790e3          	bnez	a5,802000f8 <format_to_str+0x2c>
802001fc:	00000013          	nop
80200200:	00000013          	nop
80200204:	01c12083          	lw	ra,28(sp)
80200208:	01812403          	lw	s0,24(sp)
8020020c:	01412483          	lw	s1,20(sp)
80200210:	02010113          	addi	sp,sp,32
80200214:	00008067          	ret

80200218 <my_printf>:
my_printf():
80200218:	db010113          	addi	sp,sp,-592
8020021c:	22112623          	sw	ra,556(sp)
80200220:	22812423          	sw	s0,552(sp)
80200224:	23010413          	addi	s0,sp,560
80200228:	dca42e23          	sw	a0,-548(s0)
8020022c:	00b42223          	sw	a1,4(s0)
80200230:	00c42423          	sw	a2,8(s0)
80200234:	00d42623          	sw	a3,12(s0)
80200238:	00e42823          	sw	a4,16(s0)
8020023c:	00f42a23          	sw	a5,20(s0)
80200240:	01042c23          	sw	a6,24(s0)
80200244:	01142e23          	sw	a7,28(s0)
80200248:	de040823          	sb	zero,-528(s0)
8020024c:	02040793          	addi	a5,s0,32
80200250:	dcf42c23          	sw	a5,-552(s0)
80200254:	dd842783          	lw	a5,-552(s0)
80200258:	fe478793          	addi	a5,a5,-28
8020025c:	def42623          	sw	a5,-532(s0)
80200260:	dec42703          	lw	a4,-532(s0)
80200264:	df040793          	addi	a5,s0,-528
80200268:	00070613          	mv	a2,a4
8020026c:	ddc42583          	lw	a1,-548(s0)
80200270:	00078513          	mv	a0,a5
80200274:	e59ff0ef          	jal	802000cc <format_to_str>
80200278:	df040793          	addi	a5,s0,-528
8020027c:	00078513          	mv	a0,a5
80200280:	641000ef          	jal	802010c0 <strlen>
80200284:	00050713          	mv	a4,a0
80200288:	df040793          	addi	a5,s0,-528
8020028c:	00070593          	mv	a1,a4
80200290:	00078513          	mv	a0,a5
80200294:	050000ef          	jal	802002e4 <term_write>
80200298:	00000013          	nop
8020029c:	00078513          	mv	a0,a5
802002a0:	22c12083          	lw	ra,556(sp)
802002a4:	22812403          	lw	s0,552(sp)
802002a8:	25010113          	addi	sp,sp,592
802002ac:	00008067          	ret

802002b0 <exit>:
exit():
802002b0:	dd010113          	addi	sp,sp,-560
802002b4:	22112623          	sw	ra,556(sp)
802002b8:	22812423          	sw	s0,552(sp)
802002bc:	23010413          	addi	s0,sp,560
802002c0:	dca42e23          	sw	a0,-548(s0)
802002c4:	00100793          	li	a5,1
802002c8:	def42423          	sw	a5,-536(s0)
802002cc:	de840793          	addi	a5,s0,-536
802002d0:	20800613          	li	a2,520
802002d4:	00078593          	mv	a1,a5
802002d8:	00100513          	li	a0,1
802002dc:	070000ef          	jal	8020034c <sys_send>
802002e0:	0000006f          	j	802002e0 <exit+0x30>

802002e4 <term_write>:
term_write():
802002e4:	dd010113          	addi	sp,sp,-560
802002e8:	22112623          	sw	ra,556(sp)
802002ec:	22812423          	sw	s0,552(sp)
802002f0:	23010413          	addi	s0,sp,560
802002f4:	dca42e23          	sw	a0,-548(s0)
802002f8:	dcb42c23          	sw	a1,-552(s0)
802002fc:	00100793          	li	a5,1
80200300:	def42423          	sw	a5,-536(s0)
80200304:	dd842783          	lw	a5,-552(s0)
80200308:	def42623          	sw	a5,-532(s0)
8020030c:	de840793          	addi	a5,s0,-536
80200310:	00878793          	addi	a5,a5,8
80200314:	dd842603          	lw	a2,-552(s0)
80200318:	ddc42583          	lw	a1,-548(s0)
8020031c:	00078513          	mv	a0,a5
80200320:	479000ef          	jal	80200f98 <memcpy>
80200324:	de840793          	addi	a5,s0,-536
80200328:	20800613          	li	a2,520
8020032c:	00078593          	mv	a1,a5
80200330:	00200513          	li	a0,2
80200334:	018000ef          	jal	8020034c <sys_send>
80200338:	00000013          	nop
8020033c:	22c12083          	lw	ra,556(sp)
80200340:	22812403          	lw	s0,552(sp)
80200344:	23010113          	addi	sp,sp,560
80200348:	00008067          	ret

8020034c <sys_send>:
sys_send():
8020034c:	fe010113          	addi	sp,sp,-32
80200350:	00112e23          	sw	ra,28(sp)
80200354:	00812c23          	sw	s0,24(sp)
80200358:	02010413          	addi	s0,sp,32
8020035c:	fea42623          	sw	a0,-20(s0)
80200360:	feb42423          	sw	a1,-24(s0)
80200364:	fec42223          	sw	a2,-28(s0)
80200368:	802087b7          	lui	a5,0x80208
8020036c:	5747a783          	lw	a5,1396(a5) # 80208574 <sc>
80200370:	00200713          	li	a4,2
80200374:	00e7a023          	sw	a4,0(a5)
80200378:	802087b7          	lui	a5,0x80208
8020037c:	5747a783          	lw	a5,1396(a5) # 80208574 <sc>
80200380:	fec42703          	lw	a4,-20(s0)
80200384:	00e7a423          	sw	a4,8(a5)
80200388:	802087b7          	lui	a5,0x80208
8020038c:	5747a783          	lw	a5,1396(a5) # 80208574 <sc>
80200390:	00c78793          	addi	a5,a5,12
80200394:	fe442603          	lw	a2,-28(s0)
80200398:	fe842583          	lw	a1,-24(s0)
8020039c:	00078513          	mv	a0,a5
802003a0:	3f9000ef          	jal	80200f98 <memcpy>
802003a4:	00000073          	ecall
802003a8:	00000013          	nop
802003ac:	01c12083          	lw	ra,28(sp)
802003b0:	01812403          	lw	s0,24(sp)
802003b4:	02010113          	addi	sp,sp,32
802003b8:	00008067          	ret

802003bc <itoa>:
itoa():
802003bc:	ff010113          	addi	sp,sp,-16
802003c0:	00812423          	sw	s0,8(sp)
802003c4:	00112623          	sw	ra,12(sp)
802003c8:	ffe60713          	addi	a4,a2,-2
802003cc:	02200793          	li	a5,34
802003d0:	00058413          	mv	s0,a1
802003d4:	04e7e063          	bltu	a5,a4,80200414 <itoa+0x58>
802003d8:	00a00793          	li	a5,10
802003dc:	02f60063          	beq	a2,a5,802003fc <itoa+0x40>
802003e0:	00040593          	mv	a1,s0
802003e4:	09d000ef          	jal	80200c80 <__utoa>
802003e8:	00c12083          	lw	ra,12(sp)
802003ec:	00040513          	mv	a0,s0
802003f0:	00812403          	lw	s0,8(sp)
802003f4:	01010113          	addi	sp,sp,16
802003f8:	00008067          	ret
802003fc:	fe0552e3          	bgez	a0,802003e0 <itoa+0x24>
80200400:	02d00793          	li	a5,45
80200404:	00f58023          	sb	a5,0(a1)
80200408:	40a00533          	neg	a0,a0
8020040c:	00158593          	addi	a1,a1,1
80200410:	fd5ff06f          	j	802003e4 <itoa+0x28>
80200414:	00058023          	sb	zero,0(a1)
80200418:	00c12083          	lw	ra,12(sp)
8020041c:	00812403          	lw	s0,8(sp)
80200420:	00000513          	li	a0,0
80200424:	01010113          	addi	sp,sp,16
80200428:	00008067          	ret

8020042c <malloc>:
malloc():
8020042c:	00050593          	mv	a1,a0
80200430:	00008517          	auipc	a0,0x8
80200434:	15052503          	lw	a0,336(a0) # 80208580 <_impure_ptr>
80200438:	0040006f          	j	8020043c <_malloc_r>

8020043c <_malloc_r>:
_malloc_r():
8020043c:	fd010113          	addi	sp,sp,-48
80200440:	03212023          	sw	s2,32(sp)
80200444:	02112623          	sw	ra,44(sp)
80200448:	02812423          	sw	s0,40(sp)
8020044c:	02912223          	sw	s1,36(sp)
80200450:	01312e23          	sw	s3,28(sp)
80200454:	00b58793          	addi	a5,a1,11
80200458:	01600713          	li	a4,22
8020045c:	00050913          	mv	s2,a0
80200460:	08f76063          	bltu	a4,a5,802004e0 <_malloc_r+0xa4>
80200464:	01000493          	li	s1,16
80200468:	20b4e463          	bltu	s1,a1,80200670 <_malloc_r+0x234>
8020046c:	7fc000ef          	jal	80200c68 <__malloc_lock>
80200470:	01800793          	li	a5,24
80200474:	00200593          	li	a1,2
80200478:	00008997          	auipc	s3,0x8
8020047c:	bd098993          	addi	s3,s3,-1072 # 80208048 <__malloc_av_>
80200480:	00f987b3          	add	a5,s3,a5
80200484:	0047a403          	lw	s0,4(a5)
80200488:	ff878713          	addi	a4,a5,-8
8020048c:	46e40663          	beq	s0,a4,802008f8 <_malloc_r+0x4bc>
80200490:	00442783          	lw	a5,4(s0)
80200494:	00c42683          	lw	a3,12(s0)
80200498:	00842603          	lw	a2,8(s0)
8020049c:	ffc7f793          	andi	a5,a5,-4
802004a0:	00f407b3          	add	a5,s0,a5
802004a4:	0047a703          	lw	a4,4(a5)
802004a8:	00d62623          	sw	a3,12(a2)
802004ac:	00c6a423          	sw	a2,8(a3)
802004b0:	00176713          	ori	a4,a4,1
802004b4:	00090513          	mv	a0,s2
802004b8:	00e7a223          	sw	a4,4(a5)
802004bc:	7b8000ef          	jal	80200c74 <__malloc_unlock>
802004c0:	02c12083          	lw	ra,44(sp)
802004c4:	00840513          	addi	a0,s0,8
802004c8:	02812403          	lw	s0,40(sp)
802004cc:	02412483          	lw	s1,36(sp)
802004d0:	02012903          	lw	s2,32(sp)
802004d4:	01c12983          	lw	s3,28(sp)
802004d8:	03010113          	addi	sp,sp,48
802004dc:	00008067          	ret
802004e0:	ff87f493          	andi	s1,a5,-8
802004e4:	1807c663          	bltz	a5,80200670 <_malloc_r+0x234>
802004e8:	18b4e463          	bltu	s1,a1,80200670 <_malloc_r+0x234>
802004ec:	77c000ef          	jal	80200c68 <__malloc_lock>
802004f0:	1f700793          	li	a5,503
802004f4:	5097fc63          	bgeu	a5,s1,80200a0c <_malloc_r+0x5d0>
802004f8:	0094d793          	srli	a5,s1,0x9
802004fc:	18078e63          	beqz	a5,80200698 <_malloc_r+0x25c>
80200500:	00400713          	li	a4,4
80200504:	46f76263          	bltu	a4,a5,80200968 <_malloc_r+0x52c>
80200508:	0064d793          	srli	a5,s1,0x6
8020050c:	03978593          	addi	a1,a5,57
80200510:	03878813          	addi	a6,a5,56
80200514:	00359613          	slli	a2,a1,0x3
80200518:	00008997          	auipc	s3,0x8
8020051c:	b3098993          	addi	s3,s3,-1232 # 80208048 <__malloc_av_>
80200520:	00c98633          	add	a2,s3,a2
80200524:	00462403          	lw	s0,4(a2)
80200528:	ff860613          	addi	a2,a2,-8
8020052c:	02860863          	beq	a2,s0,8020055c <_malloc_r+0x120>
80200530:	00f00513          	li	a0,15
80200534:	0140006f          	j	80200548 <_malloc_r+0x10c>
80200538:	00c42683          	lw	a3,12(s0)
8020053c:	36075c63          	bgez	a4,802008b4 <_malloc_r+0x478>
80200540:	00d60e63          	beq	a2,a3,8020055c <_malloc_r+0x120>
80200544:	00068413          	mv	s0,a3
80200548:	00442783          	lw	a5,4(s0)
8020054c:	ffc7f793          	andi	a5,a5,-4
80200550:	40978733          	sub	a4,a5,s1
80200554:	fee552e3          	bge	a0,a4,80200538 <_malloc_r+0xfc>
80200558:	00080593          	mv	a1,a6
8020055c:	0109a403          	lw	s0,16(s3)
80200560:	00008897          	auipc	a7,0x8
80200564:	af088893          	addi	a7,a7,-1296 # 80208050 <__malloc_av_+0x8>
80200568:	2d140663          	beq	s0,a7,80200834 <_malloc_r+0x3f8>
8020056c:	00442783          	lw	a5,4(s0)
80200570:	00f00693          	li	a3,15
80200574:	ffc7f793          	andi	a5,a5,-4
80200578:	40978733          	sub	a4,a5,s1
8020057c:	48e6ce63          	blt	a3,a4,80200a18 <_malloc_r+0x5dc>
80200580:	0119aa23          	sw	a7,20(s3)
80200584:	0119a823          	sw	a7,16(s3)
80200588:	46075263          	bgez	a4,802009ec <_malloc_r+0x5b0>
8020058c:	1ff00713          	li	a4,511
80200590:	0049a503          	lw	a0,4(s3)
80200594:	36f76a63          	bltu	a4,a5,80200908 <_malloc_r+0x4cc>
80200598:	ff87f713          	andi	a4,a5,-8
8020059c:	00870713          	addi	a4,a4,8
802005a0:	00e98733          	add	a4,s3,a4
802005a4:	00072683          	lw	a3,0(a4)
802005a8:	0057d613          	srli	a2,a5,0x5
802005ac:	00100793          	li	a5,1
802005b0:	00c797b3          	sll	a5,a5,a2
802005b4:	00f56533          	or	a0,a0,a5
802005b8:	ff870793          	addi	a5,a4,-8
802005bc:	00d42423          	sw	a3,8(s0)
802005c0:	00f42623          	sw	a5,12(s0)
802005c4:	00a9a223          	sw	a0,4(s3)
802005c8:	00872023          	sw	s0,0(a4)
802005cc:	0086a623          	sw	s0,12(a3)
802005d0:	4025d793          	srai	a5,a1,0x2
802005d4:	00100613          	li	a2,1
802005d8:	00f61633          	sll	a2,a2,a5
802005dc:	0cc56663          	bltu	a0,a2,802006a8 <_malloc_r+0x26c>
802005e0:	00a677b3          	and	a5,a2,a0
802005e4:	02079463          	bnez	a5,8020060c <_malloc_r+0x1d0>
802005e8:	00161613          	slli	a2,a2,0x1
802005ec:	ffc5f593          	andi	a1,a1,-4
802005f0:	00a677b3          	and	a5,a2,a0
802005f4:	00458593          	addi	a1,a1,4
802005f8:	00079a63          	bnez	a5,8020060c <_malloc_r+0x1d0>
802005fc:	00161613          	slli	a2,a2,0x1
80200600:	00a677b3          	and	a5,a2,a0
80200604:	00458593          	addi	a1,a1,4
80200608:	fe078ae3          	beqz	a5,802005fc <_malloc_r+0x1c0>
8020060c:	00f00813          	li	a6,15
80200610:	00359313          	slli	t1,a1,0x3
80200614:	00698333          	add	t1,s3,t1
80200618:	00030513          	mv	a0,t1
8020061c:	00c52783          	lw	a5,12(a0)
80200620:	00058e13          	mv	t3,a1
80200624:	36f50463          	beq	a0,a5,8020098c <_malloc_r+0x550>
80200628:	0047a703          	lw	a4,4(a5)
8020062c:	00078413          	mv	s0,a5
80200630:	00c7a783          	lw	a5,12(a5)
80200634:	ffc77713          	andi	a4,a4,-4
80200638:	409706b3          	sub	a3,a4,s1
8020063c:	36d84463          	blt	a6,a3,802009a4 <_malloc_r+0x568>
80200640:	fe06c2e3          	bltz	a3,80200624 <_malloc_r+0x1e8>
80200644:	00e40733          	add	a4,s0,a4
80200648:	00472683          	lw	a3,4(a4)
8020064c:	00842603          	lw	a2,8(s0)
80200650:	00090513          	mv	a0,s2
80200654:	0016e693          	ori	a3,a3,1
80200658:	00d72223          	sw	a3,4(a4)
8020065c:	00f62623          	sw	a5,12(a2)
80200660:	00c7a423          	sw	a2,8(a5)
80200664:	610000ef          	jal	80200c74 <__malloc_unlock>
80200668:	00840513          	addi	a0,s0,8
8020066c:	0100006f          	j	8020067c <_malloc_r+0x240>
80200670:	00c00793          	li	a5,12
80200674:	00f92023          	sw	a5,0(s2)
80200678:	00000513          	li	a0,0
8020067c:	02c12083          	lw	ra,44(sp)
80200680:	02812403          	lw	s0,40(sp)
80200684:	02412483          	lw	s1,36(sp)
80200688:	02012903          	lw	s2,32(sp)
8020068c:	01c12983          	lw	s3,28(sp)
80200690:	03010113          	addi	sp,sp,48
80200694:	00008067          	ret
80200698:	20000613          	li	a2,512
8020069c:	04000593          	li	a1,64
802006a0:	03f00813          	li	a6,63
802006a4:	e75ff06f          	j	80200518 <_malloc_r+0xdc>
802006a8:	0089a403          	lw	s0,8(s3)
802006ac:	01612823          	sw	s6,16(sp)
802006b0:	00442783          	lw	a5,4(s0)
802006b4:	ffc7fb13          	andi	s6,a5,-4
802006b8:	009b6863          	bltu	s6,s1,802006c8 <_malloc_r+0x28c>
802006bc:	409b0733          	sub	a4,s6,s1
802006c0:	00f00793          	li	a5,15
802006c4:	1ae7c663          	blt	a5,a4,80200870 <_malloc_r+0x434>
802006c8:	01912223          	sw	s9,4(sp)
802006cc:	00008c97          	auipc	s9,0x8
802006d0:	eacc8c93          	addi	s9,s9,-340 # 80208578 <__malloc_sbrk_base>
802006d4:	01512a23          	sw	s5,20(sp)
802006d8:	000ca703          	lw	a4,0(s9)
802006dc:	00008a97          	auipc	s5,0x8
802006e0:	eb4aaa83          	lw	s5,-332(s5) # 80208590 <__malloc_top_pad>
802006e4:	01412c23          	sw	s4,24(sp)
802006e8:	01712623          	sw	s7,12(sp)
802006ec:	fff00793          	li	a5,-1
802006f0:	01640a33          	add	s4,s0,s6
802006f4:	01548ab3          	add	s5,s1,s5
802006f8:	3ef70663          	beq	a4,a5,80200ae4 <_malloc_r+0x6a8>
802006fc:	000017b7          	lui	a5,0x1
80200700:	00f78793          	addi	a5,a5,15 # 100f <app_entry-0x801feff1>
80200704:	00fa8ab3          	add	s5,s5,a5
80200708:	fffff7b7          	lui	a5,0xfffff
8020070c:	00fafab3          	and	s5,s5,a5
80200710:	000a8593          	mv	a1,s5
80200714:	00090513          	mv	a0,s2
80200718:	009000ef          	jal	80200f20 <_sbrk_r>
8020071c:	fff00793          	li	a5,-1
80200720:	00050b93          	mv	s7,a0
80200724:	48f50463          	beq	a0,a5,80200bac <_malloc_r+0x770>
80200728:	01812423          	sw	s8,8(sp)
8020072c:	11456863          	bltu	a0,s4,8020083c <_malloc_r+0x400>
80200730:	00008c17          	auipc	s8,0x8
80200734:	e6cc0c13          	addi	s8,s8,-404 # 8020859c <__malloc_current_mallinfo>
80200738:	000c2583          	lw	a1,0(s8)
8020073c:	00ba85b3          	add	a1,s5,a1
80200740:	00bc2023          	sw	a1,0(s8)
80200744:	00058713          	mv	a4,a1
80200748:	46aa0863          	beq	s4,a0,80200bb8 <_malloc_r+0x77c>
8020074c:	000ca683          	lw	a3,0(s9)
80200750:	fff00793          	li	a5,-1
80200754:	48f68063          	beq	a3,a5,80200bd4 <_malloc_r+0x798>
80200758:	414b87b3          	sub	a5,s7,s4
8020075c:	00e787b3          	add	a5,a5,a4
80200760:	00fc2023          	sw	a5,0(s8)
80200764:	007bfc93          	andi	s9,s7,7
80200768:	380c8e63          	beqz	s9,80200b04 <_malloc_r+0x6c8>
8020076c:	419b8bb3          	sub	s7,s7,s9
80200770:	000015b7          	lui	a1,0x1
80200774:	008b8b93          	addi	s7,s7,8
80200778:	00858593          	addi	a1,a1,8 # 1008 <app_entry-0x801feff8>
8020077c:	015b8ab3          	add	s5,s7,s5
80200780:	419585b3          	sub	a1,a1,s9
80200784:	415585b3          	sub	a1,a1,s5
80200788:	01459593          	slli	a1,a1,0x14
8020078c:	0145da13          	srli	s4,a1,0x14
80200790:	000a0593          	mv	a1,s4
80200794:	00090513          	mv	a0,s2
80200798:	788000ef          	jal	80200f20 <_sbrk_r>
8020079c:	fff00793          	li	a5,-1
802007a0:	46f50a63          	beq	a0,a5,80200c14 <_malloc_r+0x7d8>
802007a4:	41750533          	sub	a0,a0,s7
802007a8:	01450ab3          	add	s5,a0,s4
802007ac:	000c2703          	lw	a4,0(s8)
802007b0:	0179a423          	sw	s7,8(s3)
802007b4:	001ae793          	ori	a5,s5,1
802007b8:	00ea05b3          	add	a1,s4,a4
802007bc:	00fba223          	sw	a5,4(s7)
802007c0:	00bc2023          	sw	a1,0(s8)
802007c4:	03340e63          	beq	s0,s3,80200800 <_malloc_r+0x3c4>
802007c8:	00f00693          	li	a3,15
802007cc:	3766f263          	bgeu	a3,s6,80200b30 <_malloc_r+0x6f4>
802007d0:	00442703          	lw	a4,4(s0)
802007d4:	ff4b0793          	addi	a5,s6,-12
802007d8:	ff87f793          	andi	a5,a5,-8
802007dc:	00177713          	andi	a4,a4,1
802007e0:	00f76733          	or	a4,a4,a5
802007e4:	00e42223          	sw	a4,4(s0)
802007e8:	00500613          	li	a2,5
802007ec:	00f40733          	add	a4,s0,a5
802007f0:	00c72223          	sw	a2,4(a4)
802007f4:	00c72423          	sw	a2,8(a4)
802007f8:	2cf6ea63          	bltu	a3,a5,80200acc <_malloc_r+0x690>
802007fc:	004ba783          	lw	a5,4(s7)
80200800:	00008717          	auipc	a4,0x8
80200804:	d8c70713          	addi	a4,a4,-628 # 8020858c <__malloc_max_sbrked_mem>
80200808:	00072683          	lw	a3,0(a4)
8020080c:	00b6f463          	bgeu	a3,a1,80200814 <_malloc_r+0x3d8>
80200810:	00b72023          	sw	a1,0(a4)
80200814:	00008717          	auipc	a4,0x8
80200818:	d7470713          	addi	a4,a4,-652 # 80208588 <__malloc_max_total_mem>
8020081c:	00072683          	lw	a3,0(a4)
80200820:	00b6f463          	bgeu	a3,a1,80200828 <_malloc_r+0x3ec>
80200824:	00b72023          	sw	a1,0(a4)
80200828:	00812c03          	lw	s8,8(sp)
8020082c:	000b8413          	mv	s0,s7
80200830:	01c0006f          	j	8020084c <_malloc_r+0x410>
80200834:	0049a503          	lw	a0,4(s3)
80200838:	d99ff06f          	j	802005d0 <_malloc_r+0x194>
8020083c:	35340c63          	beq	s0,s3,80200b94 <_malloc_r+0x758>
80200840:	0089a403          	lw	s0,8(s3)
80200844:	00812c03          	lw	s8,8(sp)
80200848:	00442783          	lw	a5,4(s0)
8020084c:	ffc7f793          	andi	a5,a5,-4
80200850:	40978733          	sub	a4,a5,s1
80200854:	2e97e463          	bltu	a5,s1,80200b3c <_malloc_r+0x700>
80200858:	00f00793          	li	a5,15
8020085c:	2ee7d063          	bge	a5,a4,80200b3c <_malloc_r+0x700>
80200860:	01812a03          	lw	s4,24(sp)
80200864:	01412a83          	lw	s5,20(sp)
80200868:	00c12b83          	lw	s7,12(sp)
8020086c:	00412c83          	lw	s9,4(sp)
80200870:	0014e793          	ori	a5,s1,1
80200874:	00f42223          	sw	a5,4(s0)
80200878:	009404b3          	add	s1,s0,s1
8020087c:	0099a423          	sw	s1,8(s3)
80200880:	00176713          	ori	a4,a4,1
80200884:	00090513          	mv	a0,s2
80200888:	00e4a223          	sw	a4,4(s1)
8020088c:	3e8000ef          	jal	80200c74 <__malloc_unlock>
80200890:	02c12083          	lw	ra,44(sp)
80200894:	00840513          	addi	a0,s0,8
80200898:	02812403          	lw	s0,40(sp)
8020089c:	01012b03          	lw	s6,16(sp)
802008a0:	02412483          	lw	s1,36(sp)
802008a4:	02012903          	lw	s2,32(sp)
802008a8:	01c12983          	lw	s3,28(sp)
802008ac:	03010113          	addi	sp,sp,48
802008b0:	00008067          	ret
802008b4:	00842603          	lw	a2,8(s0)
802008b8:	00f407b3          	add	a5,s0,a5
802008bc:	0047a703          	lw	a4,4(a5) # fffff004 <__heap_end+0x7fcff004>
802008c0:	00d62623          	sw	a3,12(a2)
802008c4:	00c6a423          	sw	a2,8(a3)
802008c8:	00176713          	ori	a4,a4,1
802008cc:	00090513          	mv	a0,s2
802008d0:	00e7a223          	sw	a4,4(a5)
802008d4:	3a0000ef          	jal	80200c74 <__malloc_unlock>
802008d8:	02c12083          	lw	ra,44(sp)
802008dc:	00840513          	addi	a0,s0,8
802008e0:	02812403          	lw	s0,40(sp)
802008e4:	02412483          	lw	s1,36(sp)
802008e8:	02012903          	lw	s2,32(sp)
802008ec:	01c12983          	lw	s3,28(sp)
802008f0:	03010113          	addi	sp,sp,48
802008f4:	00008067          	ret
802008f8:	00c7a403          	lw	s0,12(a5)
802008fc:	00258593          	addi	a1,a1,2
80200900:	c4878ee3          	beq	a5,s0,8020055c <_malloc_r+0x120>
80200904:	b8dff06f          	j	80200490 <_malloc_r+0x54>
80200908:	0097d713          	srli	a4,a5,0x9
8020090c:	00400693          	li	a3,4
80200910:	14e6f263          	bgeu	a3,a4,80200a54 <_malloc_r+0x618>
80200914:	01400693          	li	a3,20
80200918:	24e6e263          	bltu	a3,a4,80200b5c <_malloc_r+0x720>
8020091c:	05c70613          	addi	a2,a4,92
80200920:	00361613          	slli	a2,a2,0x3
80200924:	05b70693          	addi	a3,a4,91
80200928:	00c98633          	add	a2,s3,a2
8020092c:	00062703          	lw	a4,0(a2)
80200930:	ff860613          	addi	a2,a2,-8
80200934:	00e61863          	bne	a2,a4,80200944 <_malloc_r+0x508>
80200938:	1b40006f          	j	80200aec <_malloc_r+0x6b0>
8020093c:	00872703          	lw	a4,8(a4)
80200940:	00e60863          	beq	a2,a4,80200950 <_malloc_r+0x514>
80200944:	00472683          	lw	a3,4(a4)
80200948:	ffc6f693          	andi	a3,a3,-4
8020094c:	fed7e8e3          	bltu	a5,a3,8020093c <_malloc_r+0x500>
80200950:	00c72603          	lw	a2,12(a4)
80200954:	00c42623          	sw	a2,12(s0)
80200958:	00e42423          	sw	a4,8(s0)
8020095c:	00862423          	sw	s0,8(a2)
80200960:	00872623          	sw	s0,12(a4)
80200964:	c6dff06f          	j	802005d0 <_malloc_r+0x194>
80200968:	01400713          	li	a4,20
8020096c:	0ef77e63          	bgeu	a4,a5,80200a68 <_malloc_r+0x62c>
80200970:	05400713          	li	a4,84
80200974:	20f76263          	bltu	a4,a5,80200b78 <_malloc_r+0x73c>
80200978:	00c4d793          	srli	a5,s1,0xc
8020097c:	06f78593          	addi	a1,a5,111
80200980:	06e78813          	addi	a6,a5,110
80200984:	00359613          	slli	a2,a1,0x3
80200988:	b91ff06f          	j	80200518 <_malloc_r+0xdc>
8020098c:	001e0e13          	addi	t3,t3,1
80200990:	003e7793          	andi	a5,t3,3
80200994:	00850513          	addi	a0,a0,8
80200998:	0e078663          	beqz	a5,80200a84 <_malloc_r+0x648>
8020099c:	00c52783          	lw	a5,12(a0)
802009a0:	c85ff06f          	j	80200624 <_malloc_r+0x1e8>
802009a4:	00842603          	lw	a2,8(s0)
802009a8:	0014e593          	ori	a1,s1,1
802009ac:	00b42223          	sw	a1,4(s0)
802009b0:	00f62623          	sw	a5,12(a2)
802009b4:	00c7a423          	sw	a2,8(a5)
802009b8:	009404b3          	add	s1,s0,s1
802009bc:	0099aa23          	sw	s1,20(s3)
802009c0:	0099a823          	sw	s1,16(s3)
802009c4:	0016e793          	ori	a5,a3,1
802009c8:	00e40733          	add	a4,s0,a4
802009cc:	0114a623          	sw	a7,12(s1)
802009d0:	0114a423          	sw	a7,8(s1)
802009d4:	00f4a223          	sw	a5,4(s1)
802009d8:	00090513          	mv	a0,s2
802009dc:	00d72023          	sw	a3,0(a4)
802009e0:	294000ef          	jal	80200c74 <__malloc_unlock>
802009e4:	00840513          	addi	a0,s0,8
802009e8:	c95ff06f          	j	8020067c <_malloc_r+0x240>
802009ec:	00f407b3          	add	a5,s0,a5
802009f0:	0047a703          	lw	a4,4(a5)
802009f4:	00090513          	mv	a0,s2
802009f8:	00176713          	ori	a4,a4,1
802009fc:	00e7a223          	sw	a4,4(a5)
80200a00:	274000ef          	jal	80200c74 <__malloc_unlock>
80200a04:	00840513          	addi	a0,s0,8
80200a08:	c75ff06f          	j	8020067c <_malloc_r+0x240>
80200a0c:	0034d593          	srli	a1,s1,0x3
80200a10:	00848793          	addi	a5,s1,8
80200a14:	a65ff06f          	j	80200478 <_malloc_r+0x3c>
80200a18:	0014e693          	ori	a3,s1,1
80200a1c:	00d42223          	sw	a3,4(s0)
80200a20:	009404b3          	add	s1,s0,s1
80200a24:	0099aa23          	sw	s1,20(s3)
80200a28:	0099a823          	sw	s1,16(s3)
80200a2c:	00176693          	ori	a3,a4,1
80200a30:	00f407b3          	add	a5,s0,a5
80200a34:	0114a623          	sw	a7,12(s1)
80200a38:	0114a423          	sw	a7,8(s1)
80200a3c:	00d4a223          	sw	a3,4(s1)
80200a40:	00090513          	mv	a0,s2
80200a44:	00e7a023          	sw	a4,0(a5)
80200a48:	22c000ef          	jal	80200c74 <__malloc_unlock>
80200a4c:	00840513          	addi	a0,s0,8
80200a50:	c2dff06f          	j	8020067c <_malloc_r+0x240>
80200a54:	0067d713          	srli	a4,a5,0x6
80200a58:	03970613          	addi	a2,a4,57
80200a5c:	00361613          	slli	a2,a2,0x3
80200a60:	03870693          	addi	a3,a4,56
80200a64:	ec5ff06f          	j	80200928 <_malloc_r+0x4ec>
80200a68:	05c78593          	addi	a1,a5,92
80200a6c:	05b78813          	addi	a6,a5,91
80200a70:	00359613          	slli	a2,a1,0x3
80200a74:	aa5ff06f          	j	80200518 <_malloc_r+0xdc>
80200a78:	00832783          	lw	a5,8(t1)
80200a7c:	fff58593          	addi	a1,a1,-1
80200a80:	1e679063          	bne	a5,t1,80200c60 <_malloc_r+0x824>
80200a84:	0035f793          	andi	a5,a1,3
80200a88:	ff830313          	addi	t1,t1,-8
80200a8c:	fe0796e3          	bnez	a5,80200a78 <_malloc_r+0x63c>
80200a90:	0049a703          	lw	a4,4(s3)
80200a94:	fff64793          	not	a5,a2
80200a98:	00e7f7b3          	and	a5,a5,a4
80200a9c:	00f9a223          	sw	a5,4(s3)
80200aa0:	00161613          	slli	a2,a2,0x1
80200aa4:	c0c7e2e3          	bltu	a5,a2,802006a8 <_malloc_r+0x26c>
80200aa8:	c00600e3          	beqz	a2,802006a8 <_malloc_r+0x26c>
80200aac:	00f67733          	and	a4,a2,a5
80200ab0:	00071a63          	bnez	a4,80200ac4 <_malloc_r+0x688>
80200ab4:	00161613          	slli	a2,a2,0x1
80200ab8:	00f67733          	and	a4,a2,a5
80200abc:	004e0e13          	addi	t3,t3,4
80200ac0:	fe070ae3          	beqz	a4,80200ab4 <_malloc_r+0x678>
80200ac4:	000e0593          	mv	a1,t3
80200ac8:	b49ff06f          	j	80200610 <_malloc_r+0x1d4>
80200acc:	00840593          	addi	a1,s0,8
80200ad0:	00090513          	mv	a0,s2
80200ad4:	069000ef          	jal	8020133c <_free_r>
80200ad8:	000c2583          	lw	a1,0(s8)
80200adc:	0089ab83          	lw	s7,8(s3)
80200ae0:	d1dff06f          	j	802007fc <_malloc_r+0x3c0>
80200ae4:	010a8a93          	addi	s5,s5,16
80200ae8:	c29ff06f          	j	80200710 <_malloc_r+0x2d4>
80200aec:	4026d693          	srai	a3,a3,0x2
80200af0:	00100793          	li	a5,1
80200af4:	00d797b3          	sll	a5,a5,a3
80200af8:	00f56533          	or	a0,a0,a5
80200afc:	00a9a223          	sw	a0,4(s3)
80200b00:	e55ff06f          	j	80200954 <_malloc_r+0x518>
80200b04:	015b85b3          	add	a1,s7,s5
80200b08:	40b005b3          	neg	a1,a1
80200b0c:	01459593          	slli	a1,a1,0x14
80200b10:	0145da13          	srli	s4,a1,0x14
80200b14:	000a0593          	mv	a1,s4
80200b18:	00090513          	mv	a0,s2
80200b1c:	404000ef          	jal	80200f20 <_sbrk_r>
80200b20:	fff00793          	li	a5,-1
80200b24:	c8f510e3          	bne	a0,a5,802007a4 <_malloc_r+0x368>
80200b28:	00000a13          	li	s4,0
80200b2c:	c81ff06f          	j	802007ac <_malloc_r+0x370>
80200b30:	00812c03          	lw	s8,8(sp)
80200b34:	00100793          	li	a5,1
80200b38:	00fba223          	sw	a5,4(s7)
80200b3c:	00090513          	mv	a0,s2
80200b40:	134000ef          	jal	80200c74 <__malloc_unlock>
80200b44:	01812a03          	lw	s4,24(sp)
80200b48:	01412a83          	lw	s5,20(sp)
80200b4c:	01012b03          	lw	s6,16(sp)
80200b50:	00c12b83          	lw	s7,12(sp)
80200b54:	00412c83          	lw	s9,4(sp)
80200b58:	b21ff06f          	j	80200678 <_malloc_r+0x23c>
80200b5c:	05400693          	li	a3,84
80200b60:	06e6ee63          	bltu	a3,a4,80200bdc <_malloc_r+0x7a0>
80200b64:	00c7d713          	srli	a4,a5,0xc
80200b68:	06f70613          	addi	a2,a4,111
80200b6c:	00361613          	slli	a2,a2,0x3
80200b70:	06e70693          	addi	a3,a4,110
80200b74:	db5ff06f          	j	80200928 <_malloc_r+0x4ec>
80200b78:	15400713          	li	a4,340
80200b7c:	06f76e63          	bltu	a4,a5,80200bf8 <_malloc_r+0x7bc>
80200b80:	00f4d793          	srli	a5,s1,0xf
80200b84:	07878593          	addi	a1,a5,120
80200b88:	07778813          	addi	a6,a5,119
80200b8c:	00359613          	slli	a2,a1,0x3
80200b90:	989ff06f          	j	80200518 <_malloc_r+0xdc>
80200b94:	00008c17          	auipc	s8,0x8
80200b98:	a08c0c13          	addi	s8,s8,-1528 # 8020859c <__malloc_current_mallinfo>
80200b9c:	000c2703          	lw	a4,0(s8)
80200ba0:	00ea8733          	add	a4,s5,a4
80200ba4:	00ec2023          	sw	a4,0(s8)
80200ba8:	ba5ff06f          	j	8020074c <_malloc_r+0x310>
80200bac:	0089a403          	lw	s0,8(s3)
80200bb0:	00442783          	lw	a5,4(s0)
80200bb4:	c99ff06f          	j	8020084c <_malloc_r+0x410>
80200bb8:	01451793          	slli	a5,a0,0x14
80200bbc:	b80798e3          	bnez	a5,8020074c <_malloc_r+0x310>
80200bc0:	0089ab83          	lw	s7,8(s3)
80200bc4:	015b07b3          	add	a5,s6,s5
80200bc8:	0017e793          	ori	a5,a5,1
80200bcc:	00fba223          	sw	a5,4(s7)
80200bd0:	c31ff06f          	j	80200800 <_malloc_r+0x3c4>
80200bd4:	017ca023          	sw	s7,0(s9)
80200bd8:	b8dff06f          	j	80200764 <_malloc_r+0x328>
80200bdc:	15400693          	li	a3,340
80200be0:	04e6e463          	bltu	a3,a4,80200c28 <_malloc_r+0x7ec>
80200be4:	00f7d713          	srli	a4,a5,0xf
80200be8:	07870613          	addi	a2,a4,120
80200bec:	00361613          	slli	a2,a2,0x3
80200bf0:	07770693          	addi	a3,a4,119
80200bf4:	d35ff06f          	j	80200928 <_malloc_r+0x4ec>
80200bf8:	55400713          	li	a4,1364
80200bfc:	04f76463          	bltu	a4,a5,80200c44 <_malloc_r+0x808>
80200c00:	0124d793          	srli	a5,s1,0x12
80200c04:	07d78593          	addi	a1,a5,125
80200c08:	07c78813          	addi	a6,a5,124
80200c0c:	00359613          	slli	a2,a1,0x3
80200c10:	909ff06f          	j	80200518 <_malloc_r+0xdc>
80200c14:	ff8c8c93          	addi	s9,s9,-8
80200c18:	019a8ab3          	add	s5,s5,s9
80200c1c:	417a8ab3          	sub	s5,s5,s7
80200c20:	00000a13          	li	s4,0
80200c24:	b89ff06f          	j	802007ac <_malloc_r+0x370>
80200c28:	55400693          	li	a3,1364
80200c2c:	02e6e463          	bltu	a3,a4,80200c54 <_malloc_r+0x818>
80200c30:	0127d713          	srli	a4,a5,0x12
80200c34:	07d70613          	addi	a2,a4,125
80200c38:	00361613          	slli	a2,a2,0x3
80200c3c:	07c70693          	addi	a3,a4,124
80200c40:	ce9ff06f          	j	80200928 <_malloc_r+0x4ec>
80200c44:	3f800613          	li	a2,1016
80200c48:	07f00593          	li	a1,127
80200c4c:	07e00813          	li	a6,126
80200c50:	8c9ff06f          	j	80200518 <_malloc_r+0xdc>
80200c54:	3f800613          	li	a2,1016
80200c58:	07e00693          	li	a3,126
80200c5c:	ccdff06f          	j	80200928 <_malloc_r+0x4ec>
80200c60:	0049a783          	lw	a5,4(s3)
80200c64:	e3dff06f          	j	80200aa0 <_malloc_r+0x664>

80200c68 <__malloc_lock>:
__malloc_lock():
80200c68:	00008517          	auipc	a0,0x8
80200c6c:	92c50513          	addi	a0,a0,-1748 # 80208594 <__lock___malloc_recursive_mutex>
80200c70:	5800006f          	j	802011f0 <__retarget_lock_acquire_recursive>

80200c74 <__malloc_unlock>:
__malloc_unlock():
80200c74:	00008517          	auipc	a0,0x8
80200c78:	92050513          	addi	a0,a0,-1760 # 80208594 <__lock___malloc_recursive_mutex>
80200c7c:	5780006f          	j	802011f4 <__retarget_lock_release_recursive>

80200c80 <__utoa>:
__utoa():
80200c80:	00007797          	auipc	a5,0x7
80200c84:	3a078793          	addi	a5,a5,928 # 80208020 <__modsi3+0x6968>
80200c88:	0007a283          	lw	t0,0(a5)
80200c8c:	0047af83          	lw	t6,4(a5)
80200c90:	0087af03          	lw	t5,8(a5)
80200c94:	00c7ae83          	lw	t4,12(a5)
80200c98:	0107ae03          	lw	t3,16(a5)
80200c9c:	0147a303          	lw	t1,20(a5)
80200ca0:	0187a883          	lw	a7,24(a5)
80200ca4:	01c7a803          	lw	a6,28(a5)
80200ca8:	0207a683          	lw	a3,32(a5)
80200cac:	00007797          	auipc	a5,0x7
80200cb0:	3987c783          	lbu	a5,920(a5) # 80208044 <__modsi3+0x698c>
80200cb4:	fb010113          	addi	sp,sp,-80
80200cb8:	03512a23          	sw	s5,52(sp)
80200cbc:	02f10623          	sb	a5,44(sp)
80200cc0:	04112623          	sw	ra,76(sp)
80200cc4:	ffe60713          	addi	a4,a2,-2
80200cc8:	00512423          	sw	t0,8(sp)
80200ccc:	01f12623          	sw	t6,12(sp)
80200cd0:	01e12823          	sw	t5,16(sp)
80200cd4:	01d12a23          	sw	t4,20(sp)
80200cd8:	01c12c23          	sw	t3,24(sp)
80200cdc:	00612e23          	sw	t1,28(sp)
80200ce0:	03112023          	sw	a7,32(sp)
80200ce4:	03012223          	sw	a6,36(sp)
80200ce8:	02d12423          	sw	a3,40(sp)
80200cec:	02200793          	li	a5,34
80200cf0:	00058a93          	mv	s5,a1
80200cf4:	0ce7e463          	bltu	a5,a4,80200dbc <__utoa+0x13c>
80200cf8:	04812423          	sw	s0,72(sp)
80200cfc:	04912223          	sw	s1,68(sp)
80200d00:	05212023          	sw	s2,64(sp)
80200d04:	03312e23          	sw	s3,60(sp)
80200d08:	03412c23          	sw	s4,56(sp)
80200d0c:	03612823          	sw	s6,48(sp)
80200d10:	00060493          	mv	s1,a2
80200d14:	00050413          	mv	s0,a0
80200d18:	00000913          	li	s2,0
80200d1c:	00048593          	mv	a1,s1
80200d20:	00040513          	mv	a0,s0
80200d24:	161000ef          	jal	80201684 <__umodsi3>
80200d28:	00250533          	add	a0,a0,sp
80200d2c:	00854783          	lbu	a5,8(a0)
80200d30:	00090993          	mv	s3,s2
80200d34:	00190913          	addi	s2,s2,1
80200d38:	012a8a33          	add	s4,s5,s2
80200d3c:	00040513          	mv	a0,s0
80200d40:	00048593          	mv	a1,s1
80200d44:	fefa0fa3          	sb	a5,-1(s4)
80200d48:	00040b13          	mv	s6,s0
80200d4c:	0f1000ef          	jal	8020163c <__hidden___udivsi3>
80200d50:	00050413          	mv	s0,a0
80200d54:	fc9b74e3          	bgeu	s6,s1,80200d1c <__utoa+0x9c>
80200d58:	000a0023          	sb	zero,0(s4)
80200d5c:	02098a63          	beqz	s3,80200d90 <__utoa+0x110>
80200d60:	000a8693          	mv	a3,s5
80200d64:	013a8733          	add	a4,s5,s3
80200d68:	00000793          	li	a5,0
80200d6c:	00074583          	lbu	a1,0(a4)
80200d70:	0006c603          	lbu	a2,0(a3)
80200d74:	00178793          	addi	a5,a5,1
80200d78:	00b68023          	sb	a1,0(a3)
80200d7c:	00c70023          	sb	a2,0(a4)
80200d80:	40f98633          	sub	a2,s3,a5
80200d84:	00168693          	addi	a3,a3,1
80200d88:	fff70713          	addi	a4,a4,-1
80200d8c:	fec7c0e3          	blt	a5,a2,80200d6c <__utoa+0xec>
80200d90:	04812403          	lw	s0,72(sp)
80200d94:	04c12083          	lw	ra,76(sp)
80200d98:	04412483          	lw	s1,68(sp)
80200d9c:	04012903          	lw	s2,64(sp)
80200da0:	03c12983          	lw	s3,60(sp)
80200da4:	03812a03          	lw	s4,56(sp)
80200da8:	03012b03          	lw	s6,48(sp)
80200dac:	000a8513          	mv	a0,s5
80200db0:	03412a83          	lw	s5,52(sp)
80200db4:	05010113          	addi	sp,sp,80
80200db8:	00008067          	ret
80200dbc:	00058023          	sb	zero,0(a1)
80200dc0:	04c12083          	lw	ra,76(sp)
80200dc4:	03412a83          	lw	s5,52(sp)
80200dc8:	00000513          	li	a0,0
80200dcc:	05010113          	addi	sp,sp,80
80200dd0:	00008067          	ret

80200dd4 <strcat>:
strcat():
80200dd4:	ff010113          	addi	sp,sp,-16
80200dd8:	00812423          	sw	s0,8(sp)
80200ddc:	00112623          	sw	ra,12(sp)
80200de0:	00357793          	andi	a5,a0,3
80200de4:	00050413          	mv	s0,a0
80200de8:	06079663          	bnez	a5,80200e54 <strcat+0x80>
80200dec:	00052703          	lw	a4,0(a0)
80200df0:	feff0637          	lui	a2,0xfeff0
80200df4:	eff60613          	addi	a2,a2,-257 # fefefeff <__heap_end+0x7ecefeff>
80200df8:	00c707b3          	add	a5,a4,a2
80200dfc:	808086b7          	lui	a3,0x80808
80200e00:	fff74713          	not	a4,a4
80200e04:	00e7f7b3          	and	a5,a5,a4
80200e08:	08068693          	addi	a3,a3,128 # 80808080 <__heap_end+0x508080>
80200e0c:	00d7f7b3          	and	a5,a5,a3
80200e10:	04079263          	bnez	a5,80200e54 <strcat+0x80>
80200e14:	00452703          	lw	a4,4(a0)
80200e18:	00450513          	addi	a0,a0,4
80200e1c:	00c707b3          	add	a5,a4,a2
80200e20:	fff74713          	not	a4,a4
80200e24:	00e7f7b3          	and	a5,a5,a4
80200e28:	00d7f7b3          	and	a5,a5,a3
80200e2c:	02079463          	bnez	a5,80200e54 <strcat+0x80>
80200e30:	00452703          	lw	a4,4(a0)
80200e34:	00450513          	addi	a0,a0,4
80200e38:	00c707b3          	add	a5,a4,a2
80200e3c:	fff74713          	not	a4,a4
80200e40:	00e7f7b3          	and	a5,a5,a4
80200e44:	00d7f7b3          	and	a5,a5,a3
80200e48:	fc0786e3          	beqz	a5,80200e14 <strcat+0x40>
80200e4c:	0080006f          	j	80200e54 <strcat+0x80>
80200e50:	00150513          	addi	a0,a0,1
80200e54:	00054783          	lbu	a5,0(a0)
80200e58:	fe079ce3          	bnez	a5,80200e50 <strcat+0x7c>
80200e5c:	2f0000ef          	jal	8020114c <strcpy>
80200e60:	00c12083          	lw	ra,12(sp)
80200e64:	00040513          	mv	a0,s0
80200e68:	00812403          	lw	s0,8(sp)
80200e6c:	01010113          	addi	sp,sp,16
80200e70:	00008067          	ret

80200e74 <strncat>:
strncat():
80200e74:	00357713          	andi	a4,a0,3
80200e78:	00050793          	mv	a5,a0
80200e7c:	06071663          	bnez	a4,80200ee8 <strncat+0x74>
80200e80:	00052683          	lw	a3,0(a0)
80200e84:	feff08b7          	lui	a7,0xfeff0
80200e88:	eff88893          	addi	a7,a7,-257 # fefefeff <__heap_end+0x7ecefeff>
80200e8c:	01168733          	add	a4,a3,a7
80200e90:	80808837          	lui	a6,0x80808
80200e94:	fff6c693          	not	a3,a3
80200e98:	00d77733          	and	a4,a4,a3
80200e9c:	08080813          	addi	a6,a6,128 # 80808080 <__heap_end+0x508080>
80200ea0:	01077733          	and	a4,a4,a6
80200ea4:	04071263          	bnez	a4,80200ee8 <strncat+0x74>
80200ea8:	0047a683          	lw	a3,4(a5)
80200eac:	00478793          	addi	a5,a5,4
80200eb0:	01168733          	add	a4,a3,a7
80200eb4:	fff6c693          	not	a3,a3
80200eb8:	00d77733          	and	a4,a4,a3
80200ebc:	01077733          	and	a4,a4,a6
80200ec0:	02071463          	bnez	a4,80200ee8 <strncat+0x74>
80200ec4:	0047a683          	lw	a3,4(a5)
80200ec8:	00478793          	addi	a5,a5,4
80200ecc:	01168733          	add	a4,a3,a7
80200ed0:	fff6c693          	not	a3,a3
80200ed4:	00d77733          	and	a4,a4,a3
80200ed8:	01077733          	and	a4,a4,a6
80200edc:	fc0706e3          	beqz	a4,80200ea8 <strncat+0x34>
80200ee0:	0080006f          	j	80200ee8 <strncat+0x74>
80200ee4:	00178793          	addi	a5,a5,1
80200ee8:	0007c703          	lbu	a4,0(a5)
80200eec:	fe071ce3          	bnez	a4,80200ee4 <strncat+0x70>
80200ef0:	00c786b3          	add	a3,a5,a2
80200ef4:	02060463          	beqz	a2,80200f1c <strncat+0xa8>
80200ef8:	0005c703          	lbu	a4,0(a1)
80200efc:	00178793          	addi	a5,a5,1
80200f00:	00158593          	addi	a1,a1,1
80200f04:	fee78fa3          	sb	a4,-1(a5)
80200f08:	00070863          	beqz	a4,80200f18 <strncat+0xa4>
80200f0c:	fef696e3          	bne	a3,a5,80200ef8 <strncat+0x84>
80200f10:	00068023          	sb	zero,0(a3)
80200f14:	00008067          	ret
80200f18:	00008067          	ret
80200f1c:	00008067          	ret

80200f20 <_sbrk_r>:
_sbrk_r():
80200f20:	ff010113          	addi	sp,sp,-16
80200f24:	00812423          	sw	s0,8(sp)
80200f28:	00050413          	mv	s0,a0
80200f2c:	00058513          	mv	a0,a1
80200f30:	00007797          	auipc	a5,0x7
80200f34:	6607a423          	sw	zero,1640(a5) # 80208598 <errno>
80200f38:	00112623          	sw	ra,12(sp)
80200f3c:	90cff0ef          	jal	80200048 <_sbrk>
80200f40:	fff00793          	li	a5,-1
80200f44:	00f50a63          	beq	a0,a5,80200f58 <_sbrk_r+0x38>
80200f48:	00c12083          	lw	ra,12(sp)
80200f4c:	00812403          	lw	s0,8(sp)
80200f50:	01010113          	addi	sp,sp,16
80200f54:	00008067          	ret
80200f58:	00912223          	sw	s1,4(sp)
80200f5c:	00007497          	auipc	s1,0x7
80200f60:	63c48493          	addi	s1,s1,1596 # 80208598 <errno>
80200f64:	0004a783          	lw	a5,0(s1)
80200f68:	00078e63          	beqz	a5,80200f84 <_sbrk_r+0x64>
80200f6c:	00c12083          	lw	ra,12(sp)
80200f70:	00f42023          	sw	a5,0(s0)
80200f74:	00812403          	lw	s0,8(sp)
80200f78:	00412483          	lw	s1,4(sp)
80200f7c:	01010113          	addi	sp,sp,16
80200f80:	00008067          	ret
80200f84:	00c12083          	lw	ra,12(sp)
80200f88:	00812403          	lw	s0,8(sp)
80200f8c:	00412483          	lw	s1,4(sp)
80200f90:	01010113          	addi	sp,sp,16
80200f94:	00008067          	ret

80200f98 <memcpy>:
memcpy():
80200f98:	00a5c7b3          	xor	a5,a1,a0
80200f9c:	0037f793          	andi	a5,a5,3
80200fa0:	00c508b3          	add	a7,a0,a2
80200fa4:	06079663          	bnez	a5,80201010 <memcpy+0x78>
80200fa8:	00300793          	li	a5,3
80200fac:	06c7f263          	bgeu	a5,a2,80201010 <memcpy+0x78>
80200fb0:	00357793          	andi	a5,a0,3
80200fb4:	00050713          	mv	a4,a0
80200fb8:	0c079a63          	bnez	a5,8020108c <memcpy+0xf4>
80200fbc:	ffc8f613          	andi	a2,a7,-4
80200fc0:	40e606b3          	sub	a3,a2,a4
80200fc4:	02000793          	li	a5,32
80200fc8:	06d7c463          	blt	a5,a3,80201030 <memcpy+0x98>
80200fcc:	00058693          	mv	a3,a1
80200fd0:	00070793          	mv	a5,a4
80200fd4:	02c77a63          	bgeu	a4,a2,80201008 <memcpy+0x70>
80200fd8:	0006a803          	lw	a6,0(a3)
80200fdc:	00478793          	addi	a5,a5,4
80200fe0:	00468693          	addi	a3,a3,4
80200fe4:	ff07ae23          	sw	a6,-4(a5)
80200fe8:	fec7e8e3          	bltu	a5,a2,80200fd8 <memcpy+0x40>
80200fec:	fff60613          	addi	a2,a2,-1
80200ff0:	40e60633          	sub	a2,a2,a4
80200ff4:	ffc67613          	andi	a2,a2,-4
80200ff8:	00458593          	addi	a1,a1,4
80200ffc:	00470713          	addi	a4,a4,4
80201000:	00c585b3          	add	a1,a1,a2
80201004:	00c70733          	add	a4,a4,a2
80201008:	01176863          	bltu	a4,a7,80201018 <memcpy+0x80>
8020100c:	00008067          	ret
80201010:	00050713          	mv	a4,a0
80201014:	ff157ce3          	bgeu	a0,a7,8020100c <memcpy+0x74>
80201018:	0005c783          	lbu	a5,0(a1)
8020101c:	00170713          	addi	a4,a4,1
80201020:	00158593          	addi	a1,a1,1
80201024:	fef70fa3          	sb	a5,-1(a4)
80201028:	fee898e3          	bne	a7,a4,80201018 <memcpy+0x80>
8020102c:	00008067          	ret
80201030:	0205a683          	lw	a3,32(a1)
80201034:	0005a383          	lw	t2,0(a1)
80201038:	0045a283          	lw	t0,4(a1)
8020103c:	0085af83          	lw	t6,8(a1)
80201040:	00c5af03          	lw	t5,12(a1)
80201044:	0105ae83          	lw	t4,16(a1)
80201048:	0145ae03          	lw	t3,20(a1)
8020104c:	0185a303          	lw	t1,24(a1)
80201050:	01c5a803          	lw	a6,28(a1)
80201054:	02470713          	addi	a4,a4,36
80201058:	fed72e23          	sw	a3,-4(a4)
8020105c:	fc772e23          	sw	t2,-36(a4)
80201060:	40e606b3          	sub	a3,a2,a4
80201064:	fe572023          	sw	t0,-32(a4)
80201068:	fff72223          	sw	t6,-28(a4)
8020106c:	ffe72423          	sw	t5,-24(a4)
80201070:	ffd72623          	sw	t4,-20(a4)
80201074:	ffc72823          	sw	t3,-16(a4)
80201078:	fe672a23          	sw	t1,-12(a4)
8020107c:	ff072c23          	sw	a6,-8(a4)
80201080:	02458593          	addi	a1,a1,36
80201084:	fad7c6e3          	blt	a5,a3,80201030 <memcpy+0x98>
80201088:	f45ff06f          	j	80200fcc <memcpy+0x34>
8020108c:	0005c683          	lbu	a3,0(a1)
80201090:	00170713          	addi	a4,a4,1
80201094:	00377793          	andi	a5,a4,3
80201098:	fed70fa3          	sb	a3,-1(a4)
8020109c:	00158593          	addi	a1,a1,1
802010a0:	f0078ee3          	beqz	a5,80200fbc <memcpy+0x24>
802010a4:	0005c683          	lbu	a3,0(a1)
802010a8:	00170713          	addi	a4,a4,1
802010ac:	00377793          	andi	a5,a4,3
802010b0:	fed70fa3          	sb	a3,-1(a4)
802010b4:	00158593          	addi	a1,a1,1
802010b8:	fc079ae3          	bnez	a5,8020108c <memcpy+0xf4>
802010bc:	f01ff06f          	j	80200fbc <memcpy+0x24>

802010c0 <strlen>:
strlen():
802010c0:	00357793          	andi	a5,a0,3
802010c4:	00050713          	mv	a4,a0
802010c8:	04079c63          	bnez	a5,80201120 <strlen+0x60>
802010cc:	7f7f86b7          	lui	a3,0x7f7f8
802010d0:	f7f68693          	addi	a3,a3,-129 # 7f7f7f7f <app_entry-0xa08081>
802010d4:	fff00593          	li	a1,-1
802010d8:	00072603          	lw	a2,0(a4)
802010dc:	00470713          	addi	a4,a4,4
802010e0:	00d677b3          	and	a5,a2,a3
802010e4:	00d787b3          	add	a5,a5,a3
802010e8:	00c7e7b3          	or	a5,a5,a2
802010ec:	00d7e7b3          	or	a5,a5,a3
802010f0:	feb784e3          	beq	a5,a1,802010d8 <strlen+0x18>
802010f4:	ffc74683          	lbu	a3,-4(a4)
802010f8:	40a707b3          	sub	a5,a4,a0
802010fc:	04068463          	beqz	a3,80201144 <strlen+0x84>
80201100:	ffd74683          	lbu	a3,-3(a4)
80201104:	02068c63          	beqz	a3,8020113c <strlen+0x7c>
80201108:	ffe74503          	lbu	a0,-2(a4)
8020110c:	00a03533          	snez	a0,a0
80201110:	00f50533          	add	a0,a0,a5
80201114:	ffe50513          	addi	a0,a0,-2
80201118:	00008067          	ret
8020111c:	fa0688e3          	beqz	a3,802010cc <strlen+0xc>
80201120:	00074783          	lbu	a5,0(a4)
80201124:	00170713          	addi	a4,a4,1
80201128:	00377693          	andi	a3,a4,3
8020112c:	fe0798e3          	bnez	a5,8020111c <strlen+0x5c>
80201130:	40a70733          	sub	a4,a4,a0
80201134:	fff70513          	addi	a0,a4,-1
80201138:	00008067          	ret
8020113c:	ffd78513          	addi	a0,a5,-3
80201140:	00008067          	ret
80201144:	ffc78513          	addi	a0,a5,-4
80201148:	00008067          	ret

8020114c <strcpy>:
strcpy():
8020114c:	00b567b3          	or	a5,a0,a1
80201150:	0037f793          	andi	a5,a5,3
80201154:	08079063          	bnez	a5,802011d4 <strcpy+0x88>
80201158:	0005a703          	lw	a4,0(a1)
8020115c:	7f7f86b7          	lui	a3,0x7f7f8
80201160:	f7f68693          	addi	a3,a3,-129 # 7f7f7f7f <app_entry-0xa08081>
80201164:	00d77833          	and	a6,a4,a3
80201168:	00d80833          	add	a6,a6,a3
8020116c:	00e86833          	or	a6,a6,a4
80201170:	00d86833          	or	a6,a6,a3
80201174:	fff00793          	li	a5,-1
80201178:	00050613          	mv	a2,a0
8020117c:	02f81463          	bne	a6,a5,802011a4 <strcpy+0x58>
80201180:	00458593          	addi	a1,a1,4
80201184:	00e62023          	sw	a4,0(a2)
80201188:	0005a703          	lw	a4,0(a1)
8020118c:	00460613          	addi	a2,a2,4
80201190:	00d777b3          	and	a5,a4,a3
80201194:	00d787b3          	add	a5,a5,a3
80201198:	00e7e7b3          	or	a5,a5,a4
8020119c:	00d7e7b3          	or	a5,a5,a3
802011a0:	ff0780e3          	beq	a5,a6,80201180 <strcpy+0x34>
802011a4:	0005c783          	lbu	a5,0(a1)
802011a8:	0015c703          	lbu	a4,1(a1)
802011ac:	0025c683          	lbu	a3,2(a1)
802011b0:	00f60023          	sb	a5,0(a2)
802011b4:	00078a63          	beqz	a5,802011c8 <strcpy+0x7c>
802011b8:	00e600a3          	sb	a4,1(a2)
802011bc:	00070663          	beqz	a4,802011c8 <strcpy+0x7c>
802011c0:	00d60123          	sb	a3,2(a2)
802011c4:	00069463          	bnez	a3,802011cc <strcpy+0x80>
802011c8:	00008067          	ret
802011cc:	000601a3          	sb	zero,3(a2)
802011d0:	00008067          	ret
802011d4:	00050793          	mv	a5,a0
802011d8:	0005c703          	lbu	a4,0(a1)
802011dc:	00178793          	addi	a5,a5,1
802011e0:	00158593          	addi	a1,a1,1
802011e4:	fee78fa3          	sb	a4,-1(a5)
802011e8:	fe0718e3          	bnez	a4,802011d8 <strcpy+0x8c>
802011ec:	00008067          	ret

802011f0 <__retarget_lock_acquire_recursive>:
__retarget_lock_acquire_recursive():
802011f0:	00008067          	ret

802011f4 <__retarget_lock_release_recursive>:
__retarget_lock_release_recursive():
802011f4:	00008067          	ret

802011f8 <_malloc_trim_r>:
_malloc_trim_r():
802011f8:	fe010113          	addi	sp,sp,-32
802011fc:	00812c23          	sw	s0,24(sp)
80201200:	00912a23          	sw	s1,20(sp)
80201204:	01212823          	sw	s2,16(sp)
80201208:	01312623          	sw	s3,12(sp)
8020120c:	01412423          	sw	s4,8(sp)
80201210:	00058993          	mv	s3,a1
80201214:	00112e23          	sw	ra,28(sp)
80201218:	00050913          	mv	s2,a0
8020121c:	00007a17          	auipc	s4,0x7
80201220:	e2ca0a13          	addi	s4,s4,-468 # 80208048 <__malloc_av_>
80201224:	a45ff0ef          	jal	80200c68 <__malloc_lock>
80201228:	008a2783          	lw	a5,8(s4)
8020122c:	00001437          	lui	s0,0x1
80201230:	fef40413          	addi	s0,s0,-17 # fef <app_entry-0x801ff011>
80201234:	0047a483          	lw	s1,4(a5)
80201238:	000017b7          	lui	a5,0x1
8020123c:	ffc4f493          	andi	s1,s1,-4
80201240:	00848433          	add	s0,s1,s0
80201244:	41340433          	sub	s0,s0,s3
80201248:	00c45413          	srli	s0,s0,0xc
8020124c:	fff40413          	addi	s0,s0,-1
80201250:	00c41413          	slli	s0,s0,0xc
80201254:	00f44e63          	blt	s0,a5,80201270 <_malloc_trim_r+0x78>
80201258:	00000593          	li	a1,0
8020125c:	00090513          	mv	a0,s2
80201260:	cc1ff0ef          	jal	80200f20 <_sbrk_r>
80201264:	008a2783          	lw	a5,8(s4)
80201268:	009787b3          	add	a5,a5,s1
8020126c:	02f50863          	beq	a0,a5,8020129c <_malloc_trim_r+0xa4>
80201270:	00090513          	mv	a0,s2
80201274:	a01ff0ef          	jal	80200c74 <__malloc_unlock>
80201278:	01c12083          	lw	ra,28(sp)
8020127c:	01812403          	lw	s0,24(sp)
80201280:	01412483          	lw	s1,20(sp)
80201284:	01012903          	lw	s2,16(sp)
80201288:	00c12983          	lw	s3,12(sp)
8020128c:	00812a03          	lw	s4,8(sp)
80201290:	00000513          	li	a0,0
80201294:	02010113          	addi	sp,sp,32
80201298:	00008067          	ret
8020129c:	408005b3          	neg	a1,s0
802012a0:	00090513          	mv	a0,s2
802012a4:	c7dff0ef          	jal	80200f20 <_sbrk_r>
802012a8:	fff00793          	li	a5,-1
802012ac:	04f50a63          	beq	a0,a5,80201300 <_malloc_trim_r+0x108>
802012b0:	00007717          	auipc	a4,0x7
802012b4:	2ec70713          	addi	a4,a4,748 # 8020859c <__malloc_current_mallinfo>
802012b8:	008a2683          	lw	a3,8(s4)
802012bc:	00072783          	lw	a5,0(a4)
802012c0:	408484b3          	sub	s1,s1,s0
802012c4:	0014e493          	ori	s1,s1,1
802012c8:	00090513          	mv	a0,s2
802012cc:	408787b3          	sub	a5,a5,s0
802012d0:	0096a223          	sw	s1,4(a3)
802012d4:	00f72023          	sw	a5,0(a4)
802012d8:	99dff0ef          	jal	80200c74 <__malloc_unlock>
802012dc:	01c12083          	lw	ra,28(sp)
802012e0:	01812403          	lw	s0,24(sp)
802012e4:	01412483          	lw	s1,20(sp)
802012e8:	01012903          	lw	s2,16(sp)
802012ec:	00c12983          	lw	s3,12(sp)
802012f0:	00812a03          	lw	s4,8(sp)
802012f4:	00100513          	li	a0,1
802012f8:	02010113          	addi	sp,sp,32
802012fc:	00008067          	ret
80201300:	00000593          	li	a1,0
80201304:	00090513          	mv	a0,s2
80201308:	c19ff0ef          	jal	80200f20 <_sbrk_r>
8020130c:	008a2703          	lw	a4,8(s4)
80201310:	00f00693          	li	a3,15
80201314:	40e507b3          	sub	a5,a0,a4
80201318:	f4f6dce3          	bge	a3,a5,80201270 <_malloc_trim_r+0x78>
8020131c:	00007697          	auipc	a3,0x7
80201320:	25c6a683          	lw	a3,604(a3) # 80208578 <__malloc_sbrk_base>
80201324:	0017e793          	ori	a5,a5,1
80201328:	00f72223          	sw	a5,4(a4)
8020132c:	40d50533          	sub	a0,a0,a3
80201330:	00007797          	auipc	a5,0x7
80201334:	26a7a623          	sw	a0,620(a5) # 8020859c <__malloc_current_mallinfo>
80201338:	f39ff06f          	j	80201270 <_malloc_trim_r+0x78>

8020133c <_free_r>:
_free_r():
8020133c:	12058663          	beqz	a1,80201468 <_free_r+0x12c>
80201340:	ff010113          	addi	sp,sp,-16
80201344:	00812423          	sw	s0,8(sp)
80201348:	00912223          	sw	s1,4(sp)
8020134c:	00058413          	mv	s0,a1
80201350:	00050493          	mv	s1,a0
80201354:	00112623          	sw	ra,12(sp)
80201358:	911ff0ef          	jal	80200c68 <__malloc_lock>
8020135c:	ffc42583          	lw	a1,-4(s0)
80201360:	ff840713          	addi	a4,s0,-8
80201364:	00007817          	auipc	a6,0x7
80201368:	ce480813          	addi	a6,a6,-796 # 80208048 <__malloc_av_>
8020136c:	ffe5f793          	andi	a5,a1,-2
80201370:	00f70633          	add	a2,a4,a5
80201374:	00462683          	lw	a3,4(a2)
80201378:	00882503          	lw	a0,8(a6)
8020137c:	0015f893          	andi	a7,a1,1
80201380:	ffc6f693          	andi	a3,a3,-4
80201384:	18c50c63          	beq	a0,a2,8020151c <_free_r+0x1e0>
80201388:	00d62223          	sw	a3,4(a2)
8020138c:	00d60533          	add	a0,a2,a3
80201390:	00452503          	lw	a0,4(a0)
80201394:	00157513          	andi	a0,a0,1
80201398:	08089c63          	bnez	a7,80201430 <_free_r+0xf4>
8020139c:	ff842303          	lw	t1,-8(s0)
802013a0:	00007897          	auipc	a7,0x7
802013a4:	cb088893          	addi	a7,a7,-848 # 80208050 <__malloc_av_+0x8>
802013a8:	40670733          	sub	a4,a4,t1
802013ac:	00872583          	lw	a1,8(a4)
802013b0:	006787b3          	add	a5,a5,t1
802013b4:	13158e63          	beq	a1,a7,802014f0 <_free_r+0x1b4>
802013b8:	00c72303          	lw	t1,12(a4)
802013bc:	0065a623          	sw	t1,12(a1)
802013c0:	00b32423          	sw	a1,8(t1)
802013c4:	1a050463          	beqz	a0,8020156c <_free_r+0x230>
802013c8:	0017e693          	ori	a3,a5,1
802013cc:	00d72223          	sw	a3,4(a4)
802013d0:	00f62023          	sw	a5,0(a2)
802013d4:	1ff00693          	li	a3,511
802013d8:	0af6e463          	bltu	a3,a5,80201480 <_free_r+0x144>
802013dc:	ff87f693          	andi	a3,a5,-8
802013e0:	00868693          	addi	a3,a3,8
802013e4:	00482583          	lw	a1,4(a6)
802013e8:	00d806b3          	add	a3,a6,a3
802013ec:	0006a603          	lw	a2,0(a3)
802013f0:	0057d513          	srli	a0,a5,0x5
802013f4:	00100793          	li	a5,1
802013f8:	00a797b3          	sll	a5,a5,a0
802013fc:	00b7e7b3          	or	a5,a5,a1
80201400:	ff868593          	addi	a1,a3,-8
80201404:	00c72423          	sw	a2,8(a4)
80201408:	00b72623          	sw	a1,12(a4)
8020140c:	00f82223          	sw	a5,4(a6)
80201410:	00e6a023          	sw	a4,0(a3)
80201414:	00e62623          	sw	a4,12(a2)
80201418:	00812403          	lw	s0,8(sp)
8020141c:	00c12083          	lw	ra,12(sp)
80201420:	00048513          	mv	a0,s1
80201424:	00412483          	lw	s1,4(sp)
80201428:	01010113          	addi	sp,sp,16
8020142c:	849ff06f          	j	80200c74 <__malloc_unlock>
80201430:	02051e63          	bnez	a0,8020146c <_free_r+0x130>
80201434:	00d787b3          	add	a5,a5,a3
80201438:	00007897          	auipc	a7,0x7
8020143c:	c1888893          	addi	a7,a7,-1000 # 80208050 <__malloc_av_+0x8>
80201440:	00862683          	lw	a3,8(a2)
80201444:	0017e513          	ori	a0,a5,1
80201448:	00f705b3          	add	a1,a4,a5
8020144c:	17168663          	beq	a3,a7,802015b8 <_free_r+0x27c>
80201450:	00c62603          	lw	a2,12(a2)
80201454:	00c6a623          	sw	a2,12(a3)
80201458:	00d62423          	sw	a3,8(a2)
8020145c:	00a72223          	sw	a0,4(a4)
80201460:	00f5a023          	sw	a5,0(a1)
80201464:	f71ff06f          	j	802013d4 <_free_r+0x98>
80201468:	00008067          	ret
8020146c:	0015e593          	ori	a1,a1,1
80201470:	feb42e23          	sw	a1,-4(s0)
80201474:	00f62023          	sw	a5,0(a2)
80201478:	1ff00693          	li	a3,511
8020147c:	f6f6f0e3          	bgeu	a3,a5,802013dc <_free_r+0xa0>
80201480:	0097d693          	srli	a3,a5,0x9
80201484:	00400613          	li	a2,4
80201488:	0ed66663          	bltu	a2,a3,80201574 <_free_r+0x238>
8020148c:	0067d693          	srli	a3,a5,0x6
80201490:	03968593          	addi	a1,a3,57
80201494:	00359593          	slli	a1,a1,0x3
80201498:	03868613          	addi	a2,a3,56
8020149c:	00b805b3          	add	a1,a6,a1
802014a0:	0005a683          	lw	a3,0(a1)
802014a4:	ff858593          	addi	a1,a1,-8
802014a8:	00d59863          	bne	a1,a3,802014b8 <_free_r+0x17c>
802014ac:	1280006f          	j	802015d4 <_free_r+0x298>
802014b0:	0086a683          	lw	a3,8(a3)
802014b4:	00d58863          	beq	a1,a3,802014c4 <_free_r+0x188>
802014b8:	0046a603          	lw	a2,4(a3)
802014bc:	ffc67613          	andi	a2,a2,-4
802014c0:	fec7e8e3          	bltu	a5,a2,802014b0 <_free_r+0x174>
802014c4:	00c6a583          	lw	a1,12(a3)
802014c8:	00b72623          	sw	a1,12(a4)
802014cc:	00d72423          	sw	a3,8(a4)
802014d0:	00812403          	lw	s0,8(sp)
802014d4:	00c12083          	lw	ra,12(sp)
802014d8:	00e5a423          	sw	a4,8(a1)
802014dc:	00048513          	mv	a0,s1
802014e0:	00412483          	lw	s1,4(sp)
802014e4:	00e6a623          	sw	a4,12(a3)
802014e8:	01010113          	addi	sp,sp,16
802014ec:	f88ff06f          	j	80200c74 <__malloc_unlock>
802014f0:	0a051463          	bnez	a0,80201598 <_free_r+0x25c>
802014f4:	00c62583          	lw	a1,12(a2)
802014f8:	00862603          	lw	a2,8(a2)
802014fc:	00f686b3          	add	a3,a3,a5
80201500:	0016e793          	ori	a5,a3,1
80201504:	00b62623          	sw	a1,12(a2)
80201508:	00c5a423          	sw	a2,8(a1)
8020150c:	00f72223          	sw	a5,4(a4)
80201510:	00d70733          	add	a4,a4,a3
80201514:	00d72023          	sw	a3,0(a4)
80201518:	f01ff06f          	j	80201418 <_free_r+0xdc>
8020151c:	00d786b3          	add	a3,a5,a3
80201520:	02089063          	bnez	a7,80201540 <_free_r+0x204>
80201524:	ff842583          	lw	a1,-8(s0)
80201528:	40b70733          	sub	a4,a4,a1
8020152c:	00c72783          	lw	a5,12(a4)
80201530:	00872603          	lw	a2,8(a4)
80201534:	00b686b3          	add	a3,a3,a1
80201538:	00f62623          	sw	a5,12(a2)
8020153c:	00c7a423          	sw	a2,8(a5)
80201540:	0016e613          	ori	a2,a3,1
80201544:	00007797          	auipc	a5,0x7
80201548:	0387a783          	lw	a5,56(a5) # 8020857c <__malloc_trim_threshold>
8020154c:	00c72223          	sw	a2,4(a4)
80201550:	00e82423          	sw	a4,8(a6)
80201554:	ecf6e2e3          	bltu	a3,a5,80201418 <_free_r+0xdc>
80201558:	00007597          	auipc	a1,0x7
8020155c:	0385a583          	lw	a1,56(a1) # 80208590 <__malloc_top_pad>
80201560:	00048513          	mv	a0,s1
80201564:	c95ff0ef          	jal	802011f8 <_malloc_trim_r>
80201568:	eb1ff06f          	j	80201418 <_free_r+0xdc>
8020156c:	00d787b3          	add	a5,a5,a3
80201570:	ed1ff06f          	j	80201440 <_free_r+0x104>
80201574:	01400613          	li	a2,20
80201578:	02d67863          	bgeu	a2,a3,802015a8 <_free_r+0x26c>
8020157c:	05400613          	li	a2,84
80201580:	06d66863          	bltu	a2,a3,802015f0 <_free_r+0x2b4>
80201584:	00c7d693          	srli	a3,a5,0xc
80201588:	06f68593          	addi	a1,a3,111
8020158c:	00359593          	slli	a1,a1,0x3
80201590:	06e68613          	addi	a2,a3,110
80201594:	f09ff06f          	j	8020149c <_free_r+0x160>
80201598:	0017e693          	ori	a3,a5,1
8020159c:	00d72223          	sw	a3,4(a4)
802015a0:	00f62023          	sw	a5,0(a2)
802015a4:	e75ff06f          	j	80201418 <_free_r+0xdc>
802015a8:	05c68593          	addi	a1,a3,92
802015ac:	00359593          	slli	a1,a1,0x3
802015b0:	05b68613          	addi	a2,a3,91
802015b4:	ee9ff06f          	j	8020149c <_free_r+0x160>
802015b8:	00e82a23          	sw	a4,20(a6)
802015bc:	00e82823          	sw	a4,16(a6)
802015c0:	01172623          	sw	a7,12(a4)
802015c4:	01172423          	sw	a7,8(a4)
802015c8:	00a72223          	sw	a0,4(a4)
802015cc:	00f5a023          	sw	a5,0(a1)
802015d0:	e49ff06f          	j	80201418 <_free_r+0xdc>
802015d4:	00482503          	lw	a0,4(a6)
802015d8:	40265613          	srai	a2,a2,0x2
802015dc:	00100793          	li	a5,1
802015e0:	00c797b3          	sll	a5,a5,a2
802015e4:	00a7e7b3          	or	a5,a5,a0
802015e8:	00f82223          	sw	a5,4(a6)
802015ec:	eddff06f          	j	802014c8 <_free_r+0x18c>
802015f0:	15400613          	li	a2,340
802015f4:	00d66c63          	bltu	a2,a3,8020160c <_free_r+0x2d0>
802015f8:	00f7d693          	srli	a3,a5,0xf
802015fc:	07868593          	addi	a1,a3,120
80201600:	00359593          	slli	a1,a1,0x3
80201604:	07768613          	addi	a2,a3,119
80201608:	e95ff06f          	j	8020149c <_free_r+0x160>
8020160c:	55400613          	li	a2,1364
80201610:	00d66c63          	bltu	a2,a3,80201628 <_free_r+0x2ec>
80201614:	0127d693          	srli	a3,a5,0x12
80201618:	07d68593          	addi	a1,a3,125
8020161c:	00359593          	slli	a1,a1,0x3
80201620:	07c68613          	addi	a2,a3,124
80201624:	e79ff06f          	j	8020149c <_free_r+0x160>
80201628:	3f800593          	li	a1,1016
8020162c:	07e00613          	li	a2,126
80201630:	e6dff06f          	j	8020149c <_free_r+0x160>

80201634 <__divsi3>:
__divsi3():
80201634:	06054063          	bltz	a0,80201694 <__umodsi3+0x10>
80201638:	0605c663          	bltz	a1,802016a4 <__umodsi3+0x20>

8020163c <__hidden___udivsi3>:
8020163c:	00058613          	mv	a2,a1
80201640:	00050593          	mv	a1,a0
80201644:	fff00513          	li	a0,-1
80201648:	02060c63          	beqz	a2,80201680 <__hidden___udivsi3+0x44>
8020164c:	00100693          	li	a3,1
80201650:	00b67a63          	bgeu	a2,a1,80201664 <__hidden___udivsi3+0x28>
80201654:	00c05863          	blez	a2,80201664 <__hidden___udivsi3+0x28>
80201658:	00161613          	slli	a2,a2,0x1
8020165c:	00169693          	slli	a3,a3,0x1
80201660:	feb66ae3          	bltu	a2,a1,80201654 <__hidden___udivsi3+0x18>
80201664:	00000513          	li	a0,0
80201668:	00c5e663          	bltu	a1,a2,80201674 <__hidden___udivsi3+0x38>
8020166c:	40c585b3          	sub	a1,a1,a2
80201670:	00d56533          	or	a0,a0,a3
80201674:	0016d693          	srli	a3,a3,0x1
80201678:	00165613          	srli	a2,a2,0x1
8020167c:	fe0696e3          	bnez	a3,80201668 <__hidden___udivsi3+0x2c>
80201680:	00008067          	ret

80201684 <__umodsi3>:
80201684:	00008293          	mv	t0,ra
80201688:	fb5ff0ef          	jal	8020163c <__hidden___udivsi3>
8020168c:	00058513          	mv	a0,a1
80201690:	00028067          	jr	t0
80201694:	40a00533          	neg	a0,a0
80201698:	00b04863          	bgtz	a1,802016a8 <__umodsi3+0x24>
8020169c:	40b005b3          	neg	a1,a1
802016a0:	f9dff06f          	j	8020163c <__hidden___udivsi3>
802016a4:	40b005b3          	neg	a1,a1
802016a8:	00008293          	mv	t0,ra
802016ac:	f91ff0ef          	jal	8020163c <__hidden___udivsi3>
802016b0:	40a00533          	neg	a0,a0
802016b4:	00028067          	jr	t0

802016b8 <__modsi3>:
__modsi3():
802016b8:	00008293          	mv	t0,ra
802016bc:	0005ca63          	bltz	a1,802016d0 <__modsi3+0x18>
802016c0:	00054c63          	bltz	a0,802016d8 <__modsi3+0x20>
802016c4:	f79ff0ef          	jal	8020163c <__hidden___udivsi3>
802016c8:	00058513          	mv	a0,a1
802016cc:	00028067          	jr	t0
802016d0:	40b005b3          	neg	a1,a1
802016d4:	fe0558e3          	bgez	a0,802016c4 <__modsi3+0xc>
802016d8:	40a00533          	neg	a0,a0
802016dc:	f61ff0ef          	jal	8020163c <__hidden___udivsi3>
802016e0:	40b00533          	neg	a0,a1
802016e4:	00028067          	jr	t0
