
build/release/user/echo.elf:     file format elf32-littleriscv
build/release/user/echo.elf
architecture: riscv:rv32, flags 0x00000112:
EXEC_P, HAS_SYMS, D_PAGED
start address 0x80200000

Program Header:
0x70000003 off    0x00002034 vaddr 0x00000000 paddr 0x00000000 align 2**0
         filesz 0x0000004b memsz 0x00000000 flags r--
    LOAD off    0x00001000 vaddr 0x80200000 paddr 0x80200000 align 2**12
         filesz 0x000009a0 memsz 0x000009a0 flags r-x
    LOAD off    0x00002000 vaddr 0x80208000 paddr 0x80208000 align 2**12
         filesz 0x00000034 memsz 0x00000034 flags rw-

Sections:
Idx Name              Size      VMA       LMA       File off  Algn  Flags
  0 .text             000009a0  80200000  80200000  00001000  2**3  CONTENTS, ALLOC, LOAD, READONLY, CODE
  1 .rodata           00000030  80208000  80208000  00002000  2**3  CONTENTS, ALLOC, LOAD, READONLY, DATA
  2 .data             00000004  80208030  80208030  00002030  2**3  CONTENTS, ALLOC, LOAD, DATA
  3 .riscv.attributes 0000004b  00000000  00000000  00002034  2**0  CONTENTS, READONLY
  4 .comment          00000032  00000000  00000000  0000207f  2**0  CONTENTS, READONLY
SYMBOL TABLE:
80200000 l    d  .text	00000000 .text
80208000 l    d  .rodata	00000000 .rodata
80208030 l    d  .data	00000000 .data
00000000 l    d  .riscv.attributes	00000000 .riscv.attributes
00000000 l    d  .comment	00000000 .comment
00000000 l    df *ABS*	00000000 cchzYWeL.o
00000000 l    df *ABS*	00000000 echo.c
00000000 l    df *ABS*	00000000 print.c
00000000 l    df *ABS*	00000000 servers.c
00000000 l    df *ABS*	00000000 syscall.c
80208030 l     O .data	00000004 sc
00000000 l    df *ABS*	00000000 libc_a-itoa.o
00000000 l    df *ABS*	00000000 libc_a-utoa.o
00000000 l    df *ABS*	00000000 libc_a-strcat.o
00000000 l    df *ABS*	00000000 libc_a-strncat.o
00000000 l    df *ABS*	00000000 libc_a-memcpy.o
00000000 l    df *ABS*	00000000 libc_a-strlen.o
00000000 l    df *ABS*	00000000 libc_a-strcpy.o
00000000 l    df *ABS*	00000000 div.o
80200848 g     F .text	000000a4 strcpy
802001e0 g     F .text	00000098 my_printf
80200000 g       .text	00000000 app_entry
80200694 g     F .text	00000128 memcpy
802008f4 g     F .text	00000048 .hidden __hidden___udivsi3
802008f4 g     F .text	00000048 .hidden __udivsi3
80200384 g     F .text	00000070 itoa
80200314 g     F .text	00000070 sys_send
80200548 g     F .text	000000a0 strcat
8020093c g     F .text	00000010 .hidden __umodsi3
80200094 g     F .text	0000014c format_to_str
802005e8 g     F .text	000000ac strncat
802003f4 g     F .text	00000154 __utoa
80200010 g     F .text	00000084 main
802008ec g     F .text	00000084 .hidden __divsi3
80300000 g       *ABS*	00000000 __heap_end
80208038 g       .data	00000000 __heap_start
802002ac g     F .text	00000068 term_write
80200278 g     F .text	00000034 exit
80200970 g     F .text	00000030 .hidden __modsi3
802007bc g     F .text	0000008c strlen



Disassembly of section .text:

80200000 <app_entry>:
app_entry():
80200000:	00052503          	lw	a0,0(a0)
80200004:	80400137          	lui	sp,0x80400
80200008:	008000ef          	jal	80200010 <main>
8020000c:	26c000ef          	jal	80200278 <exit>

80200010 <main>:
main():
80200010:	fd010113          	addi	sp,sp,-48 # 803fffd0 <__heap_end+0xfffd0>
80200014:	02112623          	sw	ra,44(sp)
80200018:	02812423          	sw	s0,40(sp)
8020001c:	03010413          	addi	s0,sp,48
80200020:	fca42e23          	sw	a0,-36(s0)
80200024:	fcb42c23          	sw	a1,-40(s0)
80200028:	00100793          	li	a5,1
8020002c:	fef42623          	sw	a5,-20(s0)
80200030:	0340006f          	j	80200064 <main+0x54>
80200034:	fec42783          	lw	a5,-20(s0)
80200038:	00279793          	slli	a5,a5,0x2
8020003c:	fd842703          	lw	a4,-40(s0)
80200040:	00f707b3          	add	a5,a4,a5
80200044:	0007a783          	lw	a5,0(a5)
80200048:	00078593          	mv	a1,a5
8020004c:	802087b7          	lui	a5,0x80208
80200050:	00078513          	mv	a0,a5
80200054:	18c000ef          	jal	802001e0 <my_printf>
80200058:	fec42783          	lw	a5,-20(s0)
8020005c:	00178793          	addi	a5,a5,1 # 80208001 <__modsi3+0x7691>
80200060:	fef42623          	sw	a5,-20(s0)
80200064:	fdc42783          	lw	a5,-36(s0)
80200068:	fec42703          	lw	a4,-20(s0)
8020006c:	fcf764e3          	bltu	a4,a5,80200034 <main+0x24>
80200070:	802087b7          	lui	a5,0x80208
80200074:	00478513          	addi	a0,a5,4 # 80208004 <__modsi3+0x7694>
80200078:	168000ef          	jal	802001e0 <my_printf>
8020007c:	00000793          	li	a5,0
80200080:	00078513          	mv	a0,a5
80200084:	02c12083          	lw	ra,44(sp)
80200088:	02812403          	lw	s0,40(sp)
8020008c:	03010113          	addi	sp,sp,48
80200090:	00008067          	ret

80200094 <format_to_str>:
format_to_str():
80200094:	fe010113          	addi	sp,sp,-32
80200098:	00112e23          	sw	ra,28(sp)
8020009c:	00812c23          	sw	s0,24(sp)
802000a0:	00912a23          	sw	s1,20(sp)
802000a4:	02010413          	addi	s0,sp,32
802000a8:	fea42623          	sw	a0,-20(s0)
802000ac:	feb42423          	sw	a1,-24(s0)
802000b0:	fec42223          	sw	a2,-28(s0)
802000b4:	fec42783          	lw	a5,-20(s0)
802000b8:	00078023          	sb	zero,0(a5)
802000bc:	0fc0006f          	j	802001b8 <format_to_str+0x124>
802000c0:	fe842783          	lw	a5,-24(s0)
802000c4:	0007c703          	lbu	a4,0(a5)
802000c8:	02500793          	li	a5,37
802000cc:	00f70c63          	beq	a4,a5,802000e4 <format_to_str+0x50>
802000d0:	00100613          	li	a2,1
802000d4:	fe842583          	lw	a1,-24(s0)
802000d8:	fec42503          	lw	a0,-20(s0)
802000dc:	50c000ef          	jal	802005e8 <strncat>
802000e0:	0cc0006f          	j	802001ac <format_to_str+0x118>
802000e4:	fe842783          	lw	a5,-24(s0)
802000e8:	00178793          	addi	a5,a5,1
802000ec:	fef42423          	sw	a5,-24(s0)
802000f0:	fe842783          	lw	a5,-24(s0)
802000f4:	0007c703          	lbu	a4,0(a5)
802000f8:	07300793          	li	a5,115
802000fc:	02f71263          	bne	a4,a5,80200120 <format_to_str+0x8c>
80200100:	fe442783          	lw	a5,-28(s0)
80200104:	00478713          	addi	a4,a5,4
80200108:	fee42223          	sw	a4,-28(s0)
8020010c:	0007a783          	lw	a5,0(a5)
80200110:	00078593          	mv	a1,a5
80200114:	fec42503          	lw	a0,-20(s0)
80200118:	430000ef          	jal	80200548 <strcat>
8020011c:	0900006f          	j	802001ac <format_to_str+0x118>
80200120:	fe842783          	lw	a5,-24(s0)
80200124:	0007c703          	lbu	a4,0(a5)
80200128:	06400793          	li	a5,100
8020012c:	02f71e63          	bne	a4,a5,80200168 <format_to_str+0xd4>
80200130:	fe442783          	lw	a5,-28(s0)
80200134:	00478713          	addi	a4,a5,4
80200138:	fee42223          	sw	a4,-28(s0)
8020013c:	0007a483          	lw	s1,0(a5)
80200140:	fec42503          	lw	a0,-20(s0)
80200144:	678000ef          	jal	802007bc <strlen>
80200148:	00050713          	mv	a4,a0
8020014c:	fec42783          	lw	a5,-20(s0)
80200150:	00e787b3          	add	a5,a5,a4
80200154:	00a00613          	li	a2,10
80200158:	00078593          	mv	a1,a5
8020015c:	00048513          	mv	a0,s1
80200160:	224000ef          	jal	80200384 <itoa>
80200164:	0480006f          	j	802001ac <format_to_str+0x118>
80200168:	fe842783          	lw	a5,-24(s0)
8020016c:	0007c703          	lbu	a4,0(a5)
80200170:	07800793          	li	a5,120
80200174:	02f71c63          	bne	a4,a5,802001ac <format_to_str+0x118>
80200178:	fe442783          	lw	a5,-28(s0)
8020017c:	00478713          	addi	a4,a5,4
80200180:	fee42223          	sw	a4,-28(s0)
80200184:	0007a483          	lw	s1,0(a5)
80200188:	fec42503          	lw	a0,-20(s0)
8020018c:	630000ef          	jal	802007bc <strlen>
80200190:	00050713          	mv	a4,a0
80200194:	fec42783          	lw	a5,-20(s0)
80200198:	00e787b3          	add	a5,a5,a4
8020019c:	01000613          	li	a2,16
802001a0:	00078593          	mv	a1,a5
802001a4:	00048513          	mv	a0,s1
802001a8:	1dc000ef          	jal	80200384 <itoa>
802001ac:	fe842783          	lw	a5,-24(s0)
802001b0:	00178793          	addi	a5,a5,1
802001b4:	fef42423          	sw	a5,-24(s0)
802001b8:	fe842783          	lw	a5,-24(s0)
802001bc:	0007c783          	lbu	a5,0(a5)
802001c0:	f00790e3          	bnez	a5,802000c0 <format_to_str+0x2c>
802001c4:	00000013          	nop
802001c8:	00000013          	nop
802001cc:	01c12083          	lw	ra,28(sp)
802001d0:	01812403          	lw	s0,24(sp)
802001d4:	01412483          	lw	s1,20(sp)
802001d8:	02010113          	addi	sp,sp,32
802001dc:	00008067          	ret

802001e0 <my_printf>:
my_printf():
802001e0:	db010113          	addi	sp,sp,-592
802001e4:	22112623          	sw	ra,556(sp)
802001e8:	22812423          	sw	s0,552(sp)
802001ec:	23010413          	addi	s0,sp,560
802001f0:	dca42e23          	sw	a0,-548(s0)
802001f4:	00b42223          	sw	a1,4(s0)
802001f8:	00c42423          	sw	a2,8(s0)
802001fc:	00d42623          	sw	a3,12(s0)
80200200:	00e42823          	sw	a4,16(s0)
80200204:	00f42a23          	sw	a5,20(s0)
80200208:	01042c23          	sw	a6,24(s0)
8020020c:	01142e23          	sw	a7,28(s0)
80200210:	de040823          	sb	zero,-528(s0)
80200214:	02040793          	addi	a5,s0,32
80200218:	dcf42c23          	sw	a5,-552(s0)
8020021c:	dd842783          	lw	a5,-552(s0)
80200220:	fe478793          	addi	a5,a5,-28
80200224:	def42623          	sw	a5,-532(s0)
80200228:	dec42703          	lw	a4,-532(s0)
8020022c:	df040793          	addi	a5,s0,-528
80200230:	00070613          	mv	a2,a4
80200234:	ddc42583          	lw	a1,-548(s0)
80200238:	00078513          	mv	a0,a5
8020023c:	e59ff0ef          	jal	80200094 <format_to_str>
80200240:	df040793          	addi	a5,s0,-528
80200244:	00078513          	mv	a0,a5
80200248:	574000ef          	jal	802007bc <strlen>
8020024c:	00050713          	mv	a4,a0
80200250:	df040793          	addi	a5,s0,-528
80200254:	00070593          	mv	a1,a4
80200258:	00078513          	mv	a0,a5
8020025c:	050000ef          	jal	802002ac <term_write>
80200260:	00000013          	nop
80200264:	00078513          	mv	a0,a5
80200268:	22c12083          	lw	ra,556(sp)
8020026c:	22812403          	lw	s0,552(sp)
80200270:	25010113          	addi	sp,sp,592
80200274:	00008067          	ret

80200278 <exit>:
exit():
80200278:	dd010113          	addi	sp,sp,-560
8020027c:	22112623          	sw	ra,556(sp)
80200280:	22812423          	sw	s0,552(sp)
80200284:	23010413          	addi	s0,sp,560
80200288:	dca42e23          	sw	a0,-548(s0)
8020028c:	00100793          	li	a5,1
80200290:	def42423          	sw	a5,-536(s0)
80200294:	de840793          	addi	a5,s0,-536
80200298:	20800613          	li	a2,520
8020029c:	00078593          	mv	a1,a5
802002a0:	00100513          	li	a0,1
802002a4:	070000ef          	jal	80200314 <sys_send>
802002a8:	0000006f          	j	802002a8 <exit+0x30>

802002ac <term_write>:
term_write():
802002ac:	dd010113          	addi	sp,sp,-560
802002b0:	22112623          	sw	ra,556(sp)
802002b4:	22812423          	sw	s0,552(sp)
802002b8:	23010413          	addi	s0,sp,560
802002bc:	dca42e23          	sw	a0,-548(s0)
802002c0:	dcb42c23          	sw	a1,-552(s0)
802002c4:	00100793          	li	a5,1
802002c8:	def42423          	sw	a5,-536(s0)
802002cc:	dd842783          	lw	a5,-552(s0)
802002d0:	def42623          	sw	a5,-532(s0)
802002d4:	de840793          	addi	a5,s0,-536
802002d8:	00878793          	addi	a5,a5,8
802002dc:	dd842603          	lw	a2,-552(s0)
802002e0:	ddc42583          	lw	a1,-548(s0)
802002e4:	00078513          	mv	a0,a5
802002e8:	3ac000ef          	jal	80200694 <memcpy>
802002ec:	de840793          	addi	a5,s0,-536
802002f0:	20800613          	li	a2,520
802002f4:	00078593          	mv	a1,a5
802002f8:	00200513          	li	a0,2
802002fc:	018000ef          	jal	80200314 <sys_send>
80200300:	00000013          	nop
80200304:	22c12083          	lw	ra,556(sp)
80200308:	22812403          	lw	s0,552(sp)
8020030c:	23010113          	addi	sp,sp,560
80200310:	00008067          	ret

80200314 <sys_send>:
sys_send():
80200314:	fe010113          	addi	sp,sp,-32
80200318:	00112e23          	sw	ra,28(sp)
8020031c:	00812c23          	sw	s0,24(sp)
80200320:	02010413          	addi	s0,sp,32
80200324:	fea42623          	sw	a0,-20(s0)
80200328:	feb42423          	sw	a1,-24(s0)
8020032c:	fec42223          	sw	a2,-28(s0)
80200330:	802087b7          	lui	a5,0x80208
80200334:	0307a783          	lw	a5,48(a5) # 80208030 <sc>
80200338:	00200713          	li	a4,2
8020033c:	00e7a023          	sw	a4,0(a5)
80200340:	802087b7          	lui	a5,0x80208
80200344:	0307a783          	lw	a5,48(a5) # 80208030 <sc>
80200348:	fec42703          	lw	a4,-20(s0)
8020034c:	00e7a423          	sw	a4,8(a5)
80200350:	802087b7          	lui	a5,0x80208
80200354:	0307a783          	lw	a5,48(a5) # 80208030 <sc>
80200358:	00c78793          	addi	a5,a5,12
8020035c:	fe442603          	lw	a2,-28(s0)
80200360:	fe842583          	lw	a1,-24(s0)
80200364:	00078513          	mv	a0,a5
80200368:	32c000ef          	jal	80200694 <memcpy>
8020036c:	00000073          	ecall
80200370:	00000013          	nop
80200374:	01c12083          	lw	ra,28(sp)
80200378:	01812403          	lw	s0,24(sp)
8020037c:	02010113          	addi	sp,sp,32
80200380:	00008067          	ret

80200384 <itoa>:
itoa():
80200384:	ff010113          	addi	sp,sp,-16
80200388:	00812423          	sw	s0,8(sp)
8020038c:	00112623          	sw	ra,12(sp)
80200390:	ffe60713          	addi	a4,a2,-2
80200394:	02200793          	li	a5,34
80200398:	00058413          	mv	s0,a1
8020039c:	04e7e063          	bltu	a5,a4,802003dc <itoa+0x58>
802003a0:	00a00793          	li	a5,10
802003a4:	02f60063          	beq	a2,a5,802003c4 <itoa+0x40>
802003a8:	00040593          	mv	a1,s0
802003ac:	048000ef          	jal	802003f4 <__utoa>
802003b0:	00c12083          	lw	ra,12(sp)
802003b4:	00040513          	mv	a0,s0
802003b8:	00812403          	lw	s0,8(sp)
802003bc:	01010113          	addi	sp,sp,16
802003c0:	00008067          	ret
802003c4:	fe0552e3          	bgez	a0,802003a8 <itoa+0x24>
802003c8:	02d00793          	li	a5,45
802003cc:	00f58023          	sb	a5,0(a1)
802003d0:	40a00533          	neg	a0,a0
802003d4:	00158593          	addi	a1,a1,1
802003d8:	fd5ff06f          	j	802003ac <itoa+0x28>
802003dc:	00058023          	sb	zero,0(a1)
802003e0:	00c12083          	lw	ra,12(sp)
802003e4:	00812403          	lw	s0,8(sp)
802003e8:	00000513          	li	a0,0
802003ec:	01010113          	addi	sp,sp,16
802003f0:	00008067          	ret

802003f4 <__utoa>:
__utoa():
802003f4:	00008797          	auipc	a5,0x8
802003f8:	c1478793          	addi	a5,a5,-1004 # 80208008 <__modsi3+0x7698>
802003fc:	0007a283          	lw	t0,0(a5)
80200400:	0047af83          	lw	t6,4(a5)
80200404:	0087af03          	lw	t5,8(a5)
80200408:	00c7ae83          	lw	t4,12(a5)
8020040c:	0107ae03          	lw	t3,16(a5)
80200410:	0147a303          	lw	t1,20(a5)
80200414:	0187a883          	lw	a7,24(a5)
80200418:	01c7a803          	lw	a6,28(a5)
8020041c:	0207a683          	lw	a3,32(a5)
80200420:	00008797          	auipc	a5,0x8
80200424:	c0c7c783          	lbu	a5,-1012(a5) # 8020802c <__modsi3+0x76bc>
80200428:	fb010113          	addi	sp,sp,-80
8020042c:	03512a23          	sw	s5,52(sp)
80200430:	02f10623          	sb	a5,44(sp)
80200434:	04112623          	sw	ra,76(sp)
80200438:	ffe60713          	addi	a4,a2,-2
8020043c:	00512423          	sw	t0,8(sp)
80200440:	01f12623          	sw	t6,12(sp)
80200444:	01e12823          	sw	t5,16(sp)
80200448:	01d12a23          	sw	t4,20(sp)
8020044c:	01c12c23          	sw	t3,24(sp)
80200450:	00612e23          	sw	t1,28(sp)
80200454:	03112023          	sw	a7,32(sp)
80200458:	03012223          	sw	a6,36(sp)
8020045c:	02d12423          	sw	a3,40(sp)
80200460:	02200793          	li	a5,34
80200464:	00058a93          	mv	s5,a1
80200468:	0ce7e463          	bltu	a5,a4,80200530 <__utoa+0x13c>
8020046c:	04812423          	sw	s0,72(sp)
80200470:	04912223          	sw	s1,68(sp)
80200474:	05212023          	sw	s2,64(sp)
80200478:	03312e23          	sw	s3,60(sp)
8020047c:	03412c23          	sw	s4,56(sp)
80200480:	03612823          	sw	s6,48(sp)
80200484:	00060493          	mv	s1,a2
80200488:	00050413          	mv	s0,a0
8020048c:	00000913          	li	s2,0
80200490:	00048593          	mv	a1,s1
80200494:	00040513          	mv	a0,s0
80200498:	4a4000ef          	jal	8020093c <__umodsi3>
8020049c:	00250533          	add	a0,a0,sp
802004a0:	00854783          	lbu	a5,8(a0)
802004a4:	00090993          	mv	s3,s2
802004a8:	00190913          	addi	s2,s2,1
802004ac:	012a8a33          	add	s4,s5,s2
802004b0:	00040513          	mv	a0,s0
802004b4:	00048593          	mv	a1,s1
802004b8:	fefa0fa3          	sb	a5,-1(s4)
802004bc:	00040b13          	mv	s6,s0
802004c0:	434000ef          	jal	802008f4 <__hidden___udivsi3>
802004c4:	00050413          	mv	s0,a0
802004c8:	fc9b74e3          	bgeu	s6,s1,80200490 <__utoa+0x9c>
802004cc:	000a0023          	sb	zero,0(s4)
802004d0:	02098a63          	beqz	s3,80200504 <__utoa+0x110>
802004d4:	000a8693          	mv	a3,s5
802004d8:	013a8733          	add	a4,s5,s3
802004dc:	00000793          	li	a5,0
802004e0:	00074583          	lbu	a1,0(a4)
802004e4:	0006c603          	lbu	a2,0(a3)
802004e8:	00178793          	addi	a5,a5,1
802004ec:	00b68023          	sb	a1,0(a3)
802004f0:	00c70023          	sb	a2,0(a4)
802004f4:	40f98633          	sub	a2,s3,a5
802004f8:	00168693          	addi	a3,a3,1
802004fc:	fff70713          	addi	a4,a4,-1
80200500:	fec7c0e3          	blt	a5,a2,802004e0 <__utoa+0xec>
80200504:	04812403          	lw	s0,72(sp)
80200508:	04c12083          	lw	ra,76(sp)
8020050c:	04412483          	lw	s1,68(sp)
80200510:	04012903          	lw	s2,64(sp)
80200514:	03c12983          	lw	s3,60(sp)
80200518:	03812a03          	lw	s4,56(sp)
8020051c:	03012b03          	lw	s6,48(sp)
80200520:	000a8513          	mv	a0,s5
80200524:	03412a83          	lw	s5,52(sp)
80200528:	05010113          	addi	sp,sp,80
8020052c:	00008067          	ret
80200530:	00058023          	sb	zero,0(a1)
80200534:	04c12083          	lw	ra,76(sp)
80200538:	03412a83          	lw	s5,52(sp)
8020053c:	00000513          	li	a0,0
80200540:	05010113          	addi	sp,sp,80
80200544:	00008067          	ret

80200548 <strcat>:
strcat():
80200548:	ff010113          	addi	sp,sp,-16
8020054c:	00812423          	sw	s0,8(sp)
80200550:	00112623          	sw	ra,12(sp)
80200554:	00357793          	andi	a5,a0,3
80200558:	00050413          	mv	s0,a0
8020055c:	06079663          	bnez	a5,802005c8 <strcat+0x80>
80200560:	00052703          	lw	a4,0(a0)
80200564:	feff0637          	lui	a2,0xfeff0
80200568:	eff60613          	addi	a2,a2,-257 # fefefeff <__heap_end+0x7ecefeff>
8020056c:	00c707b3          	add	a5,a4,a2
80200570:	808086b7          	lui	a3,0x80808
80200574:	fff74713          	not	a4,a4
80200578:	00e7f7b3          	and	a5,a5,a4
8020057c:	08068693          	addi	a3,a3,128 # 80808080 <__heap_end+0x508080>
80200580:	00d7f7b3          	and	a5,a5,a3
80200584:	04079263          	bnez	a5,802005c8 <strcat+0x80>
80200588:	00452703          	lw	a4,4(a0)
8020058c:	00450513          	addi	a0,a0,4
80200590:	00c707b3          	add	a5,a4,a2
80200594:	fff74713          	not	a4,a4
80200598:	00e7f7b3          	and	a5,a5,a4
8020059c:	00d7f7b3          	and	a5,a5,a3
802005a0:	02079463          	bnez	a5,802005c8 <strcat+0x80>
802005a4:	00452703          	lw	a4,4(a0)
802005a8:	00450513          	addi	a0,a0,4
802005ac:	00c707b3          	add	a5,a4,a2
802005b0:	fff74713          	not	a4,a4
802005b4:	00e7f7b3          	and	a5,a5,a4
802005b8:	00d7f7b3          	and	a5,a5,a3
802005bc:	fc0786e3          	beqz	a5,80200588 <strcat+0x40>
802005c0:	0080006f          	j	802005c8 <strcat+0x80>
802005c4:	00150513          	addi	a0,a0,1
802005c8:	00054783          	lbu	a5,0(a0)
802005cc:	fe079ce3          	bnez	a5,802005c4 <strcat+0x7c>
802005d0:	278000ef          	jal	80200848 <strcpy>
802005d4:	00c12083          	lw	ra,12(sp)
802005d8:	00040513          	mv	a0,s0
802005dc:	00812403          	lw	s0,8(sp)
802005e0:	01010113          	addi	sp,sp,16
802005e4:	00008067          	ret

802005e8 <strncat>:
strncat():
802005e8:	00357713          	andi	a4,a0,3
802005ec:	00050793          	mv	a5,a0
802005f0:	06071663          	bnez	a4,8020065c <strncat+0x74>
802005f4:	00052683          	lw	a3,0(a0)
802005f8:	feff08b7          	lui	a7,0xfeff0
802005fc:	eff88893          	addi	a7,a7,-257 # fefefeff <__heap_end+0x7ecefeff>
80200600:	01168733          	add	a4,a3,a7
80200604:	80808837          	lui	a6,0x80808
80200608:	fff6c693          	not	a3,a3
8020060c:	00d77733          	and	a4,a4,a3
80200610:	08080813          	addi	a6,a6,128 # 80808080 <__heap_end+0x508080>
80200614:	01077733          	and	a4,a4,a6
80200618:	04071263          	bnez	a4,8020065c <strncat+0x74>
8020061c:	0047a683          	lw	a3,4(a5)
80200620:	00478793          	addi	a5,a5,4
80200624:	01168733          	add	a4,a3,a7
80200628:	fff6c693          	not	a3,a3
8020062c:	00d77733          	and	a4,a4,a3
80200630:	01077733          	and	a4,a4,a6
80200634:	02071463          	bnez	a4,8020065c <strncat+0x74>
80200638:	0047a683          	lw	a3,4(a5)
8020063c:	00478793          	addi	a5,a5,4
80200640:	01168733          	add	a4,a3,a7
80200644:	fff6c693          	not	a3,a3
80200648:	00d77733          	and	a4,a4,a3
8020064c:	01077733          	and	a4,a4,a6
80200650:	fc0706e3          	beqz	a4,8020061c <strncat+0x34>
80200654:	0080006f          	j	8020065c <strncat+0x74>
80200658:	00178793          	addi	a5,a5,1
8020065c:	0007c703          	lbu	a4,0(a5)
80200660:	fe071ce3          	bnez	a4,80200658 <strncat+0x70>
80200664:	00c786b3          	add	a3,a5,a2
80200668:	02060463          	beqz	a2,80200690 <strncat+0xa8>
8020066c:	0005c703          	lbu	a4,0(a1)
80200670:	00178793          	addi	a5,a5,1
80200674:	00158593          	addi	a1,a1,1
80200678:	fee78fa3          	sb	a4,-1(a5)
8020067c:	00070863          	beqz	a4,8020068c <strncat+0xa4>
80200680:	fef696e3          	bne	a3,a5,8020066c <strncat+0x84>
80200684:	00068023          	sb	zero,0(a3)
80200688:	00008067          	ret
8020068c:	00008067          	ret
80200690:	00008067          	ret

80200694 <memcpy>:
memcpy():
80200694:	00a5c7b3          	xor	a5,a1,a0
80200698:	0037f793          	andi	a5,a5,3
8020069c:	00c508b3          	add	a7,a0,a2
802006a0:	06079663          	bnez	a5,8020070c <memcpy+0x78>
802006a4:	00300793          	li	a5,3
802006a8:	06c7f263          	bgeu	a5,a2,8020070c <memcpy+0x78>
802006ac:	00357793          	andi	a5,a0,3
802006b0:	00050713          	mv	a4,a0
802006b4:	0c079a63          	bnez	a5,80200788 <memcpy+0xf4>
802006b8:	ffc8f613          	andi	a2,a7,-4
802006bc:	40e606b3          	sub	a3,a2,a4
802006c0:	02000793          	li	a5,32
802006c4:	06d7c463          	blt	a5,a3,8020072c <memcpy+0x98>
802006c8:	00058693          	mv	a3,a1
802006cc:	00070793          	mv	a5,a4
802006d0:	02c77a63          	bgeu	a4,a2,80200704 <memcpy+0x70>
802006d4:	0006a803          	lw	a6,0(a3)
802006d8:	00478793          	addi	a5,a5,4
802006dc:	00468693          	addi	a3,a3,4
802006e0:	ff07ae23          	sw	a6,-4(a5)
802006e4:	fec7e8e3          	bltu	a5,a2,802006d4 <memcpy+0x40>
802006e8:	fff60613          	addi	a2,a2,-1
802006ec:	40e60633          	sub	a2,a2,a4
802006f0:	ffc67613          	andi	a2,a2,-4
802006f4:	00458593          	addi	a1,a1,4
802006f8:	00470713          	addi	a4,a4,4
802006fc:	00c585b3          	add	a1,a1,a2
80200700:	00c70733          	add	a4,a4,a2
80200704:	01176863          	bltu	a4,a7,80200714 <memcpy+0x80>
80200708:	00008067          	ret
8020070c:	00050713          	mv	a4,a0
80200710:	ff157ce3          	bgeu	a0,a7,80200708 <memcpy+0x74>
80200714:	0005c783          	lbu	a5,0(a1)
80200718:	00170713          	addi	a4,a4,1
8020071c:	00158593          	addi	a1,a1,1
80200720:	fef70fa3          	sb	a5,-1(a4)
80200724:	fee898e3          	bne	a7,a4,80200714 <memcpy+0x80>
80200728:	00008067          	ret
8020072c:	0205a683          	lw	a3,32(a1)
80200730:	0005a383          	lw	t2,0(a1)
80200734:	0045a283          	lw	t0,4(a1)
80200738:	0085af83          	lw	t6,8(a1)
8020073c:	00c5af03          	lw	t5,12(a1)
80200740:	0105ae83          	lw	t4,16(a1)
80200744:	0145ae03          	lw	t3,20(a1)
80200748:	0185a303          	lw	t1,24(a1)
8020074c:	01c5a803          	lw	a6,28(a1)
80200750:	02470713          	addi	a4,a4,36
80200754:	fed72e23          	sw	a3,-4(a4)
80200758:	fc772e23          	sw	t2,-36(a4)
8020075c:	40e606b3          	sub	a3,a2,a4
80200760:	fe572023          	sw	t0,-32(a4)
80200764:	fff72223          	sw	t6,-28(a4)
80200768:	ffe72423          	sw	t5,-24(a4)
8020076c:	ffd72623          	sw	t4,-20(a4)
80200770:	ffc72823          	sw	t3,-16(a4)
80200774:	fe672a23          	sw	t1,-12(a4)
80200778:	ff072c23          	sw	a6,-8(a4)
8020077c:	02458593          	addi	a1,a1,36
80200780:	fad7c6e3          	blt	a5,a3,8020072c <memcpy+0x98>
80200784:	f45ff06f          	j	802006c8 <memcpy+0x34>
80200788:	0005c683          	lbu	a3,0(a1)
8020078c:	00170713          	addi	a4,a4,1
80200790:	00377793          	andi	a5,a4,3
80200794:	fed70fa3          	sb	a3,-1(a4)
80200798:	00158593          	addi	a1,a1,1
8020079c:	f0078ee3          	beqz	a5,802006b8 <memcpy+0x24>
802007a0:	0005c683          	lbu	a3,0(a1)
802007a4:	00170713          	addi	a4,a4,1
802007a8:	00377793          	andi	a5,a4,3
802007ac:	fed70fa3          	sb	a3,-1(a4)
802007b0:	00158593          	addi	a1,a1,1
802007b4:	fc079ae3          	bnez	a5,80200788 <memcpy+0xf4>
802007b8:	f01ff06f          	j	802006b8 <memcpy+0x24>

802007bc <strlen>:
strlen():
802007bc:	00357793          	andi	a5,a0,3
802007c0:	00050713          	mv	a4,a0
802007c4:	04079c63          	bnez	a5,8020081c <strlen+0x60>
802007c8:	7f7f86b7          	lui	a3,0x7f7f8
802007cc:	f7f68693          	addi	a3,a3,-129 # 7f7f7f7f <app_entry-0xa08081>
802007d0:	fff00593          	li	a1,-1
802007d4:	00072603          	lw	a2,0(a4)
802007d8:	00470713          	addi	a4,a4,4
802007dc:	00d677b3          	and	a5,a2,a3
802007e0:	00d787b3          	add	a5,a5,a3
802007e4:	00c7e7b3          	or	a5,a5,a2
802007e8:	00d7e7b3          	or	a5,a5,a3
802007ec:	feb784e3          	beq	a5,a1,802007d4 <strlen+0x18>
802007f0:	ffc74683          	lbu	a3,-4(a4)
802007f4:	40a707b3          	sub	a5,a4,a0
802007f8:	04068463          	beqz	a3,80200840 <strlen+0x84>
802007fc:	ffd74683          	lbu	a3,-3(a4)
80200800:	02068c63          	beqz	a3,80200838 <strlen+0x7c>
80200804:	ffe74503          	lbu	a0,-2(a4)
80200808:	00a03533          	snez	a0,a0
8020080c:	00f50533          	add	a0,a0,a5
80200810:	ffe50513          	addi	a0,a0,-2
80200814:	00008067          	ret
80200818:	fa0688e3          	beqz	a3,802007c8 <strlen+0xc>
8020081c:	00074783          	lbu	a5,0(a4)
80200820:	00170713          	addi	a4,a4,1
80200824:	00377693          	andi	a3,a4,3
80200828:	fe0798e3          	bnez	a5,80200818 <strlen+0x5c>
8020082c:	40a70733          	sub	a4,a4,a0
80200830:	fff70513          	addi	a0,a4,-1
80200834:	00008067          	ret
80200838:	ffd78513          	addi	a0,a5,-3
8020083c:	00008067          	ret
80200840:	ffc78513          	addi	a0,a5,-4
80200844:	00008067          	ret

80200848 <strcpy>:
strcpy():
80200848:	00b567b3          	or	a5,a0,a1
8020084c:	0037f793          	andi	a5,a5,3
80200850:	08079063          	bnez	a5,802008d0 <strcpy+0x88>
80200854:	0005a703          	lw	a4,0(a1)
80200858:	7f7f86b7          	lui	a3,0x7f7f8
8020085c:	f7f68693          	addi	a3,a3,-129 # 7f7f7f7f <app_entry-0xa08081>
80200860:	00d77833          	and	a6,a4,a3
80200864:	00d80833          	add	a6,a6,a3
80200868:	00e86833          	or	a6,a6,a4
8020086c:	00d86833          	or	a6,a6,a3
80200870:	fff00793          	li	a5,-1
80200874:	00050613          	mv	a2,a0
80200878:	02f81463          	bne	a6,a5,802008a0 <strcpy+0x58>
8020087c:	00458593          	addi	a1,a1,4
80200880:	00e62023          	sw	a4,0(a2)
80200884:	0005a703          	lw	a4,0(a1)
80200888:	00460613          	addi	a2,a2,4
8020088c:	00d777b3          	and	a5,a4,a3
80200890:	00d787b3          	add	a5,a5,a3
80200894:	00e7e7b3          	or	a5,a5,a4
80200898:	00d7e7b3          	or	a5,a5,a3
8020089c:	ff0780e3          	beq	a5,a6,8020087c <strcpy+0x34>
802008a0:	0005c783          	lbu	a5,0(a1)
802008a4:	0015c703          	lbu	a4,1(a1)
802008a8:	0025c683          	lbu	a3,2(a1)
802008ac:	00f60023          	sb	a5,0(a2)
802008b0:	00078a63          	beqz	a5,802008c4 <strcpy+0x7c>
802008b4:	00e600a3          	sb	a4,1(a2)
802008b8:	00070663          	beqz	a4,802008c4 <strcpy+0x7c>
802008bc:	00d60123          	sb	a3,2(a2)
802008c0:	00069463          	bnez	a3,802008c8 <strcpy+0x80>
802008c4:	00008067          	ret
802008c8:	000601a3          	sb	zero,3(a2)
802008cc:	00008067          	ret
802008d0:	00050793          	mv	a5,a0
802008d4:	0005c703          	lbu	a4,0(a1)
802008d8:	00178793          	addi	a5,a5,1
802008dc:	00158593          	addi	a1,a1,1
802008e0:	fee78fa3          	sb	a4,-1(a5)
802008e4:	fe0718e3          	bnez	a4,802008d4 <strcpy+0x8c>
802008e8:	00008067          	ret

802008ec <__divsi3>:
__divsi3():
802008ec:	06054063          	bltz	a0,8020094c <__umodsi3+0x10>
802008f0:	0605c663          	bltz	a1,8020095c <__umodsi3+0x20>

802008f4 <__hidden___udivsi3>:
802008f4:	00058613          	mv	a2,a1
802008f8:	00050593          	mv	a1,a0
802008fc:	fff00513          	li	a0,-1
80200900:	02060c63          	beqz	a2,80200938 <__hidden___udivsi3+0x44>
80200904:	00100693          	li	a3,1
80200908:	00b67a63          	bgeu	a2,a1,8020091c <__hidden___udivsi3+0x28>
8020090c:	00c05863          	blez	a2,8020091c <__hidden___udivsi3+0x28>
80200910:	00161613          	slli	a2,a2,0x1
80200914:	00169693          	slli	a3,a3,0x1
80200918:	feb66ae3          	bltu	a2,a1,8020090c <__hidden___udivsi3+0x18>
8020091c:	00000513          	li	a0,0
80200920:	00c5e663          	bltu	a1,a2,8020092c <__hidden___udivsi3+0x38>
80200924:	40c585b3          	sub	a1,a1,a2
80200928:	00d56533          	or	a0,a0,a3
8020092c:	0016d693          	srli	a3,a3,0x1
80200930:	00165613          	srli	a2,a2,0x1
80200934:	fe0696e3          	bnez	a3,80200920 <__hidden___udivsi3+0x2c>
80200938:	00008067          	ret

8020093c <__umodsi3>:
8020093c:	00008293          	mv	t0,ra
80200940:	fb5ff0ef          	jal	802008f4 <__hidden___udivsi3>
80200944:	00058513          	mv	a0,a1
80200948:	00028067          	jr	t0
8020094c:	40a00533          	neg	a0,a0
80200950:	00b04863          	bgtz	a1,80200960 <__umodsi3+0x24>
80200954:	40b005b3          	neg	a1,a1
80200958:	f9dff06f          	j	802008f4 <__hidden___udivsi3>
8020095c:	40b005b3          	neg	a1,a1
80200960:	00008293          	mv	t0,ra
80200964:	f91ff0ef          	jal	802008f4 <__hidden___udivsi3>
80200968:	40a00533          	neg	a0,a0
8020096c:	00028067          	jr	t0

80200970 <__modsi3>:
__modsi3():
80200970:	00008293          	mv	t0,ra
80200974:	0005ca63          	bltz	a1,80200988 <__modsi3+0x18>
80200978:	00054c63          	bltz	a0,80200990 <__modsi3+0x20>
8020097c:	f79ff0ef          	jal	802008f4 <__hidden___udivsi3>
80200980:	00058513          	mv	a0,a1
80200984:	00028067          	jr	t0
80200988:	40b005b3          	neg	a1,a1
8020098c:	fe0558e3          	bgez	a0,8020097c <__modsi3+0xc>
80200990:	40a00533          	neg	a0,a0
80200994:	f61ff0ef          	jal	802008f4 <__hidden___udivsi3>
80200998:	40b00533          	neg	a0,a1
8020099c:	00028067          	jr	t0
