
build/release/user/loop.elf:     file format elf32-littleriscv
build/release/user/loop.elf
architecture: riscv:rv32, flags 0x00000112:
EXEC_P, HAS_SYMS, D_PAGED
start address 0x80200000

Program Header:
0x70000003 off    0x00002260 vaddr 0x00000000 paddr 0x00000000 align 2**0
         filesz 0x0000004b memsz 0x00000000 flags r--
    LOAD off    0x00001000 vaddr 0x80200000 paddr 0x80200000 align 2**12
         filesz 0x00000cbc memsz 0x00000cbc flags r-x
    LOAD off    0x00002000 vaddr 0x80208000 paddr 0x80208000 align 2**12
         filesz 0x00000260 memsz 0x00000398 flags rw-

Sections:
Idx Name              Size      VMA       LMA       File off  Algn  Flags
  0 .text             00000cbc  80200000  80200000  00001000  2**3  CONTENTS, ALLOC, LOAD, READONLY, CODE
  1 .rodata           00000138  80208000  80208000  00002000  2**3  CONTENTS, ALLOC, LOAD, READONLY, DATA
  2 .data             00000128  80208138  80208138  00002138  2**3  CONTENTS, ALLOC, LOAD, DATA
  3 .bss              00000138  80208260  80208260  00002260  2**3  ALLOC
  4 .riscv.attributes 0000004b  00000000  00000000  00002260  2**0  CONTENTS, READONLY
  5 .comment          00000032  00000000  00000000  000022ab  2**0  CONTENTS, READONLY
SYMBOL TABLE:
80200000 l    d  .text	00000000 .text
80208000 l    d  .rodata	00000000 .rodata
80208138 l    d  .data	00000000 .data
80208260 l    d  .bss	00000000 .bss
00000000 l    d  .riscv.attributes	00000000 .riscv.attributes
00000000 l    d  .comment	00000000 .comment
00000000 l    df *ABS*	00000000 ccZyaixl.o
00000000 l    df *ABS*	00000000 loop.c
00000000 l    df *ABS*	00000000 print.c
00000000 l    df *ABS*	00000000 servers.c
00000000 l    df *ABS*	00000000 syscall.c
80208258 l     O .data	00000004 sc
00000000 l    df *ABS*	00000000 libc_a-atoi.o
00000000 l    df *ABS*	00000000 libc_a-itoa.o
00000000 l    df *ABS*	00000000 libc_a-strtol.o
8020043c l     F .text	00000284 _strtol_l.isra.0
00000000 l    df *ABS*	00000000 libc_a-utoa.o
00000000 l    df *ABS*	00000000 libc_a-strcat.o
00000000 l    df *ABS*	00000000 libc_a-strncat.o
00000000 l    df *ABS*	00000000 libc_a-errno.o
00000000 l    df *ABS*	00000000 libc_a-memcpy.o
00000000 l    df *ABS*	00000000 libc_a-strlen.o
00000000 l    df *ABS*	00000000 libc_a-strcpy.o
00000000 l    df *ABS*	00000000 muldi3.o
00000000 l    df *ABS*	00000000 div.o
80200b40 g     F .text	000000a4 strcpy
8020021c g     F .text	00000098 my_printf
80200980 g     F .text	0000000c __errno
80200000 g       .text	00000000 app_entry
8020098c g     F .text	00000128 memcpy
80200c10 g     F .text	00000048 .hidden __hidden___udivsi3
80200c10 g     F .text	00000048 .hidden __udivsi3
802003cc g     F .text	00000070 itoa
802006c0 g     F .text	00000020 strtol
80208260 g     O .bss	00000138 __sf
80200350 g     F .text	00000070 sys_send
80200834 g     F .text	000000a0 strcat
80200c58 g     F .text	00000010 .hidden __umodsi3
802000d0 g     F .text	0000014c format_to_str
80200be4 g     F .text	00000024 .hidden __mulsi3
802008d4 g     F .text	000000ac strncat
802006e0 g     F .text	00000154 __utoa
80200010 g     F .text	000000c0 main
80200c08 g     F .text	00000084 .hidden __divsi3
80300000 g       *ABS*	00000000 __heap_end
8020825c g     O .data	00000004 _impure_ptr
80208398 g       .riscv.attributes	00000000 __heap_start
802002e8 g     F .text	00000068 term_write
802002b4 g     F .text	00000034 exit
80200c8c g     F .text	00000030 .hidden __modsi3
80208138 g     O .data	00000120 _impure_data
802003c0 g     F .text	0000000c atoi
80208034 g     O .rodata	00000101 _ctype_
80200ab4 g     F .text	0000008c strlen



Disassembly of section .text:

80200000 <app_entry>:
app_entry():
80200000:	00052503          	lw	a0,0(a0)
80200004:	80400137          	lui	sp,0x80400
80200008:	008000ef          	jal	80200010 <main>
8020000c:	2a8000ef          	jal	802002b4 <exit>

80200010 <main>:
main():
80200010:	fd010113          	addi	sp,sp,-48 # 803fffd0 <__heap_end+0xfffd0>
80200014:	02112623          	sw	ra,44(sp)
80200018:	02812423          	sw	s0,40(sp)
8020001c:	03010413          	addi	s0,sp,48
80200020:	fca42e23          	sw	a0,-36(s0)
80200024:	fcb42c23          	sw	a1,-40(s0)
80200028:	fe042623          	sw	zero,-20(s0)
8020002c:	05c0006f          	j	80200088 <main+0x78>
80200030:	fe042423          	sw	zero,-24(s0)
80200034:	0100006f          	j	80200044 <main+0x34>
80200038:	fe842783          	lw	a5,-24(s0)
8020003c:	00178793          	addi	a5,a5,1
80200040:	fef42423          	sw	a5,-24(s0)
80200044:	fe842703          	lw	a4,-24(s0)
80200048:	000f47b7          	lui	a5,0xf4
8020004c:	23f78793          	addi	a5,a5,575 # f423f <app_entry-0x8010bdc1>
80200050:	fee7f4e3          	bgeu	a5,a4,80200038 <main+0x28>
80200054:	fdc42703          	lw	a4,-36(s0)
80200058:	00100793          	li	a5,1
8020005c:	02f70063          	beq	a4,a5,8020007c <main+0x6c>
80200060:	fdc42703          	lw	a4,-36(s0)
80200064:	00300793          	li	a5,3
80200068:	00f70a63          	beq	a4,a5,8020007c <main+0x6c>
8020006c:	fec42583          	lw	a1,-20(s0)
80200070:	802087b7          	lui	a5,0x80208
80200074:	00078513          	mv	a0,a5
80200078:	1a4000ef          	jal	8020021c <my_printf>
8020007c:	fec42783          	lw	a5,-20(s0)
80200080:	00178793          	addi	a5,a5,1 # 80208001 <__modsi3+0x7375>
80200084:	fef42623          	sw	a5,-20(s0)
80200088:	fdc42703          	lw	a4,-36(s0)
8020008c:	00100793          	li	a5,1
80200090:	faf700e3          	beq	a4,a5,80200030 <main+0x20>
80200094:	fd842783          	lw	a5,-40(s0)
80200098:	00478793          	addi	a5,a5,4
8020009c:	0007a783          	lw	a5,0(a5)
802000a0:	00078513          	mv	a0,a5
802000a4:	31c000ef          	jal	802003c0 <atoi>
802000a8:	00050793          	mv	a5,a0
802000ac:	00078713          	mv	a4,a5
802000b0:	fec42783          	lw	a5,-20(s0)
802000b4:	f6e7eee3          	bltu	a5,a4,80200030 <main+0x20>
802000b8:	00000793          	li	a5,0
802000bc:	00078513          	mv	a0,a5
802000c0:	02c12083          	lw	ra,44(sp)
802000c4:	02812403          	lw	s0,40(sp)
802000c8:	03010113          	addi	sp,sp,48
802000cc:	00008067          	ret

802000d0 <format_to_str>:
format_to_str():
802000d0:	fe010113          	addi	sp,sp,-32
802000d4:	00112e23          	sw	ra,28(sp)
802000d8:	00812c23          	sw	s0,24(sp)
802000dc:	00912a23          	sw	s1,20(sp)
802000e0:	02010413          	addi	s0,sp,32
802000e4:	fea42623          	sw	a0,-20(s0)
802000e8:	feb42423          	sw	a1,-24(s0)
802000ec:	fec42223          	sw	a2,-28(s0)
802000f0:	fec42783          	lw	a5,-20(s0)
802000f4:	00078023          	sb	zero,0(a5)
802000f8:	0fc0006f          	j	802001f4 <format_to_str+0x124>
802000fc:	fe842783          	lw	a5,-24(s0)
80200100:	0007c703          	lbu	a4,0(a5)
80200104:	02500793          	li	a5,37
80200108:	00f70c63          	beq	a4,a5,80200120 <format_to_str+0x50>
8020010c:	00100613          	li	a2,1
80200110:	fe842583          	lw	a1,-24(s0)
80200114:	fec42503          	lw	a0,-20(s0)
80200118:	7bc000ef          	jal	802008d4 <strncat>
8020011c:	0cc0006f          	j	802001e8 <format_to_str+0x118>
80200120:	fe842783          	lw	a5,-24(s0)
80200124:	00178793          	addi	a5,a5,1
80200128:	fef42423          	sw	a5,-24(s0)
8020012c:	fe842783          	lw	a5,-24(s0)
80200130:	0007c703          	lbu	a4,0(a5)
80200134:	07300793          	li	a5,115
80200138:	02f71263          	bne	a4,a5,8020015c <format_to_str+0x8c>
8020013c:	fe442783          	lw	a5,-28(s0)
80200140:	00478713          	addi	a4,a5,4
80200144:	fee42223          	sw	a4,-28(s0)
80200148:	0007a783          	lw	a5,0(a5)
8020014c:	00078593          	mv	a1,a5
80200150:	fec42503          	lw	a0,-20(s0)
80200154:	6e0000ef          	jal	80200834 <strcat>
80200158:	0900006f          	j	802001e8 <format_to_str+0x118>
8020015c:	fe842783          	lw	a5,-24(s0)
80200160:	0007c703          	lbu	a4,0(a5)
80200164:	06400793          	li	a5,100
80200168:	02f71e63          	bne	a4,a5,802001a4 <format_to_str+0xd4>
8020016c:	fe442783          	lw	a5,-28(s0)
80200170:	00478713          	addi	a4,a5,4
80200174:	fee42223          	sw	a4,-28(s0)
80200178:	0007a483          	lw	s1,0(a5)
8020017c:	fec42503          	lw	a0,-20(s0)
80200180:	135000ef          	jal	80200ab4 <strlen>
80200184:	00050713          	mv	a4,a0
80200188:	fec42783          	lw	a5,-20(s0)
8020018c:	00e787b3          	add	a5,a5,a4
80200190:	00a00613          	li	a2,10
80200194:	00078593          	mv	a1,a5
80200198:	00048513          	mv	a0,s1
8020019c:	230000ef          	jal	802003cc <itoa>
802001a0:	0480006f          	j	802001e8 <format_to_str+0x118>
802001a4:	fe842783          	lw	a5,-24(s0)
802001a8:	0007c703          	lbu	a4,0(a5)
802001ac:	07800793          	li	a5,120
802001b0:	02f71c63          	bne	a4,a5,802001e8 <format_to_str+0x118>
802001b4:	fe442783          	lw	a5,-28(s0)
802001b8:	00478713          	addi	a4,a5,4
802001bc:	fee42223          	sw	a4,-28(s0)
802001c0:	0007a483          	lw	s1,0(a5)
802001c4:	fec42503          	lw	a0,-20(s0)
802001c8:	0ed000ef          	jal	80200ab4 <strlen>
802001cc:	00050713          	mv	a4,a0
802001d0:	fec42783          	lw	a5,-20(s0)
802001d4:	00e787b3          	add	a5,a5,a4
802001d8:	01000613          	li	a2,16
802001dc:	00078593          	mv	a1,a5
802001e0:	00048513          	mv	a0,s1
802001e4:	1e8000ef          	jal	802003cc <itoa>
802001e8:	fe842783          	lw	a5,-24(s0)
802001ec:	00178793          	addi	a5,a5,1
802001f0:	fef42423          	sw	a5,-24(s0)
802001f4:	fe842783          	lw	a5,-24(s0)
802001f8:	0007c783          	lbu	a5,0(a5)
802001fc:	f00790e3          	bnez	a5,802000fc <format_to_str+0x2c>
80200200:	00000013          	nop
80200204:	00000013          	nop
80200208:	01c12083          	lw	ra,28(sp)
8020020c:	01812403          	lw	s0,24(sp)
80200210:	01412483          	lw	s1,20(sp)
80200214:	02010113          	addi	sp,sp,32
80200218:	00008067          	ret

8020021c <my_printf>:
my_printf():
8020021c:	db010113          	addi	sp,sp,-592
80200220:	22112623          	sw	ra,556(sp)
80200224:	22812423          	sw	s0,552(sp)
80200228:	23010413          	addi	s0,sp,560
8020022c:	dca42e23          	sw	a0,-548(s0)
80200230:	00b42223          	sw	a1,4(s0)
80200234:	00c42423          	sw	a2,8(s0)
80200238:	00d42623          	sw	a3,12(s0)
8020023c:	00e42823          	sw	a4,16(s0)
80200240:	00f42a23          	sw	a5,20(s0)
80200244:	01042c23          	sw	a6,24(s0)
80200248:	01142e23          	sw	a7,28(s0)
8020024c:	de040823          	sb	zero,-528(s0)
80200250:	02040793          	addi	a5,s0,32
80200254:	dcf42c23          	sw	a5,-552(s0)
80200258:	dd842783          	lw	a5,-552(s0)
8020025c:	fe478793          	addi	a5,a5,-28
80200260:	def42623          	sw	a5,-532(s0)
80200264:	dec42703          	lw	a4,-532(s0)
80200268:	df040793          	addi	a5,s0,-528
8020026c:	00070613          	mv	a2,a4
80200270:	ddc42583          	lw	a1,-548(s0)
80200274:	00078513          	mv	a0,a5
80200278:	e59ff0ef          	jal	802000d0 <format_to_str>
8020027c:	df040793          	addi	a5,s0,-528
80200280:	00078513          	mv	a0,a5
80200284:	031000ef          	jal	80200ab4 <strlen>
80200288:	00050713          	mv	a4,a0
8020028c:	df040793          	addi	a5,s0,-528
80200290:	00070593          	mv	a1,a4
80200294:	00078513          	mv	a0,a5
80200298:	050000ef          	jal	802002e8 <term_write>
8020029c:	00000013          	nop
802002a0:	00078513          	mv	a0,a5
802002a4:	22c12083          	lw	ra,556(sp)
802002a8:	22812403          	lw	s0,552(sp)
802002ac:	25010113          	addi	sp,sp,592
802002b0:	00008067          	ret

802002b4 <exit>:
exit():
802002b4:	dd010113          	addi	sp,sp,-560
802002b8:	22112623          	sw	ra,556(sp)
802002bc:	22812423          	sw	s0,552(sp)
802002c0:	23010413          	addi	s0,sp,560
802002c4:	dca42e23          	sw	a0,-548(s0)
802002c8:	00100793          	li	a5,1
802002cc:	def42423          	sw	a5,-536(s0)
802002d0:	de840793          	addi	a5,s0,-536
802002d4:	20800613          	li	a2,520
802002d8:	00078593          	mv	a1,a5
802002dc:	00100513          	li	a0,1
802002e0:	070000ef          	jal	80200350 <sys_send>
802002e4:	0000006f          	j	802002e4 <exit+0x30>

802002e8 <term_write>:
term_write():
802002e8:	dd010113          	addi	sp,sp,-560
802002ec:	22112623          	sw	ra,556(sp)
802002f0:	22812423          	sw	s0,552(sp)
802002f4:	23010413          	addi	s0,sp,560
802002f8:	dca42e23          	sw	a0,-548(s0)
802002fc:	dcb42c23          	sw	a1,-552(s0)
80200300:	00100793          	li	a5,1
80200304:	def42423          	sw	a5,-536(s0)
80200308:	dd842783          	lw	a5,-552(s0)
8020030c:	def42623          	sw	a5,-532(s0)
80200310:	de840793          	addi	a5,s0,-536
80200314:	00878793          	addi	a5,a5,8
80200318:	dd842603          	lw	a2,-552(s0)
8020031c:	ddc42583          	lw	a1,-548(s0)
80200320:	00078513          	mv	a0,a5
80200324:	668000ef          	jal	8020098c <memcpy>
80200328:	de840793          	addi	a5,s0,-536
8020032c:	20800613          	li	a2,520
80200330:	00078593          	mv	a1,a5
80200334:	00200513          	li	a0,2
80200338:	018000ef          	jal	80200350 <sys_send>
8020033c:	00000013          	nop
80200340:	22c12083          	lw	ra,556(sp)
80200344:	22812403          	lw	s0,552(sp)
80200348:	23010113          	addi	sp,sp,560
8020034c:	00008067          	ret

80200350 <sys_send>:
sys_send():
80200350:	fe010113          	addi	sp,sp,-32
80200354:	00112e23          	sw	ra,28(sp)
80200358:	00812c23          	sw	s0,24(sp)
8020035c:	02010413          	addi	s0,sp,32
80200360:	fea42623          	sw	a0,-20(s0)
80200364:	feb42423          	sw	a1,-24(s0)
80200368:	fec42223          	sw	a2,-28(s0)
8020036c:	802087b7          	lui	a5,0x80208
80200370:	2587a783          	lw	a5,600(a5) # 80208258 <sc>
80200374:	00200713          	li	a4,2
80200378:	00e7a023          	sw	a4,0(a5)
8020037c:	802087b7          	lui	a5,0x80208
80200380:	2587a783          	lw	a5,600(a5) # 80208258 <sc>
80200384:	fec42703          	lw	a4,-20(s0)
80200388:	00e7a423          	sw	a4,8(a5)
8020038c:	802087b7          	lui	a5,0x80208
80200390:	2587a783          	lw	a5,600(a5) # 80208258 <sc>
80200394:	00c78793          	addi	a5,a5,12
80200398:	fe442603          	lw	a2,-28(s0)
8020039c:	fe842583          	lw	a1,-24(s0)
802003a0:	00078513          	mv	a0,a5
802003a4:	5e8000ef          	jal	8020098c <memcpy>
802003a8:	00000073          	ecall
802003ac:	00000013          	nop
802003b0:	01c12083          	lw	ra,28(sp)
802003b4:	01812403          	lw	s0,24(sp)
802003b8:	02010113          	addi	sp,sp,32
802003bc:	00008067          	ret

802003c0 <atoi>:
atoi():
802003c0:	00a00613          	li	a2,10
802003c4:	00000593          	li	a1,0
802003c8:	2f80006f          	j	802006c0 <strtol>

802003cc <itoa>:
itoa():
802003cc:	ff010113          	addi	sp,sp,-16
802003d0:	00812423          	sw	s0,8(sp)
802003d4:	00112623          	sw	ra,12(sp)
802003d8:	ffe60713          	addi	a4,a2,-2
802003dc:	02200793          	li	a5,34
802003e0:	00058413          	mv	s0,a1
802003e4:	04e7e063          	bltu	a5,a4,80200424 <itoa+0x58>
802003e8:	00a00793          	li	a5,10
802003ec:	02f60063          	beq	a2,a5,8020040c <itoa+0x40>
802003f0:	00040593          	mv	a1,s0
802003f4:	2ec000ef          	jal	802006e0 <__utoa>
802003f8:	00c12083          	lw	ra,12(sp)
802003fc:	00040513          	mv	a0,s0
80200400:	00812403          	lw	s0,8(sp)
80200404:	01010113          	addi	sp,sp,16
80200408:	00008067          	ret
8020040c:	fe0552e3          	bgez	a0,802003f0 <itoa+0x24>
80200410:	02d00793          	li	a5,45
80200414:	00f58023          	sb	a5,0(a1)
80200418:	40a00533          	neg	a0,a0
8020041c:	00158593          	addi	a1,a1,1
80200420:	fd5ff06f          	j	802003f4 <itoa+0x28>
80200424:	00058023          	sb	zero,0(a1)
80200428:	00c12083          	lw	ra,12(sp)
8020042c:	00812403          	lw	s0,8(sp)
80200430:	00000513          	li	a0,0
80200434:	01010113          	addi	sp,sp,16
80200438:	00008067          	ret

8020043c <_strtol_l.isra.0>:
_strtol_l.isra.0():
8020043c:	fb010113          	addi	sp,sp,-80
80200440:	04112623          	sw	ra,76(sp)
80200444:	02400793          	li	a5,36
80200448:	00a12423          	sw	a0,8(sp)
8020044c:	18d7ec63          	bltu	a5,a3,802005e4 <_strtol_l.isra.0+0x1a8>
80200450:	04812423          	sw	s0,72(sp)
80200454:	05212023          	sw	s2,64(sp)
80200458:	03312e23          	sw	s3,60(sp)
8020045c:	03412c23          	sw	s4,56(sp)
80200460:	03912223          	sw	s9,36(sp)
80200464:	00100793          	li	a5,1
80200468:	00068c93          	mv	s9,a3
8020046c:	00058913          	mv	s2,a1
80200470:	00060a13          	mv	s4,a2
80200474:	00068993          	mv	s3,a3
80200478:	00058413          	mv	s0,a1
8020047c:	00008717          	auipc	a4,0x8
80200480:	bb970713          	addi	a4,a4,-1095 # 80208035 <_ctype_+0x1>
80200484:	14f68663          	beq	a3,a5,802005d0 <_strtol_l.isra.0+0x194>
80200488:	04912223          	sw	s1,68(sp)
8020048c:	03512a23          	sw	s5,52(sp)
80200490:	03612823          	sw	s6,48(sp)
80200494:	03712623          	sw	s7,44(sp)
80200498:	03812423          	sw	s8,40(sp)
8020049c:	03a12023          	sw	s10,32(sp)
802004a0:	01b12e23          	sw	s11,28(sp)
802004a4:	00040693          	mv	a3,s0
802004a8:	00044483          	lbu	s1,0(s0)
802004ac:	00140413          	addi	s0,s0,1
802004b0:	009707b3          	add	a5,a4,s1
802004b4:	0007c783          	lbu	a5,0(a5)
802004b8:	0087f793          	andi	a5,a5,8
802004bc:	fe0794e3          	bnez	a5,802004a4 <_strtol_l.isra.0+0x68>
802004c0:	02d00793          	li	a5,45
802004c4:	1af48063          	beq	s1,a5,80200664 <_strtol_l.isra.0+0x228>
802004c8:	02b00793          	li	a5,43
802004cc:	80000b37          	lui	s6,0x80000
802004d0:	12f48863          	beq	s1,a5,80200600 <_strtol_l.isra.0+0x1c4>
802004d4:	fffb0b13          	addi	s6,s6,-1 # 7fffffff <app_entry-0x200001>
802004d8:	00012623          	sw	zero,12(sp)
802004dc:	120c9c63          	bnez	s9,80200614 <_strtol_l.isra.0+0x1d8>
802004e0:	00a00993          	li	s3,10
802004e4:	03000793          	li	a5,48
802004e8:	00098c93          	mv	s9,s3
802004ec:	1af48863          	beq	s1,a5,8020069c <_strtol_l.isra.0+0x260>
802004f0:	00098593          	mv	a1,s3
802004f4:	000b0513          	mv	a0,s6
802004f8:	760000ef          	jal	80200c58 <__umodsi3>
802004fc:	00050b93          	mv	s7,a0
80200500:	00098593          	mv	a1,s3
80200504:	000b0513          	mv	a0,s6
80200508:	708000ef          	jal	80200c10 <__hidden___udivsi3>
8020050c:	00900d93          	li	s11,9
80200510:	fd048793          	addi	a5,s1,-48
80200514:	00050d13          	mv	s10,a0
80200518:	00000713          	li	a4,0
8020051c:	00000513          	li	a0,0
80200520:	01900a93          	li	s5,25
80200524:	fff00c13          	li	s8,-1
80200528:	02fdee63          	bltu	s11,a5,80200564 <_strtol_l.isra.0+0x128>
8020052c:	00078493          	mv	s1,a5
80200530:	0594d263          	bge	s1,s9,80200574 <_strtol_l.isra.0+0x138>
80200534:	03870063          	beq	a4,s8,80200554 <_strtol_l.isra.0+0x118>
80200538:	fff00713          	li	a4,-1
8020053c:	00ad6c63          	bltu	s10,a0,80200554 <_strtol_l.isra.0+0x118>
80200540:	10ad0e63          	beq	s10,a0,8020065c <_strtol_l.isra.0+0x220>
80200544:	00098593          	mv	a1,s3
80200548:	69c000ef          	jal	80200be4 <__mulsi3>
8020054c:	00a48533          	add	a0,s1,a0
80200550:	00100713          	li	a4,1
80200554:	00044483          	lbu	s1,0(s0)
80200558:	00140413          	addi	s0,s0,1
8020055c:	fd048793          	addi	a5,s1,-48
80200560:	fcfdf6e3          	bgeu	s11,a5,8020052c <_strtol_l.isra.0+0xf0>
80200564:	fbf48793          	addi	a5,s1,-65
80200568:	0efae263          	bltu	s5,a5,8020064c <_strtol_l.isra.0+0x210>
8020056c:	fc948493          	addi	s1,s1,-55
80200570:	fd94c2e3          	blt	s1,s9,80200534 <_strtol_l.isra.0+0xf8>
80200574:	fff00793          	li	a5,-1
80200578:	10f70263          	beq	a4,a5,8020067c <_strtol_l.isra.0+0x240>
8020057c:	00c12783          	lw	a5,12(sp)
80200580:	00078463          	beqz	a5,80200588 <_strtol_l.isra.0+0x14c>
80200584:	40a00533          	neg	a0,a0
80200588:	000a0663          	beqz	s4,80200594 <_strtol_l.isra.0+0x158>
8020058c:	12071663          	bnez	a4,802006b8 <_strtol_l.isra.0+0x27c>
80200590:	012a2023          	sw	s2,0(s4)
80200594:	04812403          	lw	s0,72(sp)
80200598:	04c12083          	lw	ra,76(sp)
8020059c:	04412483          	lw	s1,68(sp)
802005a0:	04012903          	lw	s2,64(sp)
802005a4:	03c12983          	lw	s3,60(sp)
802005a8:	03812a03          	lw	s4,56(sp)
802005ac:	03412a83          	lw	s5,52(sp)
802005b0:	03012b03          	lw	s6,48(sp)
802005b4:	02c12b83          	lw	s7,44(sp)
802005b8:	02812c03          	lw	s8,40(sp)
802005bc:	02412c83          	lw	s9,36(sp)
802005c0:	02012d03          	lw	s10,32(sp)
802005c4:	01c12d83          	lw	s11,28(sp)
802005c8:	05010113          	addi	sp,sp,80
802005cc:	00008067          	ret
802005d0:	04812403          	lw	s0,72(sp)
802005d4:	04012903          	lw	s2,64(sp)
802005d8:	03c12983          	lw	s3,60(sp)
802005dc:	03812a03          	lw	s4,56(sp)
802005e0:	02412c83          	lw	s9,36(sp)
802005e4:	39c000ef          	jal	80200980 <__errno>
802005e8:	04c12083          	lw	ra,76(sp)
802005ec:	01600793          	li	a5,22
802005f0:	00f52023          	sw	a5,0(a0)
802005f4:	00000513          	li	a0,0
802005f8:	05010113          	addi	sp,sp,80
802005fc:	00008067          	ret
80200600:	00012623          	sw	zero,12(sp)
80200604:	00044483          	lbu	s1,0(s0)
80200608:	fffb0b13          	addi	s6,s6,-1
8020060c:	00268413          	addi	s0,a3,2
80200610:	ec0c88e3          	beqz	s9,802004e0 <_strtol_l.isra.0+0xa4>
80200614:	01000793          	li	a5,16
80200618:	ecfc9ce3          	bne	s9,a5,802004f0 <_strtol_l.isra.0+0xb4>
8020061c:	03000793          	li	a5,48
80200620:	000c8993          	mv	s3,s9
80200624:	ecf496e3          	bne	s1,a5,802004f0 <_strtol_l.isra.0+0xb4>
80200628:	00044783          	lbu	a5,0(s0)
8020062c:	05800713          	li	a4,88
80200630:	0df7f793          	andi	a5,a5,223
80200634:	eae79ee3          	bne	a5,a4,802004f0 <_strtol_l.isra.0+0xb4>
80200638:	01000993          	li	s3,16
8020063c:	00144483          	lbu	s1,1(s0)
80200640:	00098c93          	mv	s9,s3
80200644:	00240413          	addi	s0,s0,2
80200648:	ea9ff06f          	j	802004f0 <_strtol_l.isra.0+0xb4>
8020064c:	f9f48793          	addi	a5,s1,-97
80200650:	f2fae2e3          	bltu	s5,a5,80200574 <_strtol_l.isra.0+0x138>
80200654:	fa948493          	addi	s1,s1,-87
80200658:	ed9ff06f          	j	80200530 <_strtol_l.isra.0+0xf4>
8020065c:	ee9bcce3          	blt	s7,s1,80200554 <_strtol_l.isra.0+0x118>
80200660:	ee5ff06f          	j	80200544 <_strtol_l.isra.0+0x108>
80200664:	00100793          	li	a5,1
80200668:	00044483          	lbu	s1,0(s0)
8020066c:	80000b37          	lui	s6,0x80000
80200670:	00268413          	addi	s0,a3,2
80200674:	00f12623          	sw	a5,12(sp)
80200678:	e65ff06f          	j	802004dc <_strtol_l.isra.0+0xa0>
8020067c:	00812703          	lw	a4,8(sp)
80200680:	02200793          	li	a5,34
80200684:	000b0513          	mv	a0,s6
80200688:	00f72023          	sw	a5,0(a4)
8020068c:	f00a04e3          	beqz	s4,80200594 <_strtol_l.isra.0+0x158>
80200690:	fff40913          	addi	s2,s0,-1
80200694:	000b0513          	mv	a0,s6
80200698:	ef9ff06f          	j	80200590 <_strtol_l.isra.0+0x154>
8020069c:	00044783          	lbu	a5,0(s0)
802006a0:	05800713          	li	a4,88
802006a4:	0df7f793          	andi	a5,a5,223
802006a8:	f8e788e3          	beq	a5,a4,80200638 <_strtol_l.isra.0+0x1fc>
802006ac:	00800993          	li	s3,8
802006b0:	00098c93          	mv	s9,s3
802006b4:	e3dff06f          	j	802004f0 <_strtol_l.isra.0+0xb4>
802006b8:	00050b13          	mv	s6,a0
802006bc:	fd5ff06f          	j	80200690 <_strtol_l.isra.0+0x254>

802006c0 <strtol>:
strtol():
802006c0:	00050713          	mv	a4,a0
802006c4:	00008517          	auipc	a0,0x8
802006c8:	b9852503          	lw	a0,-1128(a0) # 8020825c <_impure_ptr>
802006cc:	00058793          	mv	a5,a1
802006d0:	00060693          	mv	a3,a2
802006d4:	00070593          	mv	a1,a4
802006d8:	00078613          	mv	a2,a5
802006dc:	d61ff06f          	j	8020043c <_strtol_l.isra.0>

802006e0 <__utoa>:
__utoa():
802006e0:	00008797          	auipc	a5,0x8
802006e4:	92c78793          	addi	a5,a5,-1748 # 8020800c <__modsi3+0x7380>
802006e8:	0007a283          	lw	t0,0(a5)
802006ec:	0047af83          	lw	t6,4(a5)
802006f0:	0087af03          	lw	t5,8(a5)
802006f4:	00c7ae83          	lw	t4,12(a5)
802006f8:	0107ae03          	lw	t3,16(a5)
802006fc:	0147a303          	lw	t1,20(a5)
80200700:	0187a883          	lw	a7,24(a5)
80200704:	01c7a803          	lw	a6,28(a5)
80200708:	0207a683          	lw	a3,32(a5)
8020070c:	00008797          	auipc	a5,0x8
80200710:	9247c783          	lbu	a5,-1756(a5) # 80208030 <__modsi3+0x73a4>
80200714:	fb010113          	addi	sp,sp,-80
80200718:	03512a23          	sw	s5,52(sp)
8020071c:	02f10623          	sb	a5,44(sp)
80200720:	04112623          	sw	ra,76(sp)
80200724:	ffe60713          	addi	a4,a2,-2
80200728:	00512423          	sw	t0,8(sp)
8020072c:	01f12623          	sw	t6,12(sp)
80200730:	01e12823          	sw	t5,16(sp)
80200734:	01d12a23          	sw	t4,20(sp)
80200738:	01c12c23          	sw	t3,24(sp)
8020073c:	00612e23          	sw	t1,28(sp)
80200740:	03112023          	sw	a7,32(sp)
80200744:	03012223          	sw	a6,36(sp)
80200748:	02d12423          	sw	a3,40(sp)
8020074c:	02200793          	li	a5,34
80200750:	00058a93          	mv	s5,a1
80200754:	0ce7e463          	bltu	a5,a4,8020081c <__utoa+0x13c>
80200758:	04812423          	sw	s0,72(sp)
8020075c:	04912223          	sw	s1,68(sp)
80200760:	05212023          	sw	s2,64(sp)
80200764:	03312e23          	sw	s3,60(sp)
80200768:	03412c23          	sw	s4,56(sp)
8020076c:	03612823          	sw	s6,48(sp)
80200770:	00060493          	mv	s1,a2
80200774:	00050413          	mv	s0,a0
80200778:	00000913          	li	s2,0
8020077c:	00048593          	mv	a1,s1
80200780:	00040513          	mv	a0,s0
80200784:	4d4000ef          	jal	80200c58 <__umodsi3>
80200788:	00250533          	add	a0,a0,sp
8020078c:	00854783          	lbu	a5,8(a0)
80200790:	00090993          	mv	s3,s2
80200794:	00190913          	addi	s2,s2,1
80200798:	012a8a33          	add	s4,s5,s2
8020079c:	00040513          	mv	a0,s0
802007a0:	00048593          	mv	a1,s1
802007a4:	fefa0fa3          	sb	a5,-1(s4)
802007a8:	00040b13          	mv	s6,s0
802007ac:	464000ef          	jal	80200c10 <__hidden___udivsi3>
802007b0:	00050413          	mv	s0,a0
802007b4:	fc9b74e3          	bgeu	s6,s1,8020077c <__utoa+0x9c>
802007b8:	000a0023          	sb	zero,0(s4)
802007bc:	02098a63          	beqz	s3,802007f0 <__utoa+0x110>
802007c0:	000a8693          	mv	a3,s5
802007c4:	013a8733          	add	a4,s5,s3
802007c8:	00000793          	li	a5,0
802007cc:	00074583          	lbu	a1,0(a4)
802007d0:	0006c603          	lbu	a2,0(a3)
802007d4:	00178793          	addi	a5,a5,1
802007d8:	00b68023          	sb	a1,0(a3)
802007dc:	00c70023          	sb	a2,0(a4)
802007e0:	40f98633          	sub	a2,s3,a5
802007e4:	00168693          	addi	a3,a3,1
802007e8:	fff70713          	addi	a4,a4,-1
802007ec:	fec7c0e3          	blt	a5,a2,802007cc <__utoa+0xec>
802007f0:	04812403          	lw	s0,72(sp)
802007f4:	04c12083          	lw	ra,76(sp)
802007f8:	04412483          	lw	s1,68(sp)
802007fc:	04012903          	lw	s2,64(sp)
80200800:	03c12983          	lw	s3,60(sp)
80200804:	03812a03          	lw	s4,56(sp)
80200808:	03012b03          	lw	s6,48(sp)
8020080c:	000a8513          	mv	a0,s5
80200810:	03412a83          	lw	s5,52(sp)
80200814:	05010113          	addi	sp,sp,80
80200818:	00008067          	ret
8020081c:	00058023          	sb	zero,0(a1)
80200820:	04c12083          	lw	ra,76(sp)
80200824:	03412a83          	lw	s5,52(sp)
80200828:	00000513          	li	a0,0
8020082c:	05010113          	addi	sp,sp,80
80200830:	00008067          	ret

80200834 <strcat>:
strcat():
80200834:	ff010113          	addi	sp,sp,-16
80200838:	00812423          	sw	s0,8(sp)
8020083c:	00112623          	sw	ra,12(sp)
80200840:	00357793          	andi	a5,a0,3
80200844:	00050413          	mv	s0,a0
80200848:	06079663          	bnez	a5,802008b4 <strcat+0x80>
8020084c:	00052703          	lw	a4,0(a0)
80200850:	feff0637          	lui	a2,0xfeff0
80200854:	eff60613          	addi	a2,a2,-257 # fefefeff <__heap_end+0x7ecefeff>
80200858:	00c707b3          	add	a5,a4,a2
8020085c:	808086b7          	lui	a3,0x80808
80200860:	fff74713          	not	a4,a4
80200864:	00e7f7b3          	and	a5,a5,a4
80200868:	08068693          	addi	a3,a3,128 # 80808080 <__heap_end+0x508080>
8020086c:	00d7f7b3          	and	a5,a5,a3
80200870:	04079263          	bnez	a5,802008b4 <strcat+0x80>
80200874:	00452703          	lw	a4,4(a0)
80200878:	00450513          	addi	a0,a0,4
8020087c:	00c707b3          	add	a5,a4,a2
80200880:	fff74713          	not	a4,a4
80200884:	00e7f7b3          	and	a5,a5,a4
80200888:	00d7f7b3          	and	a5,a5,a3
8020088c:	02079463          	bnez	a5,802008b4 <strcat+0x80>
80200890:	00452703          	lw	a4,4(a0)
80200894:	00450513          	addi	a0,a0,4
80200898:	00c707b3          	add	a5,a4,a2
8020089c:	fff74713          	not	a4,a4
802008a0:	00e7f7b3          	and	a5,a5,a4
802008a4:	00d7f7b3          	and	a5,a5,a3
802008a8:	fc0786e3          	beqz	a5,80200874 <strcat+0x40>
802008ac:	0080006f          	j	802008b4 <strcat+0x80>
802008b0:	00150513          	addi	a0,a0,1
802008b4:	00054783          	lbu	a5,0(a0)
802008b8:	fe079ce3          	bnez	a5,802008b0 <strcat+0x7c>
802008bc:	284000ef          	jal	80200b40 <strcpy>
802008c0:	00c12083          	lw	ra,12(sp)
802008c4:	00040513          	mv	a0,s0
802008c8:	00812403          	lw	s0,8(sp)
802008cc:	01010113          	addi	sp,sp,16
802008d0:	00008067          	ret

802008d4 <strncat>:
strncat():
802008d4:	00357713          	andi	a4,a0,3
802008d8:	00050793          	mv	a5,a0
802008dc:	06071663          	bnez	a4,80200948 <strncat+0x74>
802008e0:	00052683          	lw	a3,0(a0)
802008e4:	feff08b7          	lui	a7,0xfeff0
802008e8:	eff88893          	addi	a7,a7,-257 # fefefeff <__heap_end+0x7ecefeff>
802008ec:	01168733          	add	a4,a3,a7
802008f0:	80808837          	lui	a6,0x80808
802008f4:	fff6c693          	not	a3,a3
802008f8:	00d77733          	and	a4,a4,a3
802008fc:	08080813          	addi	a6,a6,128 # 80808080 <__heap_end+0x508080>
80200900:	01077733          	and	a4,a4,a6
80200904:	04071263          	bnez	a4,80200948 <strncat+0x74>
80200908:	0047a683          	lw	a3,4(a5)
8020090c:	00478793          	addi	a5,a5,4
80200910:	01168733          	add	a4,a3,a7
80200914:	fff6c693          	not	a3,a3
80200918:	00d77733          	and	a4,a4,a3
8020091c:	01077733          	and	a4,a4,a6
80200920:	02071463          	bnez	a4,80200948 <strncat+0x74>
80200924:	0047a683          	lw	a3,4(a5)
80200928:	00478793          	addi	a5,a5,4
8020092c:	01168733          	add	a4,a3,a7
80200930:	fff6c693          	not	a3,a3
80200934:	00d77733          	and	a4,a4,a3
80200938:	01077733          	and	a4,a4,a6
8020093c:	fc0706e3          	beqz	a4,80200908 <strncat+0x34>
80200940:	0080006f          	j	80200948 <strncat+0x74>
80200944:	00178793          	addi	a5,a5,1
80200948:	0007c703          	lbu	a4,0(a5)
8020094c:	fe071ce3          	bnez	a4,80200944 <strncat+0x70>
80200950:	00c786b3          	add	a3,a5,a2
80200954:	02060463          	beqz	a2,8020097c <strncat+0xa8>
80200958:	0005c703          	lbu	a4,0(a1)
8020095c:	00178793          	addi	a5,a5,1
80200960:	00158593          	addi	a1,a1,1
80200964:	fee78fa3          	sb	a4,-1(a5)
80200968:	00070863          	beqz	a4,80200978 <strncat+0xa4>
8020096c:	fef696e3          	bne	a3,a5,80200958 <strncat+0x84>
80200970:	00068023          	sb	zero,0(a3)
80200974:	00008067          	ret
80200978:	00008067          	ret
8020097c:	00008067          	ret

80200980 <__errno>:
__errno():
80200980:	00008517          	auipc	a0,0x8
80200984:	8dc52503          	lw	a0,-1828(a0) # 8020825c <_impure_ptr>
80200988:	00008067          	ret

8020098c <memcpy>:
memcpy():
8020098c:	00a5c7b3          	xor	a5,a1,a0
80200990:	0037f793          	andi	a5,a5,3
80200994:	00c508b3          	add	a7,a0,a2
80200998:	06079663          	bnez	a5,80200a04 <memcpy+0x78>
8020099c:	00300793          	li	a5,3
802009a0:	06c7f263          	bgeu	a5,a2,80200a04 <memcpy+0x78>
802009a4:	00357793          	andi	a5,a0,3
802009a8:	00050713          	mv	a4,a0
802009ac:	0c079a63          	bnez	a5,80200a80 <memcpy+0xf4>
802009b0:	ffc8f613          	andi	a2,a7,-4
802009b4:	40e606b3          	sub	a3,a2,a4
802009b8:	02000793          	li	a5,32
802009bc:	06d7c463          	blt	a5,a3,80200a24 <memcpy+0x98>
802009c0:	00058693          	mv	a3,a1
802009c4:	00070793          	mv	a5,a4
802009c8:	02c77a63          	bgeu	a4,a2,802009fc <memcpy+0x70>
802009cc:	0006a803          	lw	a6,0(a3)
802009d0:	00478793          	addi	a5,a5,4
802009d4:	00468693          	addi	a3,a3,4
802009d8:	ff07ae23          	sw	a6,-4(a5)
802009dc:	fec7e8e3          	bltu	a5,a2,802009cc <memcpy+0x40>
802009e0:	fff60613          	addi	a2,a2,-1
802009e4:	40e60633          	sub	a2,a2,a4
802009e8:	ffc67613          	andi	a2,a2,-4
802009ec:	00458593          	addi	a1,a1,4
802009f0:	00470713          	addi	a4,a4,4
802009f4:	00c585b3          	add	a1,a1,a2
802009f8:	00c70733          	add	a4,a4,a2
802009fc:	01176863          	bltu	a4,a7,80200a0c <memcpy+0x80>
80200a00:	00008067          	ret
80200a04:	00050713          	mv	a4,a0
80200a08:	ff157ce3          	bgeu	a0,a7,80200a00 <memcpy+0x74>
80200a0c:	0005c783          	lbu	a5,0(a1)
80200a10:	00170713          	addi	a4,a4,1
80200a14:	00158593          	addi	a1,a1,1
80200a18:	fef70fa3          	sb	a5,-1(a4)
80200a1c:	fee898e3          	bne	a7,a4,80200a0c <memcpy+0x80>
80200a20:	00008067          	ret
80200a24:	0205a683          	lw	a3,32(a1)
80200a28:	0005a383          	lw	t2,0(a1)
80200a2c:	0045a283          	lw	t0,4(a1)
80200a30:	0085af83          	lw	t6,8(a1)
80200a34:	00c5af03          	lw	t5,12(a1)
80200a38:	0105ae83          	lw	t4,16(a1)
80200a3c:	0145ae03          	lw	t3,20(a1)
80200a40:	0185a303          	lw	t1,24(a1)
80200a44:	01c5a803          	lw	a6,28(a1)
80200a48:	02470713          	addi	a4,a4,36
80200a4c:	fed72e23          	sw	a3,-4(a4)
80200a50:	fc772e23          	sw	t2,-36(a4)
80200a54:	40e606b3          	sub	a3,a2,a4
80200a58:	fe572023          	sw	t0,-32(a4)
80200a5c:	fff72223          	sw	t6,-28(a4)
80200a60:	ffe72423          	sw	t5,-24(a4)
80200a64:	ffd72623          	sw	t4,-20(a4)
80200a68:	ffc72823          	sw	t3,-16(a4)
80200a6c:	fe672a23          	sw	t1,-12(a4)
80200a70:	ff072c23          	sw	a6,-8(a4)
80200a74:	02458593          	addi	a1,a1,36
80200a78:	fad7c6e3          	blt	a5,a3,80200a24 <memcpy+0x98>
80200a7c:	f45ff06f          	j	802009c0 <memcpy+0x34>
80200a80:	0005c683          	lbu	a3,0(a1)
80200a84:	00170713          	addi	a4,a4,1
80200a88:	00377793          	andi	a5,a4,3
80200a8c:	fed70fa3          	sb	a3,-1(a4)
80200a90:	00158593          	addi	a1,a1,1
80200a94:	f0078ee3          	beqz	a5,802009b0 <memcpy+0x24>
80200a98:	0005c683          	lbu	a3,0(a1)
80200a9c:	00170713          	addi	a4,a4,1
80200aa0:	00377793          	andi	a5,a4,3
80200aa4:	fed70fa3          	sb	a3,-1(a4)
80200aa8:	00158593          	addi	a1,a1,1
80200aac:	fc079ae3          	bnez	a5,80200a80 <memcpy+0xf4>
80200ab0:	f01ff06f          	j	802009b0 <memcpy+0x24>

80200ab4 <strlen>:
strlen():
80200ab4:	00357793          	andi	a5,a0,3
80200ab8:	00050713          	mv	a4,a0
80200abc:	04079c63          	bnez	a5,80200b14 <strlen+0x60>
80200ac0:	7f7f86b7          	lui	a3,0x7f7f8
80200ac4:	f7f68693          	addi	a3,a3,-129 # 7f7f7f7f <app_entry-0xa08081>
80200ac8:	fff00593          	li	a1,-1
80200acc:	00072603          	lw	a2,0(a4)
80200ad0:	00470713          	addi	a4,a4,4
80200ad4:	00d677b3          	and	a5,a2,a3
80200ad8:	00d787b3          	add	a5,a5,a3
80200adc:	00c7e7b3          	or	a5,a5,a2
80200ae0:	00d7e7b3          	or	a5,a5,a3
80200ae4:	feb784e3          	beq	a5,a1,80200acc <strlen+0x18>
80200ae8:	ffc74683          	lbu	a3,-4(a4)
80200aec:	40a707b3          	sub	a5,a4,a0
80200af0:	04068463          	beqz	a3,80200b38 <strlen+0x84>
80200af4:	ffd74683          	lbu	a3,-3(a4)
80200af8:	02068c63          	beqz	a3,80200b30 <strlen+0x7c>
80200afc:	ffe74503          	lbu	a0,-2(a4)
80200b00:	00a03533          	snez	a0,a0
80200b04:	00f50533          	add	a0,a0,a5
80200b08:	ffe50513          	addi	a0,a0,-2
80200b0c:	00008067          	ret
80200b10:	fa0688e3          	beqz	a3,80200ac0 <strlen+0xc>
80200b14:	00074783          	lbu	a5,0(a4)
80200b18:	00170713          	addi	a4,a4,1
80200b1c:	00377693          	andi	a3,a4,3
80200b20:	fe0798e3          	bnez	a5,80200b10 <strlen+0x5c>
80200b24:	40a70733          	sub	a4,a4,a0
80200b28:	fff70513          	addi	a0,a4,-1
80200b2c:	00008067          	ret
80200b30:	ffd78513          	addi	a0,a5,-3
80200b34:	00008067          	ret
80200b38:	ffc78513          	addi	a0,a5,-4
80200b3c:	00008067          	ret

80200b40 <strcpy>:
strcpy():
80200b40:	00b567b3          	or	a5,a0,a1
80200b44:	0037f793          	andi	a5,a5,3
80200b48:	08079063          	bnez	a5,80200bc8 <strcpy+0x88>
80200b4c:	0005a703          	lw	a4,0(a1)
80200b50:	7f7f86b7          	lui	a3,0x7f7f8
80200b54:	f7f68693          	addi	a3,a3,-129 # 7f7f7f7f <app_entry-0xa08081>
80200b58:	00d77833          	and	a6,a4,a3
80200b5c:	00d80833          	add	a6,a6,a3
80200b60:	00e86833          	or	a6,a6,a4
80200b64:	00d86833          	or	a6,a6,a3
80200b68:	fff00793          	li	a5,-1
80200b6c:	00050613          	mv	a2,a0
80200b70:	02f81463          	bne	a6,a5,80200b98 <strcpy+0x58>
80200b74:	00458593          	addi	a1,a1,4
80200b78:	00e62023          	sw	a4,0(a2)
80200b7c:	0005a703          	lw	a4,0(a1)
80200b80:	00460613          	addi	a2,a2,4
80200b84:	00d777b3          	and	a5,a4,a3
80200b88:	00d787b3          	add	a5,a5,a3
80200b8c:	00e7e7b3          	or	a5,a5,a4
80200b90:	00d7e7b3          	or	a5,a5,a3
80200b94:	ff0780e3          	beq	a5,a6,80200b74 <strcpy+0x34>
80200b98:	0005c783          	lbu	a5,0(a1)
80200b9c:	0015c703          	lbu	a4,1(a1)
80200ba0:	0025c683          	lbu	a3,2(a1)
80200ba4:	00f60023          	sb	a5,0(a2)
80200ba8:	00078a63          	beqz	a5,80200bbc <strcpy+0x7c>
80200bac:	00e600a3          	sb	a4,1(a2)
80200bb0:	00070663          	beqz	a4,80200bbc <strcpy+0x7c>
80200bb4:	00d60123          	sb	a3,2(a2)
80200bb8:	00069463          	bnez	a3,80200bc0 <strcpy+0x80>
80200bbc:	00008067          	ret
80200bc0:	000601a3          	sb	zero,3(a2)
80200bc4:	00008067          	ret
80200bc8:	00050793          	mv	a5,a0
80200bcc:	0005c703          	lbu	a4,0(a1)
80200bd0:	00178793          	addi	a5,a5,1
80200bd4:	00158593          	addi	a1,a1,1
80200bd8:	fee78fa3          	sb	a4,-1(a5)
80200bdc:	fe0718e3          	bnez	a4,80200bcc <strcpy+0x8c>
80200be0:	00008067          	ret

80200be4 <__mulsi3>:
__mulsi3():
80200be4:	00050613          	mv	a2,a0
80200be8:	00000513          	li	a0,0
80200bec:	0015f693          	andi	a3,a1,1
80200bf0:	00068463          	beqz	a3,80200bf8 <__mulsi3+0x14>
80200bf4:	00c50533          	add	a0,a0,a2
80200bf8:	0015d593          	srli	a1,a1,0x1
80200bfc:	00161613          	slli	a2,a2,0x1
80200c00:	fe0596e3          	bnez	a1,80200bec <__mulsi3+0x8>
80200c04:	00008067          	ret

80200c08 <__divsi3>:
__divsi3():
80200c08:	06054063          	bltz	a0,80200c68 <__umodsi3+0x10>
80200c0c:	0605c663          	bltz	a1,80200c78 <__umodsi3+0x20>

80200c10 <__hidden___udivsi3>:
80200c10:	00058613          	mv	a2,a1
80200c14:	00050593          	mv	a1,a0
80200c18:	fff00513          	li	a0,-1
80200c1c:	02060c63          	beqz	a2,80200c54 <__hidden___udivsi3+0x44>
80200c20:	00100693          	li	a3,1
80200c24:	00b67a63          	bgeu	a2,a1,80200c38 <__hidden___udivsi3+0x28>
80200c28:	00c05863          	blez	a2,80200c38 <__hidden___udivsi3+0x28>
80200c2c:	00161613          	slli	a2,a2,0x1
80200c30:	00169693          	slli	a3,a3,0x1
80200c34:	feb66ae3          	bltu	a2,a1,80200c28 <__hidden___udivsi3+0x18>
80200c38:	00000513          	li	a0,0
80200c3c:	00c5e663          	bltu	a1,a2,80200c48 <__hidden___udivsi3+0x38>
80200c40:	40c585b3          	sub	a1,a1,a2
80200c44:	00d56533          	or	a0,a0,a3
80200c48:	0016d693          	srli	a3,a3,0x1
80200c4c:	00165613          	srli	a2,a2,0x1
80200c50:	fe0696e3          	bnez	a3,80200c3c <__hidden___udivsi3+0x2c>
80200c54:	00008067          	ret

80200c58 <__umodsi3>:
80200c58:	00008293          	mv	t0,ra
80200c5c:	fb5ff0ef          	jal	80200c10 <__hidden___udivsi3>
80200c60:	00058513          	mv	a0,a1
80200c64:	00028067          	jr	t0
80200c68:	40a00533          	neg	a0,a0
80200c6c:	00b04863          	bgtz	a1,80200c7c <__umodsi3+0x24>
80200c70:	40b005b3          	neg	a1,a1
80200c74:	f9dff06f          	j	80200c10 <__hidden___udivsi3>
80200c78:	40b005b3          	neg	a1,a1
80200c7c:	00008293          	mv	t0,ra
80200c80:	f91ff0ef          	jal	80200c10 <__hidden___udivsi3>
80200c84:	40a00533          	neg	a0,a0
80200c88:	00028067          	jr	t0

80200c8c <__modsi3>:
__modsi3():
80200c8c:	00008293          	mv	t0,ra
80200c90:	0005ca63          	bltz	a1,80200ca4 <__modsi3+0x18>
80200c94:	00054c63          	bltz	a0,80200cac <__modsi3+0x20>
80200c98:	f79ff0ef          	jal	80200c10 <__hidden___udivsi3>
80200c9c:	00058513          	mv	a0,a1
80200ca0:	00028067          	jr	t0
80200ca4:	40b005b3          	neg	a1,a1
80200ca8:	fe0558e3          	bgez	a0,80200c98 <__modsi3+0xc>
80200cac:	40a00533          	neg	a0,a0
80200cb0:	f61ff0ef          	jal	80200c10 <__hidden___udivsi3>
80200cb4:	40b00533          	neg	a0,a1
80200cb8:	00028067          	jr	t0
