
build/release/sys_shell.elf:     file format elf32-littleriscv
build/release/sys_shell.elf
architecture: riscv:rv32, flags 0x00000112:
EXEC_P, HAS_SYMS, D_PAGED
start address 0x80200000

Program Header:
0x70000003 off    0x00003134 vaddr 0x00000000 paddr 0x00000000 align 2**0
         filesz 0x0000004b memsz 0x00000000 flags r--
    LOAD off    0x00001000 vaddr 0x80200000 paddr 0x80200000 align 2**12
         filesz 0x00001224 memsz 0x00001224 flags r-x
    LOAD off    0x00003000 vaddr 0x80208000 paddr 0x80208000 align 2**12
         filesz 0x00000134 memsz 0x00000134 flags rw-

Sections:
Idx Name              Size      VMA       LMA       File off  Algn  Flags
  0 .text             00001224  80200000  80200000  00001000  2**3  CONTENTS, ALLOC, LOAD, READONLY, CODE
  1 .rodata           00000128  80208000  80208000  00003000  2**3  CONTENTS, ALLOC, LOAD, READONLY, DATA
  2 .data             0000000c  80208128  80208128  00003128  2**3  CONTENTS, ALLOC, LOAD, DATA
  3 .riscv.attributes 0000004b  00000000  00000000  00003134  2**0  CONTENTS, READONLY
  4 .comment          00000032  00000000  00000000  0000317f  2**0  CONTENTS, READONLY
SYMBOL TABLE:
80200000 l    d  .text	00000000 .text
80208000 l    d  .rodata	00000000 .rodata
80208128 l    d  .data	00000000 .data
00000000 l    d  .riscv.attributes	00000000 .riscv.attributes
00000000 l    d  .comment	00000000 .comment
00000000 l    df *ABS*	00000000 ccTAFLlG.o
00000000 l    df *ABS*	00000000 sys_shell.c
00000000 l    df *ABS*	00000000 print.c
00000000 l    df *ABS*	00000000 servers.c
00000000 l    df *ABS*	00000000 syscall.c
80208130 l     O .data	00000004 sc
00000000 l    df *ABS*	00000000 libc_a-itoa.o
00000000 l    df *ABS*	00000000 libc_a-utoa.o
00000000 l    df *ABS*	00000000 libc_a-strcat.o
00000000 l    df *ABS*	00000000 libc_a-strncat.o
00000000 l    df *ABS*	00000000 libc_a-memset.o
00000000 l    df *ABS*	00000000 libc_a-memcpy.o
00000000 l    df *ABS*	00000000 libc_a-strlen.o
00000000 l    df *ABS*	00000000 libc_a-strcpy.o
00000000 l    df *ABS*	00000000 libc_a-strcmp.o
00000000 l    df *ABS*	00000000 div.o
80200f50 g     F .text	000000a4 strcpy
80200484 g     F .text	00000098 my_printf
80200000 g       .text	00000000 app_entry
80200d9c g     F .text	00000128 memcpy
80201178 g     F .text	00000048 .hidden __hidden___udivsi3
80200600 g     F .text	0000015c CRITICAL
80201178 g     F .text	00000048 .hidden __udivsi3
8020812c g     O .data	00000004 earth
802009b0 g     F .text	00000070 itoa
80200940 g     F .text	00000070 sys_send
80200b74 g     F .text	000000a0 strcat
802011c0 g     F .text	00000010 .hidden __umodsi3
80200338 g     F .text	0000014c format_to_str
80208128 g     O .data	00000004 grass
80200790 g     F .text	0000013c term_read
80200c14 g     F .text	000000ac strncat
80200a20 g     F .text	00000154 __utoa
80200cc0 g     F .text	000000dc memset
80200154 g     F .text	000001e4 main
80201170 g     F .text	00000084 .hidden __divsi3
80200ff4 g     F .text	0000017c strcmp
80300000 g       *ABS*	00000000 __heap_end
80200010 g     F .text	00000144 parse_request
80208138 g       .data	00000000 __heap_start
802008cc g     F .text	00000074 term_write
8020075c g     F .text	00000034 exit
802011f4 g     F .text	00000030 .hidden __modsi3
80200ec4 g     F .text	0000008c strlen
8020051c g     F .text	000000e4 INFO



Disassembly of section .text:

80200000 <app_entry>:
app_entry():
80200000:	00052503          	lw	a0,0(a0)
80200004:	80400137          	lui	sp,0x80400
80200008:	14c000ef          	jal	80200154 <main>
8020000c:	750000ef          	jal	8020075c <exit>

80200010 <parse_request>:
parse_request():
80200010:	fd010113          	addi	sp,sp,-48 # 803fffd0 <__heap_end+0xfffd0>
80200014:	02112623          	sw	ra,44(sp)
80200018:	02812423          	sw	s0,40(sp)
8020001c:	03010413          	addi	s0,sp,48
80200020:	fca42e23          	sw	a0,-36(s0)
80200024:	fcb42c23          	sw	a1,-40(s0)
80200028:	fe042623          	sw	zero,-20(s0)
8020002c:	fe042423          	sw	zero,-24(s0)
80200030:	fd842783          	lw	a5,-40(s0)
80200034:	00878793          	addi	a5,a5,8
80200038:	20000613          	li	a2,512
8020003c:	00000593          	li	a1,0
80200040:	00078513          	mv	a0,a5
80200044:	47d000ef          	jal	80200cc0 <memset>
80200048:	fe042223          	sw	zero,-28(s0)
8020004c:	0bc0006f          	j	80200108 <parse_request+0xf8>
80200050:	fdc42703          	lw	a4,-36(s0)
80200054:	fe442783          	lw	a5,-28(s0)
80200058:	00f707b3          	add	a5,a4,a5
8020005c:	0007c703          	lbu	a4,0(a5)
80200060:	02000793          	li	a5,32
80200064:	04f70863          	beq	a4,a5,802000b4 <parse_request+0xa4>
80200068:	fdc42703          	lw	a4,-36(s0)
8020006c:	fe442783          	lw	a5,-28(s0)
80200070:	00f707b3          	add	a5,a4,a5
80200074:	0007c703          	lbu	a4,0(a5)
80200078:	fd842683          	lw	a3,-40(s0)
8020007c:	fe842783          	lw	a5,-24(s0)
80200080:	00579793          	slli	a5,a5,0x5
80200084:	00f686b3          	add	a3,a3,a5
80200088:	fec42783          	lw	a5,-20(s0)
8020008c:	00f687b3          	add	a5,a3,a5
80200090:	00e78423          	sb	a4,8(a5)
80200094:	fec42783          	lw	a5,-20(s0)
80200098:	00178793          	addi	a5,a5,1
8020009c:	fef42623          	sw	a5,-20(s0)
802000a0:	fec42703          	lw	a4,-20(s0)
802000a4:	01f00793          	li	a5,31
802000a8:	04e7fa63          	bgeu	a5,a4,802000fc <parse_request+0xec>
802000ac:	fff00793          	li	a5,-1
802000b0:	0900006f          	j	80200140 <parse_request+0x130>
802000b4:	fec42783          	lw	a5,-20(s0)
802000b8:	04078263          	beqz	a5,802000fc <parse_request+0xec>
802000bc:	fd842703          	lw	a4,-40(s0)
802000c0:	fe842783          	lw	a5,-24(s0)
802000c4:	00579793          	slli	a5,a5,0x5
802000c8:	00f70733          	add	a4,a4,a5
802000cc:	fec42783          	lw	a5,-20(s0)
802000d0:	00f707b3          	add	a5,a4,a5
802000d4:	00078423          	sb	zero,8(a5)
802000d8:	fe042623          	sw	zero,-20(s0)
802000dc:	fe842783          	lw	a5,-24(s0)
802000e0:	00178793          	addi	a5,a5,1
802000e4:	fef42423          	sw	a5,-24(s0)
802000e8:	fe842703          	lw	a4,-24(s0)
802000ec:	00f00793          	li	a5,15
802000f0:	00e7f663          	bgeu	a5,a4,802000fc <parse_request+0xec>
802000f4:	fff00793          	li	a5,-1
802000f8:	0480006f          	j	80200140 <parse_request+0x130>
802000fc:	fe442783          	lw	a5,-28(s0)
80200100:	00178793          	addi	a5,a5,1
80200104:	fef42223          	sw	a5,-28(s0)
80200108:	fdc42503          	lw	a0,-36(s0)
8020010c:	5b9000ef          	jal	80200ec4 <strlen>
80200110:	00050713          	mv	a4,a0
80200114:	fe442783          	lw	a5,-28(s0)
80200118:	f2e7ece3          	bltu	a5,a4,80200050 <parse_request+0x40>
8020011c:	fec42783          	lw	a5,-20(s0)
80200120:	00078863          	beqz	a5,80200130 <parse_request+0x120>
80200124:	fe842783          	lw	a5,-24(s0)
80200128:	00178793          	addi	a5,a5,1
8020012c:	0080006f          	j	80200134 <parse_request+0x124>
80200130:	fe842783          	lw	a5,-24(s0)
80200134:	fd842703          	lw	a4,-40(s0)
80200138:	00f72223          	sw	a5,4(a4)
8020013c:	00000793          	li	a5,0
80200140:	00078513          	mv	a0,a5
80200144:	02c12083          	lw	ra,44(sp)
80200148:	02812403          	lw	s0,40(sp)
8020014c:	03010113          	addi	sp,sp,48
80200150:	00008067          	ret

80200154 <main>:
main():
80200154:	be010113          	addi	sp,sp,-1056
80200158:	40112e23          	sw	ra,1052(sp)
8020015c:	40812c23          	sw	s0,1048(sp)
80200160:	42010413          	addi	s0,sp,1056
80200164:	802087b7          	lui	a5,0x80208
80200168:	00078513          	mv	a0,a5
8020016c:	494000ef          	jal	80200600 <CRITICAL>
80200170:	000067b7          	lui	a5,0x6
80200174:	46378793          	addi	a5,a5,1123 # 6463 <app_entry-0x801f9b9d>
80200178:	def42823          	sw	a5,-528(s0)
8020017c:	df440793          	addi	a5,s0,-524
80200180:	1fc00713          	li	a4,508
80200184:	00070613          	mv	a2,a4
80200188:	00000593          	li	a1,0
8020018c:	00078513          	mv	a0,a5
80200190:	331000ef          	jal	80200cc0 <memset>
80200194:	df040713          	addi	a4,s0,-528
80200198:	802087b7          	lui	a5,0x80208
8020019c:	02078593          	addi	a1,a5,32 # 80208020 <__modsi3+0x6e2c>
802001a0:	00070513          	mv	a0,a4
802001a4:	651000ef          	jal	80200ff4 <strcmp>
802001a8:	00050793          	mv	a5,a0
802001ac:	14078e63          	beqz	a5,80200308 <main+0x1b4>
802001b0:	df040713          	addi	a4,s0,-528
802001b4:	802087b7          	lui	a5,0x80208
802001b8:	02c78593          	addi	a1,a5,44 # 8020802c <__modsi3+0x6e38>
802001bc:	00070513          	mv	a0,a4
802001c0:	635000ef          	jal	80200ff4 <strcmp>
802001c4:	00050793          	mv	a5,a0
802001c8:	02079863          	bnez	a5,802001f8 <main+0xa4>
802001cc:	00200793          	li	a5,2
802001d0:	bef42223          	sw	a5,-1052(s0)
802001d4:	802087b7          	lui	a5,0x80208
802001d8:	1287a783          	lw	a5,296(a5) # 80208128 <grass>
802001dc:	00c7a783          	lw	a5,12(a5)
802001e0:	be440713          	addi	a4,s0,-1052
802001e4:	20800613          	li	a2,520
802001e8:	00070593          	mv	a1,a4
802001ec:	00100513          	li	a0,1
802001f0:	000780e7          	jalr	a5
802001f4:	1140006f          	j	80200308 <main+0x1b4>
802001f8:	df040713          	addi	a4,s0,-528
802001fc:	802087b7          	lui	a5,0x80208
80200200:	03478593          	addi	a1,a5,52 # 80208034 <__modsi3+0x6e40>
80200204:	00070513          	mv	a0,a4
80200208:	5ed000ef          	jal	80200ff4 <strcmp>
8020020c:	00050793          	mv	a5,a0
80200210:	00079e63          	bnez	a5,8020022c <main+0xd8>
80200214:	803027b7          	lui	a5,0x80302
80200218:	00478593          	addi	a1,a5,4 # 80302004 <__heap_end+0x2004>
8020021c:	802087b7          	lui	a5,0x80208
80200220:	03878513          	addi	a0,a5,56 # 80208038 <__modsi3+0x6e44>
80200224:	260000ef          	jal	80200484 <my_printf>
80200228:	0e00006f          	j	80200308 <main+0x1b4>
8020022c:	be042223          	sw	zero,-1052(s0)
80200230:	be440713          	addi	a4,s0,-1052
80200234:	df040793          	addi	a5,s0,-528
80200238:	00070593          	mv	a1,a4
8020023c:	00078513          	mv	a0,a5
80200240:	dd1ff0ef          	jal	80200010 <parse_request>
80200244:	00050793          	mv	a5,a0
80200248:	00078a63          	beqz	a5,8020025c <main+0x108>
8020024c:	802087b7          	lui	a5,0x80208
80200250:	04078513          	addi	a0,a5,64 # 80208040 <__modsi3+0x6e4c>
80200254:	2c8000ef          	jal	8020051c <INFO>
80200258:	0b00006f          	j	80200308 <main+0x1b4>
8020025c:	802087b7          	lui	a5,0x80208
80200260:	1287a783          	lw	a5,296(a5) # 80208128 <grass>
80200264:	00c7a783          	lw	a5,12(a5)
80200268:	be440713          	addi	a4,s0,-1052
8020026c:	20800613          	li	a2,520
80200270:	00070593          	mv	a1,a4
80200274:	00100513          	li	a0,1
80200278:	000780e7          	jalr	a5
8020027c:	802087b7          	lui	a5,0x80208
80200280:	1287a783          	lw	a5,296(a5) # 80208128 <grass>
80200284:	0107a783          	lw	a5,16(a5)
80200288:	dec40713          	addi	a4,s0,-532
8020028c:	00400693          	li	a3,4
80200290:	00070613          	mv	a2,a4
80200294:	00000593          	li	a1,0
80200298:	00100513          	li	a0,1
8020029c:	000780e7          	jalr	a5
802002a0:	dec42783          	lw	a5,-532(s0)
802002a4:	02078063          	beqz	a5,802002c4 <main+0x170>
802002a8:	be440793          	addi	a5,s0,-1052
802002ac:	00878793          	addi	a5,a5,8
802002b0:	00078593          	mv	a1,a5
802002b4:	802087b7          	lui	a5,0x80208
802002b8:	07478513          	addi	a0,a5,116 # 80208074 <__modsi3+0x6e80>
802002bc:	260000ef          	jal	8020051c <INFO>
802002c0:	0480006f          	j	80200308 <main+0x1b4>
802002c4:	be842783          	lw	a5,-1048(s0)
802002c8:	fff78793          	addi	a5,a5,-1
802002cc:	00579793          	slli	a5,a5,0x5
802002d0:	ff078793          	addi	a5,a5,-16
802002d4:	008787b3          	add	a5,a5,s0
802002d8:	bfc7c703          	lbu	a4,-1028(a5)
802002dc:	02600793          	li	a5,38
802002e0:	02f70463          	beq	a4,a5,80200308 <main+0x1b4>
802002e4:	802087b7          	lui	a5,0x80208
802002e8:	1287a783          	lw	a5,296(a5) # 80208128 <grass>
802002ec:	0107a783          	lw	a5,16(a5)
802002f0:	dec40713          	addi	a4,s0,-532
802002f4:	00400693          	li	a3,4
802002f8:	00070613          	mv	a2,a4
802002fc:	00000593          	li	a1,0
80200300:	00100513          	li	a0,1
80200304:	000780e7          	jalr	a5
80200308:	803027b7          	lui	a5,0x80302
8020030c:	00478593          	addi	a1,a5,4 # 80302004 <__heap_end+0x2004>
80200310:	802087b7          	lui	a5,0x80208
80200314:	09478513          	addi	a0,a5,148 # 80208094 <__modsi3+0x6ea0>
80200318:	16c000ef          	jal	80200484 <my_printf>
8020031c:	df040793          	addi	a5,s0,-528
80200320:	20000593          	li	a1,512
80200324:	00078513          	mv	a0,a5
80200328:	468000ef          	jal	80200790 <term_read>
8020032c:	00050793          	mv	a5,a0
80200330:	fc078ce3          	beqz	a5,80200308 <main+0x1b4>
80200334:	e61ff06f          	j	80200194 <main+0x40>

80200338 <format_to_str>:
format_to_str():
80200338:	fe010113          	addi	sp,sp,-32
8020033c:	00112e23          	sw	ra,28(sp)
80200340:	00812c23          	sw	s0,24(sp)
80200344:	00912a23          	sw	s1,20(sp)
80200348:	02010413          	addi	s0,sp,32
8020034c:	fea42623          	sw	a0,-20(s0)
80200350:	feb42423          	sw	a1,-24(s0)
80200354:	fec42223          	sw	a2,-28(s0)
80200358:	fec42783          	lw	a5,-20(s0)
8020035c:	00078023          	sb	zero,0(a5)
80200360:	0fc0006f          	j	8020045c <format_to_str+0x124>
80200364:	fe842783          	lw	a5,-24(s0)
80200368:	0007c703          	lbu	a4,0(a5)
8020036c:	02500793          	li	a5,37
80200370:	00f70c63          	beq	a4,a5,80200388 <format_to_str+0x50>
80200374:	00100613          	li	a2,1
80200378:	fe842583          	lw	a1,-24(s0)
8020037c:	fec42503          	lw	a0,-20(s0)
80200380:	095000ef          	jal	80200c14 <strncat>
80200384:	0cc0006f          	j	80200450 <format_to_str+0x118>
80200388:	fe842783          	lw	a5,-24(s0)
8020038c:	00178793          	addi	a5,a5,1
80200390:	fef42423          	sw	a5,-24(s0)
80200394:	fe842783          	lw	a5,-24(s0)
80200398:	0007c703          	lbu	a4,0(a5)
8020039c:	07300793          	li	a5,115
802003a0:	02f71263          	bne	a4,a5,802003c4 <format_to_str+0x8c>
802003a4:	fe442783          	lw	a5,-28(s0)
802003a8:	00478713          	addi	a4,a5,4
802003ac:	fee42223          	sw	a4,-28(s0)
802003b0:	0007a783          	lw	a5,0(a5)
802003b4:	00078593          	mv	a1,a5
802003b8:	fec42503          	lw	a0,-20(s0)
802003bc:	7b8000ef          	jal	80200b74 <strcat>
802003c0:	0900006f          	j	80200450 <format_to_str+0x118>
802003c4:	fe842783          	lw	a5,-24(s0)
802003c8:	0007c703          	lbu	a4,0(a5)
802003cc:	06400793          	li	a5,100
802003d0:	02f71e63          	bne	a4,a5,8020040c <format_to_str+0xd4>
802003d4:	fe442783          	lw	a5,-28(s0)
802003d8:	00478713          	addi	a4,a5,4
802003dc:	fee42223          	sw	a4,-28(s0)
802003e0:	0007a483          	lw	s1,0(a5)
802003e4:	fec42503          	lw	a0,-20(s0)
802003e8:	2dd000ef          	jal	80200ec4 <strlen>
802003ec:	00050713          	mv	a4,a0
802003f0:	fec42783          	lw	a5,-20(s0)
802003f4:	00e787b3          	add	a5,a5,a4
802003f8:	00a00613          	li	a2,10
802003fc:	00078593          	mv	a1,a5
80200400:	00048513          	mv	a0,s1
80200404:	5ac000ef          	jal	802009b0 <itoa>
80200408:	0480006f          	j	80200450 <format_to_str+0x118>
8020040c:	fe842783          	lw	a5,-24(s0)
80200410:	0007c703          	lbu	a4,0(a5)
80200414:	07800793          	li	a5,120
80200418:	02f71c63          	bne	a4,a5,80200450 <format_to_str+0x118>
8020041c:	fe442783          	lw	a5,-28(s0)
80200420:	00478713          	addi	a4,a5,4
80200424:	fee42223          	sw	a4,-28(s0)
80200428:	0007a483          	lw	s1,0(a5)
8020042c:	fec42503          	lw	a0,-20(s0)
80200430:	295000ef          	jal	80200ec4 <strlen>
80200434:	00050713          	mv	a4,a0
80200438:	fec42783          	lw	a5,-20(s0)
8020043c:	00e787b3          	add	a5,a5,a4
80200440:	01000613          	li	a2,16
80200444:	00078593          	mv	a1,a5
80200448:	00048513          	mv	a0,s1
8020044c:	564000ef          	jal	802009b0 <itoa>
80200450:	fe842783          	lw	a5,-24(s0)
80200454:	00178793          	addi	a5,a5,1
80200458:	fef42423          	sw	a5,-24(s0)
8020045c:	fe842783          	lw	a5,-24(s0)
80200460:	0007c783          	lbu	a5,0(a5)
80200464:	f00790e3          	bnez	a5,80200364 <format_to_str+0x2c>
80200468:	00000013          	nop
8020046c:	00000013          	nop
80200470:	01c12083          	lw	ra,28(sp)
80200474:	01812403          	lw	s0,24(sp)
80200478:	01412483          	lw	s1,20(sp)
8020047c:	02010113          	addi	sp,sp,32
80200480:	00008067          	ret

80200484 <my_printf>:
my_printf():
80200484:	db010113          	addi	sp,sp,-592
80200488:	22112623          	sw	ra,556(sp)
8020048c:	22812423          	sw	s0,552(sp)
80200490:	23010413          	addi	s0,sp,560
80200494:	dca42e23          	sw	a0,-548(s0)
80200498:	00b42223          	sw	a1,4(s0)
8020049c:	00c42423          	sw	a2,8(s0)
802004a0:	00d42623          	sw	a3,12(s0)
802004a4:	00e42823          	sw	a4,16(s0)
802004a8:	00f42a23          	sw	a5,20(s0)
802004ac:	01042c23          	sw	a6,24(s0)
802004b0:	01142e23          	sw	a7,28(s0)
802004b4:	de040823          	sb	zero,-528(s0)
802004b8:	02040793          	addi	a5,s0,32
802004bc:	dcf42c23          	sw	a5,-552(s0)
802004c0:	dd842783          	lw	a5,-552(s0)
802004c4:	fe478793          	addi	a5,a5,-28
802004c8:	def42623          	sw	a5,-532(s0)
802004cc:	dec42703          	lw	a4,-532(s0)
802004d0:	df040793          	addi	a5,s0,-528
802004d4:	00070613          	mv	a2,a4
802004d8:	ddc42583          	lw	a1,-548(s0)
802004dc:	00078513          	mv	a0,a5
802004e0:	e59ff0ef          	jal	80200338 <format_to_str>
802004e4:	df040793          	addi	a5,s0,-528
802004e8:	00078513          	mv	a0,a5
802004ec:	1d9000ef          	jal	80200ec4 <strlen>
802004f0:	00050713          	mv	a4,a0
802004f4:	df040793          	addi	a5,s0,-528
802004f8:	00070593          	mv	a1,a4
802004fc:	00078513          	mv	a0,a5
80200500:	3cc000ef          	jal	802008cc <term_write>
80200504:	00000013          	nop
80200508:	00078513          	mv	a0,a5
8020050c:	22c12083          	lw	ra,556(sp)
80200510:	22812403          	lw	s0,552(sp)
80200514:	25010113          	addi	sp,sp,592
80200518:	00008067          	ret

8020051c <INFO>:
INFO():
8020051c:	db010113          	addi	sp,sp,-592
80200520:	22112623          	sw	ra,556(sp)
80200524:	22812423          	sw	s0,552(sp)
80200528:	23010413          	addi	s0,sp,560
8020052c:	dca42e23          	sw	a0,-548(s0)
80200530:	00b42223          	sw	a1,4(s0)
80200534:	00c42423          	sw	a2,8(s0)
80200538:	00d42623          	sw	a3,12(s0)
8020053c:	00e42823          	sw	a4,16(s0)
80200540:	00f42a23          	sw	a5,20(s0)
80200544:	01042c23          	sw	a6,24(s0)
80200548:	01142e23          	sw	a7,28(s0)
8020054c:	df040793          	addi	a5,s0,-528
80200550:	464e5737          	lui	a4,0x464e5
80200554:	95b70713          	addi	a4,a4,-1701 # 464e495b <app_entry-0x39d1b6a5>
80200558:	00e7a023          	sw	a4,0(a5)
8020055c:	00206737          	lui	a4,0x206
80200560:	d4f70713          	addi	a4,a4,-689 # 205d4f <app_entry-0x7fffa2b1>
80200564:	00e7a223          	sw	a4,4(a5)
80200568:	02040793          	addi	a5,s0,32
8020056c:	dcf42c23          	sw	a5,-552(s0)
80200570:	dd842783          	lw	a5,-552(s0)
80200574:	fe478793          	addi	a5,a5,-28
80200578:	def42623          	sw	a5,-532(s0)
8020057c:	df040793          	addi	a5,s0,-528
80200580:	00778793          	addi	a5,a5,7
80200584:	dec42703          	lw	a4,-532(s0)
80200588:	00070613          	mv	a2,a4
8020058c:	ddc42583          	lw	a1,-548(s0)
80200590:	00078513          	mv	a0,a5
80200594:	da5ff0ef          	jal	80200338 <format_to_str>
80200598:	df040793          	addi	a5,s0,-528
8020059c:	00078513          	mv	a0,a5
802005a0:	125000ef          	jal	80200ec4 <strlen>
802005a4:	00050793          	mv	a5,a0
802005a8:	00078713          	mv	a4,a5
802005ac:	df040793          	addi	a5,s0,-528
802005b0:	00e787b3          	add	a5,a5,a4
802005b4:	00a00713          	li	a4,10
802005b8:	00e78023          	sb	a4,0(a5)
802005bc:	00d00713          	li	a4,13
802005c0:	00e780a3          	sb	a4,1(a5)
802005c4:	00078123          	sb	zero,2(a5)
802005c8:	df040793          	addi	a5,s0,-528
802005cc:	00078513          	mv	a0,a5
802005d0:	0f5000ef          	jal	80200ec4 <strlen>
802005d4:	00050713          	mv	a4,a0
802005d8:	df040793          	addi	a5,s0,-528
802005dc:	00070593          	mv	a1,a4
802005e0:	00078513          	mv	a0,a5
802005e4:	2e8000ef          	jal	802008cc <term_write>
802005e8:	00000013          	nop
802005ec:	00078513          	mv	a0,a5
802005f0:	22c12083          	lw	ra,556(sp)
802005f4:	22812403          	lw	s0,552(sp)
802005f8:	25010113          	addi	sp,sp,592
802005fc:	00008067          	ret

80200600 <CRITICAL>:
CRITICAL():
80200600:	db010113          	addi	sp,sp,-592
80200604:	22112623          	sw	ra,556(sp)
80200608:	22812423          	sw	s0,552(sp)
8020060c:	23010413          	addi	s0,sp,560
80200610:	dca42e23          	sw	a0,-548(s0)
80200614:	00b42223          	sw	a1,4(s0)
80200618:	00c42423          	sw	a2,8(s0)
8020061c:	00d42623          	sw	a3,12(s0)
80200620:	00e42823          	sw	a4,16(s0)
80200624:	00f42a23          	sw	a5,20(s0)
80200628:	01042c23          	sw	a6,24(s0)
8020062c:	01142e23          	sw	a7,28(s0)
80200630:	df040793          	addi	a5,s0,-528
80200634:	80208737          	lui	a4,0x80208
80200638:	0e070713          	addi	a4,a4,224 # 802080e0 <__modsi3+0x6eec>
8020063c:	00072503          	lw	a0,0(a4)
80200640:	00472583          	lw	a1,4(a4)
80200644:	00872603          	lw	a2,8(a4)
80200648:	00c72683          	lw	a3,12(a4)
8020064c:	00a7a023          	sw	a0,0(a5)
80200650:	00b7a223          	sw	a1,4(a5)
80200654:	00c7a423          	sw	a2,8(a5)
80200658:	00d7a623          	sw	a3,12(a5)
8020065c:	01075683          	lhu	a3,16(a4)
80200660:	00d79823          	sh	a3,16(a5)
80200664:	01274703          	lbu	a4,18(a4)
80200668:	00e78923          	sb	a4,18(a5)
8020066c:	02040793          	addi	a5,s0,32
80200670:	dcf42c23          	sw	a5,-552(s0)
80200674:	dd842783          	lw	a5,-552(s0)
80200678:	fe478793          	addi	a5,a5,-28
8020067c:	def42623          	sw	a5,-532(s0)
80200680:	df040793          	addi	a5,s0,-528
80200684:	01278793          	addi	a5,a5,18
80200688:	dec42703          	lw	a4,-532(s0)
8020068c:	00070613          	mv	a2,a4
80200690:	ddc42583          	lw	a1,-548(s0)
80200694:	00078513          	mv	a0,a5
80200698:	ca1ff0ef          	jal	80200338 <format_to_str>
8020069c:	df040793          	addi	a5,s0,-528
802006a0:	00078513          	mv	a0,a5
802006a4:	021000ef          	jal	80200ec4 <strlen>
802006a8:	00050793          	mv	a5,a0
802006ac:	00078713          	mv	a4,a5
802006b0:	df040793          	addi	a5,s0,-528
802006b4:	00e787b3          	add	a5,a5,a4
802006b8:	80208737          	lui	a4,0x80208
802006bc:	0c070713          	addi	a4,a4,192 # 802080c0 <__modsi3+0x6ecc>
802006c0:	00074683          	lbu	a3,0(a4)
802006c4:	00068e13          	mv	t3,a3
802006c8:	00174683          	lbu	a3,1(a4)
802006cc:	00068313          	mv	t1,a3
802006d0:	00274683          	lbu	a3,2(a4)
802006d4:	00068893          	mv	a7,a3
802006d8:	00374683          	lbu	a3,3(a4)
802006dc:	00068813          	mv	a6,a3
802006e0:	00474683          	lbu	a3,4(a4)
802006e4:	00068513          	mv	a0,a3
802006e8:	00574683          	lbu	a3,5(a4)
802006ec:	00068593          	mv	a1,a3
802006f0:	00674683          	lbu	a3,6(a4)
802006f4:	00068613          	mv	a2,a3
802006f8:	00774683          	lbu	a3,7(a4)
802006fc:	00874703          	lbu	a4,8(a4)
80200700:	01c78023          	sb	t3,0(a5)
80200704:	006780a3          	sb	t1,1(a5)
80200708:	01178123          	sb	a7,2(a5)
8020070c:	010781a3          	sb	a6,3(a5)
80200710:	00a78223          	sb	a0,4(a5)
80200714:	00b782a3          	sb	a1,5(a5)
80200718:	00c78323          	sb	a2,6(a5)
8020071c:	00d783a3          	sb	a3,7(a5)
80200720:	00e78423          	sb	a4,8(a5)
80200724:	df040793          	addi	a5,s0,-528
80200728:	00078513          	mv	a0,a5
8020072c:	798000ef          	jal	80200ec4 <strlen>
80200730:	00050713          	mv	a4,a0
80200734:	df040793          	addi	a5,s0,-528
80200738:	00070593          	mv	a1,a4
8020073c:	00078513          	mv	a0,a5
80200740:	18c000ef          	jal	802008cc <term_write>
80200744:	00000013          	nop
80200748:	00078513          	mv	a0,a5
8020074c:	22c12083          	lw	ra,556(sp)
80200750:	22812403          	lw	s0,552(sp)
80200754:	25010113          	addi	sp,sp,592
80200758:	00008067          	ret

8020075c <exit>:
exit():
8020075c:	dd010113          	addi	sp,sp,-560
80200760:	22112623          	sw	ra,556(sp)
80200764:	22812423          	sw	s0,552(sp)
80200768:	23010413          	addi	s0,sp,560
8020076c:	dca42e23          	sw	a0,-548(s0)
80200770:	00100793          	li	a5,1
80200774:	def42423          	sw	a5,-536(s0)
80200778:	de840793          	addi	a5,s0,-536
8020077c:	20800613          	li	a2,520
80200780:	00078593          	mv	a1,a5
80200784:	00100513          	li	a0,1
80200788:	1b8000ef          	jal	80200940 <sys_send>
8020078c:	0000006f          	j	8020078c <exit+0x30>

80200790 <term_read>:
term_read():
80200790:	fd010113          	addi	sp,sp,-48
80200794:	02112623          	sw	ra,44(sp)
80200798:	02812423          	sw	s0,40(sp)
8020079c:	03010413          	addi	s0,sp,48
802007a0:	fca42e23          	sw	a0,-36(s0)
802007a4:	fcb42c23          	sw	a1,-40(s0)
802007a8:	fe042623          	sw	zero,-20(s0)
802007ac:	0e40006f          	j	80200890 <term_read+0x100>
802007b0:	802087b7          	lui	a5,0x80208
802007b4:	12c7a783          	lw	a5,300(a5) # 8020812c <earth>
802007b8:	01c7a783          	lw	a5,28(a5)
802007bc:	feb40713          	addi	a4,s0,-21
802007c0:	00070513          	mv	a0,a4
802007c4:	000780e7          	jalr	a5
802007c8:	fec42783          	lw	a5,-20(s0)
802007cc:	fdc42703          	lw	a4,-36(s0)
802007d0:	00f707b3          	add	a5,a4,a5
802007d4:	feb44703          	lbu	a4,-21(s0)
802007d8:	00e78023          	sb	a4,0(a5)
802007dc:	feb44783          	lbu	a5,-21(s0)
802007e0:	00d00713          	li	a4,13
802007e4:	00e78863          	beq	a5,a4,802007f4 <term_read+0x64>
802007e8:	07f00713          	li	a4,127
802007ec:	04e78263          	beq	a5,a4,80200830 <term_read+0xa0>
802007f0:	07c0006f          	j	8020086c <term_read+0xdc>
802007f4:	fec42783          	lw	a5,-20(s0)
802007f8:	fdc42703          	lw	a4,-36(s0)
802007fc:	00f707b3          	add	a5,a4,a5
80200800:	00078023          	sb	zero,0(a5)
80200804:	00200593          	li	a1,2
80200808:	802087b7          	lui	a5,0x80208
8020080c:	0f478513          	addi	a0,a5,244 # 802080f4 <__modsi3+0x6f00>
80200810:	0bc000ef          	jal	802008cc <term_write>
80200814:	fec42783          	lw	a5,-20(s0)
80200818:	00078863          	beqz	a5,80200828 <term_read+0x98>
8020081c:	fec42783          	lw	a5,-20(s0)
80200820:	00178793          	addi	a5,a5,1
80200824:	0940006f          	j	802008b8 <term_read+0x128>
80200828:	00000793          	li	a5,0
8020082c:	08c0006f          	j	802008b8 <term_read+0x128>
80200830:	fe0405a3          	sb	zero,-21(s0)
80200834:	fec42783          	lw	a5,-20(s0)
80200838:	00078a63          	beqz	a5,8020084c <term_read+0xbc>
8020083c:	00300593          	li	a1,3
80200840:	802087b7          	lui	a5,0x80208
80200844:	0f878513          	addi	a0,a5,248 # 802080f8 <__modsi3+0x6f04>
80200848:	084000ef          	jal	802008cc <term_write>
8020084c:	fec42783          	lw	a5,-20(s0)
80200850:	00078863          	beqz	a5,80200860 <term_read+0xd0>
80200854:	fec42783          	lw	a5,-20(s0)
80200858:	ffe78793          	addi	a5,a5,-2
8020085c:	00c0006f          	j	80200868 <term_read+0xd8>
80200860:	fec42783          	lw	a5,-20(s0)
80200864:	fff78793          	addi	a5,a5,-1
80200868:	fef42623          	sw	a5,-20(s0)
8020086c:	feb44783          	lbu	a5,-21(s0)
80200870:	00078a63          	beqz	a5,80200884 <term_read+0xf4>
80200874:	feb40793          	addi	a5,s0,-21
80200878:	00100593          	li	a1,1
8020087c:	00078513          	mv	a0,a5
80200880:	04c000ef          	jal	802008cc <term_write>
80200884:	fec42783          	lw	a5,-20(s0)
80200888:	00178793          	addi	a5,a5,1
8020088c:	fef42623          	sw	a5,-20(s0)
80200890:	fd842783          	lw	a5,-40(s0)
80200894:	fff78713          	addi	a4,a5,-1
80200898:	fec42783          	lw	a5,-20(s0)
8020089c:	f0e7eae3          	bltu	a5,a4,802007b0 <term_read+0x20>
802008a0:	fd842783          	lw	a5,-40(s0)
802008a4:	fff78793          	addi	a5,a5,-1
802008a8:	fdc42703          	lw	a4,-36(s0)
802008ac:	00f707b3          	add	a5,a4,a5
802008b0:	00078023          	sb	zero,0(a5)
802008b4:	fd842783          	lw	a5,-40(s0)
802008b8:	00078513          	mv	a0,a5
802008bc:	02c12083          	lw	ra,44(sp)
802008c0:	02812403          	lw	s0,40(sp)
802008c4:	03010113          	addi	sp,sp,48
802008c8:	00008067          	ret

802008cc <term_write>:
term_write():
802008cc:	fd010113          	addi	sp,sp,-48
802008d0:	02112623          	sw	ra,44(sp)
802008d4:	02812423          	sw	s0,40(sp)
802008d8:	03010413          	addi	s0,sp,48
802008dc:	fca42e23          	sw	a0,-36(s0)
802008e0:	fcb42c23          	sw	a1,-40(s0)
802008e4:	fe042623          	sw	zero,-20(s0)
802008e8:	0340006f          	j	8020091c <term_write+0x50>
802008ec:	802087b7          	lui	a5,0x80208
802008f0:	12c7a783          	lw	a5,300(a5) # 8020812c <earth>
802008f4:	0207a783          	lw	a5,32(a5)
802008f8:	fdc42683          	lw	a3,-36(s0)
802008fc:	fec42703          	lw	a4,-20(s0)
80200900:	00e68733          	add	a4,a3,a4
80200904:	00074703          	lbu	a4,0(a4)
80200908:	00070513          	mv	a0,a4
8020090c:	000780e7          	jalr	a5
80200910:	fec42783          	lw	a5,-20(s0)
80200914:	00178793          	addi	a5,a5,1
80200918:	fef42623          	sw	a5,-20(s0)
8020091c:	fec42703          	lw	a4,-20(s0)
80200920:	fd842783          	lw	a5,-40(s0)
80200924:	fcf764e3          	bltu	a4,a5,802008ec <term_write+0x20>
80200928:	00000013          	nop
8020092c:	00000013          	nop
80200930:	02c12083          	lw	ra,44(sp)
80200934:	02812403          	lw	s0,40(sp)
80200938:	03010113          	addi	sp,sp,48
8020093c:	00008067          	ret

80200940 <sys_send>:
sys_send():
80200940:	fe010113          	addi	sp,sp,-32
80200944:	00112e23          	sw	ra,28(sp)
80200948:	00812c23          	sw	s0,24(sp)
8020094c:	02010413          	addi	s0,sp,32
80200950:	fea42623          	sw	a0,-20(s0)
80200954:	feb42423          	sw	a1,-24(s0)
80200958:	fec42223          	sw	a2,-28(s0)
8020095c:	802087b7          	lui	a5,0x80208
80200960:	1307a783          	lw	a5,304(a5) # 80208130 <sc>
80200964:	00200713          	li	a4,2
80200968:	00e7a023          	sw	a4,0(a5)
8020096c:	802087b7          	lui	a5,0x80208
80200970:	1307a783          	lw	a5,304(a5) # 80208130 <sc>
80200974:	fec42703          	lw	a4,-20(s0)
80200978:	00e7a423          	sw	a4,8(a5)
8020097c:	802087b7          	lui	a5,0x80208
80200980:	1307a783          	lw	a5,304(a5) # 80208130 <sc>
80200984:	00c78793          	addi	a5,a5,12
80200988:	fe442603          	lw	a2,-28(s0)
8020098c:	fe842583          	lw	a1,-24(s0)
80200990:	00078513          	mv	a0,a5
80200994:	408000ef          	jal	80200d9c <memcpy>
80200998:	00000073          	ecall
8020099c:	00000013          	nop
802009a0:	01c12083          	lw	ra,28(sp)
802009a4:	01812403          	lw	s0,24(sp)
802009a8:	02010113          	addi	sp,sp,32
802009ac:	00008067          	ret

802009b0 <itoa>:
itoa():
802009b0:	ff010113          	addi	sp,sp,-16
802009b4:	00812423          	sw	s0,8(sp)
802009b8:	00112623          	sw	ra,12(sp)
802009bc:	ffe60713          	addi	a4,a2,-2
802009c0:	02200793          	li	a5,34
802009c4:	00058413          	mv	s0,a1
802009c8:	04e7e063          	bltu	a5,a4,80200a08 <itoa+0x58>
802009cc:	00a00793          	li	a5,10
802009d0:	02f60063          	beq	a2,a5,802009f0 <itoa+0x40>
802009d4:	00040593          	mv	a1,s0
802009d8:	048000ef          	jal	80200a20 <__utoa>
802009dc:	00c12083          	lw	ra,12(sp)
802009e0:	00040513          	mv	a0,s0
802009e4:	00812403          	lw	s0,8(sp)
802009e8:	01010113          	addi	sp,sp,16
802009ec:	00008067          	ret
802009f0:	fe0552e3          	bgez	a0,802009d4 <itoa+0x24>
802009f4:	02d00793          	li	a5,45
802009f8:	00f58023          	sb	a5,0(a1)
802009fc:	40a00533          	neg	a0,a0
80200a00:	00158593          	addi	a1,a1,1
80200a04:	fd5ff06f          	j	802009d8 <itoa+0x28>
80200a08:	00058023          	sb	zero,0(a1)
80200a0c:	00c12083          	lw	ra,12(sp)
80200a10:	00812403          	lw	s0,8(sp)
80200a14:	00000513          	li	a0,0
80200a18:	01010113          	addi	sp,sp,16
80200a1c:	00008067          	ret

80200a20 <__utoa>:
__utoa():
80200a20:	00007797          	auipc	a5,0x7
80200a24:	6dc78793          	addi	a5,a5,1756 # 802080fc <__modsi3+0x6f08>
80200a28:	0007a283          	lw	t0,0(a5)
80200a2c:	0047af83          	lw	t6,4(a5)
80200a30:	0087af03          	lw	t5,8(a5)
80200a34:	00c7ae83          	lw	t4,12(a5)
80200a38:	0107ae03          	lw	t3,16(a5)
80200a3c:	0147a303          	lw	t1,20(a5)
80200a40:	0187a883          	lw	a7,24(a5)
80200a44:	01c7a803          	lw	a6,28(a5)
80200a48:	0207a683          	lw	a3,32(a5)
80200a4c:	00007797          	auipc	a5,0x7
80200a50:	6d47c783          	lbu	a5,1748(a5) # 80208120 <__modsi3+0x6f2c>
80200a54:	fb010113          	addi	sp,sp,-80
80200a58:	03512a23          	sw	s5,52(sp)
80200a5c:	02f10623          	sb	a5,44(sp)
80200a60:	04112623          	sw	ra,76(sp)
80200a64:	ffe60713          	addi	a4,a2,-2
80200a68:	00512423          	sw	t0,8(sp)
80200a6c:	01f12623          	sw	t6,12(sp)
80200a70:	01e12823          	sw	t5,16(sp)
80200a74:	01d12a23          	sw	t4,20(sp)
80200a78:	01c12c23          	sw	t3,24(sp)
80200a7c:	00612e23          	sw	t1,28(sp)
80200a80:	03112023          	sw	a7,32(sp)
80200a84:	03012223          	sw	a6,36(sp)
80200a88:	02d12423          	sw	a3,40(sp)
80200a8c:	02200793          	li	a5,34
80200a90:	00058a93          	mv	s5,a1
80200a94:	0ce7e463          	bltu	a5,a4,80200b5c <__utoa+0x13c>
80200a98:	04812423          	sw	s0,72(sp)
80200a9c:	04912223          	sw	s1,68(sp)
80200aa0:	05212023          	sw	s2,64(sp)
80200aa4:	03312e23          	sw	s3,60(sp)
80200aa8:	03412c23          	sw	s4,56(sp)
80200aac:	03612823          	sw	s6,48(sp)
80200ab0:	00060493          	mv	s1,a2
80200ab4:	00050413          	mv	s0,a0
80200ab8:	00000913          	li	s2,0
80200abc:	00048593          	mv	a1,s1
80200ac0:	00040513          	mv	a0,s0
80200ac4:	6fc000ef          	jal	802011c0 <__umodsi3>
80200ac8:	00250533          	add	a0,a0,sp
80200acc:	00854783          	lbu	a5,8(a0)
80200ad0:	00090993          	mv	s3,s2
80200ad4:	00190913          	addi	s2,s2,1
80200ad8:	012a8a33          	add	s4,s5,s2
80200adc:	00040513          	mv	a0,s0
80200ae0:	00048593          	mv	a1,s1
80200ae4:	fefa0fa3          	sb	a5,-1(s4)
80200ae8:	00040b13          	mv	s6,s0
80200aec:	68c000ef          	jal	80201178 <__hidden___udivsi3>
80200af0:	00050413          	mv	s0,a0
80200af4:	fc9b74e3          	bgeu	s6,s1,80200abc <__utoa+0x9c>
80200af8:	000a0023          	sb	zero,0(s4)
80200afc:	02098a63          	beqz	s3,80200b30 <__utoa+0x110>
80200b00:	000a8693          	mv	a3,s5
80200b04:	013a8733          	add	a4,s5,s3
80200b08:	00000793          	li	a5,0
80200b0c:	00074583          	lbu	a1,0(a4)
80200b10:	0006c603          	lbu	a2,0(a3)
80200b14:	00178793          	addi	a5,a5,1
80200b18:	00b68023          	sb	a1,0(a3)
80200b1c:	00c70023          	sb	a2,0(a4)
80200b20:	40f98633          	sub	a2,s3,a5
80200b24:	00168693          	addi	a3,a3,1
80200b28:	fff70713          	addi	a4,a4,-1
80200b2c:	fec7c0e3          	blt	a5,a2,80200b0c <__utoa+0xec>
80200b30:	04812403          	lw	s0,72(sp)
80200b34:	04c12083          	lw	ra,76(sp)
80200b38:	04412483          	lw	s1,68(sp)
80200b3c:	04012903          	lw	s2,64(sp)
80200b40:	03c12983          	lw	s3,60(sp)
80200b44:	03812a03          	lw	s4,56(sp)
80200b48:	03012b03          	lw	s6,48(sp)
80200b4c:	000a8513          	mv	a0,s5
80200b50:	03412a83          	lw	s5,52(sp)
80200b54:	05010113          	addi	sp,sp,80
80200b58:	00008067          	ret
80200b5c:	00058023          	sb	zero,0(a1)
80200b60:	04c12083          	lw	ra,76(sp)
80200b64:	03412a83          	lw	s5,52(sp)
80200b68:	00000513          	li	a0,0
80200b6c:	05010113          	addi	sp,sp,80
80200b70:	00008067          	ret

80200b74 <strcat>:
strcat():
80200b74:	ff010113          	addi	sp,sp,-16
80200b78:	00812423          	sw	s0,8(sp)
80200b7c:	00112623          	sw	ra,12(sp)
80200b80:	00357793          	andi	a5,a0,3
80200b84:	00050413          	mv	s0,a0
80200b88:	06079663          	bnez	a5,80200bf4 <strcat+0x80>
80200b8c:	00052703          	lw	a4,0(a0)
80200b90:	feff0637          	lui	a2,0xfeff0
80200b94:	eff60613          	addi	a2,a2,-257 # fefefeff <__heap_end+0x7ecefeff>
80200b98:	00c707b3          	add	a5,a4,a2
80200b9c:	808086b7          	lui	a3,0x80808
80200ba0:	fff74713          	not	a4,a4
80200ba4:	00e7f7b3          	and	a5,a5,a4
80200ba8:	08068693          	addi	a3,a3,128 # 80808080 <__heap_end+0x508080>
80200bac:	00d7f7b3          	and	a5,a5,a3
80200bb0:	04079263          	bnez	a5,80200bf4 <strcat+0x80>
80200bb4:	00452703          	lw	a4,4(a0)
80200bb8:	00450513          	addi	a0,a0,4
80200bbc:	00c707b3          	add	a5,a4,a2
80200bc0:	fff74713          	not	a4,a4
80200bc4:	00e7f7b3          	and	a5,a5,a4
80200bc8:	00d7f7b3          	and	a5,a5,a3
80200bcc:	02079463          	bnez	a5,80200bf4 <strcat+0x80>
80200bd0:	00452703          	lw	a4,4(a0)
80200bd4:	00450513          	addi	a0,a0,4
80200bd8:	00c707b3          	add	a5,a4,a2
80200bdc:	fff74713          	not	a4,a4
80200be0:	00e7f7b3          	and	a5,a5,a4
80200be4:	00d7f7b3          	and	a5,a5,a3
80200be8:	fc0786e3          	beqz	a5,80200bb4 <strcat+0x40>
80200bec:	0080006f          	j	80200bf4 <strcat+0x80>
80200bf0:	00150513          	addi	a0,a0,1
80200bf4:	00054783          	lbu	a5,0(a0)
80200bf8:	fe079ce3          	bnez	a5,80200bf0 <strcat+0x7c>
80200bfc:	354000ef          	jal	80200f50 <strcpy>
80200c00:	00c12083          	lw	ra,12(sp)
80200c04:	00040513          	mv	a0,s0
80200c08:	00812403          	lw	s0,8(sp)
80200c0c:	01010113          	addi	sp,sp,16
80200c10:	00008067          	ret

80200c14 <strncat>:
strncat():
80200c14:	00357713          	andi	a4,a0,3
80200c18:	00050793          	mv	a5,a0
80200c1c:	06071663          	bnez	a4,80200c88 <strncat+0x74>
80200c20:	00052683          	lw	a3,0(a0)
80200c24:	feff08b7          	lui	a7,0xfeff0
80200c28:	eff88893          	addi	a7,a7,-257 # fefefeff <__heap_end+0x7ecefeff>
80200c2c:	01168733          	add	a4,a3,a7
80200c30:	80808837          	lui	a6,0x80808
80200c34:	fff6c693          	not	a3,a3
80200c38:	00d77733          	and	a4,a4,a3
80200c3c:	08080813          	addi	a6,a6,128 # 80808080 <__heap_end+0x508080>
80200c40:	01077733          	and	a4,a4,a6
80200c44:	04071263          	bnez	a4,80200c88 <strncat+0x74>
80200c48:	0047a683          	lw	a3,4(a5)
80200c4c:	00478793          	addi	a5,a5,4
80200c50:	01168733          	add	a4,a3,a7
80200c54:	fff6c693          	not	a3,a3
80200c58:	00d77733          	and	a4,a4,a3
80200c5c:	01077733          	and	a4,a4,a6
80200c60:	02071463          	bnez	a4,80200c88 <strncat+0x74>
80200c64:	0047a683          	lw	a3,4(a5)
80200c68:	00478793          	addi	a5,a5,4
80200c6c:	01168733          	add	a4,a3,a7
80200c70:	fff6c693          	not	a3,a3
80200c74:	00d77733          	and	a4,a4,a3
80200c78:	01077733          	and	a4,a4,a6
80200c7c:	fc0706e3          	beqz	a4,80200c48 <strncat+0x34>
80200c80:	0080006f          	j	80200c88 <strncat+0x74>
80200c84:	00178793          	addi	a5,a5,1
80200c88:	0007c703          	lbu	a4,0(a5)
80200c8c:	fe071ce3          	bnez	a4,80200c84 <strncat+0x70>
80200c90:	00c786b3          	add	a3,a5,a2
80200c94:	02060463          	beqz	a2,80200cbc <strncat+0xa8>
80200c98:	0005c703          	lbu	a4,0(a1)
80200c9c:	00178793          	addi	a5,a5,1
80200ca0:	00158593          	addi	a1,a1,1
80200ca4:	fee78fa3          	sb	a4,-1(a5)
80200ca8:	00070863          	beqz	a4,80200cb8 <strncat+0xa4>
80200cac:	fef696e3          	bne	a3,a5,80200c98 <strncat+0x84>
80200cb0:	00068023          	sb	zero,0(a3)
80200cb4:	00008067          	ret
80200cb8:	00008067          	ret
80200cbc:	00008067          	ret

80200cc0 <memset>:
memset():
80200cc0:	00f00313          	li	t1,15
80200cc4:	00050713          	mv	a4,a0
80200cc8:	02c37e63          	bgeu	t1,a2,80200d04 <memset+0x44>
80200ccc:	00f77793          	andi	a5,a4,15
80200cd0:	0a079063          	bnez	a5,80200d70 <memset+0xb0>
80200cd4:	08059263          	bnez	a1,80200d58 <memset+0x98>
80200cd8:	ff067693          	andi	a3,a2,-16
80200cdc:	00f67613          	andi	a2,a2,15
80200ce0:	00e686b3          	add	a3,a3,a4
80200ce4:	00b72023          	sw	a1,0(a4)
80200ce8:	00b72223          	sw	a1,4(a4)
80200cec:	00b72423          	sw	a1,8(a4)
80200cf0:	00b72623          	sw	a1,12(a4)
80200cf4:	01070713          	addi	a4,a4,16
80200cf8:	fed766e3          	bltu	a4,a3,80200ce4 <memset+0x24>
80200cfc:	00061463          	bnez	a2,80200d04 <memset+0x44>
80200d00:	00008067          	ret
80200d04:	40c306b3          	sub	a3,t1,a2
80200d08:	00269693          	slli	a3,a3,0x2
80200d0c:	00000297          	auipc	t0,0x0
80200d10:	005686b3          	add	a3,a3,t0
80200d14:	00c68067          	jr	12(a3)
80200d18:	00b70723          	sb	a1,14(a4)
80200d1c:	00b706a3          	sb	a1,13(a4)
80200d20:	00b70623          	sb	a1,12(a4)
80200d24:	00b705a3          	sb	a1,11(a4)
80200d28:	00b70523          	sb	a1,10(a4)
80200d2c:	00b704a3          	sb	a1,9(a4)
80200d30:	00b70423          	sb	a1,8(a4)
80200d34:	00b703a3          	sb	a1,7(a4)
80200d38:	00b70323          	sb	a1,6(a4)
80200d3c:	00b702a3          	sb	a1,5(a4)
80200d40:	00b70223          	sb	a1,4(a4)
80200d44:	00b701a3          	sb	a1,3(a4)
80200d48:	00b70123          	sb	a1,2(a4)
80200d4c:	00b700a3          	sb	a1,1(a4)
80200d50:	00b70023          	sb	a1,0(a4)
80200d54:	00008067          	ret
80200d58:	0ff5f593          	zext.b	a1,a1
80200d5c:	00859693          	slli	a3,a1,0x8
80200d60:	00d5e5b3          	or	a1,a1,a3
80200d64:	01059693          	slli	a3,a1,0x10
80200d68:	00d5e5b3          	or	a1,a1,a3
80200d6c:	f6dff06f          	j	80200cd8 <memset+0x18>
80200d70:	00279693          	slli	a3,a5,0x2
80200d74:	00000297          	auipc	t0,0x0
80200d78:	005686b3          	add	a3,a3,t0
80200d7c:	00008293          	mv	t0,ra
80200d80:	fa0680e7          	jalr	-96(a3)
80200d84:	00028093          	mv	ra,t0
80200d88:	ff078793          	addi	a5,a5,-16
80200d8c:	40f70733          	sub	a4,a4,a5
80200d90:	00f60633          	add	a2,a2,a5
80200d94:	f6c378e3          	bgeu	t1,a2,80200d04 <memset+0x44>
80200d98:	f3dff06f          	j	80200cd4 <memset+0x14>

80200d9c <memcpy>:
memcpy():
80200d9c:	00a5c7b3          	xor	a5,a1,a0
80200da0:	0037f793          	andi	a5,a5,3
80200da4:	00c508b3          	add	a7,a0,a2
80200da8:	06079663          	bnez	a5,80200e14 <memcpy+0x78>
80200dac:	00300793          	li	a5,3
80200db0:	06c7f263          	bgeu	a5,a2,80200e14 <memcpy+0x78>
80200db4:	00357793          	andi	a5,a0,3
80200db8:	00050713          	mv	a4,a0
80200dbc:	0c079a63          	bnez	a5,80200e90 <memcpy+0xf4>
80200dc0:	ffc8f613          	andi	a2,a7,-4
80200dc4:	40e606b3          	sub	a3,a2,a4
80200dc8:	02000793          	li	a5,32
80200dcc:	06d7c463          	blt	a5,a3,80200e34 <memcpy+0x98>
80200dd0:	00058693          	mv	a3,a1
80200dd4:	00070793          	mv	a5,a4
80200dd8:	02c77a63          	bgeu	a4,a2,80200e0c <memcpy+0x70>
80200ddc:	0006a803          	lw	a6,0(a3)
80200de0:	00478793          	addi	a5,a5,4
80200de4:	00468693          	addi	a3,a3,4
80200de8:	ff07ae23          	sw	a6,-4(a5)
80200dec:	fec7e8e3          	bltu	a5,a2,80200ddc <memcpy+0x40>
80200df0:	fff60613          	addi	a2,a2,-1
80200df4:	40e60633          	sub	a2,a2,a4
80200df8:	ffc67613          	andi	a2,a2,-4
80200dfc:	00458593          	addi	a1,a1,4
80200e00:	00470713          	addi	a4,a4,4
80200e04:	00c585b3          	add	a1,a1,a2
80200e08:	00c70733          	add	a4,a4,a2
80200e0c:	01176863          	bltu	a4,a7,80200e1c <memcpy+0x80>
80200e10:	00008067          	ret
80200e14:	00050713          	mv	a4,a0
80200e18:	ff157ce3          	bgeu	a0,a7,80200e10 <memcpy+0x74>
80200e1c:	0005c783          	lbu	a5,0(a1)
80200e20:	00170713          	addi	a4,a4,1
80200e24:	00158593          	addi	a1,a1,1
80200e28:	fef70fa3          	sb	a5,-1(a4)
80200e2c:	fee898e3          	bne	a7,a4,80200e1c <memcpy+0x80>
80200e30:	00008067          	ret
80200e34:	0205a683          	lw	a3,32(a1)
80200e38:	0005a383          	lw	t2,0(a1)
80200e3c:	0045a283          	lw	t0,4(a1)
80200e40:	0085af83          	lw	t6,8(a1)
80200e44:	00c5af03          	lw	t5,12(a1)
80200e48:	0105ae83          	lw	t4,16(a1)
80200e4c:	0145ae03          	lw	t3,20(a1)
80200e50:	0185a303          	lw	t1,24(a1)
80200e54:	01c5a803          	lw	a6,28(a1)
80200e58:	02470713          	addi	a4,a4,36
80200e5c:	fed72e23          	sw	a3,-4(a4)
80200e60:	fc772e23          	sw	t2,-36(a4)
80200e64:	40e606b3          	sub	a3,a2,a4
80200e68:	fe572023          	sw	t0,-32(a4)
80200e6c:	fff72223          	sw	t6,-28(a4)
80200e70:	ffe72423          	sw	t5,-24(a4)
80200e74:	ffd72623          	sw	t4,-20(a4)
80200e78:	ffc72823          	sw	t3,-16(a4)
80200e7c:	fe672a23          	sw	t1,-12(a4)
80200e80:	ff072c23          	sw	a6,-8(a4)
80200e84:	02458593          	addi	a1,a1,36
80200e88:	fad7c6e3          	blt	a5,a3,80200e34 <memcpy+0x98>
80200e8c:	f45ff06f          	j	80200dd0 <memcpy+0x34>
80200e90:	0005c683          	lbu	a3,0(a1)
80200e94:	00170713          	addi	a4,a4,1
80200e98:	00377793          	andi	a5,a4,3
80200e9c:	fed70fa3          	sb	a3,-1(a4)
80200ea0:	00158593          	addi	a1,a1,1
80200ea4:	f0078ee3          	beqz	a5,80200dc0 <memcpy+0x24>
80200ea8:	0005c683          	lbu	a3,0(a1)
80200eac:	00170713          	addi	a4,a4,1
80200eb0:	00377793          	andi	a5,a4,3
80200eb4:	fed70fa3          	sb	a3,-1(a4)
80200eb8:	00158593          	addi	a1,a1,1
80200ebc:	fc079ae3          	bnez	a5,80200e90 <memcpy+0xf4>
80200ec0:	f01ff06f          	j	80200dc0 <memcpy+0x24>

80200ec4 <strlen>:
strlen():
80200ec4:	00357793          	andi	a5,a0,3
80200ec8:	00050713          	mv	a4,a0
80200ecc:	04079c63          	bnez	a5,80200f24 <strlen+0x60>
80200ed0:	7f7f86b7          	lui	a3,0x7f7f8
80200ed4:	f7f68693          	addi	a3,a3,-129 # 7f7f7f7f <app_entry-0xa08081>
80200ed8:	fff00593          	li	a1,-1
80200edc:	00072603          	lw	a2,0(a4)
80200ee0:	00470713          	addi	a4,a4,4
80200ee4:	00d677b3          	and	a5,a2,a3
80200ee8:	00d787b3          	add	a5,a5,a3
80200eec:	00c7e7b3          	or	a5,a5,a2
80200ef0:	00d7e7b3          	or	a5,a5,a3
80200ef4:	feb784e3          	beq	a5,a1,80200edc <strlen+0x18>
80200ef8:	ffc74683          	lbu	a3,-4(a4)
80200efc:	40a707b3          	sub	a5,a4,a0
80200f00:	04068463          	beqz	a3,80200f48 <strlen+0x84>
80200f04:	ffd74683          	lbu	a3,-3(a4)
80200f08:	02068c63          	beqz	a3,80200f40 <strlen+0x7c>
80200f0c:	ffe74503          	lbu	a0,-2(a4)
80200f10:	00a03533          	snez	a0,a0
80200f14:	00f50533          	add	a0,a0,a5
80200f18:	ffe50513          	addi	a0,a0,-2
80200f1c:	00008067          	ret
80200f20:	fa0688e3          	beqz	a3,80200ed0 <strlen+0xc>
80200f24:	00074783          	lbu	a5,0(a4)
80200f28:	00170713          	addi	a4,a4,1
80200f2c:	00377693          	andi	a3,a4,3
80200f30:	fe0798e3          	bnez	a5,80200f20 <strlen+0x5c>
80200f34:	40a70733          	sub	a4,a4,a0
80200f38:	fff70513          	addi	a0,a4,-1
80200f3c:	00008067          	ret
80200f40:	ffd78513          	addi	a0,a5,-3
80200f44:	00008067          	ret
80200f48:	ffc78513          	addi	a0,a5,-4
80200f4c:	00008067          	ret

80200f50 <strcpy>:
strcpy():
80200f50:	00b567b3          	or	a5,a0,a1
80200f54:	0037f793          	andi	a5,a5,3
80200f58:	08079063          	bnez	a5,80200fd8 <strcpy+0x88>
80200f5c:	0005a703          	lw	a4,0(a1)
80200f60:	7f7f86b7          	lui	a3,0x7f7f8
80200f64:	f7f68693          	addi	a3,a3,-129 # 7f7f7f7f <app_entry-0xa08081>
80200f68:	00d77833          	and	a6,a4,a3
80200f6c:	00d80833          	add	a6,a6,a3
80200f70:	00e86833          	or	a6,a6,a4
80200f74:	00d86833          	or	a6,a6,a3
80200f78:	fff00793          	li	a5,-1
80200f7c:	00050613          	mv	a2,a0
80200f80:	02f81463          	bne	a6,a5,80200fa8 <strcpy+0x58>
80200f84:	00458593          	addi	a1,a1,4
80200f88:	00e62023          	sw	a4,0(a2)
80200f8c:	0005a703          	lw	a4,0(a1)
80200f90:	00460613          	addi	a2,a2,4
80200f94:	00d777b3          	and	a5,a4,a3
80200f98:	00d787b3          	add	a5,a5,a3
80200f9c:	00e7e7b3          	or	a5,a5,a4
80200fa0:	00d7e7b3          	or	a5,a5,a3
80200fa4:	ff0780e3          	beq	a5,a6,80200f84 <strcpy+0x34>
80200fa8:	0005c783          	lbu	a5,0(a1)
80200fac:	0015c703          	lbu	a4,1(a1)
80200fb0:	0025c683          	lbu	a3,2(a1)
80200fb4:	00f60023          	sb	a5,0(a2)
80200fb8:	00078a63          	beqz	a5,80200fcc <strcpy+0x7c>
80200fbc:	00e600a3          	sb	a4,1(a2)
80200fc0:	00070663          	beqz	a4,80200fcc <strcpy+0x7c>
80200fc4:	00d60123          	sb	a3,2(a2)
80200fc8:	00069463          	bnez	a3,80200fd0 <strcpy+0x80>
80200fcc:	00008067          	ret
80200fd0:	000601a3          	sb	zero,3(a2)
80200fd4:	00008067          	ret
80200fd8:	00050793          	mv	a5,a0
80200fdc:	0005c703          	lbu	a4,0(a1)
80200fe0:	00178793          	addi	a5,a5,1
80200fe4:	00158593          	addi	a1,a1,1
80200fe8:	fee78fa3          	sb	a4,-1(a5)
80200fec:	fe0718e3          	bnez	a4,80200fdc <strcpy+0x8c>
80200ff0:	00008067          	ret

80200ff4 <strcmp>:
strcmp():
80200ff4:	00b56733          	or	a4,a0,a1
80200ff8:	fff00393          	li	t2,-1
80200ffc:	00377713          	andi	a4,a4,3
80201000:	10071063          	bnez	a4,80201100 <strcmp+0x10c>
80201004:	7f7f87b7          	lui	a5,0x7f7f8
80201008:	f7f78793          	addi	a5,a5,-129 # 7f7f7f7f <app_entry-0xa08081>
8020100c:	00052603          	lw	a2,0(a0)
80201010:	0005a683          	lw	a3,0(a1)
80201014:	00f672b3          	and	t0,a2,a5
80201018:	00f66333          	or	t1,a2,a5
8020101c:	00f282b3          	add	t0,t0,a5
80201020:	0062e2b3          	or	t0,t0,t1
80201024:	10729263          	bne	t0,t2,80201128 <strcmp+0x134>
80201028:	08d61663          	bne	a2,a3,802010b4 <strcmp+0xc0>
8020102c:	00452603          	lw	a2,4(a0)
80201030:	0045a683          	lw	a3,4(a1)
80201034:	00f672b3          	and	t0,a2,a5
80201038:	00f66333          	or	t1,a2,a5
8020103c:	00f282b3          	add	t0,t0,a5
80201040:	0062e2b3          	or	t0,t0,t1
80201044:	0c729e63          	bne	t0,t2,80201120 <strcmp+0x12c>
80201048:	06d61663          	bne	a2,a3,802010b4 <strcmp+0xc0>
8020104c:	00852603          	lw	a2,8(a0)
80201050:	0085a683          	lw	a3,8(a1)
80201054:	00f672b3          	and	t0,a2,a5
80201058:	00f66333          	or	t1,a2,a5
8020105c:	00f282b3          	add	t0,t0,a5
80201060:	0062e2b3          	or	t0,t0,t1
80201064:	0c729863          	bne	t0,t2,80201134 <strcmp+0x140>
80201068:	04d61663          	bne	a2,a3,802010b4 <strcmp+0xc0>
8020106c:	00c52603          	lw	a2,12(a0)
80201070:	00c5a683          	lw	a3,12(a1)
80201074:	00f672b3          	and	t0,a2,a5
80201078:	00f66333          	or	t1,a2,a5
8020107c:	00f282b3          	add	t0,t0,a5
80201080:	0062e2b3          	or	t0,t0,t1
80201084:	0c729263          	bne	t0,t2,80201148 <strcmp+0x154>
80201088:	02d61663          	bne	a2,a3,802010b4 <strcmp+0xc0>
8020108c:	01052603          	lw	a2,16(a0)
80201090:	0105a683          	lw	a3,16(a1)
80201094:	00f672b3          	and	t0,a2,a5
80201098:	00f66333          	or	t1,a2,a5
8020109c:	00f282b3          	add	t0,t0,a5
802010a0:	0062e2b3          	or	t0,t0,t1
802010a4:	0a729c63          	bne	t0,t2,8020115c <strcmp+0x168>
802010a8:	01450513          	addi	a0,a0,20
802010ac:	01458593          	addi	a1,a1,20
802010b0:	f4d60ee3          	beq	a2,a3,8020100c <strcmp+0x18>
802010b4:	01061713          	slli	a4,a2,0x10
802010b8:	01069793          	slli	a5,a3,0x10
802010bc:	00f71e63          	bne	a4,a5,802010d8 <strcmp+0xe4>
802010c0:	01065713          	srli	a4,a2,0x10
802010c4:	0106d793          	srli	a5,a3,0x10
802010c8:	40f70533          	sub	a0,a4,a5
802010cc:	0ff57593          	zext.b	a1,a0
802010d0:	02059063          	bnez	a1,802010f0 <strcmp+0xfc>
802010d4:	00008067          	ret
802010d8:	01075713          	srli	a4,a4,0x10
802010dc:	0107d793          	srli	a5,a5,0x10
802010e0:	40f70533          	sub	a0,a4,a5
802010e4:	0ff57593          	zext.b	a1,a0
802010e8:	00059463          	bnez	a1,802010f0 <strcmp+0xfc>
802010ec:	00008067          	ret
802010f0:	0ff77713          	zext.b	a4,a4
802010f4:	0ff7f793          	zext.b	a5,a5
802010f8:	40f70533          	sub	a0,a4,a5
802010fc:	00008067          	ret
80201100:	00054603          	lbu	a2,0(a0)
80201104:	0005c683          	lbu	a3,0(a1)
80201108:	00150513          	addi	a0,a0,1
8020110c:	00158593          	addi	a1,a1,1
80201110:	00d61463          	bne	a2,a3,80201118 <strcmp+0x124>
80201114:	fe0616e3          	bnez	a2,80201100 <strcmp+0x10c>
80201118:	40d60533          	sub	a0,a2,a3
8020111c:	00008067          	ret
80201120:	00450513          	addi	a0,a0,4
80201124:	00458593          	addi	a1,a1,4
80201128:	fcd61ce3          	bne	a2,a3,80201100 <strcmp+0x10c>
8020112c:	00000513          	li	a0,0
80201130:	00008067          	ret
80201134:	00850513          	addi	a0,a0,8
80201138:	00858593          	addi	a1,a1,8
8020113c:	fcd612e3          	bne	a2,a3,80201100 <strcmp+0x10c>
80201140:	00000513          	li	a0,0
80201144:	00008067          	ret
80201148:	00c50513          	addi	a0,a0,12
8020114c:	00c58593          	addi	a1,a1,12
80201150:	fad618e3          	bne	a2,a3,80201100 <strcmp+0x10c>
80201154:	00000513          	li	a0,0
80201158:	00008067          	ret
8020115c:	01050513          	addi	a0,a0,16
80201160:	01058593          	addi	a1,a1,16
80201164:	f8d61ee3          	bne	a2,a3,80201100 <strcmp+0x10c>
80201168:	00000513          	li	a0,0
8020116c:	00008067          	ret

80201170 <__divsi3>:
__divsi3():
80201170:	06054063          	bltz	a0,802011d0 <__umodsi3+0x10>
80201174:	0605c663          	bltz	a1,802011e0 <__umodsi3+0x20>

80201178 <__hidden___udivsi3>:
80201178:	00058613          	mv	a2,a1
8020117c:	00050593          	mv	a1,a0
80201180:	fff00513          	li	a0,-1
80201184:	02060c63          	beqz	a2,802011bc <__hidden___udivsi3+0x44>
80201188:	00100693          	li	a3,1
8020118c:	00b67a63          	bgeu	a2,a1,802011a0 <__hidden___udivsi3+0x28>
80201190:	00c05863          	blez	a2,802011a0 <__hidden___udivsi3+0x28>
80201194:	00161613          	slli	a2,a2,0x1
80201198:	00169693          	slli	a3,a3,0x1
8020119c:	feb66ae3          	bltu	a2,a1,80201190 <__hidden___udivsi3+0x18>
802011a0:	00000513          	li	a0,0
802011a4:	00c5e663          	bltu	a1,a2,802011b0 <__hidden___udivsi3+0x38>
802011a8:	40c585b3          	sub	a1,a1,a2
802011ac:	00d56533          	or	a0,a0,a3
802011b0:	0016d693          	srli	a3,a3,0x1
802011b4:	00165613          	srli	a2,a2,0x1
802011b8:	fe0696e3          	bnez	a3,802011a4 <__hidden___udivsi3+0x2c>
802011bc:	00008067          	ret

802011c0 <__umodsi3>:
802011c0:	00008293          	mv	t0,ra
802011c4:	fb5ff0ef          	jal	80201178 <__hidden___udivsi3>
802011c8:	00058513          	mv	a0,a1
802011cc:	00028067          	jr	t0 # 80200d74 <memset+0xb4>
802011d0:	40a00533          	neg	a0,a0
802011d4:	00b04863          	bgtz	a1,802011e4 <__umodsi3+0x24>
802011d8:	40b005b3          	neg	a1,a1
802011dc:	f9dff06f          	j	80201178 <__hidden___udivsi3>
802011e0:	40b005b3          	neg	a1,a1
802011e4:	00008293          	mv	t0,ra
802011e8:	f91ff0ef          	jal	80201178 <__hidden___udivsi3>
802011ec:	40a00533          	neg	a0,a0
802011f0:	00028067          	jr	t0

802011f4 <__modsi3>:
__modsi3():
802011f4:	00008293          	mv	t0,ra
802011f8:	0005ca63          	bltz	a1,8020120c <__modsi3+0x18>
802011fc:	00054c63          	bltz	a0,80201214 <__modsi3+0x20>
80201200:	f79ff0ef          	jal	80201178 <__hidden___udivsi3>
80201204:	00058513          	mv	a0,a1
80201208:	00028067          	jr	t0
8020120c:	40b005b3          	neg	a1,a1
80201210:	fe0558e3          	bgez	a0,80201200 <__modsi3+0xc>
80201214:	40a00533          	neg	a0,a0
80201218:	f61ff0ef          	jal	80201178 <__hidden___udivsi3>
8020121c:	40b00533          	neg	a0,a1
80201220:	00028067          	jr	t0
