
build/release/sys_proc.elf:     file format elf32-littleriscv
build/release/sys_proc.elf
architecture: riscv:rv32, flags 0x00000112:
EXEC_P, HAS_SYMS, D_PAGED
start address 0x80200000

Program Header:
0x70000003 off    0x000033d0 vaddr 0x00000000 paddr 0x00000000 align 2**0
         filesz 0x0000004b memsz 0x00000000 flags r--
    LOAD off    0x00001000 vaddr 0x80200000 paddr 0x80200000 align 2**12
         filesz 0x00001b9c memsz 0x00001b9c flags r-x
    LOAD off    0x00003000 vaddr 0x80208000 paddr 0x80208000 align 2**12
         filesz 0x000003d0 memsz 0x00000918 flags rw-

Sections:
Idx Name              Size      VMA       LMA       File off  Algn  Flags
  0 .text             00001b9c  80200000  80200000  00001000  2**3  CONTENTS, ALLOC, LOAD, READONLY, CODE
  1 .rodata           00000290  80208000  80208000  00003000  2**3  CONTENTS, ALLOC, LOAD, READONLY, DATA
  2 .data             00000140  80208290  80208290  00003290  2**3  CONTENTS, ALLOC, LOAD, DATA
  3 .bss              00000548  802083d0  802083d0  000033d0  2**3  ALLOC
  4 .riscv.attributes 0000004b  00000000  00000000  000033d0  2**0  CONTENTS, READONLY
  5 .comment          00000032  00000000  00000000  0000341b  2**0  CONTENTS, READONLY
SYMBOL TABLE:
80200000 l    d  .text	00000000 .text
80208000 l    d  .rodata	00000000 .rodata
80208290 l    d  .data	00000000 .data
802083d0 l    d  .bss	00000000 .bss
00000000 l    d  .riscv.attributes	00000000 .riscv.attributes
00000000 l    d  .comment	00000000 .comment
00000000 l    df *ABS*	00000000 ccOLcVwK.o
00000000 l    df *ABS*	00000000 sys_proc.c
802083d0 l     O .bss	00000004 app_ino
802083d4 l     O .bss	00000004 app_pid
80200424 l     F .text	000000a4 sys_spawn
802002b4 l     F .text	00000114 app_spawn
80200270 l     F .text	00000044 app_read
802083d8 l     O .bss	00000004 sys_apps_base
802003c8 l     F .text	0000005c sys_proc_read
00000000 l    df *ABS*	00000000 elf.c
00000000 l    df *ABS*	00000000 print.c
00000000 l    df *ABS*	00000000 servers.c
802083dc l     O .bss	00000004 sender
802083e0 l     O .bss	00000400 buf
00000000 l    df *ABS*	00000000 syscall.c
802083c8 l     O .data	00000004 sc
00000000 l    df *ABS*	00000000 libc_a-atoi.o
00000000 l    df *ABS*	00000000 libc_a-itoa.o
00000000 l    df *ABS*	00000000 libc_a-strtol.o
8020119c l     F .text	00000284 _strtol_l.isra.0
00000000 l    df *ABS*	00000000 libc_a-utoa.o
00000000 l    df *ABS*	00000000 libc_a-strcat.o
00000000 l    df *ABS*	00000000 libc_a-strncat.o
00000000 l    df *ABS*	00000000 libc_a-strncmp.o
00000000 l    df *ABS*	00000000 libc_a-errno.o
00000000 l    df *ABS*	00000000 libc_a-memset.o
00000000 l    df *ABS*	00000000 libc_a-memcpy.o
00000000 l    df *ABS*	00000000 libc_a-strlen.o
00000000 l    df *ABS*	00000000 libc_a-strcpy.o
00000000 l    df *ABS*	00000000 muldi3.o
00000000 l    df *ABS*	00000000 div.o
80201090 g     F .text	00000090 sys_recv
80201a20 g     F .text	000000a4 strcpy
80201784 g     F .text	0000000c __errno
80200000 g       .text	00000000 app_entry
8020186c g     F .text	00000128 memcpy
80201af0 g     F .text	00000048 .hidden __hidden___udivsi3
80201af0 g     F .text	00000048 .hidden __udivsi3
802083c4 g     O .data	00000004 earth
8020112c g     F .text	00000070 itoa
80201420 g     F .text	00000020 strtol
802087e0 g     O .bss	00000138 __sf
80201020 g     F .text	00000070 sys_send
80201594 g     F .text	000000a0 strcat
80201b38 g     F .text	00000010 .hidden __umodsi3
80200ef8 g     F .text	000000b4 file_read
802008f8 g     F .text	0000014c format_to_str
802016e0 g     F .text	000000a4 strncmp
802083c0 g     O .data	00000004 grass
80201ac4 g     F .text	00000024 .hidden __mulsi3
80200c60 g     F .text	00000154 SUCCESS
80201634 g     F .text	000000ac strncat
80201440 g     F .text	00000154 __utoa
80208290 g     O .data	00000010 sys_apps
80201790 g     F .text	000000dc memset
80200010 g     F .text	00000260 main
80201ae8 g     F .text	00000084 .hidden __divsi3
80300000 g       *ABS*	00000000 __heap_end
802083cc g     O .data	00000004 _impure_ptr
80208918 g       .riscv.attributes	00000000 __heap_start
80200fac g     F .text	00000074 term_write
80200db4 g     F .text	00000034 exit
80201b6c g     F .text	00000030 .hidden __modsi3
802082a0 g     O .data	00000120 _impure_data
80200b28 g     F .text	00000138 FATAL
80201120 g     F .text	0000000c atoi
80208188 g     O .rodata	00000101 _ctype_
80200de8 g     F .text	00000110 dir_lookup
80201994 g     F .text	0000008c strlen
80200a44 g     F .text	000000e4 INFO
802004c8 g     F .text	00000430 elf_load



Disassembly of section .text:

80200000 <app_entry>:
app_entry():
80200000:	00052503          	lw	a0,0(a0)
80200004:	80400137          	lui	sp,0x80400
80200008:	008000ef          	jal	80200010 <main>
8020000c:	5a9000ef          	jal	80200db4 <exit>

80200010 <main>:
main():
80200010:	bd010113          	addi	sp,sp,-1072 # 803ffbd0 <__heap_end+0xffbd0>
80200014:	42112623          	sw	ra,1068(sp)
80200018:	42812423          	sw	s0,1064(sp)
8020001c:	43010413          	addi	s0,sp,1072
80200020:	bca42e23          	sw	a0,-1060(s0)
80200024:	bcb42c23          	sw	a1,-1064(s0)
80200028:	802087b7          	lui	a5,0x80208
8020002c:	00078513          	mv	a0,a5
80200030:	431000ef          	jal	80200c60 <SUCCESS>
80200034:	20000513          	li	a0,512
80200038:	3ec000ef          	jal	80200424 <sys_spawn>
8020003c:	802087b7          	lui	a5,0x80208
80200040:	3c07a783          	lw	a5,960(a5) # 802083c0 <grass>
80200044:	0107a783          	lw	a5,16(a5)
80200048:	be040713          	addi	a4,s0,-1056
8020004c:	40000693          	li	a3,1024
80200050:	00070613          	mv	a2,a4
80200054:	00000593          	li	a1,0
80200058:	00200513          	li	a0,2
8020005c:	000780e7          	jalr	a5
80200060:	be040793          	addi	a5,s0,-1056
80200064:	00078593          	mv	a1,a5
80200068:	802087b7          	lui	a5,0x80208
8020006c:	02478513          	addi	a0,a5,36 # 80208024 <__modsi3+0x64b8>
80200070:	1d5000ef          	jal	80200a44 <INFO>
80200074:	30000513          	li	a0,768
80200078:	3ac000ef          	jal	80200424 <sys_spawn>
8020007c:	802087b7          	lui	a5,0x80208
80200080:	3c07a783          	lw	a5,960(a5) # 802083c0 <grass>
80200084:	0107a783          	lw	a5,16(a5)
80200088:	be040713          	addi	a4,s0,-1056
8020008c:	40000693          	li	a3,1024
80200090:	00070613          	mv	a2,a4
80200094:	00000593          	li	a1,0
80200098:	00300513          	li	a0,3
8020009c:	000780e7          	jalr	a5
802000a0:	be040793          	addi	a5,s0,-1056
802000a4:	00078593          	mv	a1,a5
802000a8:	802087b7          	lui	a5,0x80208
802000ac:	02478513          	addi	a0,a5,36 # 80208024 <__modsi3+0x64b8>
802000b0:	195000ef          	jal	80200a44 <INFO>
802000b4:	40000513          	li	a0,1024
802000b8:	36c000ef          	jal	80200424 <sys_spawn>
802000bc:	be040793          	addi	a5,s0,-1056
802000c0:	fef42423          	sw	a5,-24(s0)
802000c4:	be040793          	addi	a5,s0,-1056
802000c8:	fef42223          	sw	a5,-28(s0)
802000cc:	802087b7          	lui	a5,0x80208
802000d0:	3c07a783          	lw	a5,960(a5) # 802083c0 <grass>
802000d4:	0107a783          	lw	a5,16(a5)
802000d8:	be040613          	addi	a2,s0,-1056
802000dc:	fe040713          	addi	a4,s0,-32
802000e0:	40000693          	li	a3,1024
802000e4:	00070593          	mv	a1,a4
802000e8:	fff00513          	li	a0,-1
802000ec:	000780e7          	jalr	a5
802000f0:	fe842783          	lw	a5,-24(s0)
802000f4:	0007a783          	lw	a5,0(a5)
802000f8:	00200713          	li	a4,2
802000fc:	12e78c63          	beq	a5,a4,80200234 <main+0x224>
80200100:	00200713          	li	a4,2
80200104:	14f76463          	bltu	a4,a5,8020024c <main+0x23c>
80200108:	00078863          	beqz	a5,80200118 <main+0x108>
8020010c:	00100713          	li	a4,1
80200110:	0ae78663          	beq	a5,a4,802001bc <main+0x1ac>
80200114:	1380006f          	j	8020024c <main+0x23c>
80200118:	fe842503          	lw	a0,-24(s0)
8020011c:	198000ef          	jal	802002b4 <app_spawn>
80200120:	00050793          	mv	a5,a0
80200124:	00078713          	mv	a4,a5
80200128:	fe442783          	lw	a5,-28(s0)
8020012c:	00e7a023          	sw	a4,0(a5)
80200130:	fe842783          	lw	a5,-24(s0)
80200134:	0047a783          	lw	a5,4(a5)
80200138:	fff78793          	addi	a5,a5,-1
8020013c:	fe842703          	lw	a4,-24(s0)
80200140:	00579793          	slli	a5,a5,0x5
80200144:	00f707b3          	add	a5,a4,a5
80200148:	0087c703          	lbu	a4,8(a5)
8020014c:	02600793          	li	a5,38
80200150:	00f70c63          	beq	a4,a5,80200168 <main+0x158>
80200154:	fe442783          	lw	a5,-28(s0)
80200158:	0007a783          	lw	a5,0(a5)
8020015c:	00079663          	bnez	a5,80200168 <main+0x158>
80200160:	00100793          	li	a5,1
80200164:	0080006f          	j	8020016c <main+0x15c>
80200168:	00000793          	li	a5,0
8020016c:	fef42623          	sw	a5,-20(s0)
80200170:	fec42783          	lw	a5,-20(s0)
80200174:	02079463          	bnez	a5,8020019c <main+0x18c>
80200178:	fe442783          	lw	a5,-28(s0)
8020017c:	0007a783          	lw	a5,0(a5)
80200180:	00079e63          	bnez	a5,8020019c <main+0x18c>
80200184:	802087b7          	lui	a5,0x80208
80200188:	3d47a783          	lw	a5,980(a5) # 802083d4 <app_pid>
8020018c:	00078593          	mv	a1,a5
80200190:	802087b7          	lui	a5,0x80208
80200194:	04078513          	addi	a0,a5,64 # 80208040 <__modsi3+0x64d4>
80200198:	0ad000ef          	jal	80200a44 <INFO>
8020019c:	802087b7          	lui	a5,0x80208
802001a0:	3c07a783          	lw	a5,960(a5) # 802083c0 <grass>
802001a4:	00c7a783          	lw	a5,12(a5)
802001a8:	00400613          	li	a2,4
802001ac:	fe442583          	lw	a1,-28(s0)
802001b0:	00400513          	li	a0,4
802001b4:	000780e7          	jalr	a5
802001b8:	0b40006f          	j	8020026c <main+0x25c>
802001bc:	802087b7          	lui	a5,0x80208
802001c0:	3c07a783          	lw	a5,960(a5) # 802083c0 <grass>
802001c4:	0047a783          	lw	a5,4(a5)
802001c8:	fe042703          	lw	a4,-32(s0)
802001cc:	00070513          	mv	a0,a4
802001d0:	000780e7          	jalr	a5
802001d4:	fec42783          	lw	a5,-20(s0)
802001d8:	02078a63          	beqz	a5,8020020c <main+0x1fc>
802001dc:	802087b7          	lui	a5,0x80208
802001e0:	3d47a703          	lw	a4,980(a5) # 802083d4 <app_pid>
802001e4:	fe042783          	lw	a5,-32(s0)
802001e8:	02f71263          	bne	a4,a5,8020020c <main+0x1fc>
802001ec:	802087b7          	lui	a5,0x80208
802001f0:	3c07a783          	lw	a5,960(a5) # 802083c0 <grass>
802001f4:	00c7a783          	lw	a5,12(a5)
802001f8:	00400613          	li	a2,4
802001fc:	fe442583          	lw	a1,-28(s0)
80200200:	00400513          	li	a0,4
80200204:	000780e7          	jalr	a5
80200208:	0600006f          	j	80200268 <main+0x258>
8020020c:	802087b7          	lui	a5,0x80208
80200210:	3d47a703          	lw	a4,980(a5) # 802083d4 <app_pid>
80200214:	fe042783          	lw	a5,-32(s0)
80200218:	04f71863          	bne	a4,a5,80200268 <main+0x258>
8020021c:	fe042783          	lw	a5,-32(s0)
80200220:	00078593          	mv	a1,a5
80200224:	802087b7          	lui	a5,0x80208
80200228:	06878513          	addi	a0,a5,104 # 80208068 <__modsi3+0x64fc>
8020022c:	019000ef          	jal	80200a44 <INFO>
80200230:	0380006f          	j	80200268 <main+0x258>
80200234:	802087b7          	lui	a5,0x80208
80200238:	3c07a783          	lw	a5,960(a5) # 802083c0 <grass>
8020023c:	0047a783          	lw	a5,4(a5)
80200240:	fff00513          	li	a0,-1
80200244:	000780e7          	jalr	a5
80200248:	0240006f          	j	8020026c <main+0x25c>
8020024c:	fe842783          	lw	a5,-24(s0)
80200250:	0007a783          	lw	a5,0(a5)
80200254:	00078593          	mv	a1,a5
80200258:	802087b7          	lui	a5,0x80208
8020025c:	08c78513          	addi	a0,a5,140 # 8020808c <__modsi3+0x6520>
80200260:	0c9000ef          	jal	80200b28 <FATAL>
80200264:	e59ff06f          	j	802000bc <main+0xac>
80200268:	00000013          	nop
8020026c:	e51ff06f          	j	802000bc <main+0xac>

80200270 <app_read>:
app_read():
80200270:	fe010113          	addi	sp,sp,-32
80200274:	00112e23          	sw	ra,28(sp)
80200278:	00812c23          	sw	s0,24(sp)
8020027c:	02010413          	addi	s0,sp,32
80200280:	fea42623          	sw	a0,-20(s0)
80200284:	feb42423          	sw	a1,-24(s0)
80200288:	802087b7          	lui	a5,0x80208
8020028c:	3d07a783          	lw	a5,976(a5) # 802083d0 <app_ino>
80200290:	fe842603          	lw	a2,-24(s0)
80200294:	fec42583          	lw	a1,-20(s0)
80200298:	00078513          	mv	a0,a5
8020029c:	45d000ef          	jal	80200ef8 <file_read>
802002a0:	00000013          	nop
802002a4:	01c12083          	lw	ra,28(sp)
802002a8:	01812403          	lw	s0,24(sp)
802002ac:	02010113          	addi	sp,sp,32
802002b0:	00008067          	ret

802002b4 <app_spawn>:
app_spawn():
802002b4:	fd010113          	addi	sp,sp,-48
802002b8:	02112623          	sw	ra,44(sp)
802002bc:	02812423          	sw	s0,40(sp)
802002c0:	03010413          	addi	s0,sp,48
802002c4:	fca42e23          	sw	a0,-36(s0)
802002c8:	802087b7          	lui	a5,0x80208
802002cc:	0ac78593          	addi	a1,a5,172 # 802080ac <__modsi3+0x6540>
802002d0:	00000513          	li	a0,0
802002d4:	315000ef          	jal	80200de8 <dir_lookup>
802002d8:	fea42623          	sw	a0,-20(s0)
802002dc:	fdc42783          	lw	a5,-36(s0)
802002e0:	00878793          	addi	a5,a5,8
802002e4:	00078593          	mv	a1,a5
802002e8:	fec42503          	lw	a0,-20(s0)
802002ec:	2fd000ef          	jal	80200de8 <dir_lookup>
802002f0:	00050713          	mv	a4,a0
802002f4:	802087b7          	lui	a5,0x80208
802002f8:	3ce7a823          	sw	a4,976(a5) # 802083d0 <app_ino>
802002fc:	802087b7          	lui	a5,0x80208
80200300:	3d07a783          	lw	a5,976(a5) # 802083d0 <app_ino>
80200304:	0007d663          	bgez	a5,80200310 <app_spawn+0x5c>
80200308:	00100793          	li	a5,1
8020030c:	0a80006f          	j	802003b4 <app_spawn+0x100>
80200310:	fdc42783          	lw	a5,-36(s0)
80200314:	0047a783          	lw	a5,4(a5)
80200318:	fff78793          	addi	a5,a5,-1
8020031c:	fdc42703          	lw	a4,-36(s0)
80200320:	00579793          	slli	a5,a5,0x5
80200324:	00f707b3          	add	a5,a4,a5
80200328:	0087c703          	lbu	a4,8(a5)
8020032c:	02600793          	li	a5,38
80200330:	00f71a63          	bne	a4,a5,80200344 <app_spawn+0x90>
80200334:	fdc42783          	lw	a5,-36(s0)
80200338:	0047a783          	lw	a5,4(a5)
8020033c:	fff78793          	addi	a5,a5,-1
80200340:	00c0006f          	j	8020034c <app_spawn+0x98>
80200344:	fdc42783          	lw	a5,-36(s0)
80200348:	0047a783          	lw	a5,4(a5)
8020034c:	fef42423          	sw	a5,-24(s0)
80200350:	802087b7          	lui	a5,0x80208
80200354:	3c07a783          	lw	a5,960(a5) # 802083c0 <grass>
80200358:	0007a783          	lw	a5,0(a5)
8020035c:	000780e7          	jalr	a5
80200360:	00050713          	mv	a4,a0
80200364:	802087b7          	lui	a5,0x80208
80200368:	3ce7aa23          	sw	a4,980(a5) # 802083d4 <app_pid>
8020036c:	802087b7          	lui	a5,0x80208
80200370:	3d47a703          	lw	a4,980(a5) # 802083d4 <app_pid>
80200374:	fdc42783          	lw	a5,-36(s0)
80200378:	00878793          	addi	a5,a5,8
8020037c:	00078693          	mv	a3,a5
80200380:	fe842603          	lw	a2,-24(s0)
80200384:	802007b7          	lui	a5,0x80200
80200388:	27078593          	addi	a1,a5,624 # 80200270 <app_read>
8020038c:	00070513          	mv	a0,a4
80200390:	138000ef          	jal	802004c8 <elf_load>
80200394:	802087b7          	lui	a5,0x80208
80200398:	3c07a783          	lw	a5,960(a5) # 802083c0 <grass>
8020039c:	0087a783          	lw	a5,8(a5)
802003a0:	80208737          	lui	a4,0x80208
802003a4:	3d472703          	lw	a4,980(a4) # 802083d4 <app_pid>
802003a8:	00070513          	mv	a0,a4
802003ac:	000780e7          	jalr	a5
802003b0:	00000793          	li	a5,0
802003b4:	00078513          	mv	a0,a5
802003b8:	02c12083          	lw	ra,44(sp)
802003bc:	02812403          	lw	s0,40(sp)
802003c0:	03010113          	addi	sp,sp,48
802003c4:	00008067          	ret

802003c8 <sys_proc_read>:
sys_proc_read():
802003c8:	fe010113          	addi	sp,sp,-32
802003cc:	00112e23          	sw	ra,28(sp)
802003d0:	00812c23          	sw	s0,24(sp)
802003d4:	02010413          	addi	s0,sp,32
802003d8:	fea42623          	sw	a0,-20(s0)
802003dc:	feb42423          	sw	a1,-24(s0)
802003e0:	802087b7          	lui	a5,0x80208
802003e4:	3c47a783          	lw	a5,964(a5) # 802083c4 <earth>
802003e8:	0287a783          	lw	a5,40(a5)
802003ec:	80208737          	lui	a4,0x80208
802003f0:	3d872703          	lw	a4,984(a4) # 802083d8 <sys_apps_base>
802003f4:	00070693          	mv	a3,a4
802003f8:	fec42703          	lw	a4,-20(s0)
802003fc:	00e68733          	add	a4,a3,a4
80200400:	fe842603          	lw	a2,-24(s0)
80200404:	00100593          	li	a1,1
80200408:	00070513          	mv	a0,a4
8020040c:	000780e7          	jalr	a5
80200410:	00000013          	nop
80200414:	01c12083          	lw	ra,28(sp)
80200418:	01812403          	lw	s0,24(sp)
8020041c:	02010113          	addi	sp,sp,32
80200420:	00008067          	ret

80200424 <sys_spawn>:
sys_spawn():
80200424:	fd010113          	addi	sp,sp,-48
80200428:	02112623          	sw	ra,44(sp)
8020042c:	02812423          	sw	s0,40(sp)
80200430:	03010413          	addi	s0,sp,48
80200434:	fca42e23          	sw	a0,-36(s0)
80200438:	802087b7          	lui	a5,0x80208
8020043c:	3c07a783          	lw	a5,960(a5) # 802083c0 <grass>
80200440:	0007a783          	lw	a5,0(a5)
80200444:	000780e7          	jalr	a5
80200448:	fea42623          	sw	a0,-20(s0)
8020044c:	fec42783          	lw	a5,-20(s0)
80200450:	fff78793          	addi	a5,a5,-1
80200454:	80208737          	lui	a4,0x80208
80200458:	29070713          	addi	a4,a4,656 # 80208290 <sys_apps>
8020045c:	00279793          	slli	a5,a5,0x2
80200460:	00f707b3          	add	a5,a4,a5
80200464:	0007a783          	lw	a5,0(a5)
80200468:	00078613          	mv	a2,a5
8020046c:	fec42583          	lw	a1,-20(s0)
80200470:	802087b7          	lui	a5,0x80208
80200474:	0e878513          	addi	a0,a5,232 # 802080e8 <__modsi3+0x657c>
80200478:	5cc000ef          	jal	80200a44 <INFO>
8020047c:	fdc42703          	lw	a4,-36(s0)
80200480:	802087b7          	lui	a5,0x80208
80200484:	3ce7ac23          	sw	a4,984(a5) # 802083d8 <sys_apps_base>
80200488:	00000693          	li	a3,0
8020048c:	00000613          	li	a2,0
80200490:	802007b7          	lui	a5,0x80200
80200494:	3c878593          	addi	a1,a5,968 # 802003c8 <sys_proc_read>
80200498:	fec42503          	lw	a0,-20(s0)
8020049c:	02c000ef          	jal	802004c8 <elf_load>
802004a0:	802087b7          	lui	a5,0x80208
802004a4:	3c07a783          	lw	a5,960(a5) # 802083c0 <grass>
802004a8:	0087a783          	lw	a5,8(a5)
802004ac:	fec42503          	lw	a0,-20(s0)
802004b0:	000780e7          	jalr	a5
802004b4:	00000013          	nop
802004b8:	02c12083          	lw	ra,44(sp)
802004bc:	02812403          	lw	s0,40(sp)
802004c0:	03010113          	addi	sp,sp,48
802004c4:	00008067          	ret

802004c8 <elf_load>:
elf_load():
802004c8:	b9010113          	addi	sp,sp,-1136
802004cc:	46112623          	sw	ra,1132(sp)
802004d0:	46812423          	sw	s0,1128(sp)
802004d4:	47010413          	addi	s0,sp,1136
802004d8:	b8a42e23          	sw	a0,-1124(s0)
802004dc:	b8b42c23          	sw	a1,-1128(s0)
802004e0:	b8c42a23          	sw	a2,-1132(s0)
802004e4:	b8d42823          	sw	a3,-1136(s0)
802004e8:	da440713          	addi	a4,s0,-604
802004ec:	b9842783          	lw	a5,-1128(s0)
802004f0:	00070593          	mv	a1,a4
802004f4:	00000513          	li	a0,0
802004f8:	000780e7          	jalr	a5
802004fc:	da440793          	addi	a5,s0,-604
80200500:	fcf42823          	sw	a5,-48(s0)
80200504:	fd042783          	lw	a5,-48(s0)
80200508:	01c7a783          	lw	a5,28(a5)
8020050c:	da440713          	addi	a4,s0,-604
80200510:	00f707b3          	add	a5,a4,a5
80200514:	fcf42623          	sw	a5,-52(s0)
80200518:	fe042623          	sw	zero,-20(s0)
8020051c:	2400006f          	j	8020075c <elf_load+0x294>
80200520:	fec42783          	lw	a5,-20(s0)
80200524:	00579793          	slli	a5,a5,0x5
80200528:	fcc42703          	lw	a4,-52(s0)
8020052c:	00f707b3          	add	a5,a4,a5
80200530:	0087a783          	lw	a5,8(a5)
80200534:	faf42c23          	sw	a5,-72(s0)
80200538:	fb842783          	lw	a5,-72(s0)
8020053c:	2007d863          	bgez	a5,8020074c <elf_load+0x284>
80200540:	fec42783          	lw	a5,-20(s0)
80200544:	00579793          	slli	a5,a5,0x5
80200548:	fcc42703          	lw	a4,-52(s0)
8020054c:	00f707b3          	add	a5,a4,a5
80200550:	0147a783          	lw	a5,20(a5)
80200554:	faf42a23          	sw	a5,-76(s0)
80200558:	fec42783          	lw	a5,-20(s0)
8020055c:	00579793          	slli	a5,a5,0x5
80200560:	fcc42703          	lw	a4,-52(s0)
80200564:	00f707b3          	add	a5,a4,a5
80200568:	0107a783          	lw	a5,16(a5)
8020056c:	faf42823          	sw	a5,-80(s0)
80200570:	fb842783          	lw	a5,-72(s0)
80200574:	00c7d793          	srli	a5,a5,0xc
80200578:	fef42423          	sw	a5,-24(s0)
8020057c:	fb842703          	lw	a4,-72(s0)
80200580:	fb442783          	lw	a5,-76(s0)
80200584:	00f707b3          	add	a5,a4,a5
80200588:	00c7d793          	srli	a5,a5,0xc
8020058c:	faf42623          	sw	a5,-84(s0)
80200590:	fec42783          	lw	a5,-20(s0)
80200594:	00579793          	slli	a5,a5,0x5
80200598:	fcc42703          	lw	a4,-52(s0)
8020059c:	00f707b3          	add	a5,a4,a5
802005a0:	0047a783          	lw	a5,4(a5)
802005a4:	0097d793          	srli	a5,a5,0x9
802005a8:	fef42223          	sw	a5,-28(s0)
802005ac:	fc042e23          	sw	zero,-36(s0)
802005b0:	1000006f          	j	802006b0 <elf_load+0x1e8>
802005b4:	fdc42703          	lw	a4,-36(s0)
802005b8:	000017b7          	lui	a5,0x1
802005bc:	fff78793          	addi	a5,a5,-1 # fff <app_entry-0x801ff001>
802005c0:	00f777b3          	and	a5,a4,a5
802005c4:	06079063          	bnez	a5,80200624 <elf_load+0x15c>
802005c8:	802087b7          	lui	a5,0x80208
802005cc:	3c47a783          	lw	a5,964(a5) # 802083c4 <earth>
802005d0:	0007a783          	lw	a5,0(a5)
802005d4:	000780e7          	jalr	a5
802005d8:	fea42023          	sw	a0,-32(s0)
802005dc:	802087b7          	lui	a5,0x80208
802005e0:	3c47a783          	lw	a5,964(a5) # 802083c4 <earth>
802005e4:	0107a703          	lw	a4,16(a5)
802005e8:	fe842783          	lw	a5,-24(s0)
802005ec:	00178693          	addi	a3,a5,1
802005f0:	fed42423          	sw	a3,-24(s0)
802005f4:	fe042603          	lw	a2,-32(s0)
802005f8:	00078593          	mv	a1,a5
802005fc:	b9c42503          	lw	a0,-1124(s0)
80200600:	000700e7          	jalr	a4
80200604:	fe042783          	lw	a5,-32(s0)
80200608:	00c79713          	slli	a4,a5,0xc
8020060c:	804007b7          	lui	a5,0x80400
80200610:	00f707b3          	add	a5,a4,a5
80200614:	00001637          	lui	a2,0x1
80200618:	00000593          	li	a1,0
8020061c:	00078513          	mv	a0,a5
80200620:	170010ef          	jal	80201790 <memset>
80200624:	fdc42783          	lw	a5,-36(s0)
80200628:	20078793          	addi	a5,a5,512 # 80400200 <__heap_end+0x100200>
8020062c:	fb042703          	lw	a4,-80(s0)
80200630:	00e7ea63          	bltu	a5,a4,80200644 <elf_load+0x17c>
80200634:	fb042703          	lw	a4,-80(s0)
80200638:	fdc42783          	lw	a5,-36(s0)
8020063c:	40f707b3          	sub	a5,a4,a5
80200640:	0080006f          	j	80200648 <elf_load+0x180>
80200644:	20000793          	li	a5,512
80200648:	faf42223          	sw	a5,-92(s0)
8020064c:	fe442783          	lw	a5,-28(s0)
80200650:	00178713          	addi	a4,a5,1
80200654:	fee42223          	sw	a4,-28(s0)
80200658:	ba440693          	addi	a3,s0,-1116
8020065c:	b9842703          	lw	a4,-1128(s0)
80200660:	00068593          	mv	a1,a3
80200664:	00078513          	mv	a0,a5
80200668:	000700e7          	jalr	a4
8020066c:	fe042783          	lw	a5,-32(s0)
80200670:	00c79713          	slli	a4,a5,0xc
80200674:	fdc42683          	lw	a3,-36(s0)
80200678:	000017b7          	lui	a5,0x1
8020067c:	fff78793          	addi	a5,a5,-1 # fff <app_entry-0x801ff001>
80200680:	00f6f7b3          	and	a5,a3,a5
80200684:	00f70733          	add	a4,a4,a5
80200688:	804007b7          	lui	a5,0x80400
8020068c:	00f707b3          	add	a5,a4,a5
80200690:	ba440713          	addi	a4,s0,-1116
80200694:	fa442603          	lw	a2,-92(s0)
80200698:	00070593          	mv	a1,a4
8020069c:	00078513          	mv	a0,a5
802006a0:	1cc010ef          	jal	8020186c <memcpy>
802006a4:	fdc42783          	lw	a5,-36(s0)
802006a8:	20078793          	addi	a5,a5,512 # 80400200 <__heap_end+0x100200>
802006ac:	fcf42e23          	sw	a5,-36(s0)
802006b0:	fdc42703          	lw	a4,-36(s0)
802006b4:	fb042783          	lw	a5,-80(s0)
802006b8:	eef76ee3          	bltu	a4,a5,802005b4 <elf_load+0xec>
802006bc:	0600006f          	j	8020071c <elf_load+0x254>
802006c0:	802087b7          	lui	a5,0x80208
802006c4:	3c47a783          	lw	a5,964(a5) # 802083c4 <earth>
802006c8:	0007a783          	lw	a5,0(a5)
802006cc:	000780e7          	jalr	a5
802006d0:	faa42423          	sw	a0,-88(s0)
802006d4:	802087b7          	lui	a5,0x80208
802006d8:	3c47a783          	lw	a5,964(a5) # 802083c4 <earth>
802006dc:	0107a703          	lw	a4,16(a5)
802006e0:	fe842783          	lw	a5,-24(s0)
802006e4:	00178693          	addi	a3,a5,1
802006e8:	fed42423          	sw	a3,-24(s0)
802006ec:	fa842603          	lw	a2,-88(s0)
802006f0:	00078593          	mv	a1,a5
802006f4:	b9c42503          	lw	a0,-1124(s0)
802006f8:	000700e7          	jalr	a4
802006fc:	fa842783          	lw	a5,-88(s0)
80200700:	00c79713          	slli	a4,a5,0xc
80200704:	804007b7          	lui	a5,0x80400
80200708:	00f707b3          	add	a5,a4,a5
8020070c:	00001637          	lui	a2,0x1
80200710:	00000593          	li	a1,0
80200714:	00078513          	mv	a0,a5
80200718:	078010ef          	jal	80201790 <memset>
8020071c:	fe842703          	lw	a4,-24(s0)
80200720:	fac42783          	lw	a5,-84(s0)
80200724:	f8e7fee3          	bgeu	a5,a4,802006c0 <elf_load+0x1f8>
80200728:	b9c42703          	lw	a4,-1124(s0)
8020072c:	00400793          	li	a5,4
80200730:	02e7c063          	blt	a5,a4,80200750 <elf_load+0x288>
80200734:	fb842603          	lw	a2,-72(s0)
80200738:	fb042583          	lw	a1,-80(s0)
8020073c:	802087b7          	lui	a5,0x80208
80200740:	10478513          	addi	a0,a5,260 # 80208104 <__modsi3+0x6598>
80200744:	300000ef          	jal	80200a44 <INFO>
80200748:	0080006f          	j	80200750 <elf_load+0x288>
8020074c:	00000013          	nop
80200750:	fec42783          	lw	a5,-20(s0)
80200754:	00178793          	addi	a5,a5,1
80200758:	fef42623          	sw	a5,-20(s0)
8020075c:	fd042783          	lw	a5,-48(s0)
80200760:	02c7d783          	lhu	a5,44(a5)
80200764:	00078713          	mv	a4,a5
80200768:	fec42783          	lw	a5,-20(s0)
8020076c:	dae7eae3          	bltu	a5,a4,80200520 <elf_load+0x58>
80200770:	802087b7          	lui	a5,0x80208
80200774:	3c47a783          	lw	a5,964(a5) # 802083c4 <earth>
80200778:	0007a783          	lw	a5,0(a5)
8020077c:	000780e7          	jalr	a5
80200780:	fca42423          	sw	a0,-56(s0)
80200784:	802087b7          	lui	a5,0x80208
80200788:	3c47a783          	lw	a5,964(a5) # 802083c4 <earth>
8020078c:	0107a783          	lw	a5,16(a5)
80200790:	fc842603          	lw	a2,-56(s0)
80200794:	00080737          	lui	a4,0x80
80200798:	30070593          	addi	a1,a4,768 # 80300 <app_entry-0x8017fd00>
8020079c:	b9c42503          	lw	a0,-1124(s0)
802007a0:	000780e7          	jalr	a5
802007a4:	fc842783          	lw	a5,-56(s0)
802007a8:	00c79713          	slli	a4,a5,0xc
802007ac:	804007b7          	lui	a5,0x80400
802007b0:	00f707b3          	add	a5,a4,a5
802007b4:	fcf42223          	sw	a5,-60(s0)
802007b8:	fc442783          	lw	a5,-60(s0)
802007bc:	00478793          	addi	a5,a5,4 # 80400004 <__heap_end+0x100004>
802007c0:	fcf42023          	sw	a5,-64(s0)
802007c4:	fc042783          	lw	a5,-64(s0)
802007c8:	04078793          	addi	a5,a5,64
802007cc:	faf42e23          	sw	a5,-68(s0)
802007d0:	fc442783          	lw	a5,-60(s0)
802007d4:	b9442703          	lw	a4,-1132(s0)
802007d8:	00e7a023          	sw	a4,0(a5)
802007dc:	b9042783          	lw	a5,-1136(s0)
802007e0:	00078e63          	beqz	a5,802007fc <elf_load+0x334>
802007e4:	b9442783          	lw	a5,-1132(s0)
802007e8:	00579793          	slli	a5,a5,0x5
802007ec:	00078613          	mv	a2,a5
802007f0:	b9042583          	lw	a1,-1136(s0)
802007f4:	fbc42503          	lw	a0,-68(s0)
802007f8:	074010ef          	jal	8020186c <memcpy>
802007fc:	fc042c23          	sw	zero,-40(s0)
80200800:	03c0006f          	j	8020083c <elf_load+0x374>
80200804:	fd842783          	lw	a5,-40(s0)
80200808:	00579713          	slli	a4,a5,0x5
8020080c:	803007b7          	lui	a5,0x80300
80200810:	04478793          	addi	a5,a5,68 # 80300044 <__heap_end+0x44>
80200814:	00f706b3          	add	a3,a4,a5
80200818:	fd842783          	lw	a5,-40(s0)
8020081c:	00279793          	slli	a5,a5,0x2
80200820:	fc042703          	lw	a4,-64(s0)
80200824:	00f707b3          	add	a5,a4,a5
80200828:	00068713          	mv	a4,a3
8020082c:	00e7a023          	sw	a4,0(a5)
80200830:	fd842783          	lw	a5,-40(s0)
80200834:	00178793          	addi	a5,a5,1
80200838:	fcf42c23          	sw	a5,-40(s0)
8020083c:	b9442783          	lw	a5,-1132(s0)
80200840:	fd842703          	lw	a4,-40(s0)
80200844:	fcf760e3          	bltu	a4,a5,80200804 <elf_load+0x33c>
80200848:	802087b7          	lui	a5,0x80208
8020084c:	3c47a783          	lw	a5,964(a5) # 802083c4 <earth>
80200850:	0007a783          	lw	a5,0(a5)
80200854:	000780e7          	jalr	a5
80200858:	fca42423          	sw	a0,-56(s0)
8020085c:	802087b7          	lui	a5,0x80208
80200860:	3c47a783          	lw	a5,964(a5) # 802083c4 <earth>
80200864:	0107a783          	lw	a5,16(a5)
80200868:	fc842603          	lw	a2,-56(s0)
8020086c:	00080737          	lui	a4,0x80
80200870:	30170593          	addi	a1,a4,769 # 80301 <app_entry-0x8017fcff>
80200874:	b9c42503          	lw	a0,-1124(s0)
80200878:	000780e7          	jalr	a5
8020087c:	00100793          	li	a5,1
80200880:	fcf42a23          	sw	a5,-44(s0)
80200884:	0500006f          	j	802008d4 <elf_load+0x40c>
80200888:	802087b7          	lui	a5,0x80208
8020088c:	3c47a783          	lw	a5,964(a5) # 802083c4 <earth>
80200890:	0007a783          	lw	a5,0(a5)
80200894:	000780e7          	jalr	a5
80200898:	fca42423          	sw	a0,-56(s0)
8020089c:	802087b7          	lui	a5,0x80208
802008a0:	3c47a783          	lw	a5,964(a5) # 802083c4 <earth>
802008a4:	0107a783          	lw	a5,16(a5)
802008a8:	00080737          	lui	a4,0x80
802008ac:	40070693          	addi	a3,a4,1024 # 80400 <app_entry-0x8017fc00>
802008b0:	fd442703          	lw	a4,-44(s0)
802008b4:	40e68733          	sub	a4,a3,a4
802008b8:	fc842603          	lw	a2,-56(s0)
802008bc:	00070593          	mv	a1,a4
802008c0:	b9c42503          	lw	a0,-1124(s0)
802008c4:	000780e7          	jalr	a5
802008c8:	fd442783          	lw	a5,-44(s0)
802008cc:	00178793          	addi	a5,a5,1
802008d0:	fcf42a23          	sw	a5,-44(s0)
802008d4:	fd442703          	lw	a4,-44(s0)
802008d8:	00200793          	li	a5,2
802008dc:	fae7f6e3          	bgeu	a5,a4,80200888 <elf_load+0x3c0>
802008e0:	00000013          	nop
802008e4:	00000013          	nop
802008e8:	46c12083          	lw	ra,1132(sp)
802008ec:	46812403          	lw	s0,1128(sp)
802008f0:	47010113          	addi	sp,sp,1136
802008f4:	00008067          	ret

802008f8 <format_to_str>:
format_to_str():
802008f8:	fe010113          	addi	sp,sp,-32
802008fc:	00112e23          	sw	ra,28(sp)
80200900:	00812c23          	sw	s0,24(sp)
80200904:	00912a23          	sw	s1,20(sp)
80200908:	02010413          	addi	s0,sp,32
8020090c:	fea42623          	sw	a0,-20(s0)
80200910:	feb42423          	sw	a1,-24(s0)
80200914:	fec42223          	sw	a2,-28(s0)
80200918:	fec42783          	lw	a5,-20(s0)
8020091c:	00078023          	sb	zero,0(a5)
80200920:	0fc0006f          	j	80200a1c <format_to_str+0x124>
80200924:	fe842783          	lw	a5,-24(s0)
80200928:	0007c703          	lbu	a4,0(a5)
8020092c:	02500793          	li	a5,37
80200930:	00f70c63          	beq	a4,a5,80200948 <format_to_str+0x50>
80200934:	00100613          	li	a2,1
80200938:	fe842583          	lw	a1,-24(s0)
8020093c:	fec42503          	lw	a0,-20(s0)
80200940:	4f5000ef          	jal	80201634 <strncat>
80200944:	0cc0006f          	j	80200a10 <format_to_str+0x118>
80200948:	fe842783          	lw	a5,-24(s0)
8020094c:	00178793          	addi	a5,a5,1
80200950:	fef42423          	sw	a5,-24(s0)
80200954:	fe842783          	lw	a5,-24(s0)
80200958:	0007c703          	lbu	a4,0(a5)
8020095c:	07300793          	li	a5,115
80200960:	02f71263          	bne	a4,a5,80200984 <format_to_str+0x8c>
80200964:	fe442783          	lw	a5,-28(s0)
80200968:	00478713          	addi	a4,a5,4
8020096c:	fee42223          	sw	a4,-28(s0)
80200970:	0007a783          	lw	a5,0(a5)
80200974:	00078593          	mv	a1,a5
80200978:	fec42503          	lw	a0,-20(s0)
8020097c:	419000ef          	jal	80201594 <strcat>
80200980:	0900006f          	j	80200a10 <format_to_str+0x118>
80200984:	fe842783          	lw	a5,-24(s0)
80200988:	0007c703          	lbu	a4,0(a5)
8020098c:	06400793          	li	a5,100
80200990:	02f71e63          	bne	a4,a5,802009cc <format_to_str+0xd4>
80200994:	fe442783          	lw	a5,-28(s0)
80200998:	00478713          	addi	a4,a5,4
8020099c:	fee42223          	sw	a4,-28(s0)
802009a0:	0007a483          	lw	s1,0(a5)
802009a4:	fec42503          	lw	a0,-20(s0)
802009a8:	7ed000ef          	jal	80201994 <strlen>
802009ac:	00050713          	mv	a4,a0
802009b0:	fec42783          	lw	a5,-20(s0)
802009b4:	00e787b3          	add	a5,a5,a4
802009b8:	00a00613          	li	a2,10
802009bc:	00078593          	mv	a1,a5
802009c0:	00048513          	mv	a0,s1
802009c4:	768000ef          	jal	8020112c <itoa>
802009c8:	0480006f          	j	80200a10 <format_to_str+0x118>
802009cc:	fe842783          	lw	a5,-24(s0)
802009d0:	0007c703          	lbu	a4,0(a5)
802009d4:	07800793          	li	a5,120
802009d8:	02f71c63          	bne	a4,a5,80200a10 <format_to_str+0x118>
802009dc:	fe442783          	lw	a5,-28(s0)
802009e0:	00478713          	addi	a4,a5,4
802009e4:	fee42223          	sw	a4,-28(s0)
802009e8:	0007a483          	lw	s1,0(a5)
802009ec:	fec42503          	lw	a0,-20(s0)
802009f0:	7a5000ef          	jal	80201994 <strlen>
802009f4:	00050713          	mv	a4,a0
802009f8:	fec42783          	lw	a5,-20(s0)
802009fc:	00e787b3          	add	a5,a5,a4
80200a00:	01000613          	li	a2,16
80200a04:	00078593          	mv	a1,a5
80200a08:	00048513          	mv	a0,s1
80200a0c:	720000ef          	jal	8020112c <itoa>
80200a10:	fe842783          	lw	a5,-24(s0)
80200a14:	00178793          	addi	a5,a5,1
80200a18:	fef42423          	sw	a5,-24(s0)
80200a1c:	fe842783          	lw	a5,-24(s0)
80200a20:	0007c783          	lbu	a5,0(a5)
80200a24:	f00790e3          	bnez	a5,80200924 <format_to_str+0x2c>
80200a28:	00000013          	nop
80200a2c:	00000013          	nop
80200a30:	01c12083          	lw	ra,28(sp)
80200a34:	01812403          	lw	s0,24(sp)
80200a38:	01412483          	lw	s1,20(sp)
80200a3c:	02010113          	addi	sp,sp,32
80200a40:	00008067          	ret

80200a44 <INFO>:
INFO():
80200a44:	db010113          	addi	sp,sp,-592
80200a48:	22112623          	sw	ra,556(sp)
80200a4c:	22812423          	sw	s0,552(sp)
80200a50:	23010413          	addi	s0,sp,560
80200a54:	dca42e23          	sw	a0,-548(s0)
80200a58:	00b42223          	sw	a1,4(s0)
80200a5c:	00c42423          	sw	a2,8(s0)
80200a60:	00d42623          	sw	a3,12(s0)
80200a64:	00e42823          	sw	a4,16(s0)
80200a68:	00f42a23          	sw	a5,20(s0)
80200a6c:	01042c23          	sw	a6,24(s0)
80200a70:	01142e23          	sw	a7,28(s0)
80200a74:	df040793          	addi	a5,s0,-528
80200a78:	464e5737          	lui	a4,0x464e5
80200a7c:	95b70713          	addi	a4,a4,-1701 # 464e495b <app_entry-0x39d1b6a5>
80200a80:	00e7a023          	sw	a4,0(a5)
80200a84:	00206737          	lui	a4,0x206
80200a88:	d4f70713          	addi	a4,a4,-689 # 205d4f <app_entry-0x7fffa2b1>
80200a8c:	00e7a223          	sw	a4,4(a5)
80200a90:	02040793          	addi	a5,s0,32
80200a94:	dcf42c23          	sw	a5,-552(s0)
80200a98:	dd842783          	lw	a5,-552(s0)
80200a9c:	fe478793          	addi	a5,a5,-28
80200aa0:	def42623          	sw	a5,-532(s0)
80200aa4:	df040793          	addi	a5,s0,-528
80200aa8:	00778793          	addi	a5,a5,7
80200aac:	dec42703          	lw	a4,-532(s0)
80200ab0:	00070613          	mv	a2,a4
80200ab4:	ddc42583          	lw	a1,-548(s0)
80200ab8:	00078513          	mv	a0,a5
80200abc:	e3dff0ef          	jal	802008f8 <format_to_str>
80200ac0:	df040793          	addi	a5,s0,-528
80200ac4:	00078513          	mv	a0,a5
80200ac8:	6cd000ef          	jal	80201994 <strlen>
80200acc:	00050793          	mv	a5,a0
80200ad0:	00078713          	mv	a4,a5
80200ad4:	df040793          	addi	a5,s0,-528
80200ad8:	00e787b3          	add	a5,a5,a4
80200adc:	00a00713          	li	a4,10
80200ae0:	00e78023          	sb	a4,0(a5)
80200ae4:	00d00713          	li	a4,13
80200ae8:	00e780a3          	sb	a4,1(a5)
80200aec:	00078123          	sb	zero,2(a5)
80200af0:	df040793          	addi	a5,s0,-528
80200af4:	00078513          	mv	a0,a5
80200af8:	69d000ef          	jal	80201994 <strlen>
80200afc:	00050713          	mv	a4,a0
80200b00:	df040793          	addi	a5,s0,-528
80200b04:	00070593          	mv	a1,a4
80200b08:	00078513          	mv	a0,a5
80200b0c:	4a0000ef          	jal	80200fac <term_write>
80200b10:	00000013          	nop
80200b14:	00078513          	mv	a0,a5
80200b18:	22c12083          	lw	ra,556(sp)
80200b1c:	22812403          	lw	s0,552(sp)
80200b20:	25010113          	addi	sp,sp,592
80200b24:	00008067          	ret

80200b28 <FATAL>:
FATAL():
80200b28:	db010113          	addi	sp,sp,-592
80200b2c:	22112623          	sw	ra,556(sp)
80200b30:	22812423          	sw	s0,552(sp)
80200b34:	23010413          	addi	s0,sp,560
80200b38:	dca42e23          	sw	a0,-548(s0)
80200b3c:	00b42223          	sw	a1,4(s0)
80200b40:	00c42423          	sw	a2,8(s0)
80200b44:	00d42623          	sw	a3,12(s0)
80200b48:	00e42823          	sw	a4,16(s0)
80200b4c:	00f42a23          	sw	a5,20(s0)
80200b50:	01042c23          	sw	a6,24(s0)
80200b54:	01142e23          	sw	a7,28(s0)
80200b58:	df040793          	addi	a5,s0,-528
80200b5c:	80208737          	lui	a4,0x80208
80200b60:	11c70713          	addi	a4,a4,284 # 8020811c <__modsi3+0x65b0>
80200b64:	00072583          	lw	a1,0(a4)
80200b68:	00472603          	lw	a2,4(a4)
80200b6c:	00872683          	lw	a3,8(a4)
80200b70:	00c72703          	lw	a4,12(a4)
80200b74:	00b7a023          	sw	a1,0(a5)
80200b78:	00c7a223          	sw	a2,4(a5)
80200b7c:	00d7a423          	sw	a3,8(a5)
80200b80:	00e7a623          	sw	a4,12(a5)
80200b84:	02040793          	addi	a5,s0,32
80200b88:	dcf42c23          	sw	a5,-552(s0)
80200b8c:	dd842783          	lw	a5,-552(s0)
80200b90:	fe478793          	addi	a5,a5,-28
80200b94:	def42623          	sw	a5,-532(s0)
80200b98:	df040793          	addi	a5,s0,-528
80200b9c:	00f78793          	addi	a5,a5,15
80200ba0:	dec42703          	lw	a4,-532(s0)
80200ba4:	00070613          	mv	a2,a4
80200ba8:	ddc42583          	lw	a1,-548(s0)
80200bac:	00078513          	mv	a0,a5
80200bb0:	d49ff0ef          	jal	802008f8 <format_to_str>
80200bb4:	df040793          	addi	a5,s0,-528
80200bb8:	00078513          	mv	a0,a5
80200bbc:	5d9000ef          	jal	80201994 <strlen>
80200bc0:	00050793          	mv	a5,a0
80200bc4:	00078713          	mv	a4,a5
80200bc8:	df040793          	addi	a5,s0,-528
80200bcc:	00e787b3          	add	a5,a5,a4
80200bd0:	80208737          	lui	a4,0x80208
80200bd4:	12c70713          	addi	a4,a4,300 # 8020812c <__modsi3+0x65c0>
80200bd8:	00074683          	lbu	a3,0(a4)
80200bdc:	00068e13          	mv	t3,a3
80200be0:	00174683          	lbu	a3,1(a4)
80200be4:	00068313          	mv	t1,a3
80200be8:	00274683          	lbu	a3,2(a4)
80200bec:	00068893          	mv	a7,a3
80200bf0:	00374683          	lbu	a3,3(a4)
80200bf4:	00068813          	mv	a6,a3
80200bf8:	00474683          	lbu	a3,4(a4)
80200bfc:	00068513          	mv	a0,a3
80200c00:	00574683          	lbu	a3,5(a4)
80200c04:	00068593          	mv	a1,a3
80200c08:	00674683          	lbu	a3,6(a4)
80200c0c:	00068613          	mv	a2,a3
80200c10:	00774683          	lbu	a3,7(a4)
80200c14:	00874703          	lbu	a4,8(a4)
80200c18:	01c78023          	sb	t3,0(a5)
80200c1c:	006780a3          	sb	t1,1(a5)
80200c20:	01178123          	sb	a7,2(a5)
80200c24:	010781a3          	sb	a6,3(a5)
80200c28:	00a78223          	sb	a0,4(a5)
80200c2c:	00b782a3          	sb	a1,5(a5)
80200c30:	00c78323          	sb	a2,6(a5)
80200c34:	00d783a3          	sb	a3,7(a5)
80200c38:	00e78423          	sb	a4,8(a5)
80200c3c:	df040793          	addi	a5,s0,-528
80200c40:	00078513          	mv	a0,a5
80200c44:	551000ef          	jal	80201994 <strlen>
80200c48:	00050713          	mv	a4,a0
80200c4c:	df040793          	addi	a5,s0,-528
80200c50:	00070593          	mv	a1,a4
80200c54:	00078513          	mv	a0,a5
80200c58:	354000ef          	jal	80200fac <term_write>
80200c5c:	0000006f          	j	80200c5c <FATAL+0x134>

80200c60 <SUCCESS>:
SUCCESS():
80200c60:	db010113          	addi	sp,sp,-592
80200c64:	22112623          	sw	ra,556(sp)
80200c68:	22812423          	sw	s0,552(sp)
80200c6c:	23010413          	addi	s0,sp,560
80200c70:	dca42e23          	sw	a0,-548(s0)
80200c74:	00b42223          	sw	a1,4(s0)
80200c78:	00c42423          	sw	a2,8(s0)
80200c7c:	00d42623          	sw	a3,12(s0)
80200c80:	00e42823          	sw	a4,16(s0)
80200c84:	00f42a23          	sw	a5,20(s0)
80200c88:	01042c23          	sw	a6,24(s0)
80200c8c:	01142e23          	sw	a7,28(s0)
80200c90:	df040793          	addi	a5,s0,-528
80200c94:	80208737          	lui	a4,0x80208
80200c98:	13870713          	addi	a4,a4,312 # 80208138 <__modsi3+0x65cc>
80200c9c:	00072503          	lw	a0,0(a4)
80200ca0:	00472583          	lw	a1,4(a4)
80200ca4:	00872603          	lw	a2,8(a4)
80200ca8:	00c72683          	lw	a3,12(a4)
80200cac:	00a7a023          	sw	a0,0(a5)
80200cb0:	00b7a223          	sw	a1,4(a5)
80200cb4:	00c7a423          	sw	a2,8(a5)
80200cb8:	00d7a623          	sw	a3,12(a5)
80200cbc:	01075703          	lhu	a4,16(a4)
80200cc0:	00e79823          	sh	a4,16(a5)
80200cc4:	02040793          	addi	a5,s0,32
80200cc8:	dcf42c23          	sw	a5,-552(s0)
80200ccc:	dd842783          	lw	a5,-552(s0)
80200cd0:	fe478793          	addi	a5,a5,-28
80200cd4:	def42623          	sw	a5,-532(s0)
80200cd8:	df040793          	addi	a5,s0,-528
80200cdc:	01178793          	addi	a5,a5,17
80200ce0:	dec42703          	lw	a4,-532(s0)
80200ce4:	00070613          	mv	a2,a4
80200ce8:	ddc42583          	lw	a1,-548(s0)
80200cec:	00078513          	mv	a0,a5
80200cf0:	c09ff0ef          	jal	802008f8 <format_to_str>
80200cf4:	df040793          	addi	a5,s0,-528
80200cf8:	00078513          	mv	a0,a5
80200cfc:	499000ef          	jal	80201994 <strlen>
80200d00:	00050793          	mv	a5,a0
80200d04:	00078713          	mv	a4,a5
80200d08:	df040793          	addi	a5,s0,-528
80200d0c:	00e787b3          	add	a5,a5,a4
80200d10:	80208737          	lui	a4,0x80208
80200d14:	12c70713          	addi	a4,a4,300 # 8020812c <__modsi3+0x65c0>
80200d18:	00074683          	lbu	a3,0(a4)
80200d1c:	00068e13          	mv	t3,a3
80200d20:	00174683          	lbu	a3,1(a4)
80200d24:	00068313          	mv	t1,a3
80200d28:	00274683          	lbu	a3,2(a4)
80200d2c:	00068893          	mv	a7,a3
80200d30:	00374683          	lbu	a3,3(a4)
80200d34:	00068813          	mv	a6,a3
80200d38:	00474683          	lbu	a3,4(a4)
80200d3c:	00068513          	mv	a0,a3
80200d40:	00574683          	lbu	a3,5(a4)
80200d44:	00068593          	mv	a1,a3
80200d48:	00674683          	lbu	a3,6(a4)
80200d4c:	00068613          	mv	a2,a3
80200d50:	00774683          	lbu	a3,7(a4)
80200d54:	00874703          	lbu	a4,8(a4)
80200d58:	01c78023          	sb	t3,0(a5)
80200d5c:	006780a3          	sb	t1,1(a5)
80200d60:	01178123          	sb	a7,2(a5)
80200d64:	010781a3          	sb	a6,3(a5)
80200d68:	00a78223          	sb	a0,4(a5)
80200d6c:	00b782a3          	sb	a1,5(a5)
80200d70:	00c78323          	sb	a2,6(a5)
80200d74:	00d783a3          	sb	a3,7(a5)
80200d78:	00e78423          	sb	a4,8(a5)
80200d7c:	df040793          	addi	a5,s0,-528
80200d80:	00078513          	mv	a0,a5
80200d84:	411000ef          	jal	80201994 <strlen>
80200d88:	00050713          	mv	a4,a0
80200d8c:	df040793          	addi	a5,s0,-528
80200d90:	00070593          	mv	a1,a4
80200d94:	00078513          	mv	a0,a5
80200d98:	214000ef          	jal	80200fac <term_write>
80200d9c:	00000013          	nop
80200da0:	00078513          	mv	a0,a5
80200da4:	22c12083          	lw	ra,556(sp)
80200da8:	22812403          	lw	s0,552(sp)
80200dac:	25010113          	addi	sp,sp,592
80200db0:	00008067          	ret

80200db4 <exit>:
exit():
80200db4:	dd010113          	addi	sp,sp,-560
80200db8:	22112623          	sw	ra,556(sp)
80200dbc:	22812423          	sw	s0,552(sp)
80200dc0:	23010413          	addi	s0,sp,560
80200dc4:	dca42e23          	sw	a0,-548(s0)
80200dc8:	00100793          	li	a5,1
80200dcc:	def42423          	sw	a5,-536(s0)
80200dd0:	de840793          	addi	a5,s0,-536
80200dd4:	20800613          	li	a2,520
80200dd8:	00078593          	mv	a1,a5
80200ddc:	00100513          	li	a0,1
80200de0:	240000ef          	jal	80201020 <sys_send>
80200de4:	0000006f          	j	80200de4 <exit+0x30>

80200de8 <dir_lookup>:
dir_lookup():
80200de8:	dd010113          	addi	sp,sp,-560
80200dec:	22112623          	sw	ra,556(sp)
80200df0:	22812423          	sw	s0,552(sp)
80200df4:	23010413          	addi	s0,sp,560
80200df8:	dca42e23          	sw	a0,-548(s0)
80200dfc:	dcb42c23          	sw	a1,-552(s0)
80200e00:	de840793          	addi	a5,s0,-536
80200e04:	00078613          	mv	a2,a5
80200e08:	00000593          	li	a1,0
80200e0c:	ddc42503          	lw	a0,-548(s0)
80200e10:	0e8000ef          	jal	80200ef8 <file_read>
80200e14:	fe042623          	sw	zero,-20(s0)
80200e18:	dd842503          	lw	a0,-552(s0)
80200e1c:	379000ef          	jal	80201994 <strlen>
80200e20:	fea42423          	sw	a0,-24(s0)
80200e24:	09c0006f          	j	80200ec0 <dir_lookup+0xd8>
80200e28:	de840713          	addi	a4,s0,-536
80200e2c:	fec42783          	lw	a5,-20(s0)
80200e30:	00f707b3          	add	a5,a4,a5
80200e34:	fe842603          	lw	a2,-24(s0)
80200e38:	00078593          	mv	a1,a5
80200e3c:	dd842503          	lw	a0,-552(s0)
80200e40:	0a1000ef          	jal	802016e0 <strncmp>
80200e44:	00050793          	mv	a5,a0
80200e48:	06079663          	bnez	a5,80200eb4 <dir_lookup+0xcc>
80200e4c:	fec42703          	lw	a4,-20(s0)
80200e50:	fe842783          	lw	a5,-24(s0)
80200e54:	00f707b3          	add	a5,a4,a5
80200e58:	ff078793          	addi	a5,a5,-16
80200e5c:	008787b3          	add	a5,a5,s0
80200e60:	df87c703          	lbu	a4,-520(a5)
80200e64:	02000793          	li	a5,32
80200e68:	04f71663          	bne	a4,a5,80200eb4 <dir_lookup+0xcc>
80200e6c:	fec42783          	lw	a5,-20(s0)
80200e70:	02078063          	beqz	a5,80200e90 <dir_lookup+0xa8>
80200e74:	fec42783          	lw	a5,-20(s0)
80200e78:	fff78793          	addi	a5,a5,-1
80200e7c:	ff078793          	addi	a5,a5,-16
80200e80:	008787b3          	add	a5,a5,s0
80200e84:	df87c703          	lbu	a4,-520(a5)
80200e88:	02000793          	li	a5,32
80200e8c:	02f71463          	bne	a4,a5,80200eb4 <dir_lookup+0xcc>
80200e90:	fec42703          	lw	a4,-20(s0)
80200e94:	fe842783          	lw	a5,-24(s0)
80200e98:	00f707b3          	add	a5,a4,a5
80200e9c:	de840713          	addi	a4,s0,-536
80200ea0:	00f707b3          	add	a5,a4,a5
80200ea4:	00078513          	mv	a0,a5
80200ea8:	278000ef          	jal	80201120 <atoi>
80200eac:	00050793          	mv	a5,a0
80200eb0:	0340006f          	j	80200ee4 <dir_lookup+0xfc>
80200eb4:	fec42783          	lw	a5,-20(s0)
80200eb8:	00178793          	addi	a5,a5,1
80200ebc:	fef42623          	sw	a5,-20(s0)
80200ec0:	de840793          	addi	a5,s0,-536
80200ec4:	00078513          	mv	a0,a5
80200ec8:	2cd000ef          	jal	80201994 <strlen>
80200ecc:	00050713          	mv	a4,a0
80200ed0:	fe842783          	lw	a5,-24(s0)
80200ed4:	40f707b3          	sub	a5,a4,a5
80200ed8:	fec42703          	lw	a4,-20(s0)
80200edc:	f4f766e3          	bltu	a4,a5,80200e28 <dir_lookup+0x40>
80200ee0:	fff00793          	li	a5,-1
80200ee4:	00078513          	mv	a0,a5
80200ee8:	22c12083          	lw	ra,556(sp)
80200eec:	22812403          	lw	s0,552(sp)
80200ef0:	23010113          	addi	sp,sp,560
80200ef4:	00008067          	ret

80200ef8 <file_read>:
file_read():
80200ef8:	dd010113          	addi	sp,sp,-560
80200efc:	22112623          	sw	ra,556(sp)
80200f00:	22812423          	sw	s0,552(sp)
80200f04:	23010413          	addi	s0,sp,560
80200f08:	dca42e23          	sw	a0,-548(s0)
80200f0c:	dcb42c23          	sw	a1,-552(s0)
80200f10:	dcc42a23          	sw	a2,-556(s0)
80200f14:	00100793          	li	a5,1
80200f18:	def42023          	sw	a5,-544(s0)
80200f1c:	ddc42783          	lw	a5,-548(s0)
80200f20:	def42223          	sw	a5,-540(s0)
80200f24:	dd842783          	lw	a5,-552(s0)
80200f28:	def42423          	sw	a5,-536(s0)
80200f2c:	de040793          	addi	a5,s0,-544
80200f30:	20c00613          	li	a2,524
80200f34:	00078593          	mv	a1,a5
80200f38:	00300513          	li	a0,3
80200f3c:	0e4000ef          	jal	80201020 <sys_send>
80200f40:	40000693          	li	a3,1024
80200f44:	802087b7          	lui	a5,0x80208
80200f48:	3e078613          	addi	a2,a5,992 # 802083e0 <buf>
80200f4c:	802087b7          	lui	a5,0x80208
80200f50:	3dc78593          	addi	a1,a5,988 # 802083dc <sender>
80200f54:	00300513          	li	a0,3
80200f58:	138000ef          	jal	80201090 <sys_recv>
80200f5c:	802087b7          	lui	a5,0x80208
80200f60:	3e078793          	addi	a5,a5,992 # 802083e0 <buf>
80200f64:	fef42623          	sw	a5,-20(s0)
80200f68:	fec42783          	lw	a5,-20(s0)
80200f6c:	00478793          	addi	a5,a5,4
80200f70:	20000613          	li	a2,512
80200f74:	00078593          	mv	a1,a5
80200f78:	dd442503          	lw	a0,-556(s0)
80200f7c:	0f1000ef          	jal	8020186c <memcpy>
80200f80:	fec42783          	lw	a5,-20(s0)
80200f84:	0007a783          	lw	a5,0(a5)
80200f88:	00079663          	bnez	a5,80200f94 <file_read+0x9c>
80200f8c:	00000793          	li	a5,0
80200f90:	0080006f          	j	80200f98 <file_read+0xa0>
80200f94:	fff00793          	li	a5,-1
80200f98:	00078513          	mv	a0,a5
80200f9c:	22c12083          	lw	ra,556(sp)
80200fa0:	22812403          	lw	s0,552(sp)
80200fa4:	23010113          	addi	sp,sp,560
80200fa8:	00008067          	ret

80200fac <term_write>:
term_write():
80200fac:	fd010113          	addi	sp,sp,-48
80200fb0:	02112623          	sw	ra,44(sp)
80200fb4:	02812423          	sw	s0,40(sp)
80200fb8:	03010413          	addi	s0,sp,48
80200fbc:	fca42e23          	sw	a0,-36(s0)
80200fc0:	fcb42c23          	sw	a1,-40(s0)
80200fc4:	fe042623          	sw	zero,-20(s0)
80200fc8:	0340006f          	j	80200ffc <term_write+0x50>
80200fcc:	802087b7          	lui	a5,0x80208
80200fd0:	3c47a783          	lw	a5,964(a5) # 802083c4 <earth>
80200fd4:	0207a783          	lw	a5,32(a5)
80200fd8:	fdc42683          	lw	a3,-36(s0)
80200fdc:	fec42703          	lw	a4,-20(s0)
80200fe0:	00e68733          	add	a4,a3,a4
80200fe4:	00074703          	lbu	a4,0(a4)
80200fe8:	00070513          	mv	a0,a4
80200fec:	000780e7          	jalr	a5
80200ff0:	fec42783          	lw	a5,-20(s0)
80200ff4:	00178793          	addi	a5,a5,1
80200ff8:	fef42623          	sw	a5,-20(s0)
80200ffc:	fec42703          	lw	a4,-20(s0)
80201000:	fd842783          	lw	a5,-40(s0)
80201004:	fcf764e3          	bltu	a4,a5,80200fcc <term_write+0x20>
80201008:	00000013          	nop
8020100c:	00000013          	nop
80201010:	02c12083          	lw	ra,44(sp)
80201014:	02812403          	lw	s0,40(sp)
80201018:	03010113          	addi	sp,sp,48
8020101c:	00008067          	ret

80201020 <sys_send>:
sys_send():
80201020:	fe010113          	addi	sp,sp,-32
80201024:	00112e23          	sw	ra,28(sp)
80201028:	00812c23          	sw	s0,24(sp)
8020102c:	02010413          	addi	s0,sp,32
80201030:	fea42623          	sw	a0,-20(s0)
80201034:	feb42423          	sw	a1,-24(s0)
80201038:	fec42223          	sw	a2,-28(s0)
8020103c:	802087b7          	lui	a5,0x80208
80201040:	3c87a783          	lw	a5,968(a5) # 802083c8 <sc>
80201044:	00200713          	li	a4,2
80201048:	00e7a023          	sw	a4,0(a5)
8020104c:	802087b7          	lui	a5,0x80208
80201050:	3c87a783          	lw	a5,968(a5) # 802083c8 <sc>
80201054:	fec42703          	lw	a4,-20(s0)
80201058:	00e7a423          	sw	a4,8(a5)
8020105c:	802087b7          	lui	a5,0x80208
80201060:	3c87a783          	lw	a5,968(a5) # 802083c8 <sc>
80201064:	00c78793          	addi	a5,a5,12
80201068:	fe442603          	lw	a2,-28(s0)
8020106c:	fe842583          	lw	a1,-24(s0)
80201070:	00078513          	mv	a0,a5
80201074:	7f8000ef          	jal	8020186c <memcpy>
80201078:	00000073          	ecall
8020107c:	00000013          	nop
80201080:	01c12083          	lw	ra,28(sp)
80201084:	01812403          	lw	s0,24(sp)
80201088:	02010113          	addi	sp,sp,32
8020108c:	00008067          	ret

80201090 <sys_recv>:
sys_recv():
80201090:	fe010113          	addi	sp,sp,-32
80201094:	00112e23          	sw	ra,28(sp)
80201098:	00812c23          	sw	s0,24(sp)
8020109c:	02010413          	addi	s0,sp,32
802010a0:	fea42623          	sw	a0,-20(s0)
802010a4:	feb42423          	sw	a1,-24(s0)
802010a8:	fec42223          	sw	a2,-28(s0)
802010ac:	fed42023          	sw	a3,-32(s0)
802010b0:	802087b7          	lui	a5,0x80208
802010b4:	3c87a783          	lw	a5,968(a5) # 802083c8 <sc>
802010b8:	00100713          	li	a4,1
802010bc:	00e7a023          	sw	a4,0(a5)
802010c0:	802087b7          	lui	a5,0x80208
802010c4:	3c87a783          	lw	a5,968(a5) # 802083c8 <sc>
802010c8:	fec42703          	lw	a4,-20(s0)
802010cc:	00e7a223          	sw	a4,4(a5)
802010d0:	00000073          	ecall
802010d4:	802087b7          	lui	a5,0x80208
802010d8:	3c87a783          	lw	a5,968(a5) # 802083c8 <sc>
802010dc:	00c78793          	addi	a5,a5,12
802010e0:	fe042603          	lw	a2,-32(s0)
802010e4:	00078593          	mv	a1,a5
802010e8:	fe442503          	lw	a0,-28(s0)
802010ec:	780000ef          	jal	8020186c <memcpy>
802010f0:	fe842783          	lw	a5,-24(s0)
802010f4:	00078c63          	beqz	a5,8020110c <sys_recv+0x7c>
802010f8:	802087b7          	lui	a5,0x80208
802010fc:	3c87a783          	lw	a5,968(a5) # 802083c8 <sc>
80201100:	0047a703          	lw	a4,4(a5)
80201104:	fe842783          	lw	a5,-24(s0)
80201108:	00e7a023          	sw	a4,0(a5)
8020110c:	00000013          	nop
80201110:	01c12083          	lw	ra,28(sp)
80201114:	01812403          	lw	s0,24(sp)
80201118:	02010113          	addi	sp,sp,32
8020111c:	00008067          	ret

80201120 <atoi>:
atoi():
80201120:	00a00613          	li	a2,10
80201124:	00000593          	li	a1,0
80201128:	2f80006f          	j	80201420 <strtol>

8020112c <itoa>:
itoa():
8020112c:	ff010113          	addi	sp,sp,-16
80201130:	00812423          	sw	s0,8(sp)
80201134:	00112623          	sw	ra,12(sp)
80201138:	ffe60713          	addi	a4,a2,-2 # ffe <app_entry-0x801ff002>
8020113c:	02200793          	li	a5,34
80201140:	00058413          	mv	s0,a1
80201144:	04e7e063          	bltu	a5,a4,80201184 <itoa+0x58>
80201148:	00a00793          	li	a5,10
8020114c:	02f60063          	beq	a2,a5,8020116c <itoa+0x40>
80201150:	00040593          	mv	a1,s0
80201154:	2ec000ef          	jal	80201440 <__utoa>
80201158:	00c12083          	lw	ra,12(sp)
8020115c:	00040513          	mv	a0,s0
80201160:	00812403          	lw	s0,8(sp)
80201164:	01010113          	addi	sp,sp,16
80201168:	00008067          	ret
8020116c:	fe0552e3          	bgez	a0,80201150 <itoa+0x24>
80201170:	02d00793          	li	a5,45
80201174:	00f58023          	sb	a5,0(a1)
80201178:	40a00533          	neg	a0,a0
8020117c:	00158593          	addi	a1,a1,1
80201180:	fd5ff06f          	j	80201154 <itoa+0x28>
80201184:	00058023          	sb	zero,0(a1)
80201188:	00c12083          	lw	ra,12(sp)
8020118c:	00812403          	lw	s0,8(sp)
80201190:	00000513          	li	a0,0
80201194:	01010113          	addi	sp,sp,16
80201198:	00008067          	ret

8020119c <_strtol_l.isra.0>:
_strtol_l.isra.0():
8020119c:	fb010113          	addi	sp,sp,-80
802011a0:	04112623          	sw	ra,76(sp)
802011a4:	02400793          	li	a5,36
802011a8:	00a12423          	sw	a0,8(sp)
802011ac:	18d7ec63          	bltu	a5,a3,80201344 <_strtol_l.isra.0+0x1a8>
802011b0:	04812423          	sw	s0,72(sp)
802011b4:	05212023          	sw	s2,64(sp)
802011b8:	03312e23          	sw	s3,60(sp)
802011bc:	03412c23          	sw	s4,56(sp)
802011c0:	03912223          	sw	s9,36(sp)
802011c4:	00100793          	li	a5,1
802011c8:	00068c93          	mv	s9,a3
802011cc:	00058913          	mv	s2,a1
802011d0:	00060a13          	mv	s4,a2
802011d4:	00068993          	mv	s3,a3
802011d8:	00058413          	mv	s0,a1
802011dc:	00007717          	auipc	a4,0x7
802011e0:	fad70713          	addi	a4,a4,-83 # 80208189 <_ctype_+0x1>
802011e4:	14f68663          	beq	a3,a5,80201330 <_strtol_l.isra.0+0x194>
802011e8:	04912223          	sw	s1,68(sp)
802011ec:	03512a23          	sw	s5,52(sp)
802011f0:	03612823          	sw	s6,48(sp)
802011f4:	03712623          	sw	s7,44(sp)
802011f8:	03812423          	sw	s8,40(sp)
802011fc:	03a12023          	sw	s10,32(sp)
80201200:	01b12e23          	sw	s11,28(sp)
80201204:	00040693          	mv	a3,s0
80201208:	00044483          	lbu	s1,0(s0)
8020120c:	00140413          	addi	s0,s0,1
80201210:	009707b3          	add	a5,a4,s1
80201214:	0007c783          	lbu	a5,0(a5)
80201218:	0087f793          	andi	a5,a5,8
8020121c:	fe0794e3          	bnez	a5,80201204 <_strtol_l.isra.0+0x68>
80201220:	02d00793          	li	a5,45
80201224:	1af48063          	beq	s1,a5,802013c4 <_strtol_l.isra.0+0x228>
80201228:	02b00793          	li	a5,43
8020122c:	80000b37          	lui	s6,0x80000
80201230:	12f48863          	beq	s1,a5,80201360 <_strtol_l.isra.0+0x1c4>
80201234:	fffb0b13          	addi	s6,s6,-1 # 7fffffff <app_entry-0x200001>
80201238:	00012623          	sw	zero,12(sp)
8020123c:	120c9c63          	bnez	s9,80201374 <_strtol_l.isra.0+0x1d8>
80201240:	00a00993          	li	s3,10
80201244:	03000793          	li	a5,48
80201248:	00098c93          	mv	s9,s3
8020124c:	1af48863          	beq	s1,a5,802013fc <_strtol_l.isra.0+0x260>
80201250:	00098593          	mv	a1,s3
80201254:	000b0513          	mv	a0,s6
80201258:	0e1000ef          	jal	80201b38 <__umodsi3>
8020125c:	00050b93          	mv	s7,a0
80201260:	00098593          	mv	a1,s3
80201264:	000b0513          	mv	a0,s6
80201268:	089000ef          	jal	80201af0 <__hidden___udivsi3>
8020126c:	00900d93          	li	s11,9
80201270:	fd048793          	addi	a5,s1,-48
80201274:	00050d13          	mv	s10,a0
80201278:	00000713          	li	a4,0
8020127c:	00000513          	li	a0,0
80201280:	01900a93          	li	s5,25
80201284:	fff00c13          	li	s8,-1
80201288:	02fdee63          	bltu	s11,a5,802012c4 <_strtol_l.isra.0+0x128>
8020128c:	00078493          	mv	s1,a5
80201290:	0594d263          	bge	s1,s9,802012d4 <_strtol_l.isra.0+0x138>
80201294:	03870063          	beq	a4,s8,802012b4 <_strtol_l.isra.0+0x118>
80201298:	fff00713          	li	a4,-1
8020129c:	00ad6c63          	bltu	s10,a0,802012b4 <_strtol_l.isra.0+0x118>
802012a0:	10ad0e63          	beq	s10,a0,802013bc <_strtol_l.isra.0+0x220>
802012a4:	00098593          	mv	a1,s3
802012a8:	01d000ef          	jal	80201ac4 <__mulsi3>
802012ac:	00a48533          	add	a0,s1,a0
802012b0:	00100713          	li	a4,1
802012b4:	00044483          	lbu	s1,0(s0)
802012b8:	00140413          	addi	s0,s0,1
802012bc:	fd048793          	addi	a5,s1,-48
802012c0:	fcfdf6e3          	bgeu	s11,a5,8020128c <_strtol_l.isra.0+0xf0>
802012c4:	fbf48793          	addi	a5,s1,-65
802012c8:	0efae263          	bltu	s5,a5,802013ac <_strtol_l.isra.0+0x210>
802012cc:	fc948493          	addi	s1,s1,-55
802012d0:	fd94c2e3          	blt	s1,s9,80201294 <_strtol_l.isra.0+0xf8>
802012d4:	fff00793          	li	a5,-1
802012d8:	10f70263          	beq	a4,a5,802013dc <_strtol_l.isra.0+0x240>
802012dc:	00c12783          	lw	a5,12(sp)
802012e0:	00078463          	beqz	a5,802012e8 <_strtol_l.isra.0+0x14c>
802012e4:	40a00533          	neg	a0,a0
802012e8:	000a0663          	beqz	s4,802012f4 <_strtol_l.isra.0+0x158>
802012ec:	12071663          	bnez	a4,80201418 <_strtol_l.isra.0+0x27c>
802012f0:	012a2023          	sw	s2,0(s4)
802012f4:	04812403          	lw	s0,72(sp)
802012f8:	04c12083          	lw	ra,76(sp)
802012fc:	04412483          	lw	s1,68(sp)
80201300:	04012903          	lw	s2,64(sp)
80201304:	03c12983          	lw	s3,60(sp)
80201308:	03812a03          	lw	s4,56(sp)
8020130c:	03412a83          	lw	s5,52(sp)
80201310:	03012b03          	lw	s6,48(sp)
80201314:	02c12b83          	lw	s7,44(sp)
80201318:	02812c03          	lw	s8,40(sp)
8020131c:	02412c83          	lw	s9,36(sp)
80201320:	02012d03          	lw	s10,32(sp)
80201324:	01c12d83          	lw	s11,28(sp)
80201328:	05010113          	addi	sp,sp,80
8020132c:	00008067          	ret
80201330:	04812403          	lw	s0,72(sp)
80201334:	04012903          	lw	s2,64(sp)
80201338:	03c12983          	lw	s3,60(sp)
8020133c:	03812a03          	lw	s4,56(sp)
80201340:	02412c83          	lw	s9,36(sp)
80201344:	440000ef          	jal	80201784 <__errno>
80201348:	04c12083          	lw	ra,76(sp)
8020134c:	01600793          	li	a5,22
80201350:	00f52023          	sw	a5,0(a0)
80201354:	00000513          	li	a0,0
80201358:	05010113          	addi	sp,sp,80
8020135c:	00008067          	ret
80201360:	00012623          	sw	zero,12(sp)
80201364:	00044483          	lbu	s1,0(s0)
80201368:	fffb0b13          	addi	s6,s6,-1
8020136c:	00268413          	addi	s0,a3,2
80201370:	ec0c88e3          	beqz	s9,80201240 <_strtol_l.isra.0+0xa4>
80201374:	01000793          	li	a5,16
80201378:	ecfc9ce3          	bne	s9,a5,80201250 <_strtol_l.isra.0+0xb4>
8020137c:	03000793          	li	a5,48
80201380:	000c8993          	mv	s3,s9
80201384:	ecf496e3          	bne	s1,a5,80201250 <_strtol_l.isra.0+0xb4>
80201388:	00044783          	lbu	a5,0(s0)
8020138c:	05800713          	li	a4,88
80201390:	0df7f793          	andi	a5,a5,223
80201394:	eae79ee3          	bne	a5,a4,80201250 <_strtol_l.isra.0+0xb4>
80201398:	01000993          	li	s3,16
8020139c:	00144483          	lbu	s1,1(s0)
802013a0:	00098c93          	mv	s9,s3
802013a4:	00240413          	addi	s0,s0,2
802013a8:	ea9ff06f          	j	80201250 <_strtol_l.isra.0+0xb4>
802013ac:	f9f48793          	addi	a5,s1,-97
802013b0:	f2fae2e3          	bltu	s5,a5,802012d4 <_strtol_l.isra.0+0x138>
802013b4:	fa948493          	addi	s1,s1,-87
802013b8:	ed9ff06f          	j	80201290 <_strtol_l.isra.0+0xf4>
802013bc:	ee9bcce3          	blt	s7,s1,802012b4 <_strtol_l.isra.0+0x118>
802013c0:	ee5ff06f          	j	802012a4 <_strtol_l.isra.0+0x108>
802013c4:	00100793          	li	a5,1
802013c8:	00044483          	lbu	s1,0(s0)
802013cc:	80000b37          	lui	s6,0x80000
802013d0:	00268413          	addi	s0,a3,2
802013d4:	00f12623          	sw	a5,12(sp)
802013d8:	e65ff06f          	j	8020123c <_strtol_l.isra.0+0xa0>
802013dc:	00812703          	lw	a4,8(sp)
802013e0:	02200793          	li	a5,34
802013e4:	000b0513          	mv	a0,s6
802013e8:	00f72023          	sw	a5,0(a4)
802013ec:	f00a04e3          	beqz	s4,802012f4 <_strtol_l.isra.0+0x158>
802013f0:	fff40913          	addi	s2,s0,-1
802013f4:	000b0513          	mv	a0,s6
802013f8:	ef9ff06f          	j	802012f0 <_strtol_l.isra.0+0x154>
802013fc:	00044783          	lbu	a5,0(s0)
80201400:	05800713          	li	a4,88
80201404:	0df7f793          	andi	a5,a5,223
80201408:	f8e788e3          	beq	a5,a4,80201398 <_strtol_l.isra.0+0x1fc>
8020140c:	00800993          	li	s3,8
80201410:	00098c93          	mv	s9,s3
80201414:	e3dff06f          	j	80201250 <_strtol_l.isra.0+0xb4>
80201418:	00050b13          	mv	s6,a0
8020141c:	fd5ff06f          	j	802013f0 <_strtol_l.isra.0+0x254>

80201420 <strtol>:
strtol():
80201420:	00050713          	mv	a4,a0
80201424:	00007517          	auipc	a0,0x7
80201428:	fa852503          	lw	a0,-88(a0) # 802083cc <_impure_ptr>
8020142c:	00058793          	mv	a5,a1
80201430:	00060693          	mv	a3,a2
80201434:	00070593          	mv	a1,a4
80201438:	00078613          	mv	a2,a5
8020143c:	d61ff06f          	j	8020119c <_strtol_l.isra.0>

80201440 <__utoa>:
__utoa():
80201440:	00007797          	auipc	a5,0x7
80201444:	d2078793          	addi	a5,a5,-736 # 80208160 <__modsi3+0x65f4>
80201448:	0007a283          	lw	t0,0(a5)
8020144c:	0047af83          	lw	t6,4(a5)
80201450:	0087af03          	lw	t5,8(a5)
80201454:	00c7ae83          	lw	t4,12(a5)
80201458:	0107ae03          	lw	t3,16(a5)
8020145c:	0147a303          	lw	t1,20(a5)
80201460:	0187a883          	lw	a7,24(a5)
80201464:	01c7a803          	lw	a6,28(a5)
80201468:	0207a683          	lw	a3,32(a5)
8020146c:	00007797          	auipc	a5,0x7
80201470:	d187c783          	lbu	a5,-744(a5) # 80208184 <__modsi3+0x6618>
80201474:	fb010113          	addi	sp,sp,-80
80201478:	03512a23          	sw	s5,52(sp)
8020147c:	02f10623          	sb	a5,44(sp)
80201480:	04112623          	sw	ra,76(sp)
80201484:	ffe60713          	addi	a4,a2,-2
80201488:	00512423          	sw	t0,8(sp)
8020148c:	01f12623          	sw	t6,12(sp)
80201490:	01e12823          	sw	t5,16(sp)
80201494:	01d12a23          	sw	t4,20(sp)
80201498:	01c12c23          	sw	t3,24(sp)
8020149c:	00612e23          	sw	t1,28(sp)
802014a0:	03112023          	sw	a7,32(sp)
802014a4:	03012223          	sw	a6,36(sp)
802014a8:	02d12423          	sw	a3,40(sp)
802014ac:	02200793          	li	a5,34
802014b0:	00058a93          	mv	s5,a1
802014b4:	0ce7e463          	bltu	a5,a4,8020157c <__utoa+0x13c>
802014b8:	04812423          	sw	s0,72(sp)
802014bc:	04912223          	sw	s1,68(sp)
802014c0:	05212023          	sw	s2,64(sp)
802014c4:	03312e23          	sw	s3,60(sp)
802014c8:	03412c23          	sw	s4,56(sp)
802014cc:	03612823          	sw	s6,48(sp)
802014d0:	00060493          	mv	s1,a2
802014d4:	00050413          	mv	s0,a0
802014d8:	00000913          	li	s2,0
802014dc:	00048593          	mv	a1,s1
802014e0:	00040513          	mv	a0,s0
802014e4:	654000ef          	jal	80201b38 <__umodsi3>
802014e8:	00250533          	add	a0,a0,sp
802014ec:	00854783          	lbu	a5,8(a0)
802014f0:	00090993          	mv	s3,s2
802014f4:	00190913          	addi	s2,s2,1
802014f8:	012a8a33          	add	s4,s5,s2
802014fc:	00040513          	mv	a0,s0
80201500:	00048593          	mv	a1,s1
80201504:	fefa0fa3          	sb	a5,-1(s4)
80201508:	00040b13          	mv	s6,s0
8020150c:	5e4000ef          	jal	80201af0 <__hidden___udivsi3>
80201510:	00050413          	mv	s0,a0
80201514:	fc9b74e3          	bgeu	s6,s1,802014dc <__utoa+0x9c>
80201518:	000a0023          	sb	zero,0(s4)
8020151c:	02098a63          	beqz	s3,80201550 <__utoa+0x110>
80201520:	000a8693          	mv	a3,s5
80201524:	013a8733          	add	a4,s5,s3
80201528:	00000793          	li	a5,0
8020152c:	00074583          	lbu	a1,0(a4)
80201530:	0006c603          	lbu	a2,0(a3)
80201534:	00178793          	addi	a5,a5,1
80201538:	00b68023          	sb	a1,0(a3)
8020153c:	00c70023          	sb	a2,0(a4)
80201540:	40f98633          	sub	a2,s3,a5
80201544:	00168693          	addi	a3,a3,1
80201548:	fff70713          	addi	a4,a4,-1
8020154c:	fec7c0e3          	blt	a5,a2,8020152c <__utoa+0xec>
80201550:	04812403          	lw	s0,72(sp)
80201554:	04c12083          	lw	ra,76(sp)
80201558:	04412483          	lw	s1,68(sp)
8020155c:	04012903          	lw	s2,64(sp)
80201560:	03c12983          	lw	s3,60(sp)
80201564:	03812a03          	lw	s4,56(sp)
80201568:	03012b03          	lw	s6,48(sp)
8020156c:	000a8513          	mv	a0,s5
80201570:	03412a83          	lw	s5,52(sp)
80201574:	05010113          	addi	sp,sp,80
80201578:	00008067          	ret
8020157c:	00058023          	sb	zero,0(a1)
80201580:	04c12083          	lw	ra,76(sp)
80201584:	03412a83          	lw	s5,52(sp)
80201588:	00000513          	li	a0,0
8020158c:	05010113          	addi	sp,sp,80
80201590:	00008067          	ret

80201594 <strcat>:
strcat():
80201594:	ff010113          	addi	sp,sp,-16
80201598:	00812423          	sw	s0,8(sp)
8020159c:	00112623          	sw	ra,12(sp)
802015a0:	00357793          	andi	a5,a0,3
802015a4:	00050413          	mv	s0,a0
802015a8:	06079663          	bnez	a5,80201614 <strcat+0x80>
802015ac:	00052703          	lw	a4,0(a0)
802015b0:	feff0637          	lui	a2,0xfeff0
802015b4:	eff60613          	addi	a2,a2,-257 # fefefeff <__heap_end+0x7ecefeff>
802015b8:	00c707b3          	add	a5,a4,a2
802015bc:	808086b7          	lui	a3,0x80808
802015c0:	fff74713          	not	a4,a4
802015c4:	00e7f7b3          	and	a5,a5,a4
802015c8:	08068693          	addi	a3,a3,128 # 80808080 <__heap_end+0x508080>
802015cc:	00d7f7b3          	and	a5,a5,a3
802015d0:	04079263          	bnez	a5,80201614 <strcat+0x80>
802015d4:	00452703          	lw	a4,4(a0)
802015d8:	00450513          	addi	a0,a0,4
802015dc:	00c707b3          	add	a5,a4,a2
802015e0:	fff74713          	not	a4,a4
802015e4:	00e7f7b3          	and	a5,a5,a4
802015e8:	00d7f7b3          	and	a5,a5,a3
802015ec:	02079463          	bnez	a5,80201614 <strcat+0x80>
802015f0:	00452703          	lw	a4,4(a0)
802015f4:	00450513          	addi	a0,a0,4
802015f8:	00c707b3          	add	a5,a4,a2
802015fc:	fff74713          	not	a4,a4
80201600:	00e7f7b3          	and	a5,a5,a4
80201604:	00d7f7b3          	and	a5,a5,a3
80201608:	fc0786e3          	beqz	a5,802015d4 <strcat+0x40>
8020160c:	0080006f          	j	80201614 <strcat+0x80>
80201610:	00150513          	addi	a0,a0,1
80201614:	00054783          	lbu	a5,0(a0)
80201618:	fe079ce3          	bnez	a5,80201610 <strcat+0x7c>
8020161c:	404000ef          	jal	80201a20 <strcpy>
80201620:	00c12083          	lw	ra,12(sp)
80201624:	00040513          	mv	a0,s0
80201628:	00812403          	lw	s0,8(sp)
8020162c:	01010113          	addi	sp,sp,16
80201630:	00008067          	ret

80201634 <strncat>:
strncat():
80201634:	00357713          	andi	a4,a0,3
80201638:	00050793          	mv	a5,a0
8020163c:	06071663          	bnez	a4,802016a8 <strncat+0x74>
80201640:	00052683          	lw	a3,0(a0)
80201644:	feff08b7          	lui	a7,0xfeff0
80201648:	eff88893          	addi	a7,a7,-257 # fefefeff <__heap_end+0x7ecefeff>
8020164c:	01168733          	add	a4,a3,a7
80201650:	80808837          	lui	a6,0x80808
80201654:	fff6c693          	not	a3,a3
80201658:	00d77733          	and	a4,a4,a3
8020165c:	08080813          	addi	a6,a6,128 # 80808080 <__heap_end+0x508080>
80201660:	01077733          	and	a4,a4,a6
80201664:	04071263          	bnez	a4,802016a8 <strncat+0x74>
80201668:	0047a683          	lw	a3,4(a5)
8020166c:	00478793          	addi	a5,a5,4
80201670:	01168733          	add	a4,a3,a7
80201674:	fff6c693          	not	a3,a3
80201678:	00d77733          	and	a4,a4,a3
8020167c:	01077733          	and	a4,a4,a6
80201680:	02071463          	bnez	a4,802016a8 <strncat+0x74>
80201684:	0047a683          	lw	a3,4(a5)
80201688:	00478793          	addi	a5,a5,4
8020168c:	01168733          	add	a4,a3,a7
80201690:	fff6c693          	not	a3,a3
80201694:	00d77733          	and	a4,a4,a3
80201698:	01077733          	and	a4,a4,a6
8020169c:	fc0706e3          	beqz	a4,80201668 <strncat+0x34>
802016a0:	0080006f          	j	802016a8 <strncat+0x74>
802016a4:	00178793          	addi	a5,a5,1
802016a8:	0007c703          	lbu	a4,0(a5)
802016ac:	fe071ce3          	bnez	a4,802016a4 <strncat+0x70>
802016b0:	00c786b3          	add	a3,a5,a2
802016b4:	02060463          	beqz	a2,802016dc <strncat+0xa8>
802016b8:	0005c703          	lbu	a4,0(a1)
802016bc:	00178793          	addi	a5,a5,1
802016c0:	00158593          	addi	a1,a1,1
802016c4:	fee78fa3          	sb	a4,-1(a5)
802016c8:	00070863          	beqz	a4,802016d8 <strncat+0xa4>
802016cc:	fef696e3          	bne	a3,a5,802016b8 <strncat+0x84>
802016d0:	00068023          	sb	zero,0(a3)
802016d4:	00008067          	ret
802016d8:	00008067          	ret
802016dc:	00008067          	ret

802016e0 <strncmp>:
strncmp():
802016e0:	08060a63          	beqz	a2,80201774 <strncmp+0x94>
802016e4:	00b567b3          	or	a5,a0,a1
802016e8:	0037f793          	andi	a5,a5,3
802016ec:	04079a63          	bnez	a5,80201740 <strncmp+0x60>
802016f0:	feff0e37          	lui	t3,0xfeff0
802016f4:	80808337          	lui	t1,0x80808
802016f8:	00300893          	li	a7,3
802016fc:	effe0e13          	addi	t3,t3,-257 # fefefeff <__heap_end+0x7ecefeff>
80201700:	08030313          	addi	t1,t1,128 # 80808080 <__heap_end+0x508080>
80201704:	02c8e063          	bltu	a7,a2,80201724 <strncmp+0x44>
80201708:	0380006f          	j	80201740 <strncmp+0x60>
8020170c:	ffc60613          	addi	a2,a2,-4
80201710:	06060263          	beqz	a2,80201774 <strncmp+0x94>
80201714:	06079063          	bnez	a5,80201774 <strncmp+0x94>
80201718:	00450513          	addi	a0,a0,4
8020171c:	00458593          	addi	a1,a1,4
80201720:	02c8f063          	bgeu	a7,a2,80201740 <strncmp+0x60>
80201724:	00052703          	lw	a4,0(a0)
80201728:	0005a683          	lw	a3,0(a1)
8020172c:	01c707b3          	add	a5,a4,t3
80201730:	fff74813          	not	a6,a4
80201734:	0107f7b3          	and	a5,a5,a6
80201738:	0067f7b3          	and	a5,a5,t1
8020173c:	fcd708e3          	beq	a4,a3,8020170c <strncmp+0x2c>
80201740:	00054783          	lbu	a5,0(a0)
80201744:	0005c703          	lbu	a4,0(a1)
80201748:	fff60613          	addi	a2,a2,-1
8020174c:	00c50633          	add	a2,a0,a2
80201750:	00e78e63          	beq	a5,a4,8020176c <strncmp+0x8c>
80201754:	0280006f          	j	8020177c <strncmp+0x9c>
80201758:	00150513          	addi	a0,a0,1
8020175c:	00078c63          	beqz	a5,80201774 <strncmp+0x94>
80201760:	00054783          	lbu	a5,0(a0)
80201764:	0005c703          	lbu	a4,0(a1)
80201768:	00e79a63          	bne	a5,a4,8020177c <strncmp+0x9c>
8020176c:	00158593          	addi	a1,a1,1
80201770:	fea614e3          	bne	a2,a0,80201758 <strncmp+0x78>
80201774:	00000513          	li	a0,0
80201778:	00008067          	ret
8020177c:	40e78533          	sub	a0,a5,a4
80201780:	00008067          	ret

80201784 <__errno>:
__errno():
80201784:	00007517          	auipc	a0,0x7
80201788:	c4852503          	lw	a0,-952(a0) # 802083cc <_impure_ptr>
8020178c:	00008067          	ret

80201790 <memset>:
memset():
80201790:	00f00313          	li	t1,15
80201794:	00050713          	mv	a4,a0
80201798:	02c37e63          	bgeu	t1,a2,802017d4 <memset+0x44>
8020179c:	00f77793          	andi	a5,a4,15
802017a0:	0a079063          	bnez	a5,80201840 <memset+0xb0>
802017a4:	08059263          	bnez	a1,80201828 <memset+0x98>
802017a8:	ff067693          	andi	a3,a2,-16
802017ac:	00f67613          	andi	a2,a2,15
802017b0:	00e686b3          	add	a3,a3,a4
802017b4:	00b72023          	sw	a1,0(a4)
802017b8:	00b72223          	sw	a1,4(a4)
802017bc:	00b72423          	sw	a1,8(a4)
802017c0:	00b72623          	sw	a1,12(a4)
802017c4:	01070713          	addi	a4,a4,16
802017c8:	fed766e3          	bltu	a4,a3,802017b4 <memset+0x24>
802017cc:	00061463          	bnez	a2,802017d4 <memset+0x44>
802017d0:	00008067          	ret
802017d4:	40c306b3          	sub	a3,t1,a2
802017d8:	00269693          	slli	a3,a3,0x2
802017dc:	00000297          	auipc	t0,0x0
802017e0:	005686b3          	add	a3,a3,t0
802017e4:	00c68067          	jr	12(a3)
802017e8:	00b70723          	sb	a1,14(a4)
802017ec:	00b706a3          	sb	a1,13(a4)
802017f0:	00b70623          	sb	a1,12(a4)
802017f4:	00b705a3          	sb	a1,11(a4)
802017f8:	00b70523          	sb	a1,10(a4)
802017fc:	00b704a3          	sb	a1,9(a4)
80201800:	00b70423          	sb	a1,8(a4)
80201804:	00b703a3          	sb	a1,7(a4)
80201808:	00b70323          	sb	a1,6(a4)
8020180c:	00b702a3          	sb	a1,5(a4)
80201810:	00b70223          	sb	a1,4(a4)
80201814:	00b701a3          	sb	a1,3(a4)
80201818:	00b70123          	sb	a1,2(a4)
8020181c:	00b700a3          	sb	a1,1(a4)
80201820:	00b70023          	sb	a1,0(a4)
80201824:	00008067          	ret
80201828:	0ff5f593          	zext.b	a1,a1
8020182c:	00859693          	slli	a3,a1,0x8
80201830:	00d5e5b3          	or	a1,a1,a3
80201834:	01059693          	slli	a3,a1,0x10
80201838:	00d5e5b3          	or	a1,a1,a3
8020183c:	f6dff06f          	j	802017a8 <memset+0x18>
80201840:	00279693          	slli	a3,a5,0x2
80201844:	00000297          	auipc	t0,0x0
80201848:	005686b3          	add	a3,a3,t0
8020184c:	00008293          	mv	t0,ra
80201850:	fa0680e7          	jalr	-96(a3)
80201854:	00028093          	mv	ra,t0
80201858:	ff078793          	addi	a5,a5,-16
8020185c:	40f70733          	sub	a4,a4,a5
80201860:	00f60633          	add	a2,a2,a5
80201864:	f6c378e3          	bgeu	t1,a2,802017d4 <memset+0x44>
80201868:	f3dff06f          	j	802017a4 <memset+0x14>

8020186c <memcpy>:
memcpy():
8020186c:	00a5c7b3          	xor	a5,a1,a0
80201870:	0037f793          	andi	a5,a5,3
80201874:	00c508b3          	add	a7,a0,a2
80201878:	06079663          	bnez	a5,802018e4 <memcpy+0x78>
8020187c:	00300793          	li	a5,3
80201880:	06c7f263          	bgeu	a5,a2,802018e4 <memcpy+0x78>
80201884:	00357793          	andi	a5,a0,3
80201888:	00050713          	mv	a4,a0
8020188c:	0c079a63          	bnez	a5,80201960 <memcpy+0xf4>
80201890:	ffc8f613          	andi	a2,a7,-4
80201894:	40e606b3          	sub	a3,a2,a4
80201898:	02000793          	li	a5,32
8020189c:	06d7c463          	blt	a5,a3,80201904 <memcpy+0x98>
802018a0:	00058693          	mv	a3,a1
802018a4:	00070793          	mv	a5,a4
802018a8:	02c77a63          	bgeu	a4,a2,802018dc <memcpy+0x70>
802018ac:	0006a803          	lw	a6,0(a3)
802018b0:	00478793          	addi	a5,a5,4
802018b4:	00468693          	addi	a3,a3,4
802018b8:	ff07ae23          	sw	a6,-4(a5)
802018bc:	fec7e8e3          	bltu	a5,a2,802018ac <memcpy+0x40>
802018c0:	fff60613          	addi	a2,a2,-1
802018c4:	40e60633          	sub	a2,a2,a4
802018c8:	ffc67613          	andi	a2,a2,-4
802018cc:	00458593          	addi	a1,a1,4
802018d0:	00470713          	addi	a4,a4,4
802018d4:	00c585b3          	add	a1,a1,a2
802018d8:	00c70733          	add	a4,a4,a2
802018dc:	01176863          	bltu	a4,a7,802018ec <memcpy+0x80>
802018e0:	00008067          	ret
802018e4:	00050713          	mv	a4,a0
802018e8:	ff157ce3          	bgeu	a0,a7,802018e0 <memcpy+0x74>
802018ec:	0005c783          	lbu	a5,0(a1)
802018f0:	00170713          	addi	a4,a4,1
802018f4:	00158593          	addi	a1,a1,1
802018f8:	fef70fa3          	sb	a5,-1(a4)
802018fc:	fee898e3          	bne	a7,a4,802018ec <memcpy+0x80>
80201900:	00008067          	ret
80201904:	0205a683          	lw	a3,32(a1)
80201908:	0005a383          	lw	t2,0(a1)
8020190c:	0045a283          	lw	t0,4(a1)
80201910:	0085af83          	lw	t6,8(a1)
80201914:	00c5af03          	lw	t5,12(a1)
80201918:	0105ae83          	lw	t4,16(a1)
8020191c:	0145ae03          	lw	t3,20(a1)
80201920:	0185a303          	lw	t1,24(a1)
80201924:	01c5a803          	lw	a6,28(a1)
80201928:	02470713          	addi	a4,a4,36
8020192c:	fed72e23          	sw	a3,-4(a4)
80201930:	fc772e23          	sw	t2,-36(a4)
80201934:	40e606b3          	sub	a3,a2,a4
80201938:	fe572023          	sw	t0,-32(a4)
8020193c:	fff72223          	sw	t6,-28(a4)
80201940:	ffe72423          	sw	t5,-24(a4)
80201944:	ffd72623          	sw	t4,-20(a4)
80201948:	ffc72823          	sw	t3,-16(a4)
8020194c:	fe672a23          	sw	t1,-12(a4)
80201950:	ff072c23          	sw	a6,-8(a4)
80201954:	02458593          	addi	a1,a1,36
80201958:	fad7c6e3          	blt	a5,a3,80201904 <memcpy+0x98>
8020195c:	f45ff06f          	j	802018a0 <memcpy+0x34>
80201960:	0005c683          	lbu	a3,0(a1)
80201964:	00170713          	addi	a4,a4,1
80201968:	00377793          	andi	a5,a4,3
8020196c:	fed70fa3          	sb	a3,-1(a4)
80201970:	00158593          	addi	a1,a1,1
80201974:	f0078ee3          	beqz	a5,80201890 <memcpy+0x24>
80201978:	0005c683          	lbu	a3,0(a1)
8020197c:	00170713          	addi	a4,a4,1
80201980:	00377793          	andi	a5,a4,3
80201984:	fed70fa3          	sb	a3,-1(a4)
80201988:	00158593          	addi	a1,a1,1
8020198c:	fc079ae3          	bnez	a5,80201960 <memcpy+0xf4>
80201990:	f01ff06f          	j	80201890 <memcpy+0x24>

80201994 <strlen>:
strlen():
80201994:	00357793          	andi	a5,a0,3
80201998:	00050713          	mv	a4,a0
8020199c:	04079c63          	bnez	a5,802019f4 <strlen+0x60>
802019a0:	7f7f86b7          	lui	a3,0x7f7f8
802019a4:	f7f68693          	addi	a3,a3,-129 # 7f7f7f7f <app_entry-0xa08081>
802019a8:	fff00593          	li	a1,-1
802019ac:	00072603          	lw	a2,0(a4)
802019b0:	00470713          	addi	a4,a4,4
802019b4:	00d677b3          	and	a5,a2,a3
802019b8:	00d787b3          	add	a5,a5,a3
802019bc:	00c7e7b3          	or	a5,a5,a2
802019c0:	00d7e7b3          	or	a5,a5,a3
802019c4:	feb784e3          	beq	a5,a1,802019ac <strlen+0x18>
802019c8:	ffc74683          	lbu	a3,-4(a4)
802019cc:	40a707b3          	sub	a5,a4,a0
802019d0:	04068463          	beqz	a3,80201a18 <strlen+0x84>
802019d4:	ffd74683          	lbu	a3,-3(a4)
802019d8:	02068c63          	beqz	a3,80201a10 <strlen+0x7c>
802019dc:	ffe74503          	lbu	a0,-2(a4)
802019e0:	00a03533          	snez	a0,a0
802019e4:	00f50533          	add	a0,a0,a5
802019e8:	ffe50513          	addi	a0,a0,-2
802019ec:	00008067          	ret
802019f0:	fa0688e3          	beqz	a3,802019a0 <strlen+0xc>
802019f4:	00074783          	lbu	a5,0(a4)
802019f8:	00170713          	addi	a4,a4,1
802019fc:	00377693          	andi	a3,a4,3
80201a00:	fe0798e3          	bnez	a5,802019f0 <strlen+0x5c>
80201a04:	40a70733          	sub	a4,a4,a0
80201a08:	fff70513          	addi	a0,a4,-1
80201a0c:	00008067          	ret
80201a10:	ffd78513          	addi	a0,a5,-3
80201a14:	00008067          	ret
80201a18:	ffc78513          	addi	a0,a5,-4
80201a1c:	00008067          	ret

80201a20 <strcpy>:
strcpy():
80201a20:	00b567b3          	or	a5,a0,a1
80201a24:	0037f793          	andi	a5,a5,3
80201a28:	08079063          	bnez	a5,80201aa8 <strcpy+0x88>
80201a2c:	0005a703          	lw	a4,0(a1)
80201a30:	7f7f86b7          	lui	a3,0x7f7f8
80201a34:	f7f68693          	addi	a3,a3,-129 # 7f7f7f7f <app_entry-0xa08081>
80201a38:	00d77833          	and	a6,a4,a3
80201a3c:	00d80833          	add	a6,a6,a3
80201a40:	00e86833          	or	a6,a6,a4
80201a44:	00d86833          	or	a6,a6,a3
80201a48:	fff00793          	li	a5,-1
80201a4c:	00050613          	mv	a2,a0
80201a50:	02f81463          	bne	a6,a5,80201a78 <strcpy+0x58>
80201a54:	00458593          	addi	a1,a1,4
80201a58:	00e62023          	sw	a4,0(a2)
80201a5c:	0005a703          	lw	a4,0(a1)
80201a60:	00460613          	addi	a2,a2,4
80201a64:	00d777b3          	and	a5,a4,a3
80201a68:	00d787b3          	add	a5,a5,a3
80201a6c:	00e7e7b3          	or	a5,a5,a4
80201a70:	00d7e7b3          	or	a5,a5,a3
80201a74:	ff0780e3          	beq	a5,a6,80201a54 <strcpy+0x34>
80201a78:	0005c783          	lbu	a5,0(a1)
80201a7c:	0015c703          	lbu	a4,1(a1)
80201a80:	0025c683          	lbu	a3,2(a1)
80201a84:	00f60023          	sb	a5,0(a2)
80201a88:	00078a63          	beqz	a5,80201a9c <strcpy+0x7c>
80201a8c:	00e600a3          	sb	a4,1(a2)
80201a90:	00070663          	beqz	a4,80201a9c <strcpy+0x7c>
80201a94:	00d60123          	sb	a3,2(a2)
80201a98:	00069463          	bnez	a3,80201aa0 <strcpy+0x80>
80201a9c:	00008067          	ret
80201aa0:	000601a3          	sb	zero,3(a2)
80201aa4:	00008067          	ret
80201aa8:	00050793          	mv	a5,a0
80201aac:	0005c703          	lbu	a4,0(a1)
80201ab0:	00178793          	addi	a5,a5,1
80201ab4:	00158593          	addi	a1,a1,1
80201ab8:	fee78fa3          	sb	a4,-1(a5)
80201abc:	fe0718e3          	bnez	a4,80201aac <strcpy+0x8c>
80201ac0:	00008067          	ret

80201ac4 <__mulsi3>:
__mulsi3():
80201ac4:	00050613          	mv	a2,a0
80201ac8:	00000513          	li	a0,0
80201acc:	0015f693          	andi	a3,a1,1
80201ad0:	00068463          	beqz	a3,80201ad8 <__mulsi3+0x14>
80201ad4:	00c50533          	add	a0,a0,a2
80201ad8:	0015d593          	srli	a1,a1,0x1
80201adc:	00161613          	slli	a2,a2,0x1
80201ae0:	fe0596e3          	bnez	a1,80201acc <__mulsi3+0x8>
80201ae4:	00008067          	ret

80201ae8 <__divsi3>:
__divsi3():
80201ae8:	06054063          	bltz	a0,80201b48 <__umodsi3+0x10>
80201aec:	0605c663          	bltz	a1,80201b58 <__umodsi3+0x20>

80201af0 <__hidden___udivsi3>:
80201af0:	00058613          	mv	a2,a1
80201af4:	00050593          	mv	a1,a0
80201af8:	fff00513          	li	a0,-1
80201afc:	02060c63          	beqz	a2,80201b34 <__hidden___udivsi3+0x44>
80201b00:	00100693          	li	a3,1
80201b04:	00b67a63          	bgeu	a2,a1,80201b18 <__hidden___udivsi3+0x28>
80201b08:	00c05863          	blez	a2,80201b18 <__hidden___udivsi3+0x28>
80201b0c:	00161613          	slli	a2,a2,0x1
80201b10:	00169693          	slli	a3,a3,0x1
80201b14:	feb66ae3          	bltu	a2,a1,80201b08 <__hidden___udivsi3+0x18>
80201b18:	00000513          	li	a0,0
80201b1c:	00c5e663          	bltu	a1,a2,80201b28 <__hidden___udivsi3+0x38>
80201b20:	40c585b3          	sub	a1,a1,a2
80201b24:	00d56533          	or	a0,a0,a3
80201b28:	0016d693          	srli	a3,a3,0x1
80201b2c:	00165613          	srli	a2,a2,0x1
80201b30:	fe0696e3          	bnez	a3,80201b1c <__hidden___udivsi3+0x2c>
80201b34:	00008067          	ret

80201b38 <__umodsi3>:
80201b38:	00008293          	mv	t0,ra
80201b3c:	fb5ff0ef          	jal	80201af0 <__hidden___udivsi3>
80201b40:	00058513          	mv	a0,a1
80201b44:	00028067          	jr	t0 # 80201844 <memset+0xb4>
80201b48:	40a00533          	neg	a0,a0
80201b4c:	00b04863          	bgtz	a1,80201b5c <__umodsi3+0x24>
80201b50:	40b005b3          	neg	a1,a1
80201b54:	f9dff06f          	j	80201af0 <__hidden___udivsi3>
80201b58:	40b005b3          	neg	a1,a1
80201b5c:	00008293          	mv	t0,ra
80201b60:	f91ff0ef          	jal	80201af0 <__hidden___udivsi3>
80201b64:	40a00533          	neg	a0,a0
80201b68:	00028067          	jr	t0

80201b6c <__modsi3>:
__modsi3():
80201b6c:	00008293          	mv	t0,ra
80201b70:	0005ca63          	bltz	a1,80201b84 <__modsi3+0x18>
80201b74:	00054c63          	bltz	a0,80201b8c <__modsi3+0x20>
80201b78:	f79ff0ef          	jal	80201af0 <__hidden___udivsi3>
80201b7c:	00058513          	mv	a0,a1
80201b80:	00028067          	jr	t0
80201b84:	40b005b3          	neg	a1,a1
80201b88:	fe0558e3          	bgez	a0,80201b78 <__modsi3+0xc>
80201b8c:	40a00533          	neg	a0,a0
80201b90:	f61ff0ef          	jal	80201af0 <__hidden___udivsi3>
80201b94:	40b00533          	neg	a0,a1
80201b98:	00028067          	jr	t0
