
build/release/user/tcp_demo.elf:     file format elf32-littleriscv
build/release/user/tcp_demo.elf
architecture: riscv:rv32, flags 0x00000112:
EXEC_P, HAS_SYMS, D_PAGED
start address 0x80200000

Program Header:
0x70000003 off    0x00002174 vaddr 0x00000000 paddr 0x00000000 align 2**0
         filesz 0x0000004b memsz 0x00000000 flags r--
    LOAD off    0x00001000 vaddr 0x80200000 paddr 0x80200000 align 2**12
         filesz 0x00000f28 memsz 0x00000f28 flags r-x
    LOAD off    0x00002000 vaddr 0x80208000 paddr 0x80208000 align 2**12
         filesz 0x00000174 memsz 0x00000174 flags rw-

Sections:
Idx Name              Size      VMA       LMA       File off  Algn  Flags
  0 .text             00000f28  80200000  80200000  00001000  2**3  CONTENTS, ALLOC, LOAD, READONLY, CODE
  1 .rodata           00000170  80208000  80208000  00002000  2**3  CONTENTS, ALLOC, LOAD, READONLY, DATA
  2 .data             00000004  80208170  80208170  00002170  2**3  CONTENTS, ALLOC, LOAD, DATA
  3 .riscv.attributes 0000004b  00000000  00000000  00002174  2**0  CONTENTS, READONLY
  4 .comment          00000032  00000000  00000000  000021bf  2**0  CONTENTS, READONLY
SYMBOL TABLE:
80200000 l    d  .text	00000000 .text
80208000 l    d  .rodata	00000000 .rodata
80208170 l    d  .data	00000000 .data
00000000 l    d  .riscv.attributes	00000000 .riscv.attributes
00000000 l    d  .comment	00000000 .comment
00000000 l    df *ABS*	00000000 cc2QhGep.o
00000000 l    df *ABS*	00000000 tcp_demo.c
00000000 l    df *ABS*	00000000 print.c
00000000 l    df *ABS*	00000000 servers.c
00000000 l    df *ABS*	00000000 syscall.c
80208170 l     O .data	00000004 sc
00000000 l    df *ABS*	00000000 libc_a-itoa.o
00000000 l    df *ABS*	00000000 libc_a-utoa.o
00000000 l    df *ABS*	00000000 libc_a-strcat.o
00000000 l    df *ABS*	00000000 libc_a-strncat.o
00000000 l    df *ABS*	00000000 libc_a-memset.o
00000000 l    df *ABS*	00000000 libc_a-memcpy.o
00000000 l    df *ABS*	00000000 libc_a-strlen.o
00000000 l    df *ABS*	00000000 libc_a-strcpy.o
00000000 l    df *ABS*	00000000 libc_a-strcmp.o
00000000 l    df *ABS*	00000000 div.o
80200c54 g     F .text	000000a4 strcpy
802003b4 g     F .text	00000098 my_printf
80200000 g       .text	00000000 app_entry
80200aa0 g     F .text	00000128 memcpy
80200e7c g     F .text	00000048 .hidden __hidden___udivsi3
8020044c g     F .text	0000015c CRITICAL
80200e7c g     F .text	00000048 .hidden __udivsi3
802006b4 g     F .text	00000070 itoa
80200644 g     F .text	00000070 sys_send
80200878 g     F .text	000000a0 strcat
80200ec4 g     F .text	00000010 .hidden __umodsi3
80200268 g     F .text	0000014c format_to_str
80200918 g     F .text	000000ac strncat
80200724 g     F .text	00000154 __utoa
802009c4 g     F .text	000000dc memset
80200124 g     F .text	00000144 main
80200e74 g     F .text	00000084 .hidden __divsi3
80200cf8 g     F .text	0000017c strcmp
80300000 g       *ABS*	00000000 __heap_end
80208178 g       .data	00000000 __heap_start
802005dc g     F .text	00000068 term_write
802005a8 g     F .text	00000034 exit
80200ef8 g     F .text	00000030 .hidden __modsi3
80200bc8 g     F .text	0000008c strlen
80200010 g     F .text	00000114 esp32_wait



Disassembly of section .text:

80200000 <app_entry>:
app_entry():
80200000:	00052503          	lw	a0,0(a0)
80200004:	80400137          	lui	sp,0x80400
80200008:	11c000ef          	jal	80200124 <main>
8020000c:	59c000ef          	jal	802005a8 <exit>

80200010 <esp32_wait>:
esp32_wait():
80200010:	bd010113          	addi	sp,sp,-1072 # 803ffbd0 <__heap_end+0xffbd0>
80200014:	42112623          	sw	ra,1068(sp)
80200018:	42812423          	sw	s0,1064(sp)
8020001c:	42912223          	sw	s1,1060(sp)
80200020:	43010413          	addi	s0,sp,1072
80200024:	bca42e23          	sw	a0,-1060(s0)
80200028:	bcb42c23          	sw	a1,-1064(s0)
8020002c:	bec40793          	addi	a5,s0,-1044
80200030:	40000713          	li	a4,1024
80200034:	00070613          	mv	a2,a4
80200038:	00000593          	li	a1,0
8020003c:	00078513          	mv	a0,a5
80200040:	185000ef          	jal	802009c4 <memset>
80200044:	fe042623          	sw	zero,-20(s0)
80200048:	0940006f          	j	802000dc <esp32_wait+0xcc>
8020004c:	bdc42503          	lw	a0,-1060(s0)
80200050:	379000ef          	jal	80200bc8 <strlen>
80200054:	00050713          	mv	a4,a0
80200058:	fec42783          	lw	a5,-20(s0)
8020005c:	02e7ea63          	bltu	a5,a4,80200090 <esp32_wait+0x80>
80200060:	fec42483          	lw	s1,-20(s0)
80200064:	bdc42503          	lw	a0,-1060(s0)
80200068:	361000ef          	jal	80200bc8 <strlen>
8020006c:	00050793          	mv	a5,a0
80200070:	40f487b3          	sub	a5,s1,a5
80200074:	bec40713          	addi	a4,s0,-1044
80200078:	00f707b3          	add	a5,a4,a5
8020007c:	bdc42583          	lw	a1,-1060(s0)
80200080:	00078513          	mv	a0,a5
80200084:	475000ef          	jal	80200cf8 <strcmp>
80200088:	00050793          	mv	a5,a0
8020008c:	06078063          	beqz	a5,802000ec <esp32_wait+0xdc>
80200090:	00000013          	nop
80200094:	f00037b7          	lui	a5,0xf0003
80200098:	00878793          	addi	a5,a5,8 # f0003008 <__heap_end+0x6fd03008>
8020009c:	0007a783          	lw	a5,0(a5)
802000a0:	fe079ae3          	bnez	a5,80200094 <esp32_wait+0x84>
802000a4:	f00037b7          	lui	a5,0xf0003
802000a8:	0007a783          	lw	a5,0(a5) # f0003000 <__heap_end+0x6fd03000>
802000ac:	0ff7f713          	zext.b	a4,a5
802000b0:	fec42783          	lw	a5,-20(s0)
802000b4:	ff078793          	addi	a5,a5,-16
802000b8:	008787b3          	add	a5,a5,s0
802000bc:	bee78e23          	sb	a4,-1028(a5)
802000c0:	f00037b7          	lui	a5,0xf0003
802000c4:	01078793          	addi	a5,a5,16 # f0003010 <__heap_end+0x6fd03010>
802000c8:	00200713          	li	a4,2
802000cc:	00e7a023          	sw	a4,0(a5)
802000d0:	fec42783          	lw	a5,-20(s0)
802000d4:	00178793          	addi	a5,a5,1
802000d8:	fef42623          	sw	a5,-20(s0)
802000dc:	fec42703          	lw	a4,-20(s0)
802000e0:	3ff00793          	li	a5,1023
802000e4:	f6e7d4e3          	bge	a5,a4,8020004c <esp32_wait+0x3c>
802000e8:	0080006f          	j	802000f0 <esp32_wait+0xe0>
802000ec:	00000013          	nop
802000f0:	bd842783          	lw	a5,-1064(s0)
802000f4:	00078c63          	beqz	a5,8020010c <esp32_wait+0xfc>
802000f8:	bec40793          	addi	a5,s0,-1044
802000fc:	00078593          	mv	a1,a5
80200100:	802087b7          	lui	a5,0x80208
80200104:	00078513          	mv	a0,a5
80200108:	2ac000ef          	jal	802003b4 <my_printf>
8020010c:	00000013          	nop
80200110:	42c12083          	lw	ra,1068(sp)
80200114:	42812403          	lw	s0,1064(sp)
80200118:	42412483          	lw	s1,1060(sp)
8020011c:	43010113          	addi	sp,sp,1072
80200120:	00008067          	ret

80200124 <main>:
main():
80200124:	fd010113          	addi	sp,sp,-48
80200128:	02112623          	sw	ra,44(sp)
8020012c:	02812423          	sw	s0,40(sp)
80200130:	03010413          	addi	s0,sp,48
80200134:	802087b7          	lui	a5,0x80208
80200138:	02878513          	addi	a0,a5,40 # 80208028 <__modsi3+0x7130>
8020013c:	310000ef          	jal	8020044c <CRITICAL>
80200140:	00000593          	li	a1,0
80200144:	802087b7          	lui	a5,0x80208
80200148:	04878513          	addi	a0,a5,72 # 80208048 <__modsi3+0x7150>
8020014c:	ec5ff0ef          	jal	80200010 <esp32_wait>
80200150:	802087b7          	lui	a5,0x80208
80200154:	0ec78793          	addi	a5,a5,236 # 802080ec <__modsi3+0x71f4>
80200158:	0007a503          	lw	a0,0(a5)
8020015c:	0047a583          	lw	a1,4(a5)
80200160:	0087a603          	lw	a2,8(a5)
80200164:	00c7a683          	lw	a3,12(a5)
80200168:	0107a703          	lw	a4,16(a5)
8020016c:	0147a783          	lw	a5,20(a5)
80200170:	fca42823          	sw	a0,-48(s0)
80200174:	fcb42a23          	sw	a1,-44(s0)
80200178:	fcc42c23          	sw	a2,-40(s0)
8020017c:	fcd42e23          	sw	a3,-36(s0)
80200180:	fee42023          	sw	a4,-32(s0)
80200184:	fef42223          	sw	a5,-28(s0)
80200188:	fe042623          	sw	zero,-20(s0)
8020018c:	0b80006f          	j	80200244 <main+0x120>
80200190:	fe042423          	sw	zero,-24(s0)
80200194:	05c0006f          	j	802001f0 <main+0xcc>
80200198:	00000013          	nop
8020019c:	f00037b7          	lui	a5,0xf0003
802001a0:	00478793          	addi	a5,a5,4 # f0003004 <__heap_end+0x6fd03004>
802001a4:	0007a783          	lw	a5,0(a5)
802001a8:	fe079ae3          	bnez	a5,8020019c <main+0x78>
802001ac:	fec42703          	lw	a4,-20(s0)
802001b0:	fd040793          	addi	a5,s0,-48
802001b4:	00271713          	slli	a4,a4,0x2
802001b8:	00f707b3          	add	a5,a4,a5
802001bc:	0007a703          	lw	a4,0(a5)
802001c0:	fe842783          	lw	a5,-24(s0)
802001c4:	00f707b3          	add	a5,a4,a5
802001c8:	0007c703          	lbu	a4,0(a5)
802001cc:	f00037b7          	lui	a5,0xf0003
802001d0:	00e7a023          	sw	a4,0(a5) # f0003000 <__heap_end+0x6fd03000>
802001d4:	f00037b7          	lui	a5,0xf0003
802001d8:	01078793          	addi	a5,a5,16 # f0003010 <__heap_end+0x6fd03010>
802001dc:	00100713          	li	a4,1
802001e0:	00e7a023          	sw	a4,0(a5)
802001e4:	fe842783          	lw	a5,-24(s0)
802001e8:	00178793          	addi	a5,a5,1
802001ec:	fef42423          	sw	a5,-24(s0)
802001f0:	fec42703          	lw	a4,-20(s0)
802001f4:	fd040793          	addi	a5,s0,-48
802001f8:	00271713          	slli	a4,a4,0x2
802001fc:	00f707b3          	add	a5,a4,a5
80200200:	0007a783          	lw	a5,0(a5)
80200204:	00078513          	mv	a0,a5
80200208:	1c1000ef          	jal	80200bc8 <strlen>
8020020c:	00050713          	mv	a4,a0
80200210:	fe842783          	lw	a5,-24(s0)
80200214:	f8e7e2e3          	bltu	a5,a4,80200198 <main+0x74>
80200218:	fec42783          	lw	a5,-20(s0)
8020021c:	ffc78793          	addi	a5,a5,-4
80200220:	00f037b3          	snez	a5,a5
80200224:	0ff7f793          	zext.b	a5,a5
80200228:	00078593          	mv	a1,a5
8020022c:	802087b7          	lui	a5,0x80208
80200230:	05078513          	addi	a0,a5,80 # 80208050 <__modsi3+0x7158>
80200234:	dddff0ef          	jal	80200010 <esp32_wait>
80200238:	fec42783          	lw	a5,-20(s0)
8020023c:	00178793          	addi	a5,a5,1
80200240:	fef42623          	sw	a5,-20(s0)
80200244:	fec42703          	lw	a4,-20(s0)
80200248:	00500793          	li	a5,5
8020024c:	f4e7d2e3          	bge	a5,a4,80200190 <main+0x6c>
80200250:	00000793          	li	a5,0
80200254:	00078513          	mv	a0,a5
80200258:	02c12083          	lw	ra,44(sp)
8020025c:	02812403          	lw	s0,40(sp)
80200260:	03010113          	addi	sp,sp,48
80200264:	00008067          	ret

80200268 <format_to_str>:
format_to_str():
80200268:	fe010113          	addi	sp,sp,-32
8020026c:	00112e23          	sw	ra,28(sp)
80200270:	00812c23          	sw	s0,24(sp)
80200274:	00912a23          	sw	s1,20(sp)
80200278:	02010413          	addi	s0,sp,32
8020027c:	fea42623          	sw	a0,-20(s0)
80200280:	feb42423          	sw	a1,-24(s0)
80200284:	fec42223          	sw	a2,-28(s0)
80200288:	fec42783          	lw	a5,-20(s0)
8020028c:	00078023          	sb	zero,0(a5)
80200290:	0fc0006f          	j	8020038c <format_to_str+0x124>
80200294:	fe842783          	lw	a5,-24(s0)
80200298:	0007c703          	lbu	a4,0(a5)
8020029c:	02500793          	li	a5,37
802002a0:	00f70c63          	beq	a4,a5,802002b8 <format_to_str+0x50>
802002a4:	00100613          	li	a2,1
802002a8:	fe842583          	lw	a1,-24(s0)
802002ac:	fec42503          	lw	a0,-20(s0)
802002b0:	668000ef          	jal	80200918 <strncat>
802002b4:	0cc0006f          	j	80200380 <format_to_str+0x118>
802002b8:	fe842783          	lw	a5,-24(s0)
802002bc:	00178793          	addi	a5,a5,1
802002c0:	fef42423          	sw	a5,-24(s0)
802002c4:	fe842783          	lw	a5,-24(s0)
802002c8:	0007c703          	lbu	a4,0(a5)
802002cc:	07300793          	li	a5,115
802002d0:	02f71263          	bne	a4,a5,802002f4 <format_to_str+0x8c>
802002d4:	fe442783          	lw	a5,-28(s0)
802002d8:	00478713          	addi	a4,a5,4
802002dc:	fee42223          	sw	a4,-28(s0)
802002e0:	0007a783          	lw	a5,0(a5)
802002e4:	00078593          	mv	a1,a5
802002e8:	fec42503          	lw	a0,-20(s0)
802002ec:	58c000ef          	jal	80200878 <strcat>
802002f0:	0900006f          	j	80200380 <format_to_str+0x118>
802002f4:	fe842783          	lw	a5,-24(s0)
802002f8:	0007c703          	lbu	a4,0(a5)
802002fc:	06400793          	li	a5,100
80200300:	02f71e63          	bne	a4,a5,8020033c <format_to_str+0xd4>
80200304:	fe442783          	lw	a5,-28(s0)
80200308:	00478713          	addi	a4,a5,4
8020030c:	fee42223          	sw	a4,-28(s0)
80200310:	0007a483          	lw	s1,0(a5)
80200314:	fec42503          	lw	a0,-20(s0)
80200318:	0b1000ef          	jal	80200bc8 <strlen>
8020031c:	00050713          	mv	a4,a0
80200320:	fec42783          	lw	a5,-20(s0)
80200324:	00e787b3          	add	a5,a5,a4
80200328:	00a00613          	li	a2,10
8020032c:	00078593          	mv	a1,a5
80200330:	00048513          	mv	a0,s1
80200334:	380000ef          	jal	802006b4 <itoa>
80200338:	0480006f          	j	80200380 <format_to_str+0x118>
8020033c:	fe842783          	lw	a5,-24(s0)
80200340:	0007c703          	lbu	a4,0(a5)
80200344:	07800793          	li	a5,120
80200348:	02f71c63          	bne	a4,a5,80200380 <format_to_str+0x118>
8020034c:	fe442783          	lw	a5,-28(s0)
80200350:	00478713          	addi	a4,a5,4
80200354:	fee42223          	sw	a4,-28(s0)
80200358:	0007a483          	lw	s1,0(a5)
8020035c:	fec42503          	lw	a0,-20(s0)
80200360:	069000ef          	jal	80200bc8 <strlen>
80200364:	00050713          	mv	a4,a0
80200368:	fec42783          	lw	a5,-20(s0)
8020036c:	00e787b3          	add	a5,a5,a4
80200370:	01000613          	li	a2,16
80200374:	00078593          	mv	a1,a5
80200378:	00048513          	mv	a0,s1
8020037c:	338000ef          	jal	802006b4 <itoa>
80200380:	fe842783          	lw	a5,-24(s0)
80200384:	00178793          	addi	a5,a5,1
80200388:	fef42423          	sw	a5,-24(s0)
8020038c:	fe842783          	lw	a5,-24(s0)
80200390:	0007c783          	lbu	a5,0(a5)
80200394:	f00790e3          	bnez	a5,80200294 <format_to_str+0x2c>
80200398:	00000013          	nop
8020039c:	00000013          	nop
802003a0:	01c12083          	lw	ra,28(sp)
802003a4:	01812403          	lw	s0,24(sp)
802003a8:	01412483          	lw	s1,20(sp)
802003ac:	02010113          	addi	sp,sp,32
802003b0:	00008067          	ret

802003b4 <my_printf>:
my_printf():
802003b4:	db010113          	addi	sp,sp,-592
802003b8:	22112623          	sw	ra,556(sp)
802003bc:	22812423          	sw	s0,552(sp)
802003c0:	23010413          	addi	s0,sp,560
802003c4:	dca42e23          	sw	a0,-548(s0)
802003c8:	00b42223          	sw	a1,4(s0)
802003cc:	00c42423          	sw	a2,8(s0)
802003d0:	00d42623          	sw	a3,12(s0)
802003d4:	00e42823          	sw	a4,16(s0)
802003d8:	00f42a23          	sw	a5,20(s0)
802003dc:	01042c23          	sw	a6,24(s0)
802003e0:	01142e23          	sw	a7,28(s0)
802003e4:	de040823          	sb	zero,-528(s0)
802003e8:	02040793          	addi	a5,s0,32
802003ec:	dcf42c23          	sw	a5,-552(s0)
802003f0:	dd842783          	lw	a5,-552(s0)
802003f4:	fe478793          	addi	a5,a5,-28
802003f8:	def42623          	sw	a5,-532(s0)
802003fc:	dec42703          	lw	a4,-532(s0)
80200400:	df040793          	addi	a5,s0,-528
80200404:	00070613          	mv	a2,a4
80200408:	ddc42583          	lw	a1,-548(s0)
8020040c:	00078513          	mv	a0,a5
80200410:	e59ff0ef          	jal	80200268 <format_to_str>
80200414:	df040793          	addi	a5,s0,-528
80200418:	00078513          	mv	a0,a5
8020041c:	7ac000ef          	jal	80200bc8 <strlen>
80200420:	00050713          	mv	a4,a0
80200424:	df040793          	addi	a5,s0,-528
80200428:	00070593          	mv	a1,a4
8020042c:	00078513          	mv	a0,a5
80200430:	1ac000ef          	jal	802005dc <term_write>
80200434:	00000013          	nop
80200438:	00078513          	mv	a0,a5
8020043c:	22c12083          	lw	ra,556(sp)
80200440:	22812403          	lw	s0,552(sp)
80200444:	25010113          	addi	sp,sp,592
80200448:	00008067          	ret

8020044c <CRITICAL>:
CRITICAL():
8020044c:	db010113          	addi	sp,sp,-592
80200450:	22112623          	sw	ra,556(sp)
80200454:	22812423          	sw	s0,552(sp)
80200458:	23010413          	addi	s0,sp,560
8020045c:	dca42e23          	sw	a0,-548(s0)
80200460:	00b42223          	sw	a1,4(s0)
80200464:	00c42423          	sw	a2,8(s0)
80200468:	00d42623          	sw	a3,12(s0)
8020046c:	00e42823          	sw	a4,16(s0)
80200470:	00f42a23          	sw	a5,20(s0)
80200474:	01042c23          	sw	a6,24(s0)
80200478:	01142e23          	sw	a7,28(s0)
8020047c:	df040793          	addi	a5,s0,-528
80200480:	80208737          	lui	a4,0x80208
80200484:	13470713          	addi	a4,a4,308 # 80208134 <__modsi3+0x723c>
80200488:	00072503          	lw	a0,0(a4)
8020048c:	00472583          	lw	a1,4(a4)
80200490:	00872603          	lw	a2,8(a4)
80200494:	00c72683          	lw	a3,12(a4)
80200498:	00a7a023          	sw	a0,0(a5)
8020049c:	00b7a223          	sw	a1,4(a5)
802004a0:	00c7a423          	sw	a2,8(a5)
802004a4:	00d7a623          	sw	a3,12(a5)
802004a8:	01075683          	lhu	a3,16(a4)
802004ac:	00d79823          	sh	a3,16(a5)
802004b0:	01274703          	lbu	a4,18(a4)
802004b4:	00e78923          	sb	a4,18(a5)
802004b8:	02040793          	addi	a5,s0,32
802004bc:	dcf42c23          	sw	a5,-552(s0)
802004c0:	dd842783          	lw	a5,-552(s0)
802004c4:	fe478793          	addi	a5,a5,-28
802004c8:	def42623          	sw	a5,-532(s0)
802004cc:	df040793          	addi	a5,s0,-528
802004d0:	01278793          	addi	a5,a5,18
802004d4:	dec42703          	lw	a4,-532(s0)
802004d8:	00070613          	mv	a2,a4
802004dc:	ddc42583          	lw	a1,-548(s0)
802004e0:	00078513          	mv	a0,a5
802004e4:	d85ff0ef          	jal	80200268 <format_to_str>
802004e8:	df040793          	addi	a5,s0,-528
802004ec:	00078513          	mv	a0,a5
802004f0:	6d8000ef          	jal	80200bc8 <strlen>
802004f4:	00050793          	mv	a5,a0
802004f8:	00078713          	mv	a4,a5
802004fc:	df040793          	addi	a5,s0,-528
80200500:	00e787b3          	add	a5,a5,a4
80200504:	80208737          	lui	a4,0x80208
80200508:	11470713          	addi	a4,a4,276 # 80208114 <__modsi3+0x721c>
8020050c:	00074683          	lbu	a3,0(a4)
80200510:	00068e13          	mv	t3,a3
80200514:	00174683          	lbu	a3,1(a4)
80200518:	00068313          	mv	t1,a3
8020051c:	00274683          	lbu	a3,2(a4)
80200520:	00068893          	mv	a7,a3
80200524:	00374683          	lbu	a3,3(a4)
80200528:	00068813          	mv	a6,a3
8020052c:	00474683          	lbu	a3,4(a4)
80200530:	00068513          	mv	a0,a3
80200534:	00574683          	lbu	a3,5(a4)
80200538:	00068593          	mv	a1,a3
8020053c:	00674683          	lbu	a3,6(a4)
80200540:	00068613          	mv	a2,a3
80200544:	00774683          	lbu	a3,7(a4)
80200548:	00874703          	lbu	a4,8(a4)
8020054c:	01c78023          	sb	t3,0(a5)
80200550:	006780a3          	sb	t1,1(a5)
80200554:	01178123          	sb	a7,2(a5)
80200558:	010781a3          	sb	a6,3(a5)
8020055c:	00a78223          	sb	a0,4(a5)
80200560:	00b782a3          	sb	a1,5(a5)
80200564:	00c78323          	sb	a2,6(a5)
80200568:	00d783a3          	sb	a3,7(a5)
8020056c:	00e78423          	sb	a4,8(a5)
80200570:	df040793          	addi	a5,s0,-528
80200574:	00078513          	mv	a0,a5
80200578:	650000ef          	jal	80200bc8 <strlen>
8020057c:	00050713          	mv	a4,a0
80200580:	df040793          	addi	a5,s0,-528
80200584:	00070593          	mv	a1,a4
80200588:	00078513          	mv	a0,a5
8020058c:	050000ef          	jal	802005dc <term_write>
80200590:	00000013          	nop
80200594:	00078513          	mv	a0,a5
80200598:	22c12083          	lw	ra,556(sp)
8020059c:	22812403          	lw	s0,552(sp)
802005a0:	25010113          	addi	sp,sp,592
802005a4:	00008067          	ret

802005a8 <exit>:
exit():
802005a8:	dd010113          	addi	sp,sp,-560
802005ac:	22112623          	sw	ra,556(sp)
802005b0:	22812423          	sw	s0,552(sp)
802005b4:	23010413          	addi	s0,sp,560
802005b8:	dca42e23          	sw	a0,-548(s0)
802005bc:	00100793          	li	a5,1
802005c0:	def42423          	sw	a5,-536(s0)
802005c4:	de840793          	addi	a5,s0,-536
802005c8:	20800613          	li	a2,520
802005cc:	00078593          	mv	a1,a5
802005d0:	00100513          	li	a0,1
802005d4:	070000ef          	jal	80200644 <sys_send>
802005d8:	0000006f          	j	802005d8 <exit+0x30>

802005dc <term_write>:
term_write():
802005dc:	dd010113          	addi	sp,sp,-560
802005e0:	22112623          	sw	ra,556(sp)
802005e4:	22812423          	sw	s0,552(sp)
802005e8:	23010413          	addi	s0,sp,560
802005ec:	dca42e23          	sw	a0,-548(s0)
802005f0:	dcb42c23          	sw	a1,-552(s0)
802005f4:	00100793          	li	a5,1
802005f8:	def42423          	sw	a5,-536(s0)
802005fc:	dd842783          	lw	a5,-552(s0)
80200600:	def42623          	sw	a5,-532(s0)
80200604:	de840793          	addi	a5,s0,-536
80200608:	00878793          	addi	a5,a5,8
8020060c:	dd842603          	lw	a2,-552(s0)
80200610:	ddc42583          	lw	a1,-548(s0)
80200614:	00078513          	mv	a0,a5
80200618:	488000ef          	jal	80200aa0 <memcpy>
8020061c:	de840793          	addi	a5,s0,-536
80200620:	20800613          	li	a2,520
80200624:	00078593          	mv	a1,a5
80200628:	00200513          	li	a0,2
8020062c:	018000ef          	jal	80200644 <sys_send>
80200630:	00000013          	nop
80200634:	22c12083          	lw	ra,556(sp)
80200638:	22812403          	lw	s0,552(sp)
8020063c:	23010113          	addi	sp,sp,560
80200640:	00008067          	ret

80200644 <sys_send>:
sys_send():
80200644:	fe010113          	addi	sp,sp,-32
80200648:	00112e23          	sw	ra,28(sp)
8020064c:	00812c23          	sw	s0,24(sp)
80200650:	02010413          	addi	s0,sp,32
80200654:	fea42623          	sw	a0,-20(s0)
80200658:	feb42423          	sw	a1,-24(s0)
8020065c:	fec42223          	sw	a2,-28(s0)
80200660:	802087b7          	lui	a5,0x80208
80200664:	1707a783          	lw	a5,368(a5) # 80208170 <sc>
80200668:	00200713          	li	a4,2
8020066c:	00e7a023          	sw	a4,0(a5)
80200670:	802087b7          	lui	a5,0x80208
80200674:	1707a783          	lw	a5,368(a5) # 80208170 <sc>
80200678:	fec42703          	lw	a4,-20(s0)
8020067c:	00e7a423          	sw	a4,8(a5)
80200680:	802087b7          	lui	a5,0x80208
80200684:	1707a783          	lw	a5,368(a5) # 80208170 <sc>
80200688:	00c78793          	addi	a5,a5,12
8020068c:	fe442603          	lw	a2,-28(s0)
80200690:	fe842583          	lw	a1,-24(s0)
80200694:	00078513          	mv	a0,a5
80200698:	408000ef          	jal	80200aa0 <memcpy>
8020069c:	00000073          	ecall
802006a0:	00000013          	nop
802006a4:	01c12083          	lw	ra,28(sp)
802006a8:	01812403          	lw	s0,24(sp)
802006ac:	02010113          	addi	sp,sp,32
802006b0:	00008067          	ret

802006b4 <itoa>:
itoa():
802006b4:	ff010113          	addi	sp,sp,-16
802006b8:	00812423          	sw	s0,8(sp)
802006bc:	00112623          	sw	ra,12(sp)
802006c0:	ffe60713          	addi	a4,a2,-2
802006c4:	02200793          	li	a5,34
802006c8:	00058413          	mv	s0,a1
802006cc:	04e7e063          	bltu	a5,a4,8020070c <itoa+0x58>
802006d0:	00a00793          	li	a5,10
802006d4:	02f60063          	beq	a2,a5,802006f4 <itoa+0x40>
802006d8:	00040593          	mv	a1,s0
802006dc:	048000ef          	jal	80200724 <__utoa>
802006e0:	00c12083          	lw	ra,12(sp)
802006e4:	00040513          	mv	a0,s0
802006e8:	00812403          	lw	s0,8(sp)
802006ec:	01010113          	addi	sp,sp,16
802006f0:	00008067          	ret
802006f4:	fe0552e3          	bgez	a0,802006d8 <itoa+0x24>
802006f8:	02d00793          	li	a5,45
802006fc:	00f58023          	sb	a5,0(a1)
80200700:	40a00533          	neg	a0,a0
80200704:	00158593          	addi	a1,a1,1
80200708:	fd5ff06f          	j	802006dc <itoa+0x28>
8020070c:	00058023          	sb	zero,0(a1)
80200710:	00c12083          	lw	ra,12(sp)
80200714:	00812403          	lw	s0,8(sp)
80200718:	00000513          	li	a0,0
8020071c:	01010113          	addi	sp,sp,16
80200720:	00008067          	ret

80200724 <__utoa>:
__utoa():
80200724:	00008797          	auipc	a5,0x8
80200728:	a2478793          	addi	a5,a5,-1500 # 80208148 <__modsi3+0x7250>
8020072c:	0007a283          	lw	t0,0(a5)
80200730:	0047af83          	lw	t6,4(a5)
80200734:	0087af03          	lw	t5,8(a5)
80200738:	00c7ae83          	lw	t4,12(a5)
8020073c:	0107ae03          	lw	t3,16(a5)
80200740:	0147a303          	lw	t1,20(a5)
80200744:	0187a883          	lw	a7,24(a5)
80200748:	01c7a803          	lw	a6,28(a5)
8020074c:	0207a683          	lw	a3,32(a5)
80200750:	00008797          	auipc	a5,0x8
80200754:	a1c7c783          	lbu	a5,-1508(a5) # 8020816c <__modsi3+0x7274>
80200758:	fb010113          	addi	sp,sp,-80
8020075c:	03512a23          	sw	s5,52(sp)
80200760:	02f10623          	sb	a5,44(sp)
80200764:	04112623          	sw	ra,76(sp)
80200768:	ffe60713          	addi	a4,a2,-2
8020076c:	00512423          	sw	t0,8(sp)
80200770:	01f12623          	sw	t6,12(sp)
80200774:	01e12823          	sw	t5,16(sp)
80200778:	01d12a23          	sw	t4,20(sp)
8020077c:	01c12c23          	sw	t3,24(sp)
80200780:	00612e23          	sw	t1,28(sp)
80200784:	03112023          	sw	a7,32(sp)
80200788:	03012223          	sw	a6,36(sp)
8020078c:	02d12423          	sw	a3,40(sp)
80200790:	02200793          	li	a5,34
80200794:	00058a93          	mv	s5,a1
80200798:	0ce7e463          	bltu	a5,a4,80200860 <__utoa+0x13c>
8020079c:	04812423          	sw	s0,72(sp)
802007a0:	04912223          	sw	s1,68(sp)
802007a4:	05212023          	sw	s2,64(sp)
802007a8:	03312e23          	sw	s3,60(sp)
802007ac:	03412c23          	sw	s4,56(sp)
802007b0:	03612823          	sw	s6,48(sp)
802007b4:	00060493          	mv	s1,a2
802007b8:	00050413          	mv	s0,a0
802007bc:	00000913          	li	s2,0
802007c0:	00048593          	mv	a1,s1
802007c4:	00040513          	mv	a0,s0
802007c8:	6fc000ef          	jal	80200ec4 <__umodsi3>
802007cc:	00250533          	add	a0,a0,sp
802007d0:	00854783          	lbu	a5,8(a0)
802007d4:	00090993          	mv	s3,s2
802007d8:	00190913          	addi	s2,s2,1
802007dc:	012a8a33          	add	s4,s5,s2
802007e0:	00040513          	mv	a0,s0
802007e4:	00048593          	mv	a1,s1
802007e8:	fefa0fa3          	sb	a5,-1(s4)
802007ec:	00040b13          	mv	s6,s0
802007f0:	68c000ef          	jal	80200e7c <__hidden___udivsi3>
802007f4:	00050413          	mv	s0,a0
802007f8:	fc9b74e3          	bgeu	s6,s1,802007c0 <__utoa+0x9c>
802007fc:	000a0023          	sb	zero,0(s4)
80200800:	02098a63          	beqz	s3,80200834 <__utoa+0x110>
80200804:	000a8693          	mv	a3,s5
80200808:	013a8733          	add	a4,s5,s3
8020080c:	00000793          	li	a5,0
80200810:	00074583          	lbu	a1,0(a4)
80200814:	0006c603          	lbu	a2,0(a3)
80200818:	00178793          	addi	a5,a5,1
8020081c:	00b68023          	sb	a1,0(a3)
80200820:	00c70023          	sb	a2,0(a4)
80200824:	40f98633          	sub	a2,s3,a5
80200828:	00168693          	addi	a3,a3,1
8020082c:	fff70713          	addi	a4,a4,-1
80200830:	fec7c0e3          	blt	a5,a2,80200810 <__utoa+0xec>
80200834:	04812403          	lw	s0,72(sp)
80200838:	04c12083          	lw	ra,76(sp)
8020083c:	04412483          	lw	s1,68(sp)
80200840:	04012903          	lw	s2,64(sp)
80200844:	03c12983          	lw	s3,60(sp)
80200848:	03812a03          	lw	s4,56(sp)
8020084c:	03012b03          	lw	s6,48(sp)
80200850:	000a8513          	mv	a0,s5
80200854:	03412a83          	lw	s5,52(sp)
80200858:	05010113          	addi	sp,sp,80
8020085c:	00008067          	ret
80200860:	00058023          	sb	zero,0(a1)
80200864:	04c12083          	lw	ra,76(sp)
80200868:	03412a83          	lw	s5,52(sp)
8020086c:	00000513          	li	a0,0
80200870:	05010113          	addi	sp,sp,80
80200874:	00008067          	ret

80200878 <strcat>:
strcat():
80200878:	ff010113          	addi	sp,sp,-16
8020087c:	00812423          	sw	s0,8(sp)
80200880:	00112623          	sw	ra,12(sp)
80200884:	00357793          	andi	a5,a0,3
80200888:	00050413          	mv	s0,a0
8020088c:	06079663          	bnez	a5,802008f8 <strcat+0x80>
80200890:	00052703          	lw	a4,0(a0)
80200894:	feff0637          	lui	a2,0xfeff0
80200898:	eff60613          	addi	a2,a2,-257 # fefefeff <__heap_end+0x7ecefeff>
8020089c:	00c707b3          	add	a5,a4,a2
802008a0:	808086b7          	lui	a3,0x80808
802008a4:	fff74713          	not	a4,a4
802008a8:	00e7f7b3          	and	a5,a5,a4
802008ac:	08068693          	addi	a3,a3,128 # 80808080 <__heap_end+0x508080>
802008b0:	00d7f7b3          	and	a5,a5,a3
802008b4:	04079263          	bnez	a5,802008f8 <strcat+0x80>
802008b8:	00452703          	lw	a4,4(a0)
802008bc:	00450513          	addi	a0,a0,4
802008c0:	00c707b3          	add	a5,a4,a2
802008c4:	fff74713          	not	a4,a4
802008c8:	00e7f7b3          	and	a5,a5,a4
802008cc:	00d7f7b3          	and	a5,a5,a3
802008d0:	02079463          	bnez	a5,802008f8 <strcat+0x80>
802008d4:	00452703          	lw	a4,4(a0)
802008d8:	00450513          	addi	a0,a0,4
802008dc:	00c707b3          	add	a5,a4,a2
802008e0:	fff74713          	not	a4,a4
802008e4:	00e7f7b3          	and	a5,a5,a4
802008e8:	00d7f7b3          	and	a5,a5,a3
802008ec:	fc0786e3          	beqz	a5,802008b8 <strcat+0x40>
802008f0:	0080006f          	j	802008f8 <strcat+0x80>
802008f4:	00150513          	addi	a0,a0,1
802008f8:	00054783          	lbu	a5,0(a0)
802008fc:	fe079ce3          	bnez	a5,802008f4 <strcat+0x7c>
80200900:	354000ef          	jal	80200c54 <strcpy>
80200904:	00c12083          	lw	ra,12(sp)
80200908:	00040513          	mv	a0,s0
8020090c:	00812403          	lw	s0,8(sp)
80200910:	01010113          	addi	sp,sp,16
80200914:	00008067          	ret

80200918 <strncat>:
strncat():
80200918:	00357713          	andi	a4,a0,3
8020091c:	00050793          	mv	a5,a0
80200920:	06071663          	bnez	a4,8020098c <strncat+0x74>
80200924:	00052683          	lw	a3,0(a0)
80200928:	feff08b7          	lui	a7,0xfeff0
8020092c:	eff88893          	addi	a7,a7,-257 # fefefeff <__heap_end+0x7ecefeff>
80200930:	01168733          	add	a4,a3,a7
80200934:	80808837          	lui	a6,0x80808
80200938:	fff6c693          	not	a3,a3
8020093c:	00d77733          	and	a4,a4,a3
80200940:	08080813          	addi	a6,a6,128 # 80808080 <__heap_end+0x508080>
80200944:	01077733          	and	a4,a4,a6
80200948:	04071263          	bnez	a4,8020098c <strncat+0x74>
8020094c:	0047a683          	lw	a3,4(a5)
80200950:	00478793          	addi	a5,a5,4
80200954:	01168733          	add	a4,a3,a7
80200958:	fff6c693          	not	a3,a3
8020095c:	00d77733          	and	a4,a4,a3
80200960:	01077733          	and	a4,a4,a6
80200964:	02071463          	bnez	a4,8020098c <strncat+0x74>
80200968:	0047a683          	lw	a3,4(a5)
8020096c:	00478793          	addi	a5,a5,4
80200970:	01168733          	add	a4,a3,a7
80200974:	fff6c693          	not	a3,a3
80200978:	00d77733          	and	a4,a4,a3
8020097c:	01077733          	and	a4,a4,a6
80200980:	fc0706e3          	beqz	a4,8020094c <strncat+0x34>
80200984:	0080006f          	j	8020098c <strncat+0x74>
80200988:	00178793          	addi	a5,a5,1
8020098c:	0007c703          	lbu	a4,0(a5)
80200990:	fe071ce3          	bnez	a4,80200988 <strncat+0x70>
80200994:	00c786b3          	add	a3,a5,a2
80200998:	02060463          	beqz	a2,802009c0 <strncat+0xa8>
8020099c:	0005c703          	lbu	a4,0(a1)
802009a0:	00178793          	addi	a5,a5,1
802009a4:	00158593          	addi	a1,a1,1
802009a8:	fee78fa3          	sb	a4,-1(a5)
802009ac:	00070863          	beqz	a4,802009bc <strncat+0xa4>
802009b0:	fef696e3          	bne	a3,a5,8020099c <strncat+0x84>
802009b4:	00068023          	sb	zero,0(a3)
802009b8:	00008067          	ret
802009bc:	00008067          	ret
802009c0:	00008067          	ret

802009c4 <memset>:
memset():
802009c4:	00f00313          	li	t1,15
802009c8:	00050713          	mv	a4,a0
802009cc:	02c37e63          	bgeu	t1,a2,80200a08 <memset+0x44>
802009d0:	00f77793          	andi	a5,a4,15
802009d4:	0a079063          	bnez	a5,80200a74 <memset+0xb0>
802009d8:	08059263          	bnez	a1,80200a5c <memset+0x98>
802009dc:	ff067693          	andi	a3,a2,-16
802009e0:	00f67613          	andi	a2,a2,15
802009e4:	00e686b3          	add	a3,a3,a4
802009e8:	00b72023          	sw	a1,0(a4)
802009ec:	00b72223          	sw	a1,4(a4)
802009f0:	00b72423          	sw	a1,8(a4)
802009f4:	00b72623          	sw	a1,12(a4)
802009f8:	01070713          	addi	a4,a4,16
802009fc:	fed766e3          	bltu	a4,a3,802009e8 <memset+0x24>
80200a00:	00061463          	bnez	a2,80200a08 <memset+0x44>
80200a04:	00008067          	ret
80200a08:	40c306b3          	sub	a3,t1,a2
80200a0c:	00269693          	slli	a3,a3,0x2
80200a10:	00000297          	auipc	t0,0x0
80200a14:	005686b3          	add	a3,a3,t0
80200a18:	00c68067          	jr	12(a3)
80200a1c:	00b70723          	sb	a1,14(a4)
80200a20:	00b706a3          	sb	a1,13(a4)
80200a24:	00b70623          	sb	a1,12(a4)
80200a28:	00b705a3          	sb	a1,11(a4)
80200a2c:	00b70523          	sb	a1,10(a4)
80200a30:	00b704a3          	sb	a1,9(a4)
80200a34:	00b70423          	sb	a1,8(a4)
80200a38:	00b703a3          	sb	a1,7(a4)
80200a3c:	00b70323          	sb	a1,6(a4)
80200a40:	00b702a3          	sb	a1,5(a4)
80200a44:	00b70223          	sb	a1,4(a4)
80200a48:	00b701a3          	sb	a1,3(a4)
80200a4c:	00b70123          	sb	a1,2(a4)
80200a50:	00b700a3          	sb	a1,1(a4)
80200a54:	00b70023          	sb	a1,0(a4)
80200a58:	00008067          	ret
80200a5c:	0ff5f593          	zext.b	a1,a1
80200a60:	00859693          	slli	a3,a1,0x8
80200a64:	00d5e5b3          	or	a1,a1,a3
80200a68:	01059693          	slli	a3,a1,0x10
80200a6c:	00d5e5b3          	or	a1,a1,a3
80200a70:	f6dff06f          	j	802009dc <memset+0x18>
80200a74:	00279693          	slli	a3,a5,0x2
80200a78:	00000297          	auipc	t0,0x0
80200a7c:	005686b3          	add	a3,a3,t0
80200a80:	00008293          	mv	t0,ra
80200a84:	fa0680e7          	jalr	-96(a3)
80200a88:	00028093          	mv	ra,t0
80200a8c:	ff078793          	addi	a5,a5,-16
80200a90:	40f70733          	sub	a4,a4,a5
80200a94:	00f60633          	add	a2,a2,a5
80200a98:	f6c378e3          	bgeu	t1,a2,80200a08 <memset+0x44>
80200a9c:	f3dff06f          	j	802009d8 <memset+0x14>

80200aa0 <memcpy>:
memcpy():
80200aa0:	00a5c7b3          	xor	a5,a1,a0
80200aa4:	0037f793          	andi	a5,a5,3
80200aa8:	00c508b3          	add	a7,a0,a2
80200aac:	06079663          	bnez	a5,80200b18 <memcpy+0x78>
80200ab0:	00300793          	li	a5,3
80200ab4:	06c7f263          	bgeu	a5,a2,80200b18 <memcpy+0x78>
80200ab8:	00357793          	andi	a5,a0,3
80200abc:	00050713          	mv	a4,a0
80200ac0:	0c079a63          	bnez	a5,80200b94 <memcpy+0xf4>
80200ac4:	ffc8f613          	andi	a2,a7,-4
80200ac8:	40e606b3          	sub	a3,a2,a4
80200acc:	02000793          	li	a5,32
80200ad0:	06d7c463          	blt	a5,a3,80200b38 <memcpy+0x98>
80200ad4:	00058693          	mv	a3,a1
80200ad8:	00070793          	mv	a5,a4
80200adc:	02c77a63          	bgeu	a4,a2,80200b10 <memcpy+0x70>
80200ae0:	0006a803          	lw	a6,0(a3)
80200ae4:	00478793          	addi	a5,a5,4
80200ae8:	00468693          	addi	a3,a3,4
80200aec:	ff07ae23          	sw	a6,-4(a5)
80200af0:	fec7e8e3          	bltu	a5,a2,80200ae0 <memcpy+0x40>
80200af4:	fff60613          	addi	a2,a2,-1
80200af8:	40e60633          	sub	a2,a2,a4
80200afc:	ffc67613          	andi	a2,a2,-4
80200b00:	00458593          	addi	a1,a1,4
80200b04:	00470713          	addi	a4,a4,4
80200b08:	00c585b3          	add	a1,a1,a2
80200b0c:	00c70733          	add	a4,a4,a2
80200b10:	01176863          	bltu	a4,a7,80200b20 <memcpy+0x80>
80200b14:	00008067          	ret
80200b18:	00050713          	mv	a4,a0
80200b1c:	ff157ce3          	bgeu	a0,a7,80200b14 <memcpy+0x74>
80200b20:	0005c783          	lbu	a5,0(a1)
80200b24:	00170713          	addi	a4,a4,1
80200b28:	00158593          	addi	a1,a1,1
80200b2c:	fef70fa3          	sb	a5,-1(a4)
80200b30:	fee898e3          	bne	a7,a4,80200b20 <memcpy+0x80>
80200b34:	00008067          	ret
80200b38:	0205a683          	lw	a3,32(a1)
80200b3c:	0005a383          	lw	t2,0(a1)
80200b40:	0045a283          	lw	t0,4(a1)
80200b44:	0085af83          	lw	t6,8(a1)
80200b48:	00c5af03          	lw	t5,12(a1)
80200b4c:	0105ae83          	lw	t4,16(a1)
80200b50:	0145ae03          	lw	t3,20(a1)
80200b54:	0185a303          	lw	t1,24(a1)
80200b58:	01c5a803          	lw	a6,28(a1)
80200b5c:	02470713          	addi	a4,a4,36
80200b60:	fed72e23          	sw	a3,-4(a4)
80200b64:	fc772e23          	sw	t2,-36(a4)
80200b68:	40e606b3          	sub	a3,a2,a4
80200b6c:	fe572023          	sw	t0,-32(a4)
80200b70:	fff72223          	sw	t6,-28(a4)
80200b74:	ffe72423          	sw	t5,-24(a4)
80200b78:	ffd72623          	sw	t4,-20(a4)
80200b7c:	ffc72823          	sw	t3,-16(a4)
80200b80:	fe672a23          	sw	t1,-12(a4)
80200b84:	ff072c23          	sw	a6,-8(a4)
80200b88:	02458593          	addi	a1,a1,36
80200b8c:	fad7c6e3          	blt	a5,a3,80200b38 <memcpy+0x98>
80200b90:	f45ff06f          	j	80200ad4 <memcpy+0x34>
80200b94:	0005c683          	lbu	a3,0(a1)
80200b98:	00170713          	addi	a4,a4,1
80200b9c:	00377793          	andi	a5,a4,3
80200ba0:	fed70fa3          	sb	a3,-1(a4)
80200ba4:	00158593          	addi	a1,a1,1
80200ba8:	f0078ee3          	beqz	a5,80200ac4 <memcpy+0x24>
80200bac:	0005c683          	lbu	a3,0(a1)
80200bb0:	00170713          	addi	a4,a4,1
80200bb4:	00377793          	andi	a5,a4,3
80200bb8:	fed70fa3          	sb	a3,-1(a4)
80200bbc:	00158593          	addi	a1,a1,1
80200bc0:	fc079ae3          	bnez	a5,80200b94 <memcpy+0xf4>
80200bc4:	f01ff06f          	j	80200ac4 <memcpy+0x24>

80200bc8 <strlen>:
strlen():
80200bc8:	00357793          	andi	a5,a0,3
80200bcc:	00050713          	mv	a4,a0
80200bd0:	04079c63          	bnez	a5,80200c28 <strlen+0x60>
80200bd4:	7f7f86b7          	lui	a3,0x7f7f8
80200bd8:	f7f68693          	addi	a3,a3,-129 # 7f7f7f7f <app_entry-0xa08081>
80200bdc:	fff00593          	li	a1,-1
80200be0:	00072603          	lw	a2,0(a4)
80200be4:	00470713          	addi	a4,a4,4
80200be8:	00d677b3          	and	a5,a2,a3
80200bec:	00d787b3          	add	a5,a5,a3
80200bf0:	00c7e7b3          	or	a5,a5,a2
80200bf4:	00d7e7b3          	or	a5,a5,a3
80200bf8:	feb784e3          	beq	a5,a1,80200be0 <strlen+0x18>
80200bfc:	ffc74683          	lbu	a3,-4(a4)
80200c00:	40a707b3          	sub	a5,a4,a0
80200c04:	04068463          	beqz	a3,80200c4c <strlen+0x84>
80200c08:	ffd74683          	lbu	a3,-3(a4)
80200c0c:	02068c63          	beqz	a3,80200c44 <strlen+0x7c>
80200c10:	ffe74503          	lbu	a0,-2(a4)
80200c14:	00a03533          	snez	a0,a0
80200c18:	00f50533          	add	a0,a0,a5
80200c1c:	ffe50513          	addi	a0,a0,-2
80200c20:	00008067          	ret
80200c24:	fa0688e3          	beqz	a3,80200bd4 <strlen+0xc>
80200c28:	00074783          	lbu	a5,0(a4)
80200c2c:	00170713          	addi	a4,a4,1
80200c30:	00377693          	andi	a3,a4,3
80200c34:	fe0798e3          	bnez	a5,80200c24 <strlen+0x5c>
80200c38:	40a70733          	sub	a4,a4,a0
80200c3c:	fff70513          	addi	a0,a4,-1
80200c40:	00008067          	ret
80200c44:	ffd78513          	addi	a0,a5,-3
80200c48:	00008067          	ret
80200c4c:	ffc78513          	addi	a0,a5,-4
80200c50:	00008067          	ret

80200c54 <strcpy>:
strcpy():
80200c54:	00b567b3          	or	a5,a0,a1
80200c58:	0037f793          	andi	a5,a5,3
80200c5c:	08079063          	bnez	a5,80200cdc <strcpy+0x88>
80200c60:	0005a703          	lw	a4,0(a1)
80200c64:	7f7f86b7          	lui	a3,0x7f7f8
80200c68:	f7f68693          	addi	a3,a3,-129 # 7f7f7f7f <app_entry-0xa08081>
80200c6c:	00d77833          	and	a6,a4,a3
80200c70:	00d80833          	add	a6,a6,a3
80200c74:	00e86833          	or	a6,a6,a4
80200c78:	00d86833          	or	a6,a6,a3
80200c7c:	fff00793          	li	a5,-1
80200c80:	00050613          	mv	a2,a0
80200c84:	02f81463          	bne	a6,a5,80200cac <strcpy+0x58>
80200c88:	00458593          	addi	a1,a1,4
80200c8c:	00e62023          	sw	a4,0(a2)
80200c90:	0005a703          	lw	a4,0(a1)
80200c94:	00460613          	addi	a2,a2,4
80200c98:	00d777b3          	and	a5,a4,a3
80200c9c:	00d787b3          	add	a5,a5,a3
80200ca0:	00e7e7b3          	or	a5,a5,a4
80200ca4:	00d7e7b3          	or	a5,a5,a3
80200ca8:	ff0780e3          	beq	a5,a6,80200c88 <strcpy+0x34>
80200cac:	0005c783          	lbu	a5,0(a1)
80200cb0:	0015c703          	lbu	a4,1(a1)
80200cb4:	0025c683          	lbu	a3,2(a1)
80200cb8:	00f60023          	sb	a5,0(a2)
80200cbc:	00078a63          	beqz	a5,80200cd0 <strcpy+0x7c>
80200cc0:	00e600a3          	sb	a4,1(a2)
80200cc4:	00070663          	beqz	a4,80200cd0 <strcpy+0x7c>
80200cc8:	00d60123          	sb	a3,2(a2)
80200ccc:	00069463          	bnez	a3,80200cd4 <strcpy+0x80>
80200cd0:	00008067          	ret
80200cd4:	000601a3          	sb	zero,3(a2)
80200cd8:	00008067          	ret
80200cdc:	00050793          	mv	a5,a0
80200ce0:	0005c703          	lbu	a4,0(a1)
80200ce4:	00178793          	addi	a5,a5,1
80200ce8:	00158593          	addi	a1,a1,1
80200cec:	fee78fa3          	sb	a4,-1(a5)
80200cf0:	fe0718e3          	bnez	a4,80200ce0 <strcpy+0x8c>
80200cf4:	00008067          	ret

80200cf8 <strcmp>:
strcmp():
80200cf8:	00b56733          	or	a4,a0,a1
80200cfc:	fff00393          	li	t2,-1
80200d00:	00377713          	andi	a4,a4,3
80200d04:	10071063          	bnez	a4,80200e04 <strcmp+0x10c>
80200d08:	7f7f87b7          	lui	a5,0x7f7f8
80200d0c:	f7f78793          	addi	a5,a5,-129 # 7f7f7f7f <app_entry-0xa08081>
80200d10:	00052603          	lw	a2,0(a0)
80200d14:	0005a683          	lw	a3,0(a1)
80200d18:	00f672b3          	and	t0,a2,a5
80200d1c:	00f66333          	or	t1,a2,a5
80200d20:	00f282b3          	add	t0,t0,a5
80200d24:	0062e2b3          	or	t0,t0,t1
80200d28:	10729263          	bne	t0,t2,80200e2c <strcmp+0x134>
80200d2c:	08d61663          	bne	a2,a3,80200db8 <strcmp+0xc0>
80200d30:	00452603          	lw	a2,4(a0)
80200d34:	0045a683          	lw	a3,4(a1)
80200d38:	00f672b3          	and	t0,a2,a5
80200d3c:	00f66333          	or	t1,a2,a5
80200d40:	00f282b3          	add	t0,t0,a5
80200d44:	0062e2b3          	or	t0,t0,t1
80200d48:	0c729e63          	bne	t0,t2,80200e24 <strcmp+0x12c>
80200d4c:	06d61663          	bne	a2,a3,80200db8 <strcmp+0xc0>
80200d50:	00852603          	lw	a2,8(a0)
80200d54:	0085a683          	lw	a3,8(a1)
80200d58:	00f672b3          	and	t0,a2,a5
80200d5c:	00f66333          	or	t1,a2,a5
80200d60:	00f282b3          	add	t0,t0,a5
80200d64:	0062e2b3          	or	t0,t0,t1
80200d68:	0c729863          	bne	t0,t2,80200e38 <strcmp+0x140>
80200d6c:	04d61663          	bne	a2,a3,80200db8 <strcmp+0xc0>
80200d70:	00c52603          	lw	a2,12(a0)
80200d74:	00c5a683          	lw	a3,12(a1)
80200d78:	00f672b3          	and	t0,a2,a5
80200d7c:	00f66333          	or	t1,a2,a5
80200d80:	00f282b3          	add	t0,t0,a5
80200d84:	0062e2b3          	or	t0,t0,t1
80200d88:	0c729263          	bne	t0,t2,80200e4c <strcmp+0x154>
80200d8c:	02d61663          	bne	a2,a3,80200db8 <strcmp+0xc0>
80200d90:	01052603          	lw	a2,16(a0)
80200d94:	0105a683          	lw	a3,16(a1)
80200d98:	00f672b3          	and	t0,a2,a5
80200d9c:	00f66333          	or	t1,a2,a5
80200da0:	00f282b3          	add	t0,t0,a5
80200da4:	0062e2b3          	or	t0,t0,t1
80200da8:	0a729c63          	bne	t0,t2,80200e60 <strcmp+0x168>
80200dac:	01450513          	addi	a0,a0,20
80200db0:	01458593          	addi	a1,a1,20
80200db4:	f4d60ee3          	beq	a2,a3,80200d10 <strcmp+0x18>
80200db8:	01061713          	slli	a4,a2,0x10
80200dbc:	01069793          	slli	a5,a3,0x10
80200dc0:	00f71e63          	bne	a4,a5,80200ddc <strcmp+0xe4>
80200dc4:	01065713          	srli	a4,a2,0x10
80200dc8:	0106d793          	srli	a5,a3,0x10
80200dcc:	40f70533          	sub	a0,a4,a5
80200dd0:	0ff57593          	zext.b	a1,a0
80200dd4:	02059063          	bnez	a1,80200df4 <strcmp+0xfc>
80200dd8:	00008067          	ret
80200ddc:	01075713          	srli	a4,a4,0x10
80200de0:	0107d793          	srli	a5,a5,0x10
80200de4:	40f70533          	sub	a0,a4,a5
80200de8:	0ff57593          	zext.b	a1,a0
80200dec:	00059463          	bnez	a1,80200df4 <strcmp+0xfc>
80200df0:	00008067          	ret
80200df4:	0ff77713          	zext.b	a4,a4
80200df8:	0ff7f793          	zext.b	a5,a5
80200dfc:	40f70533          	sub	a0,a4,a5
80200e00:	00008067          	ret
80200e04:	00054603          	lbu	a2,0(a0)
80200e08:	0005c683          	lbu	a3,0(a1)
80200e0c:	00150513          	addi	a0,a0,1
80200e10:	00158593          	addi	a1,a1,1
80200e14:	00d61463          	bne	a2,a3,80200e1c <strcmp+0x124>
80200e18:	fe0616e3          	bnez	a2,80200e04 <strcmp+0x10c>
80200e1c:	40d60533          	sub	a0,a2,a3
80200e20:	00008067          	ret
80200e24:	00450513          	addi	a0,a0,4
80200e28:	00458593          	addi	a1,a1,4
80200e2c:	fcd61ce3          	bne	a2,a3,80200e04 <strcmp+0x10c>
80200e30:	00000513          	li	a0,0
80200e34:	00008067          	ret
80200e38:	00850513          	addi	a0,a0,8
80200e3c:	00858593          	addi	a1,a1,8
80200e40:	fcd612e3          	bne	a2,a3,80200e04 <strcmp+0x10c>
80200e44:	00000513          	li	a0,0
80200e48:	00008067          	ret
80200e4c:	00c50513          	addi	a0,a0,12
80200e50:	00c58593          	addi	a1,a1,12
80200e54:	fad618e3          	bne	a2,a3,80200e04 <strcmp+0x10c>
80200e58:	00000513          	li	a0,0
80200e5c:	00008067          	ret
80200e60:	01050513          	addi	a0,a0,16
80200e64:	01058593          	addi	a1,a1,16
80200e68:	f8d61ee3          	bne	a2,a3,80200e04 <strcmp+0x10c>
80200e6c:	00000513          	li	a0,0
80200e70:	00008067          	ret

80200e74 <__divsi3>:
__divsi3():
80200e74:	06054063          	bltz	a0,80200ed4 <__umodsi3+0x10>
80200e78:	0605c663          	bltz	a1,80200ee4 <__umodsi3+0x20>

80200e7c <__hidden___udivsi3>:
80200e7c:	00058613          	mv	a2,a1
80200e80:	00050593          	mv	a1,a0
80200e84:	fff00513          	li	a0,-1
80200e88:	02060c63          	beqz	a2,80200ec0 <__hidden___udivsi3+0x44>
80200e8c:	00100693          	li	a3,1
80200e90:	00b67a63          	bgeu	a2,a1,80200ea4 <__hidden___udivsi3+0x28>
80200e94:	00c05863          	blez	a2,80200ea4 <__hidden___udivsi3+0x28>
80200e98:	00161613          	slli	a2,a2,0x1
80200e9c:	00169693          	slli	a3,a3,0x1
80200ea0:	feb66ae3          	bltu	a2,a1,80200e94 <__hidden___udivsi3+0x18>
80200ea4:	00000513          	li	a0,0
80200ea8:	00c5e663          	bltu	a1,a2,80200eb4 <__hidden___udivsi3+0x38>
80200eac:	40c585b3          	sub	a1,a1,a2
80200eb0:	00d56533          	or	a0,a0,a3
80200eb4:	0016d693          	srli	a3,a3,0x1
80200eb8:	00165613          	srli	a2,a2,0x1
80200ebc:	fe0696e3          	bnez	a3,80200ea8 <__hidden___udivsi3+0x2c>
80200ec0:	00008067          	ret

80200ec4 <__umodsi3>:
80200ec4:	00008293          	mv	t0,ra
80200ec8:	fb5ff0ef          	jal	80200e7c <__hidden___udivsi3>
80200ecc:	00058513          	mv	a0,a1
80200ed0:	00028067          	jr	t0 # 80200a78 <memset+0xb4>
80200ed4:	40a00533          	neg	a0,a0
80200ed8:	00b04863          	bgtz	a1,80200ee8 <__umodsi3+0x24>
80200edc:	40b005b3          	neg	a1,a1
80200ee0:	f9dff06f          	j	80200e7c <__hidden___udivsi3>
80200ee4:	40b005b3          	neg	a1,a1
80200ee8:	00008293          	mv	t0,ra
80200eec:	f91ff0ef          	jal	80200e7c <__hidden___udivsi3>
80200ef0:	40a00533          	neg	a0,a0
80200ef4:	00028067          	jr	t0

80200ef8 <__modsi3>:
__modsi3():
80200ef8:	00008293          	mv	t0,ra
80200efc:	0005ca63          	bltz	a1,80200f10 <__modsi3+0x18>
80200f00:	00054c63          	bltz	a0,80200f18 <__modsi3+0x20>
80200f04:	f79ff0ef          	jal	80200e7c <__hidden___udivsi3>
80200f08:	00058513          	mv	a0,a1
80200f0c:	00028067          	jr	t0
80200f10:	40b005b3          	neg	a1,a1
80200f14:	fe0558e3          	bgez	a0,80200f04 <__modsi3+0xc>
80200f18:	40a00533          	neg	a0,a0
80200f1c:	f61ff0ef          	jal	80200e7c <__hidden___udivsi3>
80200f20:	40b00533          	neg	a0,a1
80200f24:	00028067          	jr	t0
