
build/release/user/udp_demo.elf:     file format elf32-littleriscv
build/release/user/udp_demo.elf
architecture: riscv:rv32, flags 0x00000112:
EXEC_P, HAS_SYMS, D_PAGED
start address 0x80200000

Program Header:
0x70000003 off    0x00002030 vaddr 0x00000000 paddr 0x00000000 align 2**0
         filesz 0x0000004b memsz 0x00000000 flags r--
    LOAD off    0x00001000 vaddr 0x80200000 paddr 0x80200000 align 2**12
         filesz 0x00000a4c memsz 0x00000a4c flags r-x
    LOAD off    0x00002000 vaddr 0x80208000 paddr 0x80208000 align 2**12
         filesz 0x00000030 memsz 0x00000090 flags rw-

Sections:
Idx Name              Size      VMA       LMA       File off  Algn  Flags
  0 .text             00000a4c  80200000  80200000  00001000  2**3  CONTENTS, ALLOC, LOAD, READONLY, CODE
  1 .rodata           00000018  80208000  80208000  00002000  2**3  CONTENTS, ALLOC, LOAD, READONLY, DATA
  2 .data             00000018  80208018  80208018  00002018  2**3  CONTENTS, ALLOC, LOAD, DATA
  3 .bss              00000060  80208030  80208030  00002030  2**4  ALLOC
  4 .riscv.attributes 0000004b  00000000  00000000  00002030  2**0  CONTENTS, READONLY
  5 .comment          00000032  00000000  00000000  0000207b  2**0  CONTENTS, READONLY
SYMBOL TABLE:
80200000 l    d  .text	00000000 .text
80208000 l    d  .rodata	00000000 .rodata
80208018 l    d  .data	00000000 .data
80208030 l    d  .bss	00000000 .bss
00000000 l    d  .riscv.attributes	00000000 .riscv.attributes
00000000 l    d  .comment	00000000 .comment
00000000 l    df *ABS*	00000000 ccMwmUH9.o
00000000 l    df *ABS*	00000000 udp_demo.c
80200010 l     F .text	00000104 checksum
80208030 l     O .bss	00000042 txbuffer.1
80208080 l     O .bss	00000010 txdesc.0
00000000 l    df *ABS*	00000000 servers.c
00000000 l    df *ABS*	00000000 syscall.c
8020802c l     O .data	00000004 sc
00000000 l    df *ABS*	00000000 libc_a-memset.o
00000000 l    df *ABS*	00000000 libc_a-memcpy.o
00000000 l    df *ABS*	00000000 _bswapsi2.o
80208020 g     O .data	00000004 dest_udp_port
80200000 g       .text	00000000 app_entry
80200a18 g     F .text	00000034 .hidden __bswapsi2
802008f0 g     F .text	00000128 memcpy
80208018 g     O .data	00000004 earth
80208024 g     O .data	00000004 local_ip
802007a4 g     F .text	00000070 sys_send
8020801c g     O .data	00000004 dest_ip
80208028 g     O .data	00000004 local_udp_port
80200814 g     F .text	000000dc memset
80200114 g     F .text	0000065c main
80300000 g       *ABS*	00000000 __heap_end
80208090 g       .riscv.attributes	00000000 __heap_start
80200770 g     F .text	00000034 exit



Disassembly of section .text:

80200000 <app_entry>:
app_entry():
80200000:	00052503          	lw	a0,0(a0)
80200004:	80400137          	lui	sp,0x80400
80200008:	10c000ef          	jal	80200114 <main>
8020000c:	764000ef          	jal	80200770 <exit>

80200010 <checksum>:
checksum():
80200010:	fd010113          	addi	sp,sp,-48 # 803fffd0 <__heap_end+0xfffd0>
80200014:	02112623          	sw	ra,44(sp)
80200018:	02812423          	sw	s0,40(sp)
8020001c:	03010413          	addi	s0,sp,48
80200020:	fca42e23          	sw	a0,-36(s0)
80200024:	fcb42c23          	sw	a1,-40(s0)
80200028:	fcc42a23          	sw	a2,-44(s0)
8020002c:	fcd42823          	sw	a3,-48(s0)
80200030:	fe042623          	sw	zero,-20(s0)
80200034:	0540006f          	j	80200088 <checksum+0x78>
80200038:	fec42783          	lw	a5,-20(s0)
8020003c:	00179793          	slli	a5,a5,0x1
80200040:	00078713          	mv	a4,a5
80200044:	fd842783          	lw	a5,-40(s0)
80200048:	00e787b3          	add	a5,a5,a4
8020004c:	0007c783          	lbu	a5,0(a5)
80200050:	00879793          	slli	a5,a5,0x8
80200054:	fec42703          	lw	a4,-20(s0)
80200058:	00171713          	slli	a4,a4,0x1
8020005c:	00170713          	addi	a4,a4,1
80200060:	fd842683          	lw	a3,-40(s0)
80200064:	00e68733          	add	a4,a3,a4
80200068:	00074703          	lbu	a4,0(a4)
8020006c:	00e7e7b3          	or	a5,a5,a4
80200070:	fdc42703          	lw	a4,-36(s0)
80200074:	00f707b3          	add	a5,a4,a5
80200078:	fcf42e23          	sw	a5,-36(s0)
8020007c:	fec42783          	lw	a5,-20(s0)
80200080:	00178793          	addi	a5,a5,1
80200084:	fef42623          	sw	a5,-20(s0)
80200088:	fd442783          	lw	a5,-44(s0)
8020008c:	0017d713          	srli	a4,a5,0x1
80200090:	fec42783          	lw	a5,-20(s0)
80200094:	fae7e2e3          	bltu	a5,a4,80200038 <checksum+0x28>
80200098:	0200006f          	j	802000b8 <checksum+0xa8>
8020009c:	fdc42783          	lw	a5,-36(s0)
802000a0:	01079713          	slli	a4,a5,0x10
802000a4:	01075713          	srli	a4,a4,0x10
802000a8:	fdc42783          	lw	a5,-36(s0)
802000ac:	0107d793          	srli	a5,a5,0x10
802000b0:	00f707b3          	add	a5,a4,a5
802000b4:	fcf42e23          	sw	a5,-36(s0)
802000b8:	fdc42783          	lw	a5,-36(s0)
802000bc:	0107d793          	srli	a5,a5,0x10
802000c0:	fc079ee3          	bnez	a5,8020009c <checksum+0x8c>
802000c4:	fd042783          	lw	a5,-48(s0)
802000c8:	02078663          	beqz	a5,802000f4 <checksum+0xe4>
802000cc:	fdc42783          	lw	a5,-36(s0)
802000d0:	fff7c793          	not	a5,a5
802000d4:	01079793          	slli	a5,a5,0x10
802000d8:	0107d793          	srli	a5,a5,0x10
802000dc:	fcf42e23          	sw	a5,-36(s0)
802000e0:	fdc42783          	lw	a5,-36(s0)
802000e4:	00079863          	bnez	a5,802000f4 <checksum+0xe4>
802000e8:	000107b7          	lui	a5,0x10
802000ec:	fff78793          	addi	a5,a5,-1 # ffff <app_entry-0x801f0001>
802000f0:	fcf42e23          	sw	a5,-36(s0)
802000f4:	fdc42783          	lw	a5,-36(s0)
802000f8:	01079793          	slli	a5,a5,0x10
802000fc:	0107d793          	srli	a5,a5,0x10
80200100:	00078513          	mv	a0,a5
80200104:	02c12083          	lw	ra,44(sp)
80200108:	02812403          	lw	s0,40(sp)
8020010c:	03010113          	addi	sp,sp,48
80200110:	00008067          	ret

80200114 <main>:
main():
80200114:	f9010113          	addi	sp,sp,-112
80200118:	06112623          	sw	ra,108(sp)
8020011c:	06812423          	sw	s0,104(sp)
80200120:	07010413          	addi	s0,sp,112
80200124:	fa440793          	addi	a5,s0,-92
80200128:	04200713          	li	a4,66
8020012c:	00070613          	mv	a2,a4
80200130:	00000593          	li	a1,0
80200134:	00078513          	mv	a0,a5
80200138:	6dc000ef          	jal	80200814 <memset>
8020013c:	7206d7b7          	lui	a5,0x7206d
80200140:	9ae78793          	addi	a5,a5,-1618 # 7206c9ae <app_entry-0xe193652>
80200144:	faf42223          	sw	a5,-92(s0)
80200148:	000067b7          	lui	a5,0x6
8020014c:	4b278793          	addi	a5,a5,1202 # 64b2 <app_entry-0x801f9b4e>
80200150:	faf41423          	sh	a5,-88(s0)
80200154:	000057b7          	lui	a5,0x5
80200158:	45278793          	addi	a5,a5,1106 # 5452 <app_entry-0x801fabae>
8020015c:	faf41523          	sh	a5,-86(s0)
80200160:	000017b7          	lui	a5,0x1
80200164:	20078793          	addi	a5,a5,512 # 1200 <app_entry-0x801fee00>
80200168:	faf41623          	sh	a5,-84(s0)
8020016c:	000057b7          	lui	a5,0x5
80200170:	63478793          	addi	a5,a5,1588 # 5634 <app_entry-0x801fa9cc>
80200174:	faf41723          	sh	a5,-82(s0)
80200178:	00800793          	li	a5,8
8020017c:	faf41823          	sh	a5,-80(s0)
80200180:	04500793          	li	a5,69
80200184:	faf40923          	sb	a5,-78(s0)
80200188:	000037b7          	lui	a5,0x3
8020018c:	40078793          	addi	a5,a5,1024 # 3400 <app_entry-0x801fcc00>
80200190:	faf41a23          	sh	a5,-76(s0)
80200194:	04000793          	li	a5,64
80200198:	faf41c23          	sh	a5,-72(s0)
8020019c:	04000793          	li	a5,64
802001a0:	faf40d23          	sb	a5,-70(s0)
802001a4:	01100793          	li	a5,17
802001a8:	faf40da3          	sb	a5,-69(s0)
802001ac:	802087b7          	lui	a5,0x80208
802001b0:	0247a783          	lw	a5,36(a5) # 80208024 <local_ip>
802001b4:	00078513          	mv	a0,a5
802001b8:	061000ef          	jal	80200a18 <__bswapsi2>
802001bc:	00050793          	mv	a5,a0
802001c0:	01079713          	slli	a4,a5,0x10
802001c4:	01075713          	srli	a4,a4,0x10
802001c8:	fbe45683          	lhu	a3,-66(s0)
802001cc:	0006f693          	andi	a3,a3,0
802001d0:	00e6e733          	or	a4,a3,a4
802001d4:	fae41f23          	sh	a4,-66(s0)
802001d8:	0107d793          	srli	a5,a5,0x10
802001dc:	fc045703          	lhu	a4,-64(s0)
802001e0:	00077713          	andi	a4,a4,0
802001e4:	00f767b3          	or	a5,a4,a5
802001e8:	fcf41023          	sh	a5,-64(s0)
802001ec:	802087b7          	lui	a5,0x80208
802001f0:	01c7a783          	lw	a5,28(a5) # 8020801c <dest_ip>
802001f4:	00078513          	mv	a0,a5
802001f8:	021000ef          	jal	80200a18 <__bswapsi2>
802001fc:	00050793          	mv	a5,a0
80200200:	01079713          	slli	a4,a5,0x10
80200204:	01075713          	srli	a4,a4,0x10
80200208:	fc245683          	lhu	a3,-62(s0)
8020020c:	0006f693          	andi	a3,a3,0
80200210:	00e6e733          	or	a4,a3,a4
80200214:	fce41123          	sh	a4,-62(s0)
80200218:	0107d793          	srli	a5,a5,0x10
8020021c:	fc445703          	lhu	a4,-60(s0)
80200220:	00077713          	andi	a4,a4,0
80200224:	00f767b3          	or	a5,a4,a5
80200228:	fcf41223          	sh	a5,-60(s0)
8020022c:	802087b7          	lui	a5,0x80208
80200230:	0287a783          	lw	a5,40(a5) # 80208028 <local_udp_port>
80200234:	01079793          	slli	a5,a5,0x10
80200238:	0107d793          	srli	a5,a5,0x10
8020023c:	00879713          	slli	a4,a5,0x8
80200240:	0087d793          	srli	a5,a5,0x8
80200244:	00f767b3          	or	a5,a4,a5
80200248:	01079793          	slli	a5,a5,0x10
8020024c:	0107d793          	srli	a5,a5,0x10
80200250:	fcf41323          	sh	a5,-58(s0)
80200254:	802087b7          	lui	a5,0x80208
80200258:	0207a783          	lw	a5,32(a5) # 80208020 <dest_udp_port>
8020025c:	01079793          	slli	a5,a5,0x10
80200260:	0107d793          	srli	a5,a5,0x10
80200264:	00879713          	slli	a4,a5,0x8
80200268:	0087d793          	srli	a5,a5,0x8
8020026c:	00f767b3          	or	a5,a4,a5
80200270:	01079793          	slli	a5,a5,0x10
80200274:	0107d793          	srli	a5,a5,0x10
80200278:	fcf41423          	sh	a5,-56(s0)
8020027c:	000027b7          	lui	a5,0x2
80200280:	fcf41523          	sh	a5,-54(s0)
80200284:	802087b7          	lui	a5,0x80208
80200288:	00078793          	mv	a5,a5
8020028c:	0007d703          	lhu	a4,0(a5) # 80208000 <__bswapsi2+0x75e8>
80200290:	00070f13          	mv	t5,a4
80200294:	0027d703          	lhu	a4,2(a5)
80200298:	00070e93          	mv	t4,a4
8020029c:	0047d703          	lhu	a4,4(a5)
802002a0:	00070e13          	mv	t3,a4
802002a4:	0067d703          	lhu	a4,6(a5)
802002a8:	00070313          	mv	t1,a4
802002ac:	0087d703          	lhu	a4,8(a5)
802002b0:	00070893          	mv	a7,a4
802002b4:	00a7d703          	lhu	a4,10(a5)
802002b8:	00070813          	mv	a6,a4
802002bc:	00c7d703          	lhu	a4,12(a5)
802002c0:	00070513          	mv	a0,a4
802002c4:	00e7d703          	lhu	a4,14(a5)
802002c8:	00070593          	mv	a1,a4
802002cc:	0107d703          	lhu	a4,16(a5)
802002d0:	00070613          	mv	a2,a4
802002d4:	0127d703          	lhu	a4,18(a5)
802002d8:	00070693          	mv	a3,a4
802002dc:	0147d703          	lhu	a4,20(a5)
802002e0:	0167d783          	lhu	a5,22(a5)
802002e4:	fde41723          	sh	t5,-50(s0)
802002e8:	fdd41823          	sh	t4,-48(s0)
802002ec:	fdc41923          	sh	t3,-46(s0)
802002f0:	fc641a23          	sh	t1,-44(s0)
802002f4:	fd141b23          	sh	a7,-42(s0)
802002f8:	fd041c23          	sh	a6,-40(s0)
802002fc:	fca41d23          	sh	a0,-38(s0)
80200300:	fcb41e23          	sh	a1,-36(s0)
80200304:	fcc41f23          	sh	a2,-34(s0)
80200308:	fed41023          	sh	a3,-32(s0)
8020030c:	fee41123          	sh	a4,-30(s0)
80200310:	fef41223          	sh	a5,-28(s0)
80200314:	fa440793          	addi	a5,s0,-92
80200318:	00e78793          	addi	a5,a5,14
8020031c:	00100693          	li	a3,1
80200320:	01400613          	li	a2,20
80200324:	00078593          	mv	a1,a5
80200328:	00000513          	li	a0,0
8020032c:	ce5ff0ef          	jal	80200010 <checksum>
80200330:	00050793          	mv	a5,a0
80200334:	00879713          	slli	a4,a5,0x8
80200338:	0087d793          	srli	a5,a5,0x8
8020033c:	00f767b3          	or	a5,a4,a5
80200340:	01079793          	slli	a5,a5,0x10
80200344:	0107d793          	srli	a5,a5,0x10
80200348:	faf41e23          	sh	a5,-68(s0)
8020034c:	fbc42783          	lw	a5,-68(s0)
80200350:	0107d793          	srli	a5,a5,0x10
80200354:	fc042703          	lw	a4,-64(s0)
80200358:	01071713          	slli	a4,a4,0x10
8020035c:	01075713          	srli	a4,a4,0x10
80200360:	01071713          	slli	a4,a4,0x10
80200364:	00f767b3          	or	a5,a4,a5
80200368:	f8f42c23          	sw	a5,-104(s0)
8020036c:	fc042783          	lw	a5,-64(s0)
80200370:	0107d793          	srli	a5,a5,0x10
80200374:	fc442703          	lw	a4,-60(s0)
80200378:	01071713          	slli	a4,a4,0x10
8020037c:	01075713          	srli	a4,a4,0x10
80200380:	01071713          	slli	a4,a4,0x10
80200384:	00f767b3          	or	a5,a4,a5
80200388:	f8f42e23          	sw	a5,-100(s0)
8020038c:	fa040023          	sb	zero,-96(s0)
80200390:	fbb44783          	lbu	a5,-69(s0)
80200394:	faf400a3          	sb	a5,-95(s0)
80200398:	fca45783          	lhu	a5,-54(s0)
8020039c:	faf41123          	sh	a5,-94(s0)
802003a0:	f9840793          	addi	a5,s0,-104
802003a4:	00000693          	li	a3,0
802003a8:	00c00613          	li	a2,12
802003ac:	00078593          	mv	a1,a5
802003b0:	00000513          	li	a0,0
802003b4:	c5dff0ef          	jal	80200010 <checksum>
802003b8:	00050793          	mv	a5,a0
802003bc:	fef42623          	sw	a5,-20(s0)
802003c0:	fa440793          	addi	a5,s0,-92
802003c4:	02278793          	addi	a5,a5,34
802003c8:	00100693          	li	a3,1
802003cc:	02000613          	li	a2,32
802003d0:	00078593          	mv	a1,a5
802003d4:	fec42503          	lw	a0,-20(s0)
802003d8:	c39ff0ef          	jal	80200010 <checksum>
802003dc:	00050793          	mv	a5,a0
802003e0:	00879713          	slli	a4,a5,0x8
802003e4:	0087d793          	srli	a5,a5,0x8
802003e8:	00f767b3          	or	a5,a4,a5
802003ec:	01079793          	slli	a5,a5,0x10
802003f0:	0107d793          	srli	a5,a5,0x10
802003f4:	fcf41623          	sh	a5,-52(s0)
802003f8:	802087b7          	lui	a5,0x80208
802003fc:	0187a783          	lw	a5,24(a5) # 80208018 <earth>
80200400:	0307a783          	lw	a5,48(a5)
80200404:	0e079863          	bnez	a5,802004f4 <main+0x3e0>
80200408:	900017b7          	lui	a5,0x90001
8020040c:	fef42423          	sw	a5,-24(s0)
80200410:	fe842783          	lw	a5,-24(s0)
80200414:	00078693          	mv	a3,a5
80200418:	fa440793          	addi	a5,s0,-92
8020041c:	04200713          	li	a4,66
80200420:	00070613          	mv	a2,a4
80200424:	00078593          	mv	a1,a5
80200428:	00068513          	mv	a0,a3
8020042c:	4c4000ef          	jal	802008f0 <memcpy>
80200430:	00000013          	nop
80200434:	802087b7          	lui	a5,0x80208
80200438:	0187a783          	lw	a5,24(a5) # 80208018 <earth>
8020043c:	0307a703          	lw	a4,48(a5)
80200440:	00100793          	li	a5,1
80200444:	00f71863          	bne	a4,a5,80200454 <main+0x340>
80200448:	410007b7          	lui	a5,0x41000
8020044c:	01c78793          	addi	a5,a5,28 # 4100001c <app_entry-0x3f1fffe4>
80200450:	00c0006f          	j	8020045c <main+0x348>
80200454:	f00027b7          	lui	a5,0xf0002
80200458:	01c78793          	addi	a5,a5,28 # f000201c <__heap_end+0x6fd0201c>
8020045c:	0007a783          	lw	a5,0(a5)
80200460:	fc078ae3          	beqz	a5,80200434 <main+0x320>
80200464:	802087b7          	lui	a5,0x80208
80200468:	0187a783          	lw	a5,24(a5) # 80208018 <earth>
8020046c:	0307a703          	lw	a4,48(a5)
80200470:	00100793          	li	a5,1
80200474:	00f71863          	bne	a4,a5,80200484 <main+0x370>
80200478:	410007b7          	lui	a5,0x41000
8020047c:	02478793          	addi	a5,a5,36 # 41000024 <app_entry-0x3f1fffdc>
80200480:	00c0006f          	j	8020048c <main+0x378>
80200484:	f00027b7          	lui	a5,0xf0002
80200488:	02478793          	addi	a5,a5,36 # f0002024 <__heap_end+0x6fd02024>
8020048c:	0007a023          	sw	zero,0(a5)
80200490:	802087b7          	lui	a5,0x80208
80200494:	0187a783          	lw	a5,24(a5) # 80208018 <earth>
80200498:	0307a703          	lw	a4,48(a5)
8020049c:	00100793          	li	a5,1
802004a0:	00f71863          	bne	a4,a5,802004b0 <main+0x39c>
802004a4:	410007b7          	lui	a5,0x41000
802004a8:	02878793          	addi	a5,a5,40 # 41000028 <app_entry-0x3f1fffd8>
802004ac:	00c0006f          	j	802004b8 <main+0x3a4>
802004b0:	f00027b7          	lui	a5,0xf0002
802004b4:	02878793          	addi	a5,a5,40 # f0002028 <__heap_end+0x6fd02028>
802004b8:	04200713          	li	a4,66
802004bc:	00e7a023          	sw	a4,0(a5)
802004c0:	802087b7          	lui	a5,0x80208
802004c4:	0187a783          	lw	a5,24(a5) # 80208018 <earth>
802004c8:	0307a703          	lw	a4,48(a5)
802004cc:	00100793          	li	a5,1
802004d0:	00f71863          	bne	a4,a5,802004e0 <main+0x3cc>
802004d4:	410007b7          	lui	a5,0x41000
802004d8:	01878793          	addi	a5,a5,24 # 41000018 <app_entry-0x3f1fffe8>
802004dc:	00c0006f          	j	802004e8 <main+0x3d4>
802004e0:	f00027b7          	lui	a5,0xf0002
802004e4:	01878793          	addi	a5,a5,24 # f0002018 <__heap_end+0x6fd02018>
802004e8:	00100713          	li	a4,1
802004ec:	00e7a023          	sw	a4,0(a5)
802004f0:	2680006f          	j	80200758 <main+0x644>
802004f4:	300187b7          	lui	a5,0x30018
802004f8:	00478793          	addi	a5,a5,4 # 30018004 <app_entry-0x501e7ffc>
802004fc:	00600713          	li	a4,6
80200500:	00e7a023          	sw	a4,0(a5)
80200504:	802087b7          	lui	a5,0x80208
80200508:	0187a783          	lw	a5,24(a5) # 80208018 <earth>
8020050c:	0307a703          	lw	a4,48(a5)
80200510:	00100793          	li	a5,1
80200514:	00f71663          	bne	a4,a5,80200520 <main+0x40c>
80200518:	410007b7          	lui	a5,0x41000
8020051c:	0080006f          	j	80200524 <main+0x410>
80200520:	f00027b7          	lui	a5,0xf0002
80200524:	30018737          	lui	a4,0x30018
80200528:	01070713          	addi	a4,a4,16 # 30018010 <app_entry-0x501e7ff0>
8020052c:	00f72023          	sw	a5,0(a4)
80200530:	802087b7          	lui	a5,0x80208
80200534:	03078793          	addi	a5,a5,48 # 80208030 <txbuffer.1>
80200538:	00078693          	mv	a3,a5
8020053c:	fa440793          	addi	a5,s0,-92
80200540:	04200713          	li	a4,66
80200544:	00070613          	mv	a2,a4
80200548:	00078593          	mv	a1,a5
8020054c:	00068513          	mv	a0,a3
80200550:	3a0000ef          	jal	802008f0 <memcpy>
80200554:	802087b7          	lui	a5,0x80208
80200558:	08078793          	addi	a5,a5,128 # 80208080 <txdesc.0>
8020055c:	80208737          	lui	a4,0x80208
80200560:	03070713          	addi	a4,a4,48 # 80208030 <txbuffer.1>
80200564:	00e7a023          	sw	a4,0(a5)
80200568:	802087b7          	lui	a5,0x80208
8020056c:	08b78793          	addi	a5,a5,139 # 8020808b <txdesc.0+0xb>
80200570:	0007c783          	lbu	a5,0(a5)
80200574:	0ff7f713          	zext.b	a4,a5
80200578:	802087b7          	lui	a5,0x80208
8020057c:	08b78793          	addi	a5,a5,139 # 8020808b <txdesc.0+0xb>
80200580:	00576713          	ori	a4,a4,5
80200584:	0ff77713          	zext.b	a4,a4
80200588:	00e78023          	sb	a4,0(a5)
8020058c:	802087b7          	lui	a5,0x80208
80200590:	08c78793          	addi	a5,a5,140 # 8020808c <txdesc.0+0xc>
80200594:	0007c783          	lbu	a5,0(a5)
80200598:	0ff7f713          	zext.b	a4,a5
8020059c:	802087b7          	lui	a5,0x80208
802005a0:	08c78793          	addi	a5,a5,140 # 8020808c <txdesc.0+0xc>
802005a4:	00576713          	ori	a4,a4,5
802005a8:	0ff77713          	zext.b	a4,a4
802005ac:	00e78023          	sb	a4,0(a5)
802005b0:	802087b7          	lui	a5,0x80208
802005b4:	0187a783          	lw	a5,24(a5) # 80208018 <earth>
802005b8:	0307a703          	lw	a4,48(a5)
802005bc:	00100793          	li	a5,1
802005c0:	00f71863          	bne	a4,a5,802005d0 <main+0x4bc>
802005c4:	410047b7          	lui	a5,0x41004
802005c8:	80078793          	addi	a5,a5,-2048 # 41003800 <app_entry-0x3f1fc800>
802005cc:	00c0006f          	j	802005d8 <main+0x4c4>
802005d0:	f00067b7          	lui	a5,0xf0006
802005d4:	80078793          	addi	a5,a5,-2048 # f0005800 <__heap_end+0x6fd05800>
802005d8:	80208737          	lui	a4,0x80208
802005dc:	08070713          	addi	a4,a4,128 # 80208080 <txdesc.0>
802005e0:	00e7a023          	sw	a4,0(a5)
802005e4:	802087b7          	lui	a5,0x80208
802005e8:	0187a783          	lw	a5,24(a5) # 80208018 <earth>
802005ec:	0307a703          	lw	a4,48(a5)
802005f0:	00100793          	li	a5,1
802005f4:	00f71863          	bne	a4,a5,80200604 <main+0x4f0>
802005f8:	410047b7          	lui	a5,0x41004
802005fc:	80878793          	addi	a5,a5,-2040 # 41003808 <app_entry-0x3f1fc7f8>
80200600:	00c0006f          	j	8020060c <main+0x4f8>
80200604:	f00067b7          	lui	a5,0xf0006
80200608:	80878793          	addi	a5,a5,-2040 # f0005808 <__heap_end+0x6fd05808>
8020060c:	01000713          	li	a4,16
80200610:	00e7a023          	sw	a4,0(a5)
80200614:	802087b7          	lui	a5,0x80208
80200618:	0187a783          	lw	a5,24(a5) # 80208018 <earth>
8020061c:	0307a703          	lw	a4,48(a5)
80200620:	00100793          	li	a5,1
80200624:	00f71863          	bne	a4,a5,80200634 <main+0x520>
80200628:	410047b7          	lui	a5,0x41004
8020062c:	81878793          	addi	a5,a5,-2024 # 41003818 <app_entry-0x3f1fc7e8>
80200630:	00c0006f          	j	8020063c <main+0x528>
80200634:	f00067b7          	lui	a5,0xf0006
80200638:	81878793          	addi	a5,a5,-2024 # f0005818 <__heap_end+0x6fd05818>
8020063c:	0007a023          	sw	zero,0(a5)
80200640:	802087b7          	lui	a5,0x80208
80200644:	0187a783          	lw	a5,24(a5) # 80208018 <earth>
80200648:	0307a703          	lw	a4,48(a5)
8020064c:	00100793          	li	a5,1
80200650:	00f71863          	bne	a4,a5,80200660 <main+0x54c>
80200654:	410007b7          	lui	a5,0x41000
80200658:	41078793          	addi	a5,a5,1040 # 41000410 <app_entry-0x3f1ffbf0>
8020065c:	00c0006f          	j	80200668 <main+0x554>
80200660:	f00027b7          	lui	a5,0xf0002
80200664:	41078793          	addi	a5,a5,1040 # f0002410 <__heap_end+0x6fd02410>
80200668:	00601737          	lui	a4,0x601
8020066c:	00a70713          	addi	a4,a4,10 # 60100a <app_entry-0x7fbfeff6>
80200670:	00e7a023          	sw	a4,0(a5)
80200674:	802087b7          	lui	a5,0x80208
80200678:	0187a783          	lw	a5,24(a5) # 80208018 <earth>
8020067c:	0307a703          	lw	a4,48(a5)
80200680:	00100793          	li	a5,1
80200684:	00f71863          	bne	a4,a5,80200694 <main+0x580>
80200688:	410007b7          	lui	a5,0x41000
8020068c:	40078793          	addi	a5,a5,1024 # 41000400 <app_entry-0x3f1ffc00>
80200690:	00c0006f          	j	8020069c <main+0x588>
80200694:	f00027b7          	lui	a5,0xf0002
80200698:	40078793          	addi	a5,a5,1024 # f0002400 <__heap_end+0x6fd02400>
8020069c:	0007a683          	lw	a3,0(a5)
802006a0:	802087b7          	lui	a5,0x80208
802006a4:	0187a783          	lw	a5,24(a5) # 80208018 <earth>
802006a8:	0307a703          	lw	a4,48(a5)
802006ac:	00100793          	li	a5,1
802006b0:	00f71863          	bne	a4,a5,802006c0 <main+0x5ac>
802006b4:	410007b7          	lui	a5,0x41000
802006b8:	40078793          	addi	a5,a5,1024 # 41000400 <app_entry-0x3f1ffc00>
802006bc:	00c0006f          	j	802006c8 <main+0x5b4>
802006c0:	f00027b7          	lui	a5,0xf0002
802006c4:	40078793          	addi	a5,a5,1024 # f0002400 <__heap_end+0x6fd02400>
802006c8:	00040737          	lui	a4,0x40
802006cc:	10a70713          	addi	a4,a4,266 # 4010a <app_entry-0x801bfef6>
802006d0:	00e6e733          	or	a4,a3,a4
802006d4:	00e7a023          	sw	a4,0(a5)
802006d8:	00000013          	nop
802006dc:	802087b7          	lui	a5,0x80208
802006e0:	08c78793          	addi	a5,a5,140 # 8020808c <txdesc.0+0xc>
802006e4:	0007c783          	lbu	a5,0(a5)
802006e8:	0ff7f793          	zext.b	a5,a5
802006ec:	0017f793          	andi	a5,a5,1
802006f0:	fe0786e3          	beqz	a5,802006dc <main+0x5c8>
802006f4:	802087b7          	lui	a5,0x80208
802006f8:	08c78793          	addi	a5,a5,140 # 8020808c <txdesc.0+0xc>
802006fc:	0007c783          	lbu	a5,0(a5)
80200700:	0ff7f713          	zext.b	a4,a5
80200704:	802087b7          	lui	a5,0x80208
80200708:	08c78793          	addi	a5,a5,140 # 8020808c <txdesc.0+0xc>
8020070c:	ffe77713          	andi	a4,a4,-2
80200710:	0ff77713          	zext.b	a4,a4
80200714:	00e78023          	sb	a4,0(a5)
80200718:	802087b7          	lui	a5,0x80208
8020071c:	08878793          	addi	a5,a5,136 # 80208088 <txdesc.0+0x8>
80200720:	04200713          	li	a4,66
80200724:	00e78023          	sb	a4,0(a5)
80200728:	802087b7          	lui	a5,0x80208
8020072c:	0187a783          	lw	a5,24(a5) # 80208018 <earth>
80200730:	0307a703          	lw	a4,48(a5)
80200734:	00100793          	li	a5,1
80200738:	00f71863          	bne	a4,a5,80200748 <main+0x634>
8020073c:	410047b7          	lui	a5,0x41004
80200740:	81878793          	addi	a5,a5,-2024 # 41003818 <app_entry-0x3f1fc7e8>
80200744:	00c0006f          	j	80200750 <main+0x63c>
80200748:	f00067b7          	lui	a5,0xf0006
8020074c:	81878793          	addi	a5,a5,-2024 # f0005818 <__heap_end+0x6fd05818>
80200750:	00100713          	li	a4,1
80200754:	00e7a023          	sw	a4,0(a5)
80200758:	00000793          	li	a5,0
8020075c:	00078513          	mv	a0,a5
80200760:	06c12083          	lw	ra,108(sp)
80200764:	06812403          	lw	s0,104(sp)
80200768:	07010113          	addi	sp,sp,112
8020076c:	00008067          	ret

80200770 <exit>:
exit():
80200770:	dd010113          	addi	sp,sp,-560
80200774:	22112623          	sw	ra,556(sp)
80200778:	22812423          	sw	s0,552(sp)
8020077c:	23010413          	addi	s0,sp,560
80200780:	dca42e23          	sw	a0,-548(s0)
80200784:	00100793          	li	a5,1
80200788:	def42423          	sw	a5,-536(s0)
8020078c:	de840793          	addi	a5,s0,-536
80200790:	20800613          	li	a2,520
80200794:	00078593          	mv	a1,a5
80200798:	00100513          	li	a0,1
8020079c:	008000ef          	jal	802007a4 <sys_send>
802007a0:	0000006f          	j	802007a0 <exit+0x30>

802007a4 <sys_send>:
sys_send():
802007a4:	fe010113          	addi	sp,sp,-32
802007a8:	00112e23          	sw	ra,28(sp)
802007ac:	00812c23          	sw	s0,24(sp)
802007b0:	02010413          	addi	s0,sp,32
802007b4:	fea42623          	sw	a0,-20(s0)
802007b8:	feb42423          	sw	a1,-24(s0)
802007bc:	fec42223          	sw	a2,-28(s0)
802007c0:	802087b7          	lui	a5,0x80208
802007c4:	02c7a783          	lw	a5,44(a5) # 8020802c <sc>
802007c8:	00200713          	li	a4,2
802007cc:	00e7a023          	sw	a4,0(a5)
802007d0:	802087b7          	lui	a5,0x80208
802007d4:	02c7a783          	lw	a5,44(a5) # 8020802c <sc>
802007d8:	fec42703          	lw	a4,-20(s0)
802007dc:	00e7a423          	sw	a4,8(a5)
802007e0:	802087b7          	lui	a5,0x80208
802007e4:	02c7a783          	lw	a5,44(a5) # 8020802c <sc>
802007e8:	00c78793          	addi	a5,a5,12
802007ec:	fe442603          	lw	a2,-28(s0)
802007f0:	fe842583          	lw	a1,-24(s0)
802007f4:	00078513          	mv	a0,a5
802007f8:	0f8000ef          	jal	802008f0 <memcpy>
802007fc:	00000073          	ecall
80200800:	00000013          	nop
80200804:	01c12083          	lw	ra,28(sp)
80200808:	01812403          	lw	s0,24(sp)
8020080c:	02010113          	addi	sp,sp,32
80200810:	00008067          	ret

80200814 <memset>:
memset():
80200814:	00f00313          	li	t1,15
80200818:	00050713          	mv	a4,a0
8020081c:	02c37e63          	bgeu	t1,a2,80200858 <memset+0x44>
80200820:	00f77793          	andi	a5,a4,15
80200824:	0a079063          	bnez	a5,802008c4 <memset+0xb0>
80200828:	08059263          	bnez	a1,802008ac <memset+0x98>
8020082c:	ff067693          	andi	a3,a2,-16
80200830:	00f67613          	andi	a2,a2,15
80200834:	00e686b3          	add	a3,a3,a4
80200838:	00b72023          	sw	a1,0(a4)
8020083c:	00b72223          	sw	a1,4(a4)
80200840:	00b72423          	sw	a1,8(a4)
80200844:	00b72623          	sw	a1,12(a4)
80200848:	01070713          	addi	a4,a4,16
8020084c:	fed766e3          	bltu	a4,a3,80200838 <memset+0x24>
80200850:	00061463          	bnez	a2,80200858 <memset+0x44>
80200854:	00008067          	ret
80200858:	40c306b3          	sub	a3,t1,a2
8020085c:	00269693          	slli	a3,a3,0x2
80200860:	00000297          	auipc	t0,0x0
80200864:	005686b3          	add	a3,a3,t0
80200868:	00c68067          	jr	12(a3)
8020086c:	00b70723          	sb	a1,14(a4)
80200870:	00b706a3          	sb	a1,13(a4)
80200874:	00b70623          	sb	a1,12(a4)
80200878:	00b705a3          	sb	a1,11(a4)
8020087c:	00b70523          	sb	a1,10(a4)
80200880:	00b704a3          	sb	a1,9(a4)
80200884:	00b70423          	sb	a1,8(a4)
80200888:	00b703a3          	sb	a1,7(a4)
8020088c:	00b70323          	sb	a1,6(a4)
80200890:	00b702a3          	sb	a1,5(a4)
80200894:	00b70223          	sb	a1,4(a4)
80200898:	00b701a3          	sb	a1,3(a4)
8020089c:	00b70123          	sb	a1,2(a4)
802008a0:	00b700a3          	sb	a1,1(a4)
802008a4:	00b70023          	sb	a1,0(a4)
802008a8:	00008067          	ret
802008ac:	0ff5f593          	zext.b	a1,a1
802008b0:	00859693          	slli	a3,a1,0x8
802008b4:	00d5e5b3          	or	a1,a1,a3
802008b8:	01059693          	slli	a3,a1,0x10
802008bc:	00d5e5b3          	or	a1,a1,a3
802008c0:	f6dff06f          	j	8020082c <memset+0x18>
802008c4:	00279693          	slli	a3,a5,0x2
802008c8:	00000297          	auipc	t0,0x0
802008cc:	005686b3          	add	a3,a3,t0
802008d0:	00008293          	mv	t0,ra
802008d4:	fa0680e7          	jalr	-96(a3)
802008d8:	00028093          	mv	ra,t0
802008dc:	ff078793          	addi	a5,a5,-16
802008e0:	40f70733          	sub	a4,a4,a5
802008e4:	00f60633          	add	a2,a2,a5
802008e8:	f6c378e3          	bgeu	t1,a2,80200858 <memset+0x44>
802008ec:	f3dff06f          	j	80200828 <memset+0x14>

802008f0 <memcpy>:
memcpy():
802008f0:	00a5c7b3          	xor	a5,a1,a0
802008f4:	0037f793          	andi	a5,a5,3
802008f8:	00c508b3          	add	a7,a0,a2
802008fc:	06079663          	bnez	a5,80200968 <memcpy+0x78>
80200900:	00300793          	li	a5,3
80200904:	06c7f263          	bgeu	a5,a2,80200968 <memcpy+0x78>
80200908:	00357793          	andi	a5,a0,3
8020090c:	00050713          	mv	a4,a0
80200910:	0c079a63          	bnez	a5,802009e4 <memcpy+0xf4>
80200914:	ffc8f613          	andi	a2,a7,-4
80200918:	40e606b3          	sub	a3,a2,a4
8020091c:	02000793          	li	a5,32
80200920:	06d7c463          	blt	a5,a3,80200988 <memcpy+0x98>
80200924:	00058693          	mv	a3,a1
80200928:	00070793          	mv	a5,a4
8020092c:	02c77a63          	bgeu	a4,a2,80200960 <memcpy+0x70>
80200930:	0006a803          	lw	a6,0(a3)
80200934:	00478793          	addi	a5,a5,4
80200938:	00468693          	addi	a3,a3,4
8020093c:	ff07ae23          	sw	a6,-4(a5)
80200940:	fec7e8e3          	bltu	a5,a2,80200930 <memcpy+0x40>
80200944:	fff60613          	addi	a2,a2,-1
80200948:	40e60633          	sub	a2,a2,a4
8020094c:	ffc67613          	andi	a2,a2,-4
80200950:	00458593          	addi	a1,a1,4
80200954:	00470713          	addi	a4,a4,4
80200958:	00c585b3          	add	a1,a1,a2
8020095c:	00c70733          	add	a4,a4,a2
80200960:	01176863          	bltu	a4,a7,80200970 <memcpy+0x80>
80200964:	00008067          	ret
80200968:	00050713          	mv	a4,a0
8020096c:	ff157ce3          	bgeu	a0,a7,80200964 <memcpy+0x74>
80200970:	0005c783          	lbu	a5,0(a1)
80200974:	00170713          	addi	a4,a4,1
80200978:	00158593          	addi	a1,a1,1
8020097c:	fef70fa3          	sb	a5,-1(a4)
80200980:	fee898e3          	bne	a7,a4,80200970 <memcpy+0x80>
80200984:	00008067          	ret
80200988:	0205a683          	lw	a3,32(a1)
8020098c:	0005a383          	lw	t2,0(a1)
80200990:	0045a283          	lw	t0,4(a1)
80200994:	0085af83          	lw	t6,8(a1)
80200998:	00c5af03          	lw	t5,12(a1)
8020099c:	0105ae83          	lw	t4,16(a1)
802009a0:	0145ae03          	lw	t3,20(a1)
802009a4:	0185a303          	lw	t1,24(a1)
802009a8:	01c5a803          	lw	a6,28(a1)
802009ac:	02470713          	addi	a4,a4,36
802009b0:	fed72e23          	sw	a3,-4(a4)
802009b4:	fc772e23          	sw	t2,-36(a4)
802009b8:	40e606b3          	sub	a3,a2,a4
802009bc:	fe572023          	sw	t0,-32(a4)
802009c0:	fff72223          	sw	t6,-28(a4)
802009c4:	ffe72423          	sw	t5,-24(a4)
802009c8:	ffd72623          	sw	t4,-20(a4)
802009cc:	ffc72823          	sw	t3,-16(a4)
802009d0:	fe672a23          	sw	t1,-12(a4)
802009d4:	ff072c23          	sw	a6,-8(a4)
802009d8:	02458593          	addi	a1,a1,36
802009dc:	fad7c6e3          	blt	a5,a3,80200988 <memcpy+0x98>
802009e0:	f45ff06f          	j	80200924 <memcpy+0x34>
802009e4:	0005c683          	lbu	a3,0(a1)
802009e8:	00170713          	addi	a4,a4,1
802009ec:	00377793          	andi	a5,a4,3
802009f0:	fed70fa3          	sb	a3,-1(a4)
802009f4:	00158593          	addi	a1,a1,1
802009f8:	f0078ee3          	beqz	a5,80200914 <memcpy+0x24>
802009fc:	0005c683          	lbu	a3,0(a1)
80200a00:	00170713          	addi	a4,a4,1
80200a04:	00377793          	andi	a5,a4,3
80200a08:	fed70fa3          	sb	a3,-1(a4)
80200a0c:	00158593          	addi	a1,a1,1
80200a10:	fc079ae3          	bnez	a5,802009e4 <memcpy+0xf4>
80200a14:	f01ff06f          	j	80200914 <memcpy+0x24>

80200a18 <__bswapsi2>:
__bswapsi2():
80200a18:	000106b7          	lui	a3,0x10
80200a1c:	01851613          	slli	a2,a0,0x18
80200a20:	01855793          	srli	a5,a0,0x18
80200a24:	00855713          	srli	a4,a0,0x8
80200a28:	f0068693          	addi	a3,a3,-256 # ff00 <app_entry-0x801f0100>
80200a2c:	00d77733          	and	a4,a4,a3
80200a30:	00c7e7b3          	or	a5,a5,a2
80200a34:	00ff06b7          	lui	a3,0xff0
80200a38:	00851513          	slli	a0,a0,0x8
80200a3c:	00e7e7b3          	or	a5,a5,a4
80200a40:	00d57533          	and	a0,a0,a3
80200a44:	00a7e533          	or	a0,a5,a0
80200a48:	00008067          	ret
